2023-08-14 16:58:05 [main] INFO  c.m.d.e.q.w.c.ElasticQueryWebClientApplication - Starting ElasticQueryWebClientApplication using Java 11.0.16 on localhost.localdomain with PID 13737 (/root/Downloads/technicalWork/idea-IC-222.3345.118/microservices-demo/elastic-query-web-client/target/classes started by root in /root/Downloads/technicalWork/idea-IC-222.3345.118/microservices-demo)
2023-08-14 16:58:05 [main] INFO  c.m.d.e.q.w.c.ElasticQueryWebClientApplication - The following 1 profile is active: "elastic_query_web"
2023-08-14 16:58:05 [background-preinit] INFO  o.h.validator.internal.util.Version - HV000001: Hibernate Validator 6.2.5.Final
2023-08-14 16:58:05 [main] INFO  o.s.c.c.c.ConfigServerConfigDataLoader - Fetching config from server at : http://localhost:8888
2023-08-14 16:58:05 [main] INFO  o.s.c.c.c.ConfigServerConfigDataLoader - Located environment: name=config-client-elastic_query_web, profiles=[elastic_query_web], label=null, version=d387295311a9ccb25cd17a6a12e1ad9f100fb2de, state=null
2023-08-14 16:58:07 [main] INFO  o.s.cloud.context.scope.GenericScope - BeanFactory id=d12eae71-0dfd-39da-bb0e-3b36c6a3d04b
2023-08-14 16:58:07 [main] INFO  o.s.b.w.e.tomcat.TomcatWebServer - Tomcat initialized with port(s): 8184 (http)
2023-08-14 16:58:07 [main] INFO  o.a.coyote.http11.Http11NioProtocol - Initializing ProtocolHandler ["http-nio-8184"]
2023-08-14 16:58:07 [main] INFO  o.a.catalina.core.StandardService - Starting service [Tomcat]
2023-08-14 16:58:07 [main] INFO  o.a.catalina.core.StandardEngine - Starting Servlet engine: [Apache Tomcat/9.0.74]
2023-08-14 16:58:07 [main] INFO  o.a.c.c.C.[.[.[/elastic-query-web-client] - Initializing Spring embedded WebApplicationContext
2023-08-14 16:58:07 [main] INFO  o.s.b.w.s.c.ServletWebServerApplicationContext - Root WebApplicationContext: initialization completed in 1883 ms
2023-08-14 16:58:08 [main] INFO  o.s.s.web.DefaultSecurityFilterChain - Will secure any request with [org.springframework.security.web.session.DisableEncodeUrlFilter@77fc19cf, org.springframework.security.web.context.request.async.WebAsyncManagerIntegrationFilter@643ecfef, org.springframework.security.web.context.SecurityContextPersistenceFilter@1aedf08d, org.springframework.security.web.header.HeaderWriterFilter@7b5ac347, org.springframework.security.web.csrf.CsrfFilter@3751acd7, org.springframework.security.web.authentication.logout.LogoutFilter@ddffa6c, org.springframework.security.web.authentication.www.BasicAuthenticationFilter@55bf35e5, org.springframework.security.web.savedrequest.RequestCacheAwareFilter@b5d9f1e, org.springframework.security.web.servletapi.SecurityContextHolderAwareRequestFilter@1201769d, org.springframework.security.web.authentication.AnonymousAuthenticationFilter@1b31af02, org.springframework.security.web.session.SessionManagementFilter@664db2ca, org.springframework.security.web.access.ExceptionTranslationFilter@4e4395c, org.springframework.security.web.access.intercept.FilterSecurityInterceptor@541d4d9f]
2023-08-14 16:58:08 [main] INFO  o.s.b.a.w.s.WelcomePageHandlerMapping - Adding welcome page template: index
2023-08-14 16:58:09 [main] INFO  o.a.coyote.http11.Http11NioProtocol - Starting ProtocolHandler ["http-nio-8184"]
2023-08-14 16:58:09 [main] INFO  o.s.b.w.e.tomcat.TomcatWebServer - Tomcat started on port(s): 8184 (http) with context path '/elastic-query-web-client'
2023-08-14 16:58:09 [main] INFO  c.m.d.e.q.w.c.ElasticQueryWebClientApplication - Started ElasticQueryWebClientApplication in 12.536 seconds (JVM running for 13.432)
2023-08-14 16:58:57 [http-nio-8184-exec-1] INFO  o.a.c.c.C.[.[.[/elastic-query-web-client] - Initializing Spring DispatcherServlet 'dispatcherServlet'
2023-08-14 16:58:57 [http-nio-8184-exec-1] INFO  o.s.web.servlet.DispatcherServlet - Initializing Servlet 'dispatcherServlet'
2023-08-14 16:58:57 [http-nio-8184-exec-1] INFO  o.s.web.servlet.DispatcherServlet - Completed initialization in 0 ms
2023-08-14 20:12:27 [main] INFO  c.m.d.e.q.w.c.ElasticQueryWebClientApplication - Starting ElasticQueryWebClientApplication using Java 11.0.16 on localhost.localdomain with PID 15379 (/root/Downloads/technicalWork/idea-IC-222.3345.118/microservices-demo/elastic-query-web-client/target/classes started by root in /root/Downloads/technicalWork/idea-IC-222.3345.118/microservices-demo)
2023-08-14 20:12:27 [main] INFO  c.m.d.e.q.w.c.ElasticQueryWebClientApplication - The following 1 profile is active: "elastic_query_web"
2023-08-14 20:12:27 [background-preinit] INFO  o.h.validator.internal.util.Version - HV000001: Hibernate Validator 6.2.5.Final
2023-08-14 20:12:27 [main] INFO  o.s.c.c.c.ConfigServerConfigDataLoader - Fetching config from server at : http://localhost:8888
2023-08-14 20:12:27 [main] INFO  o.s.c.c.c.ConfigServerConfigDataLoader - Located environment: name=config-client-elastic_query_web, profiles=[elastic_query_web], label=null, version=d387295311a9ccb25cd17a6a12e1ad9f100fb2de, state=null
2023-08-14 20:12:29 [main] INFO  o.s.cloud.context.scope.GenericScope - BeanFactory id=d12eae71-0dfd-39da-bb0e-3b36c6a3d04b
2023-08-14 20:12:30 [main] INFO  o.s.b.w.e.tomcat.TomcatWebServer - Tomcat initialized with port(s): 8184 (http)
2023-08-14 20:12:30 [main] INFO  o.a.coyote.http11.Http11NioProtocol - Initializing ProtocolHandler ["http-nio-8184"]
2023-08-14 20:12:30 [main] INFO  o.a.catalina.core.StandardService - Starting service [Tomcat]
2023-08-14 20:12:30 [main] INFO  o.a.catalina.core.StandardEngine - Starting Servlet engine: [Apache Tomcat/9.0.74]
2023-08-14 20:12:30 [main] INFO  o.a.c.c.C.[.[.[/elastic-query-web-client] - Initializing Spring embedded WebApplicationContext
2023-08-14 20:12:30 [main] INFO  o.s.b.w.s.c.ServletWebServerApplicationContext - Root WebApplicationContext: initialization completed in 2639 ms
2023-08-14 20:12:31 [main] INFO  o.s.s.web.DefaultSecurityFilterChain - Will secure any request with [org.springframework.security.web.session.DisableEncodeUrlFilter@1e721583, org.springframework.security.web.context.request.async.WebAsyncManagerIntegrationFilter@79f5a6ed, org.springframework.security.web.context.SecurityContextPersistenceFilter@57b9389f, org.springframework.security.web.header.HeaderWriterFilter@2b44605c, org.springframework.security.web.csrf.CsrfFilter@733f1395, org.springframework.security.web.authentication.logout.LogoutFilter@43c39321, org.springframework.security.web.authentication.www.BasicAuthenticationFilter@5cc1bf20, org.springframework.security.web.savedrequest.RequestCacheAwareFilter@41f785e3, org.springframework.security.web.servletapi.SecurityContextHolderAwareRequestFilter@56b1e527, org.springframework.security.web.authentication.AnonymousAuthenticationFilter@722787b5, org.springframework.security.web.session.SessionManagementFilter@4e4395c, org.springframework.security.web.access.ExceptionTranslationFilter@63124022, org.springframework.security.web.access.intercept.FilterSecurityInterceptor@9281d19]
2023-08-14 20:12:31 [main] INFO  o.s.b.a.w.s.WelcomePageHandlerMapping - Adding welcome page template: index
2023-08-14 20:12:32 [main] INFO  o.a.coyote.http11.Http11NioProtocol - Starting ProtocolHandler ["http-nio-8184"]
2023-08-14 20:12:32 [main] INFO  o.s.b.w.e.tomcat.TomcatWebServer - Tomcat started on port(s): 8184 (http) with context path '/elastic-query-web-client'
2023-08-14 20:12:32 [main] INFO  c.m.d.e.q.w.c.ElasticQueryWebClientApplication - Started ElasticQueryWebClientApplication in 13.167 seconds (JVM running for 14.287)
2023-08-14 20:12:38 [http-nio-8184-exec-1] INFO  o.a.c.c.C.[.[.[/elastic-query-web-client] - Initializing Spring DispatcherServlet 'dispatcherServlet'
2023-08-14 20:12:38 [http-nio-8184-exec-1] INFO  o.s.web.servlet.DispatcherServlet - Initializing Servlet 'dispatcherServlet'
2023-08-14 20:12:38 [http-nio-8184-exec-1] INFO  o.s.web.servlet.DispatcherServlet - Completed initialization in 1 ms
2023-08-14 20:47:29 [background-preinit] INFO  o.h.validator.internal.util.Version - HV000001: Hibernate Validator 6.2.5.Final
2023-08-14 20:47:29 [main] INFO  c.m.d.e.q.w.c.ElasticQueryWebClientApplication - Starting ElasticQueryWebClientApplication using Java 11.0.16 on localhost.localdomain with PID 16225 (/root/Downloads/technicalWork/idea-IC-222.3345.118/microservices-demo/elastic-query-web-client/target/classes started by root in /root/Downloads/technicalWork/idea-IC-222.3345.118/microservices-demo)
2023-08-14 20:47:29 [main] INFO  c.m.d.e.q.w.c.ElasticQueryWebClientApplication - The following 1 profile is active: "elastic_query_web"
2023-08-14 20:47:30 [main] INFO  o.s.c.c.c.ConfigServerConfigDataLoader - Fetching config from server at : http://localhost:8888
2023-08-14 20:47:30 [main] INFO  o.s.c.c.c.ConfigServerConfigDataLoader - Located environment: name=config-client-elastic_query_web, profiles=[elastic_query_web], label=null, version=d387295311a9ccb25cd17a6a12e1ad9f100fb2de, state=null
2023-08-14 20:47:31 [main] INFO  o.s.cloud.context.scope.GenericScope - BeanFactory id=d12eae71-0dfd-39da-bb0e-3b36c6a3d04b
2023-08-14 20:47:32 [main] INFO  o.s.b.w.e.tomcat.TomcatWebServer - Tomcat initialized with port(s): 8184 (http)
2023-08-14 20:47:32 [main] INFO  o.a.coyote.http11.Http11NioProtocol - Initializing ProtocolHandler ["http-nio-8184"]
2023-08-14 20:47:32 [main] INFO  o.a.catalina.core.StandardService - Starting service [Tomcat]
2023-08-14 20:47:32 [main] INFO  o.a.catalina.core.StandardEngine - Starting Servlet engine: [Apache Tomcat/9.0.74]
2023-08-14 20:47:32 [main] INFO  o.a.c.c.C.[.[.[/elastic-query-web-client] - Initializing Spring embedded WebApplicationContext
2023-08-14 20:47:32 [main] INFO  o.s.b.w.s.c.ServletWebServerApplicationContext - Root WebApplicationContext: initialization completed in 2407 ms
2023-08-14 20:47:32 [main] WARN  i.n.r.d.DefaultDnsServerAddressStreamProvider - Default DNS servers: [/2001:4860:4860:0:0:0:0:8888:53, /2001:4860:4860:0:0:0:0:8844:53] (Google Public DNS as a fallback)
2023-08-14 20:47:33 [main] INFO  o.s.s.web.DefaultSecurityFilterChain - Will secure any request with [org.springframework.security.web.session.DisableEncodeUrlFilter@f2fb225, org.springframework.security.web.context.request.async.WebAsyncManagerIntegrationFilter@1883871b, org.springframework.security.web.context.SecurityContextPersistenceFilter@4bbf38b8, org.springframework.security.web.header.HeaderWriterFilter@ddffa6c, org.springframework.security.web.csrf.CsrfFilter@2e2f20b8, org.springframework.security.web.authentication.logout.LogoutFilter@5f6494c0, org.springframework.security.web.authentication.www.BasicAuthenticationFilter@11e17893, org.springframework.security.web.savedrequest.RequestCacheAwareFilter@55bf35e5, org.springframework.security.web.servletapi.SecurityContextHolderAwareRequestFilter@5da6b13d, org.springframework.security.web.authentication.AnonymousAuthenticationFilter@3e0a9b1d, org.springframework.security.web.session.SessionManagementFilter@b01cb8d, org.springframework.security.web.access.ExceptionTranslationFilter@6537ac, org.springframework.security.web.access.intercept.FilterSecurityInterceptor@7272ee51]
2023-08-14 20:47:33 [main] INFO  o.s.b.a.w.s.WelcomePageHandlerMapping - Adding welcome page template: index
2023-08-14 20:47:34 [main] INFO  o.a.coyote.http11.Http11NioProtocol - Starting ProtocolHandler ["http-nio-8184"]
2023-08-14 20:47:34 [main] INFO  o.s.b.w.e.tomcat.TomcatWebServer - Tomcat started on port(s): 8184 (http) with context path '/elastic-query-web-client'
2023-08-14 20:47:34 [main] INFO  c.m.d.e.q.w.c.ElasticQueryWebClientApplication - Started ElasticQueryWebClientApplication in 7.05 seconds (JVM running for 8.075)
2023-08-14 20:48:07 [http-nio-8184-exec-1] INFO  o.a.c.c.C.[.[.[/elastic-query-web-client] - Initializing Spring DispatcherServlet 'dispatcherServlet'
2023-08-14 20:48:07 [http-nio-8184-exec-1] INFO  o.s.web.servlet.DispatcherServlet - Initializing Servlet 'dispatcherServlet'
2023-08-14 20:48:07 [http-nio-8184-exec-1] INFO  o.s.web.servlet.DispatcherServlet - Completed initialization in 1 ms
2023-08-14 20:54:58 [background-preinit] INFO  o.h.validator.internal.util.Version - HV000001: Hibernate Validator 6.2.5.Final
2023-08-14 20:54:59 [main] INFO  c.m.d.e.q.w.c.ElasticQueryWebClientApplication - Starting ElasticQueryWebClientApplication using Java 11.0.16 on localhost.localdomain with PID 16773 (/root/Downloads/technicalWork/idea-IC-222.3345.118/microservices-demo/elastic-query-web-client/target/classes started by root in /root/Downloads/technicalWork/idea-IC-222.3345.118/microservices-demo)
2023-08-14 20:54:59 [main] INFO  c.m.d.e.q.w.c.ElasticQueryWebClientApplication - The following 1 profile is active: "elastic_query_web"
2023-08-14 20:54:59 [main] INFO  o.s.c.c.c.ConfigServerConfigDataLoader - Fetching config from server at : http://localhost:8888
2023-08-14 20:54:59 [main] INFO  o.s.c.c.c.ConfigServerConfigDataLoader - Located environment: name=config-client-elastic_query_web, profiles=[elastic_query_web], label=null, version=d387295311a9ccb25cd17a6a12e1ad9f100fb2de, state=null
2023-08-14 20:55:00 [main] INFO  o.s.cloud.context.scope.GenericScope - BeanFactory id=d12eae71-0dfd-39da-bb0e-3b36c6a3d04b
2023-08-14 20:55:01 [main] INFO  o.s.b.w.e.tomcat.TomcatWebServer - Tomcat initialized with port(s): 8184 (http)
2023-08-14 20:55:01 [main] INFO  o.a.coyote.http11.Http11NioProtocol - Initializing ProtocolHandler ["http-nio-8184"]
2023-08-14 20:55:01 [main] INFO  o.a.catalina.core.StandardService - Starting service [Tomcat]
2023-08-14 20:55:01 [main] INFO  o.a.catalina.core.StandardEngine - Starting Servlet engine: [Apache Tomcat/9.0.74]
2023-08-14 20:55:01 [main] INFO  o.a.c.c.C.[.[.[/elastic-query-web-client] - Initializing Spring embedded WebApplicationContext
2023-08-14 20:55:01 [main] INFO  o.s.b.w.s.c.ServletWebServerApplicationContext - Root WebApplicationContext: initialization completed in 2491 ms
2023-08-14 20:55:02 [main] WARN  i.n.r.d.DefaultDnsServerAddressStreamProvider - Default DNS servers: [/2001:4860:4860:0:0:0:0:8888:53, /2001:4860:4860:0:0:0:0:8844:53] (Google Public DNS as a fallback)
2023-08-14 20:55:02 [main] INFO  o.s.s.web.DefaultSecurityFilterChain - Will secure any request with [org.springframework.security.web.session.DisableEncodeUrlFilter@1d2d8846, org.springframework.security.web.context.request.async.WebAsyncManagerIntegrationFilter@34cd65ac, org.springframework.security.web.context.SecurityContextPersistenceFilter@42c54bad, org.springframework.security.web.header.HeaderWriterFilter@43c39321, org.springframework.security.web.csrf.CsrfFilter@423f8a73, org.springframework.security.web.authentication.logout.LogoutFilter@3b6c2be6, org.springframework.security.web.authentication.www.BasicAuthenticationFilter@781dac73, org.springframework.security.web.savedrequest.RequestCacheAwareFilter@5cc1bf20, org.springframework.security.web.servletapi.SecurityContextHolderAwareRequestFilter@dc59ec2, org.springframework.security.web.authentication.AnonymousAuthenticationFilter@61911947, org.springframework.security.web.session.SessionManagementFilter@6537ac, org.springframework.security.web.access.ExceptionTranslationFilter@60b1ff3b, org.springframework.security.web.access.intercept.FilterSecurityInterceptor@7574d4ad]
2023-08-14 20:55:03 [main] INFO  o.s.b.a.w.s.WelcomePageHandlerMapping - Adding welcome page template: index
2023-08-14 20:55:03 [main] INFO  o.a.coyote.http11.Http11NioProtocol - Starting ProtocolHandler ["http-nio-8184"]
2023-08-14 20:55:03 [main] INFO  o.s.b.w.e.tomcat.TomcatWebServer - Tomcat started on port(s): 8184 (http) with context path '/elastic-query-web-client'
2023-08-14 20:55:03 [main] INFO  c.m.d.e.q.w.c.ElasticQueryWebClientApplication - Started ElasticQueryWebClientApplication in 7.078 seconds (JVM running for 8.323)
2023-08-14 20:55:11 [http-nio-8184-exec-1] INFO  o.a.c.c.C.[.[.[/elastic-query-web-client] - Initializing Spring DispatcherServlet 'dispatcherServlet'
2023-08-14 20:55:11 [http-nio-8184-exec-1] INFO  o.s.web.servlet.DispatcherServlet - Initializing Servlet 'dispatcherServlet'
2023-08-14 20:55:11 [http-nio-8184-exec-1] INFO  o.s.web.servlet.DispatcherServlet - Completed initialization in 1 ms
2023-08-14 23:30:39 [main] INFO  c.m.d.e.q.w.c.ElasticQueryWebClientApplication - Starting ElasticQueryWebClientApplication using Java 11.0.16 on localhost.localdomain with PID 20709 (/root/Downloads/technicalWork/idea-IC-222.3345.118/microservices-demo/elastic-query-web-client/target/classes started by root in /root/Downloads/technicalWork/idea-IC-222.3345.118/microservices-demo)
2023-08-14 23:30:39 [main] INFO  c.m.d.e.q.w.c.ElasticQueryWebClientApplication - The following 1 profile is active: "elastic_query_web"
2023-08-14 23:30:39 [background-preinit] INFO  o.h.validator.internal.util.Version - HV000001: Hibernate Validator 6.2.5.Final
2023-08-14 23:30:39 [main] INFO  o.s.c.c.c.ConfigServerConfigDataLoader - Fetching config from server at : http://localhost:8888
2023-08-14 23:30:39 [main] INFO  o.s.c.c.c.ConfigServerConfigDataLoader - Located environment: name=config-client-elastic_query_web, profiles=[elastic_query_web], label=null, version=d387295311a9ccb25cd17a6a12e1ad9f100fb2de, state=null
2023-08-14 23:30:40 [main] INFO  o.s.cloud.context.scope.GenericScope - BeanFactory id=d12eae71-0dfd-39da-bb0e-3b36c6a3d04b
2023-08-14 23:30:41 [main] INFO  o.s.b.w.e.tomcat.TomcatWebServer - Tomcat initialized with port(s): 8184 (http)
2023-08-14 23:30:41 [main] INFO  o.a.coyote.http11.Http11NioProtocol - Initializing ProtocolHandler ["http-nio-8184"]
2023-08-14 23:30:41 [main] INFO  o.a.catalina.core.StandardService - Starting service [Tomcat]
2023-08-14 23:30:41 [main] INFO  o.a.catalina.core.StandardEngine - Starting Servlet engine: [Apache Tomcat/9.0.74]
2023-08-14 23:30:41 [main] INFO  o.a.c.c.C.[.[.[/elastic-query-web-client] - Initializing Spring embedded WebApplicationContext
2023-08-14 23:30:41 [main] INFO  o.s.b.w.s.c.ServletWebServerApplicationContext - Root WebApplicationContext: initialization completed in 1746 ms
2023-08-14 23:30:42 [main] INFO  o.s.s.web.DefaultSecurityFilterChain - Will secure any request with [org.springframework.security.web.session.DisableEncodeUrlFilter@120350eb, org.springframework.security.web.context.request.async.WebAsyncManagerIntegrationFilter@2ccc9681, org.springframework.security.web.context.SecurityContextPersistenceFilter@68c34db2, org.springframework.security.web.header.HeaderWriterFilter@13e00016, org.springframework.security.web.csrf.CsrfFilter@759a678a, org.springframework.security.web.authentication.logout.LogoutFilter@1192c925, org.springframework.security.web.authentication.www.BasicAuthenticationFilter@2a136383, org.springframework.security.web.savedrequest.RequestCacheAwareFilter@3f0ce0d1, org.springframework.security.web.servletapi.SecurityContextHolderAwareRequestFilter@113dcaf8, org.springframework.security.web.authentication.AnonymousAuthenticationFilter@7d401cdc, org.springframework.security.web.session.SessionManagementFilter@1600a8a2, org.springframework.security.web.access.ExceptionTranslationFilter@6d6039df, org.springframework.security.web.access.intercept.FilterSecurityInterceptor@7c901203]
2023-08-14 23:30:42 [main] INFO  o.s.b.a.w.s.WelcomePageHandlerMapping - Adding welcome page template: index
2023-08-14 23:30:42 [main] INFO  o.a.coyote.http11.Http11NioProtocol - Starting ProtocolHandler ["http-nio-8184"]
2023-08-14 23:30:42 [main] INFO  o.s.b.w.e.tomcat.TomcatWebServer - Tomcat started on port(s): 8184 (http) with context path '/elastic-query-web-client'
2023-08-14 23:30:43 [main] INFO  c.m.d.e.q.w.c.ElasticQueryWebClientApplication - Started ElasticQueryWebClientApplication in 11.878 seconds (JVM running for 12.843)
2023-08-14 23:31:10 [http-nio-8184-exec-1] INFO  o.a.c.c.C.[.[.[/elastic-query-web-client] - Initializing Spring DispatcherServlet 'dispatcherServlet'
2023-08-14 23:31:10 [http-nio-8184-exec-1] INFO  o.s.web.servlet.DispatcherServlet - Initializing Servlet 'dispatcherServlet'
2023-08-14 23:31:10 [http-nio-8184-exec-1] INFO  o.s.web.servlet.DispatcherServlet - Completed initialization in 1 ms
2023-08-14 23:31:11 [http-nio-8184-exec-2] ERROR c.m.d.e.q.w.c.a.e.h.ElasticQueryWebClientErrorHandler - Internal server error!
org.springframework.web.HttpRequestMethodNotSupportedException: Request method 'GET' not supported
	at org.springframework.web.servlet.mvc.method.RequestMappingInfoHandlerMapping.handleNoMatch(RequestMappingInfoHandlerMapping.java:260)
	at org.springframework.web.servlet.handler.AbstractHandlerMethodMapping.lookupHandlerMethod(AbstractHandlerMethodMapping.java:442)
	at org.springframework.web.servlet.handler.AbstractHandlerMethodMapping.getHandlerInternal(AbstractHandlerMethodMapping.java:383)
	at org.springframework.web.servlet.mvc.method.RequestMappingInfoHandlerMapping.getHandlerInternal(RequestMappingInfoHandlerMapping.java:125)
	at org.springframework.web.servlet.mvc.method.RequestMappingInfoHandlerMapping.getHandlerInternal(RequestMappingInfoHandlerMapping.java:67)
	at org.springframework.web.servlet.handler.AbstractHandlerMapping.getHandler(AbstractHandlerMapping.java:498)
	at org.springframework.web.servlet.DispatcherServlet.getHandler(DispatcherServlet.java:1266)
	at org.springframework.web.servlet.DispatcherServlet.doDispatch(DispatcherServlet.java:1048)
	at org.springframework.web.servlet.DispatcherServlet.doService(DispatcherServlet.java:965)
	at org.springframework.web.servlet.FrameworkServlet.processRequest(FrameworkServlet.java:1006)
	at org.springframework.web.servlet.FrameworkServlet.doGet(FrameworkServlet.java:898)
	at javax.servlet.http.HttpServlet.service(HttpServlet.java:529)
	at org.springframework.web.servlet.FrameworkServlet.service(FrameworkServlet.java:883)
	at javax.servlet.http.HttpServlet.service(HttpServlet.java:623)
	at org.apache.catalina.core.ApplicationFilterChain.internalDoFilter(ApplicationFilterChain.java:209)
	at org.apache.catalina.core.ApplicationFilterChain.doFilter(ApplicationFilterChain.java:153)
	at org.apache.tomcat.websocket.server.WsFilter.doFilter(WsFilter.java:51)
	at org.apache.catalina.core.ApplicationFilterChain.internalDoFilter(ApplicationFilterChain.java:178)
	at org.apache.catalina.core.ApplicationFilterChain.doFilter(ApplicationFilterChain.java:153)
	at org.springframework.security.web.FilterChainProxy$VirtualFilterChain.doFilter(FilterChainProxy.java:337)
	at org.springframework.security.web.access.intercept.FilterSecurityInterceptor.invoke(FilterSecurityInterceptor.java:115)
	at org.springframework.security.web.access.intercept.FilterSecurityInterceptor.doFilter(FilterSecurityInterceptor.java:81)
	at org.springframework.security.web.FilterChainProxy$VirtualFilterChain.doFilter(FilterChainProxy.java:346)
	at org.springframework.security.web.access.ExceptionTranslationFilter.doFilter(ExceptionTranslationFilter.java:122)
	at org.springframework.security.web.access.ExceptionTranslationFilter.doFilter(ExceptionTranslationFilter.java:116)
	at org.springframework.security.web.FilterChainProxy$VirtualFilterChain.doFilter(FilterChainProxy.java:346)
	at org.springframework.security.web.session.SessionManagementFilter.doFilter(SessionManagementFilter.java:126)
	at org.springframework.security.web.session.SessionManagementFilter.doFilter(SessionManagementFilter.java:81)
	at org.springframework.security.web.FilterChainProxy$VirtualFilterChain.doFilter(FilterChainProxy.java:346)
	at org.springframework.security.web.authentication.AnonymousAuthenticationFilter.doFilter(AnonymousAuthenticationFilter.java:109)
	at org.springframework.security.web.FilterChainProxy$VirtualFilterChain.doFilter(FilterChainProxy.java:346)
	at org.springframework.security.web.servletapi.SecurityContextHolderAwareRequestFilter.doFilter(SecurityContextHolderAwareRequestFilter.java:149)
	at org.springframework.security.web.FilterChainProxy$VirtualFilterChain.doFilter(FilterChainProxy.java:346)
	at org.springframework.security.web.savedrequest.RequestCacheAwareFilter.doFilter(RequestCacheAwareFilter.java:63)
	at org.springframework.security.web.FilterChainProxy$VirtualFilterChain.doFilter(FilterChainProxy.java:346)
	at org.springframework.security.web.authentication.www.BasicAuthenticationFilter.doFilterInternal(BasicAuthenticationFilter.java:198)
	at org.springframework.web.filter.OncePerRequestFilter.doFilter(OncePerRequestFilter.java:117)
	at org.springframework.security.web.FilterChainProxy$VirtualFilterChain.doFilter(FilterChainProxy.java:346)
	at org.springframework.security.web.authentication.logout.LogoutFilter.doFilter(LogoutFilter.java:103)
	at org.springframework.security.web.authentication.logout.LogoutFilter.doFilter(LogoutFilter.java:89)
	at org.springframework.security.web.FilterChainProxy$VirtualFilterChain.doFilter(FilterChainProxy.java:346)
	at org.springframework.security.web.csrf.CsrfFilter.doFilterInternal(CsrfFilter.java:117)
	at org.springframework.web.filter.OncePerRequestFilter.doFilter(OncePerRequestFilter.java:117)
	at org.springframework.security.web.FilterChainProxy$VirtualFilterChain.doFilter(FilterChainProxy.java:346)
	at org.springframework.security.web.header.HeaderWriterFilter.doHeadersAfter(HeaderWriterFilter.java:90)
	at org.springframework.security.web.header.HeaderWriterFilter.doFilterInternal(HeaderWriterFilter.java:75)
	at org.springframework.web.filter.OncePerRequestFilter.doFilter(OncePerRequestFilter.java:117)
	at org.springframework.security.web.FilterChainProxy$VirtualFilterChain.doFilter(FilterChainProxy.java:346)
	at org.springframework.security.web.context.SecurityContextPersistenceFilter.doFilter(SecurityContextPersistenceFilter.java:112)
	at org.springframework.security.web.context.SecurityContextPersistenceFilter.doFilter(SecurityContextPersistenceFilter.java:82)
	at org.springframework.security.web.FilterChainProxy$VirtualFilterChain.doFilter(FilterChainProxy.java:346)
	at org.springframework.security.web.context.request.async.WebAsyncManagerIntegrationFilter.doFilterInternal(WebAsyncManagerIntegrationFilter.java:55)
	at org.springframework.web.filter.OncePerRequestFilter.doFilter(OncePerRequestFilter.java:117)
	at org.springframework.security.web.FilterChainProxy$VirtualFilterChain.doFilter(FilterChainProxy.java:346)
	at org.springframework.security.web.session.DisableEncodeUrlFilter.doFilterInternal(DisableEncodeUrlFilter.java:42)
	at org.springframework.web.filter.OncePerRequestFilter.doFilter(OncePerRequestFilter.java:117)
	at org.springframework.security.web.FilterChainProxy$VirtualFilterChain.doFilter(FilterChainProxy.java:346)
	at org.springframework.security.web.FilterChainProxy.doFilterInternal(FilterChainProxy.java:221)
	at org.springframework.security.web.FilterChainProxy.doFilter(FilterChainProxy.java:186)
	at org.springframework.web.filter.DelegatingFilterProxy.invokeDelegate(DelegatingFilterProxy.java:354)
	at org.springframework.web.filter.DelegatingFilterProxy.doFilter(DelegatingFilterProxy.java:267)
	at org.apache.catalina.core.ApplicationFilterChain.internalDoFilter(ApplicationFilterChain.java:178)
	at org.apache.catalina.core.ApplicationFilterChain.doFilter(ApplicationFilterChain.java:153)
	at org.springframework.web.filter.RequestContextFilter.doFilterInternal(RequestContextFilter.java:100)
	at org.springframework.web.filter.OncePerRequestFilter.doFilter(OncePerRequestFilter.java:117)
	at org.apache.catalina.core.ApplicationFilterChain.internalDoFilter(ApplicationFilterChain.java:178)
	at org.apache.catalina.core.ApplicationFilterChain.doFilter(ApplicationFilterChain.java:153)
	at org.springframework.web.filter.FormContentFilter.doFilterInternal(FormContentFilter.java:93)
	at org.springframework.web.filter.OncePerRequestFilter.doFilter(OncePerRequestFilter.java:117)
	at org.apache.catalina.core.ApplicationFilterChain.internalDoFilter(ApplicationFilterChain.java:178)
	at org.apache.catalina.core.ApplicationFilterChain.doFilter(ApplicationFilterChain.java:153)
	at org.springframework.web.filter.CharacterEncodingFilter.doFilterInternal(CharacterEncodingFilter.java:201)
	at org.springframework.web.filter.OncePerRequestFilter.doFilter(OncePerRequestFilter.java:117)
	at org.apache.catalina.core.ApplicationFilterChain.internalDoFilter(ApplicationFilterChain.java:178)
	at org.apache.catalina.core.ApplicationFilterChain.doFilter(ApplicationFilterChain.java:153)
	at org.apache.catalina.core.StandardWrapperValve.invoke(StandardWrapperValve.java:167)
	at org.apache.catalina.core.StandardContextValve.invoke(StandardContextValve.java:90)
	at org.apache.catalina.authenticator.AuthenticatorBase.invoke(AuthenticatorBase.java:481)
	at org.apache.catalina.core.StandardHostValve.invoke(StandardHostValve.java:130)
	at org.apache.catalina.valves.ErrorReportValve.invoke(ErrorReportValve.java:93)
	at org.apache.catalina.core.StandardEngineValve.invoke(StandardEngineValve.java:74)
	at org.apache.catalina.connector.CoyoteAdapter.service(CoyoteAdapter.java:343)
	at org.apache.coyote.http11.Http11Processor.service(Http11Processor.java:389)
	at org.apache.coyote.AbstractProcessorLight.process(AbstractProcessorLight.java:63)
	at org.apache.coyote.AbstractProtocol$ConnectionHandler.process(AbstractProtocol.java:926)
	at org.apache.tomcat.util.net.NioEndpoint$SocketProcessor.doRun(NioEndpoint.java:1791)
	at org.apache.tomcat.util.net.SocketProcessorBase.run(SocketProcessorBase.java:52)
	at org.apache.tomcat.util.threads.ThreadPoolExecutor.runWorker(ThreadPoolExecutor.java:1191)
	at org.apache.tomcat.util.threads.ThreadPoolExecutor$Worker.run(ThreadPoolExecutor.java:659)
	at org.apache.tomcat.util.threads.TaskThread$WrappingRunnable.run(TaskThread.java:61)
	at java.base/java.lang.Thread.run(Thread.java:829)
2023-08-14 23:45:02 [http-nio-8184-exec-5] ERROR c.m.d.e.q.w.c.a.e.h.ElasticQueryWebClientErrorHandler - Internal server error!
org.springframework.web.HttpRequestMethodNotSupportedException: Request method 'GET' not supported
	at org.springframework.web.servlet.mvc.method.RequestMappingInfoHandlerMapping.handleNoMatch(RequestMappingInfoHandlerMapping.java:260)
	at org.springframework.web.servlet.handler.AbstractHandlerMethodMapping.lookupHandlerMethod(AbstractHandlerMethodMapping.java:442)
	at org.springframework.web.servlet.handler.AbstractHandlerMethodMapping.getHandlerInternal(AbstractHandlerMethodMapping.java:383)
	at org.springframework.web.servlet.mvc.method.RequestMappingInfoHandlerMapping.getHandlerInternal(RequestMappingInfoHandlerMapping.java:125)
	at org.springframework.web.servlet.mvc.method.RequestMappingInfoHandlerMapping.getHandlerInternal(RequestMappingInfoHandlerMapping.java:67)
	at org.springframework.web.servlet.handler.AbstractHandlerMapping.getHandler(AbstractHandlerMapping.java:498)
	at org.springframework.web.servlet.DispatcherServlet.getHandler(DispatcherServlet.java:1266)
	at org.springframework.web.servlet.DispatcherServlet.doDispatch(DispatcherServlet.java:1048)
	at org.springframework.web.servlet.DispatcherServlet.doService(DispatcherServlet.java:965)
	at org.springframework.web.servlet.FrameworkServlet.processRequest(FrameworkServlet.java:1006)
	at org.springframework.web.servlet.FrameworkServlet.doGet(FrameworkServlet.java:898)
	at javax.servlet.http.HttpServlet.service(HttpServlet.java:529)
	at org.springframework.web.servlet.FrameworkServlet.service(FrameworkServlet.java:883)
	at javax.servlet.http.HttpServlet.service(HttpServlet.java:623)
	at org.apache.catalina.core.ApplicationFilterChain.internalDoFilter(ApplicationFilterChain.java:209)
	at org.apache.catalina.core.ApplicationFilterChain.doFilter(ApplicationFilterChain.java:153)
	at org.apache.tomcat.websocket.server.WsFilter.doFilter(WsFilter.java:51)
	at org.apache.catalina.core.ApplicationFilterChain.internalDoFilter(ApplicationFilterChain.java:178)
	at org.apache.catalina.core.ApplicationFilterChain.doFilter(ApplicationFilterChain.java:153)
	at org.springframework.security.web.FilterChainProxy$VirtualFilterChain.doFilter(FilterChainProxy.java:337)
	at org.springframework.security.web.access.intercept.FilterSecurityInterceptor.invoke(FilterSecurityInterceptor.java:115)
	at org.springframework.security.web.access.intercept.FilterSecurityInterceptor.doFilter(FilterSecurityInterceptor.java:81)
	at org.springframework.security.web.FilterChainProxy$VirtualFilterChain.doFilter(FilterChainProxy.java:346)
	at org.springframework.security.web.access.ExceptionTranslationFilter.doFilter(ExceptionTranslationFilter.java:122)
	at org.springframework.security.web.access.ExceptionTranslationFilter.doFilter(ExceptionTranslationFilter.java:116)
	at org.springframework.security.web.FilterChainProxy$VirtualFilterChain.doFilter(FilterChainProxy.java:346)
	at org.springframework.security.web.session.SessionManagementFilter.doFilter(SessionManagementFilter.java:126)
	at org.springframework.security.web.session.SessionManagementFilter.doFilter(SessionManagementFilter.java:81)
	at org.springframework.security.web.FilterChainProxy$VirtualFilterChain.doFilter(FilterChainProxy.java:346)
	at org.springframework.security.web.authentication.AnonymousAuthenticationFilter.doFilter(AnonymousAuthenticationFilter.java:109)
	at org.springframework.security.web.FilterChainProxy$VirtualFilterChain.doFilter(FilterChainProxy.java:346)
	at org.springframework.security.web.servletapi.SecurityContextHolderAwareRequestFilter.doFilter(SecurityContextHolderAwareRequestFilter.java:149)
	at org.springframework.security.web.FilterChainProxy$VirtualFilterChain.doFilter(FilterChainProxy.java:346)
	at org.springframework.security.web.savedrequest.RequestCacheAwareFilter.doFilter(RequestCacheAwareFilter.java:63)
	at org.springframework.security.web.FilterChainProxy$VirtualFilterChain.doFilter(FilterChainProxy.java:346)
	at org.springframework.security.web.authentication.www.BasicAuthenticationFilter.doFilterInternal(BasicAuthenticationFilter.java:198)
	at org.springframework.web.filter.OncePerRequestFilter.doFilter(OncePerRequestFilter.java:117)
	at org.springframework.security.web.FilterChainProxy$VirtualFilterChain.doFilter(FilterChainProxy.java:346)
	at org.springframework.security.web.authentication.logout.LogoutFilter.doFilter(LogoutFilter.java:103)
	at org.springframework.security.web.authentication.logout.LogoutFilter.doFilter(LogoutFilter.java:89)
	at org.springframework.security.web.FilterChainProxy$VirtualFilterChain.doFilter(FilterChainProxy.java:346)
	at org.springframework.security.web.csrf.CsrfFilter.doFilterInternal(CsrfFilter.java:117)
	at org.springframework.web.filter.OncePerRequestFilter.doFilter(OncePerRequestFilter.java:117)
	at org.springframework.security.web.FilterChainProxy$VirtualFilterChain.doFilter(FilterChainProxy.java:346)
	at org.springframework.security.web.header.HeaderWriterFilter.doHeadersAfter(HeaderWriterFilter.java:90)
	at org.springframework.security.web.header.HeaderWriterFilter.doFilterInternal(HeaderWriterFilter.java:75)
	at org.springframework.web.filter.OncePerRequestFilter.doFilter(OncePerRequestFilter.java:117)
	at org.springframework.security.web.FilterChainProxy$VirtualFilterChain.doFilter(FilterChainProxy.java:346)
	at org.springframework.security.web.context.SecurityContextPersistenceFilter.doFilter(SecurityContextPersistenceFilter.java:112)
	at org.springframework.security.web.context.SecurityContextPersistenceFilter.doFilter(SecurityContextPersistenceFilter.java:82)
	at org.springframework.security.web.FilterChainProxy$VirtualFilterChain.doFilter(FilterChainProxy.java:346)
	at org.springframework.security.web.context.request.async.WebAsyncManagerIntegrationFilter.doFilterInternal(WebAsyncManagerIntegrationFilter.java:55)
	at org.springframework.web.filter.OncePerRequestFilter.doFilter(OncePerRequestFilter.java:117)
	at org.springframework.security.web.FilterChainProxy$VirtualFilterChain.doFilter(FilterChainProxy.java:346)
	at org.springframework.security.web.session.DisableEncodeUrlFilter.doFilterInternal(DisableEncodeUrlFilter.java:42)
	at org.springframework.web.filter.OncePerRequestFilter.doFilter(OncePerRequestFilter.java:117)
	at org.springframework.security.web.FilterChainProxy$VirtualFilterChain.doFilter(FilterChainProxy.java:346)
	at org.springframework.security.web.FilterChainProxy.doFilterInternal(FilterChainProxy.java:221)
	at org.springframework.security.web.FilterChainProxy.doFilter(FilterChainProxy.java:186)
	at org.springframework.web.filter.DelegatingFilterProxy.invokeDelegate(DelegatingFilterProxy.java:354)
	at org.springframework.web.filter.DelegatingFilterProxy.doFilter(DelegatingFilterProxy.java:267)
	at org.apache.catalina.core.ApplicationFilterChain.internalDoFilter(ApplicationFilterChain.java:178)
	at org.apache.catalina.core.ApplicationFilterChain.doFilter(ApplicationFilterChain.java:153)
	at org.springframework.web.filter.RequestContextFilter.doFilterInternal(RequestContextFilter.java:100)
	at org.springframework.web.filter.OncePerRequestFilter.doFilter(OncePerRequestFilter.java:117)
	at org.apache.catalina.core.ApplicationFilterChain.internalDoFilter(ApplicationFilterChain.java:178)
	at org.apache.catalina.core.ApplicationFilterChain.doFilter(ApplicationFilterChain.java:153)
	at org.springframework.web.filter.FormContentFilter.doFilterInternal(FormContentFilter.java:93)
	at org.springframework.web.filter.OncePerRequestFilter.doFilter(OncePerRequestFilter.java:117)
	at org.apache.catalina.core.ApplicationFilterChain.internalDoFilter(ApplicationFilterChain.java:178)
	at org.apache.catalina.core.ApplicationFilterChain.doFilter(ApplicationFilterChain.java:153)
	at org.springframework.web.filter.CharacterEncodingFilter.doFilterInternal(CharacterEncodingFilter.java:201)
	at org.springframework.web.filter.OncePerRequestFilter.doFilter(OncePerRequestFilter.java:117)
	at org.apache.catalina.core.ApplicationFilterChain.internalDoFilter(ApplicationFilterChain.java:178)
	at org.apache.catalina.core.ApplicationFilterChain.doFilter(ApplicationFilterChain.java:153)
	at org.apache.catalina.core.StandardWrapperValve.invoke(StandardWrapperValve.java:167)
	at org.apache.catalina.core.StandardContextValve.invoke(StandardContextValve.java:90)
	at org.apache.catalina.authenticator.AuthenticatorBase.invoke(AuthenticatorBase.java:481)
	at org.apache.catalina.core.StandardHostValve.invoke(StandardHostValve.java:130)
	at org.apache.catalina.valves.ErrorReportValve.invoke(ErrorReportValve.java:93)
	at org.apache.catalina.core.StandardEngineValve.invoke(StandardEngineValve.java:74)
	at org.apache.catalina.connector.CoyoteAdapter.service(CoyoteAdapter.java:343)
	at org.apache.coyote.http11.Http11Processor.service(Http11Processor.java:389)
	at org.apache.coyote.AbstractProcessorLight.process(AbstractProcessorLight.java:63)
	at org.apache.coyote.AbstractProtocol$ConnectionHandler.process(AbstractProtocol.java:926)
	at org.apache.tomcat.util.net.NioEndpoint$SocketProcessor.doRun(NioEndpoint.java:1791)
	at org.apache.tomcat.util.net.SocketProcessorBase.run(SocketProcessorBase.java:52)
	at org.apache.tomcat.util.threads.ThreadPoolExecutor.runWorker(ThreadPoolExecutor.java:1191)
	at org.apache.tomcat.util.threads.ThreadPoolExecutor$Worker.run(ThreadPoolExecutor.java:659)
	at org.apache.tomcat.util.threads.TaskThread$WrappingRunnable.run(TaskThread.java:61)
	at java.base/java.lang.Thread.run(Thread.java:829)
2023-08-14 23:45:36 [http-nio-8184-exec-9] INFO  c.m.d.e.q.w.c.api.QueryController - Querying with text lorem
2023-08-14 23:45:36 [http-nio-8184-exec-9] INFO  c.m.d.e.q.w.c.s.i.TwitterElasticQueryWebClient - Querying by text lorem
2023-08-14 23:45:36 [http-nio-8184-exec-9] ERROR c.m.d.e.q.w.c.a.e.h.ElasticQueryWebClientErrorHandler - Service runtime exception!
java.lang.NullPointerException: null
	at com.microservices.demo.elastic.query.web.client.config.WebClientConfig.lambda$webClientBuilder$0(WebClientConfig.java:44)
	at org.springframework.web.reactive.function.client.DefaultExchangeStrategiesBuilder.codecs(DefaultExchangeStrategiesBuilder.java:65)
	at org.springframework.web.reactive.function.client.DefaultWebClientBuilder.lambda$codecs$0(DefaultWebClientBuilder.java:226)
	at org.springframework.web.reactive.function.client.DefaultWebClientBuilder.lambda$initExchangeStrategies$2(DefaultWebClientBuilder.java:306)
	at java.base/java.util.ArrayList.forEach(ArrayList.java:1541)
	at org.springframework.web.reactive.function.client.DefaultWebClientBuilder.initExchangeStrategies(DefaultWebClientBuilder.java:306)
	at org.springframework.web.reactive.function.client.DefaultWebClientBuilder.build(DefaultWebClientBuilder.java:269)
	at com.microservices.demo.elastic.query.web.client.service.impl.TwitterElasticQueryWebClient.getWebClient(TwitterElasticQueryWebClient.java:47)
	at com.microservices.demo.elastic.query.web.client.service.impl.TwitterElasticQueryWebClient.getDataByText(TwitterElasticQueryWebClient.java:40)
	at com.microservices.demo.elastic.query.web.client.api.QueryController.queryByText(QueryController.java:45)
	at java.base/jdk.internal.reflect.NativeMethodAccessorImpl.invoke0(Native Method)
	at java.base/jdk.internal.reflect.NativeMethodAccessorImpl.invoke(NativeMethodAccessorImpl.java:62)
	at java.base/jdk.internal.reflect.DelegatingMethodAccessorImpl.invoke(DelegatingMethodAccessorImpl.java:43)
	at java.base/java.lang.reflect.Method.invoke(Method.java:566)
	at org.springframework.web.method.support.InvocableHandlerMethod.doInvoke(InvocableHandlerMethod.java:205)
	at org.springframework.web.method.support.InvocableHandlerMethod.invokeForRequest(InvocableHandlerMethod.java:150)
	at org.springframework.web.servlet.mvc.method.annotation.ServletInvocableHandlerMethod.invokeAndHandle(ServletInvocableHandlerMethod.java:117)
	at org.springframework.web.servlet.mvc.method.annotation.RequestMappingHandlerAdapter.invokeHandlerMethod(RequestMappingHandlerAdapter.java:895)
	at org.springframework.web.servlet.mvc.method.annotation.RequestMappingHandlerAdapter.handleInternal(RequestMappingHandlerAdapter.java:808)
	at org.springframework.web.servlet.mvc.method.AbstractHandlerMethodAdapter.handle(AbstractHandlerMethodAdapter.java:87)
	at org.springframework.web.servlet.DispatcherServlet.doDispatch(DispatcherServlet.java:1072)
	at org.springframework.web.servlet.DispatcherServlet.doService(DispatcherServlet.java:965)
	at org.springframework.web.servlet.FrameworkServlet.processRequest(FrameworkServlet.java:1006)
	at org.springframework.web.servlet.FrameworkServlet.doPost(FrameworkServlet.java:909)
	at javax.servlet.http.HttpServlet.service(HttpServlet.java:555)
	at org.springframework.web.servlet.FrameworkServlet.service(FrameworkServlet.java:883)
	at javax.servlet.http.HttpServlet.service(HttpServlet.java:623)
	at org.apache.catalina.core.ApplicationFilterChain.internalDoFilter(ApplicationFilterChain.java:209)
	at org.apache.catalina.core.ApplicationFilterChain.doFilter(ApplicationFilterChain.java:153)
	at org.apache.tomcat.websocket.server.WsFilter.doFilter(WsFilter.java:51)
	at org.apache.catalina.core.ApplicationFilterChain.internalDoFilter(ApplicationFilterChain.java:178)
	at org.apache.catalina.core.ApplicationFilterChain.doFilter(ApplicationFilterChain.java:153)
	at org.springframework.security.web.FilterChainProxy$VirtualFilterChain.doFilter(FilterChainProxy.java:337)
	at org.springframework.security.web.access.intercept.FilterSecurityInterceptor.invoke(FilterSecurityInterceptor.java:115)
	at org.springframework.security.web.access.intercept.FilterSecurityInterceptor.doFilter(FilterSecurityInterceptor.java:81)
	at org.springframework.security.web.FilterChainProxy$VirtualFilterChain.doFilter(FilterChainProxy.java:346)
	at org.springframework.security.web.access.ExceptionTranslationFilter.doFilter(ExceptionTranslationFilter.java:122)
	at org.springframework.security.web.access.ExceptionTranslationFilter.doFilter(ExceptionTranslationFilter.java:116)
	at org.springframework.security.web.FilterChainProxy$VirtualFilterChain.doFilter(FilterChainProxy.java:346)
	at org.springframework.security.web.session.SessionManagementFilter.doFilter(SessionManagementFilter.java:126)
	at org.springframework.security.web.session.SessionManagementFilter.doFilter(SessionManagementFilter.java:81)
	at org.springframework.security.web.FilterChainProxy$VirtualFilterChain.doFilter(FilterChainProxy.java:346)
	at org.springframework.security.web.authentication.AnonymousAuthenticationFilter.doFilter(AnonymousAuthenticationFilter.java:109)
	at org.springframework.security.web.FilterChainProxy$VirtualFilterChain.doFilter(FilterChainProxy.java:346)
	at org.springframework.security.web.servletapi.SecurityContextHolderAwareRequestFilter.doFilter(SecurityContextHolderAwareRequestFilter.java:149)
	at org.springframework.security.web.FilterChainProxy$VirtualFilterChain.doFilter(FilterChainProxy.java:346)
	at org.springframework.security.web.savedrequest.RequestCacheAwareFilter.doFilter(RequestCacheAwareFilter.java:63)
	at org.springframework.security.web.FilterChainProxy$VirtualFilterChain.doFilter(FilterChainProxy.java:346)
	at org.springframework.security.web.authentication.www.BasicAuthenticationFilter.doFilterInternal(BasicAuthenticationFilter.java:198)
	at org.springframework.web.filter.OncePerRequestFilter.doFilter(OncePerRequestFilter.java:117)
	at org.springframework.security.web.FilterChainProxy$VirtualFilterChain.doFilter(FilterChainProxy.java:346)
	at org.springframework.security.web.authentication.logout.LogoutFilter.doFilter(LogoutFilter.java:103)
	at org.springframework.security.web.authentication.logout.LogoutFilter.doFilter(LogoutFilter.java:89)
	at org.springframework.security.web.FilterChainProxy$VirtualFilterChain.doFilter(FilterChainProxy.java:346)
	at org.springframework.security.web.csrf.CsrfFilter.doFilterInternal(CsrfFilter.java:132)
	at org.springframework.web.filter.OncePerRequestFilter.doFilter(OncePerRequestFilter.java:117)
	at org.springframework.security.web.FilterChainProxy$VirtualFilterChain.doFilter(FilterChainProxy.java:346)
	at org.springframework.security.web.header.HeaderWriterFilter.doHeadersAfter(HeaderWriterFilter.java:90)
	at org.springframework.security.web.header.HeaderWriterFilter.doFilterInternal(HeaderWriterFilter.java:75)
	at org.springframework.web.filter.OncePerRequestFilter.doFilter(OncePerRequestFilter.java:117)
	at org.springframework.security.web.FilterChainProxy$VirtualFilterChain.doFilter(FilterChainProxy.java:346)
	at org.springframework.security.web.context.SecurityContextPersistenceFilter.doFilter(SecurityContextPersistenceFilter.java:112)
	at org.springframework.security.web.context.SecurityContextPersistenceFilter.doFilter(SecurityContextPersistenceFilter.java:82)
	at org.springframework.security.web.FilterChainProxy$VirtualFilterChain.doFilter(FilterChainProxy.java:346)
	at org.springframework.security.web.context.request.async.WebAsyncManagerIntegrationFilter.doFilterInternal(WebAsyncManagerIntegrationFilter.java:55)
	at org.springframework.web.filter.OncePerRequestFilter.doFilter(OncePerRequestFilter.java:117)
	at org.springframework.security.web.FilterChainProxy$VirtualFilterChain.doFilter(FilterChainProxy.java:346)
	at org.springframework.security.web.session.DisableEncodeUrlFilter.doFilterInternal(DisableEncodeUrlFilter.java:42)
	at org.springframework.web.filter.OncePerRequestFilter.doFilter(OncePerRequestFilter.java:117)
	at org.springframework.security.web.FilterChainProxy$VirtualFilterChain.doFilter(FilterChainProxy.java:346)
	at org.springframework.security.web.FilterChainProxy.doFilterInternal(FilterChainProxy.java:221)
	at org.springframework.security.web.FilterChainProxy.doFilter(FilterChainProxy.java:186)
	at org.springframework.web.filter.DelegatingFilterProxy.invokeDelegate(DelegatingFilterProxy.java:354)
	at org.springframework.web.filter.DelegatingFilterProxy.doFilter(DelegatingFilterProxy.java:267)
	at org.apache.catalina.core.ApplicationFilterChain.internalDoFilter(ApplicationFilterChain.java:178)
	at org.apache.catalina.core.ApplicationFilterChain.doFilter(ApplicationFilterChain.java:153)
	at org.springframework.web.filter.RequestContextFilter.doFilterInternal(RequestContextFilter.java:100)
	at org.springframework.web.filter.OncePerRequestFilter.doFilter(OncePerRequestFilter.java:117)
	at org.apache.catalina.core.ApplicationFilterChain.internalDoFilter(ApplicationFilterChain.java:178)
	at org.apache.catalina.core.ApplicationFilterChain.doFilter(ApplicationFilterChain.java:153)
	at org.springframework.web.filter.FormContentFilter.doFilterInternal(FormContentFilter.java:93)
	at org.springframework.web.filter.OncePerRequestFilter.doFilter(OncePerRequestFilter.java:117)
	at org.apache.catalina.core.ApplicationFilterChain.internalDoFilter(ApplicationFilterChain.java:178)
	at org.apache.catalina.core.ApplicationFilterChain.doFilter(ApplicationFilterChain.java:153)
	at org.springframework.web.filter.CharacterEncodingFilter.doFilterInternal(CharacterEncodingFilter.java:201)
	at org.springframework.web.filter.OncePerRequestFilter.doFilter(OncePerRequestFilter.java:117)
	at org.apache.catalina.core.ApplicationFilterChain.internalDoFilter(ApplicationFilterChain.java:178)
	at org.apache.catalina.core.ApplicationFilterChain.doFilter(ApplicationFilterChain.java:153)
	at org.apache.catalina.core.StandardWrapperValve.invoke(StandardWrapperValve.java:167)
	at org.apache.catalina.core.StandardContextValve.invoke(StandardContextValve.java:90)
	at org.apache.catalina.authenticator.AuthenticatorBase.invoke(AuthenticatorBase.java:481)
	at org.apache.catalina.core.StandardHostValve.invoke(StandardHostValve.java:130)
	at org.apache.catalina.valves.ErrorReportValve.invoke(ErrorReportValve.java:93)
	at org.apache.catalina.core.StandardEngineValve.invoke(StandardEngineValve.java:74)
	at org.apache.catalina.connector.CoyoteAdapter.service(CoyoteAdapter.java:343)
	at org.apache.coyote.http11.Http11Processor.service(Http11Processor.java:389)
	at org.apache.coyote.AbstractProcessorLight.process(AbstractProcessorLight.java:63)
	at org.apache.coyote.AbstractProtocol$ConnectionHandler.process(AbstractProtocol.java:926)
	at org.apache.tomcat.util.net.NioEndpoint$SocketProcessor.doRun(NioEndpoint.java:1791)
	at org.apache.tomcat.util.net.SocketProcessorBase.run(SocketProcessorBase.java:52)
	at org.apache.tomcat.util.threads.ThreadPoolExecutor.runWorker(ThreadPoolExecutor.java:1191)
	at org.apache.tomcat.util.threads.ThreadPoolExecutor$Worker.run(ThreadPoolExecutor.java:659)
	at org.apache.tomcat.util.threads.TaskThread$WrappingRunnable.run(TaskThread.java:61)
	at java.base/java.lang.Thread.run(Thread.java:829)
2023-08-14 23:47:53 [background-preinit] INFO  o.h.validator.internal.util.Version - HV000001: Hibernate Validator 6.2.5.Final
2023-08-14 23:47:53 [main] INFO  c.m.d.e.q.w.c.ElasticQueryWebClientApplication - Starting ElasticQueryWebClientApplication using Java 11.0.16 on localhost.localdomain with PID 21321 (/root/Downloads/technicalWork/idea-IC-222.3345.118/microservices-demo/elastic-query-web-client/target/classes started by root in /root/Downloads/technicalWork/idea-IC-222.3345.118/microservices-demo)
2023-08-14 23:47:53 [main] INFO  c.m.d.e.q.w.c.ElasticQueryWebClientApplication - The following 1 profile is active: "elastic_query_web"
2023-08-14 23:47:53 [main] INFO  o.s.c.c.c.ConfigServerConfigDataLoader - Fetching config from server at : http://localhost:8888
2023-08-14 23:47:53 [main] INFO  o.s.c.c.c.ConfigServerConfigDataLoader - Located environment: name=config-client-elastic_query_web, profiles=[elastic_query_web], label=null, version=d387295311a9ccb25cd17a6a12e1ad9f100fb2de, state=null
2023-08-14 23:47:55 [main] INFO  o.s.cloud.context.scope.GenericScope - BeanFactory id=d12eae71-0dfd-39da-bb0e-3b36c6a3d04b
2023-08-14 23:47:55 [main] INFO  o.s.b.w.e.tomcat.TomcatWebServer - Tomcat initialized with port(s): 8184 (http)
2023-08-14 23:47:55 [main] INFO  o.a.coyote.http11.Http11NioProtocol - Initializing ProtocolHandler ["http-nio-8184"]
2023-08-14 23:47:55 [main] INFO  o.a.catalina.core.StandardService - Starting service [Tomcat]
2023-08-14 23:47:55 [main] INFO  o.a.catalina.core.StandardEngine - Starting Servlet engine: [Apache Tomcat/9.0.74]
2023-08-14 23:47:55 [main] INFO  o.a.c.c.C.[.[.[/elastic-query-web-client] - Initializing Spring embedded WebApplicationContext
2023-08-14 23:47:55 [main] INFO  o.s.b.w.s.c.ServletWebServerApplicationContext - Root WebApplicationContext: initialization completed in 2075 ms
2023-08-14 23:47:56 [main] INFO  o.s.s.web.DefaultSecurityFilterChain - Will secure any request with [org.springframework.security.web.session.DisableEncodeUrlFilter@52d7ab79, org.springframework.security.web.context.request.async.WebAsyncManagerIntegrationFilter@f95d64d, org.springframework.security.web.context.SecurityContextPersistenceFilter@5e67a490, org.springframework.security.web.header.HeaderWriterFilter@4ae280da, org.springframework.security.web.csrf.CsrfFilter@25567581, org.springframework.security.web.authentication.logout.LogoutFilter@7d47dfed, org.springframework.security.web.authentication.www.BasicAuthenticationFilter@439f2d87, org.springframework.security.web.savedrequest.RequestCacheAwareFilter@38c761e9, org.springframework.security.web.servletapi.SecurityContextHolderAwareRequestFilter@5d66ae3a, org.springframework.security.web.authentication.AnonymousAuthenticationFilter@288728e, org.springframework.security.web.session.SessionManagementFilter@4df7d9ee, org.springframework.security.web.access.ExceptionTranslationFilter@26d0ece6, org.springframework.security.web.access.intercept.FilterSecurityInterceptor@4aa22cc2]
2023-08-14 23:47:57 [main] INFO  o.s.b.a.w.s.WelcomePageHandlerMapping - Adding welcome page template: index
2023-08-14 23:47:58 [main] INFO  o.a.coyote.http11.Http11NioProtocol - Starting ProtocolHandler ["http-nio-8184"]
2023-08-14 23:47:58 [main] INFO  o.s.b.w.e.tomcat.TomcatWebServer - Tomcat started on port(s): 8184 (http) with context path '/elastic-query-web-client'
2023-08-14 23:47:59 [main] INFO  o.s.cloud.commons.util.InetUtils - Cannot determine local hostname
2023-08-14 23:48:00 [main] INFO  c.m.d.e.q.w.c.ElasticQueryWebClientApplication - Started ElasticQueryWebClientApplication in 16.511 seconds (JVM running for 18.743)
2023-08-14 23:49:22 [http-nio-8184-exec-1] INFO  o.a.c.c.C.[.[.[/elastic-query-web-client] - Initializing Spring DispatcherServlet 'dispatcherServlet'
2023-08-14 23:49:22 [http-nio-8184-exec-1] INFO  o.s.web.servlet.DispatcherServlet - Initializing Servlet 'dispatcherServlet'
2023-08-14 23:49:22 [http-nio-8184-exec-1] INFO  o.s.web.servlet.DispatcherServlet - Completed initialization in 3 ms
2023-08-14 23:50:37 [main] INFO  c.m.d.e.q.w.c.ElasticQueryWebClientApplication - Starting ElasticQueryWebClientApplication using Java 11.0.16 on localhost.localdomain with PID 21584 (/root/Downloads/technicalWork/idea-IC-222.3345.118/microservices-demo/elastic-query-web-client/target/classes started by root in /root/Downloads/technicalWork/idea-IC-222.3345.118/microservices-demo)
2023-08-14 23:50:37 [background-preinit] INFO  o.h.validator.internal.util.Version - HV000001: Hibernate Validator 6.2.5.Final
2023-08-14 23:50:37 [main] INFO  c.m.d.e.q.w.c.ElasticQueryWebClientApplication - The following 1 profile is active: "elastic_query_web"
2023-08-14 23:50:37 [main] INFO  o.s.c.c.c.ConfigServerConfigDataLoader - Fetching config from server at : http://localhost:8888
2023-08-14 23:50:37 [main] INFO  o.s.c.c.c.ConfigServerConfigDataLoader - Located environment: name=config-client-elastic_query_web, profiles=[elastic_query_web], label=null, version=d387295311a9ccb25cd17a6a12e1ad9f100fb2de, state=null
2023-08-14 23:50:39 [main] INFO  o.s.cloud.context.scope.GenericScope - BeanFactory id=d12eae71-0dfd-39da-bb0e-3b36c6a3d04b
2023-08-14 23:50:39 [main] INFO  o.s.b.w.e.tomcat.TomcatWebServer - Tomcat initialized with port(s): 8184 (http)
2023-08-14 23:50:39 [main] INFO  o.a.coyote.http11.Http11NioProtocol - Initializing ProtocolHandler ["http-nio-8184"]
2023-08-14 23:50:39 [main] INFO  o.a.catalina.core.StandardService - Starting service [Tomcat]
2023-08-14 23:50:39 [main] INFO  o.a.catalina.core.StandardEngine - Starting Servlet engine: [Apache Tomcat/9.0.74]
2023-08-14 23:50:39 [main] INFO  o.a.c.c.C.[.[.[/elastic-query-web-client] - Initializing Spring embedded WebApplicationContext
2023-08-14 23:50:39 [main] INFO  o.s.b.w.s.c.ServletWebServerApplicationContext - Root WebApplicationContext: initialization completed in 2243 ms
2023-08-14 23:50:40 [main] INFO  o.s.s.web.DefaultSecurityFilterChain - Will secure any request with [org.springframework.security.web.session.DisableEncodeUrlFilter@aa752bb, org.springframework.security.web.context.request.async.WebAsyncManagerIntegrationFilter@77fc19cf, org.springframework.security.web.context.SecurityContextPersistenceFilter@423f8a73, org.springframework.security.web.header.HeaderWriterFilter@1ab53860, org.springframework.security.web.csrf.CsrfFilter@66020d69, org.springframework.security.web.authentication.logout.LogoutFilter@3b218c74, org.springframework.security.web.authentication.www.BasicAuthenticationFilter@4e67cfe1, org.springframework.security.web.savedrequest.RequestCacheAwareFilter@113dcaf8, org.springframework.security.web.servletapi.SecurityContextHolderAwareRequestFilter@5844a2d1, org.springframework.security.web.authentication.AnonymousAuthenticationFilter@643ecfef, org.springframework.security.web.session.SessionManagementFilter@3f0ce0d1, org.springframework.security.web.access.ExceptionTranslationFilter@17176b18, org.springframework.security.web.access.intercept.FilterSecurityInterceptor@8b41ad]
2023-08-14 23:50:41 [main] INFO  o.s.b.a.w.s.WelcomePageHandlerMapping - Adding welcome page template: index
2023-08-14 23:50:42 [main] INFO  o.s.cloud.commons.util.InetUtils - Cannot determine local hostname
2023-08-14 23:50:43 [main] INFO  o.s.cloud.commons.util.InetUtils - Cannot determine local hostname
2023-08-14 23:50:43 [main] INFO  o.a.coyote.http11.Http11NioProtocol - Starting ProtocolHandler ["http-nio-8184"]
2023-08-14 23:50:43 [main] INFO  o.s.b.w.e.tomcat.TomcatWebServer - Tomcat started on port(s): 8184 (http) with context path '/elastic-query-web-client'
2023-08-14 23:50:44 [main] INFO  o.s.cloud.commons.util.InetUtils - Cannot determine local hostname
2023-08-14 23:50:45 [main] INFO  o.s.cloud.commons.util.InetUtils - Cannot determine local hostname
2023-08-14 23:50:45 [main] INFO  c.m.d.e.q.w.c.ElasticQueryWebClientApplication - Started ElasticQueryWebClientApplication in 13.944 seconds (JVM running for 14.928)
2023-08-14 23:50:48 [http-nio-8184-exec-1] INFO  o.a.c.c.C.[.[.[/elastic-query-web-client] - Initializing Spring DispatcherServlet 'dispatcherServlet'
2023-08-14 23:50:48 [http-nio-8184-exec-1] INFO  o.s.web.servlet.DispatcherServlet - Initializing Servlet 'dispatcherServlet'
2023-08-14 23:50:48 [http-nio-8184-exec-1] INFO  o.s.web.servlet.DispatcherServlet - Completed initialization in 1 ms
2023-08-14 23:58:40 [http-nio-8184-exec-10] INFO  c.m.d.e.q.w.c.api.QueryController - Querying with text lorem
2023-08-14 23:58:40 [http-nio-8184-exec-10] INFO  c.m.d.e.q.w.c.s.i.TwitterElasticQueryWebClient - Querying by text lorem
2023-08-14 23:58:40 [http-nio-8184-exec-10] ERROR c.m.d.e.q.w.c.a.e.h.ElasticQueryWebClientErrorHandler - Service runtime exception!
java.lang.NullPointerException: null
	at com.microservices.demo.elastic.query.web.client.config.WebClientConfig.lambda$webClientBuilder$0(WebClientConfig.java:44)
	at org.springframework.web.reactive.function.client.DefaultExchangeStrategiesBuilder.codecs(DefaultExchangeStrategiesBuilder.java:65)
	at org.springframework.web.reactive.function.client.DefaultWebClientBuilder.lambda$codecs$0(DefaultWebClientBuilder.java:226)
	at org.springframework.web.reactive.function.client.DefaultWebClientBuilder.lambda$initExchangeStrategies$2(DefaultWebClientBuilder.java:306)
	at java.base/java.util.ArrayList.forEach(ArrayList.java:1541)
	at org.springframework.web.reactive.function.client.DefaultWebClientBuilder.initExchangeStrategies(DefaultWebClientBuilder.java:306)
	at org.springframework.web.reactive.function.client.DefaultWebClientBuilder.build(DefaultWebClientBuilder.java:269)
	at com.microservices.demo.elastic.query.web.client.service.impl.TwitterElasticQueryWebClient.getWebClient(TwitterElasticQueryWebClient.java:47)
	at com.microservices.demo.elastic.query.web.client.service.impl.TwitterElasticQueryWebClient.getDataByText(TwitterElasticQueryWebClient.java:40)
	at com.microservices.demo.elastic.query.web.client.api.QueryController.queryByText(QueryController.java:45)
	at java.base/jdk.internal.reflect.NativeMethodAccessorImpl.invoke0(Native Method)
	at java.base/jdk.internal.reflect.NativeMethodAccessorImpl.invoke(NativeMethodAccessorImpl.java:62)
	at java.base/jdk.internal.reflect.DelegatingMethodAccessorImpl.invoke(DelegatingMethodAccessorImpl.java:43)
	at java.base/java.lang.reflect.Method.invoke(Method.java:566)
	at org.springframework.web.method.support.InvocableHandlerMethod.doInvoke(InvocableHandlerMethod.java:205)
	at org.springframework.web.method.support.InvocableHandlerMethod.invokeForRequest(InvocableHandlerMethod.java:150)
	at org.springframework.web.servlet.mvc.method.annotation.ServletInvocableHandlerMethod.invokeAndHandle(ServletInvocableHandlerMethod.java:117)
	at org.springframework.web.servlet.mvc.method.annotation.RequestMappingHandlerAdapter.invokeHandlerMethod(RequestMappingHandlerAdapter.java:895)
	at org.springframework.web.servlet.mvc.method.annotation.RequestMappingHandlerAdapter.handleInternal(RequestMappingHandlerAdapter.java:808)
	at org.springframework.web.servlet.mvc.method.AbstractHandlerMethodAdapter.handle(AbstractHandlerMethodAdapter.java:87)
	at org.springframework.web.servlet.DispatcherServlet.doDispatch(DispatcherServlet.java:1072)
	at org.springframework.web.servlet.DispatcherServlet.doService(DispatcherServlet.java:965)
	at org.springframework.web.servlet.FrameworkServlet.processRequest(FrameworkServlet.java:1006)
	at org.springframework.web.servlet.FrameworkServlet.doPost(FrameworkServlet.java:909)
	at javax.servlet.http.HttpServlet.service(HttpServlet.java:555)
	at org.springframework.web.servlet.FrameworkServlet.service(FrameworkServlet.java:883)
	at javax.servlet.http.HttpServlet.service(HttpServlet.java:623)
	at org.apache.catalina.core.ApplicationFilterChain.internalDoFilter(ApplicationFilterChain.java:209)
	at org.apache.catalina.core.ApplicationFilterChain.doFilter(ApplicationFilterChain.java:153)
	at org.apache.tomcat.websocket.server.WsFilter.doFilter(WsFilter.java:51)
	at org.apache.catalina.core.ApplicationFilterChain.internalDoFilter(ApplicationFilterChain.java:178)
	at org.apache.catalina.core.ApplicationFilterChain.doFilter(ApplicationFilterChain.java:153)
	at org.springframework.security.web.FilterChainProxy$VirtualFilterChain.doFilter(FilterChainProxy.java:337)
	at org.springframework.security.web.access.intercept.FilterSecurityInterceptor.invoke(FilterSecurityInterceptor.java:115)
	at org.springframework.security.web.access.intercept.FilterSecurityInterceptor.doFilter(FilterSecurityInterceptor.java:81)
	at org.springframework.security.web.FilterChainProxy$VirtualFilterChain.doFilter(FilterChainProxy.java:346)
	at org.springframework.security.web.access.ExceptionTranslationFilter.doFilter(ExceptionTranslationFilter.java:122)
	at org.springframework.security.web.access.ExceptionTranslationFilter.doFilter(ExceptionTranslationFilter.java:116)
	at org.springframework.security.web.FilterChainProxy$VirtualFilterChain.doFilter(FilterChainProxy.java:346)
	at org.springframework.security.web.session.SessionManagementFilter.doFilter(SessionManagementFilter.java:126)
	at org.springframework.security.web.session.SessionManagementFilter.doFilter(SessionManagementFilter.java:81)
	at org.springframework.security.web.FilterChainProxy$VirtualFilterChain.doFilter(FilterChainProxy.java:346)
	at org.springframework.security.web.authentication.AnonymousAuthenticationFilter.doFilter(AnonymousAuthenticationFilter.java:109)
	at org.springframework.security.web.FilterChainProxy$VirtualFilterChain.doFilter(FilterChainProxy.java:346)
	at org.springframework.security.web.servletapi.SecurityContextHolderAwareRequestFilter.doFilter(SecurityContextHolderAwareRequestFilter.java:149)
	at org.springframework.security.web.FilterChainProxy$VirtualFilterChain.doFilter(FilterChainProxy.java:346)
	at org.springframework.security.web.savedrequest.RequestCacheAwareFilter.doFilter(RequestCacheAwareFilter.java:63)
	at org.springframework.security.web.FilterChainProxy$VirtualFilterChain.doFilter(FilterChainProxy.java:346)
	at org.springframework.security.web.authentication.www.BasicAuthenticationFilter.doFilterInternal(BasicAuthenticationFilter.java:198)
	at org.springframework.web.filter.OncePerRequestFilter.doFilter(OncePerRequestFilter.java:117)
	at org.springframework.security.web.FilterChainProxy$VirtualFilterChain.doFilter(FilterChainProxy.java:346)
	at org.springframework.security.web.authentication.logout.LogoutFilter.doFilter(LogoutFilter.java:103)
	at org.springframework.security.web.authentication.logout.LogoutFilter.doFilter(LogoutFilter.java:89)
	at org.springframework.security.web.FilterChainProxy$VirtualFilterChain.doFilter(FilterChainProxy.java:346)
	at org.springframework.security.web.csrf.CsrfFilter.doFilterInternal(CsrfFilter.java:132)
	at org.springframework.web.filter.OncePerRequestFilter.doFilter(OncePerRequestFilter.java:117)
	at org.springframework.security.web.FilterChainProxy$VirtualFilterChain.doFilter(FilterChainProxy.java:346)
	at org.springframework.security.web.header.HeaderWriterFilter.doHeadersAfter(HeaderWriterFilter.java:90)
	at org.springframework.security.web.header.HeaderWriterFilter.doFilterInternal(HeaderWriterFilter.java:75)
	at org.springframework.web.filter.OncePerRequestFilter.doFilter(OncePerRequestFilter.java:117)
	at org.springframework.security.web.FilterChainProxy$VirtualFilterChain.doFilter(FilterChainProxy.java:346)
	at org.springframework.security.web.context.SecurityContextPersistenceFilter.doFilter(SecurityContextPersistenceFilter.java:112)
	at org.springframework.security.web.context.SecurityContextPersistenceFilter.doFilter(SecurityContextPersistenceFilter.java:82)
	at org.springframework.security.web.FilterChainProxy$VirtualFilterChain.doFilter(FilterChainProxy.java:346)
	at org.springframework.security.web.context.request.async.WebAsyncManagerIntegrationFilter.doFilterInternal(WebAsyncManagerIntegrationFilter.java:55)
	at org.springframework.web.filter.OncePerRequestFilter.doFilter(OncePerRequestFilter.java:117)
	at org.springframework.security.web.FilterChainProxy$VirtualFilterChain.doFilter(FilterChainProxy.java:346)
	at org.springframework.security.web.session.DisableEncodeUrlFilter.doFilterInternal(DisableEncodeUrlFilter.java:42)
	at org.springframework.web.filter.OncePerRequestFilter.doFilter(OncePerRequestFilter.java:117)
	at org.springframework.security.web.FilterChainProxy$VirtualFilterChain.doFilter(FilterChainProxy.java:346)
	at org.springframework.security.web.FilterChainProxy.doFilterInternal(FilterChainProxy.java:221)
	at org.springframework.security.web.FilterChainProxy.doFilter(FilterChainProxy.java:186)
	at org.springframework.web.filter.DelegatingFilterProxy.invokeDelegate(DelegatingFilterProxy.java:354)
	at org.springframework.web.filter.DelegatingFilterProxy.doFilter(DelegatingFilterProxy.java:267)
	at org.apache.catalina.core.ApplicationFilterChain.internalDoFilter(ApplicationFilterChain.java:178)
	at org.apache.catalina.core.ApplicationFilterChain.doFilter(ApplicationFilterChain.java:153)
	at org.springframework.web.filter.RequestContextFilter.doFilterInternal(RequestContextFilter.java:100)
	at org.springframework.web.filter.OncePerRequestFilter.doFilter(OncePerRequestFilter.java:117)
	at org.apache.catalina.core.ApplicationFilterChain.internalDoFilter(ApplicationFilterChain.java:178)
	at org.apache.catalina.core.ApplicationFilterChain.doFilter(ApplicationFilterChain.java:153)
	at org.springframework.web.filter.FormContentFilter.doFilterInternal(FormContentFilter.java:93)
	at org.springframework.web.filter.OncePerRequestFilter.doFilter(OncePerRequestFilter.java:117)
	at org.apache.catalina.core.ApplicationFilterChain.internalDoFilter(ApplicationFilterChain.java:178)
	at org.apache.catalina.core.ApplicationFilterChain.doFilter(ApplicationFilterChain.java:153)
	at org.springframework.web.filter.CharacterEncodingFilter.doFilterInternal(CharacterEncodingFilter.java:201)
	at org.springframework.web.filter.OncePerRequestFilter.doFilter(OncePerRequestFilter.java:117)
	at org.apache.catalina.core.ApplicationFilterChain.internalDoFilter(ApplicationFilterChain.java:178)
	at org.apache.catalina.core.ApplicationFilterChain.doFilter(ApplicationFilterChain.java:153)
	at org.apache.catalina.core.StandardWrapperValve.invoke(StandardWrapperValve.java:167)
	at org.apache.catalina.core.StandardContextValve.invoke(StandardContextValve.java:90)
	at org.apache.catalina.authenticator.AuthenticatorBase.invoke(AuthenticatorBase.java:481)
	at org.apache.catalina.core.StandardHostValve.invoke(StandardHostValve.java:130)
	at org.apache.catalina.valves.ErrorReportValve.invoke(ErrorReportValve.java:93)
	at org.apache.catalina.core.StandardEngineValve.invoke(StandardEngineValve.java:74)
	at org.apache.catalina.connector.CoyoteAdapter.service(CoyoteAdapter.java:343)
	at org.apache.coyote.http11.Http11Processor.service(Http11Processor.java:389)
	at org.apache.coyote.AbstractProcessorLight.process(AbstractProcessorLight.java:63)
	at org.apache.coyote.AbstractProtocol$ConnectionHandler.process(AbstractProtocol.java:926)
	at org.apache.tomcat.util.net.NioEndpoint$SocketProcessor.doRun(NioEndpoint.java:1791)
	at org.apache.tomcat.util.net.SocketProcessorBase.run(SocketProcessorBase.java:52)
	at org.apache.tomcat.util.threads.ThreadPoolExecutor.runWorker(ThreadPoolExecutor.java:1191)
	at org.apache.tomcat.util.threads.ThreadPoolExecutor$Worker.run(ThreadPoolExecutor.java:659)
	at org.apache.tomcat.util.threads.TaskThread$WrappingRunnable.run(TaskThread.java:61)
	at java.base/java.lang.Thread.run(Thread.java:829)
