2023-08-17 00:35:22 [main] INFO  c.m.d.e.q.w.c.ElasticQueryWebClientApplication - Starting ElasticQueryWebClientApplication using Java 11.0.16 on localhost.localdomain with PID 15384 (/root/Downloads/technicalWork/idea-IC-222.3345.118/microservices-demo/elastic-query-web-client/target/classes started by root in /root/Downloads/technicalWork/idea-IC-222.3345.118/microservices-demo)
2023-08-17 00:35:22 [main] INFO  c.m.d.e.q.w.c.ElasticQueryWebClientApplication - The following 1 profile is active: "elastic_query_web"
2023-08-17 00:35:22 [background-preinit] INFO  o.h.validator.internal.util.Version - HV000001: Hibernate Validator 6.2.5.Final
2023-08-17 00:35:22 [main] INFO  o.s.c.c.c.ConfigServerConfigDataLoader - Fetching config from server at : http://localhost:8888
2023-08-17 00:35:22 [main] INFO  o.s.c.c.c.ConfigServerConfigDataLoader - Located environment: name=config-client-elastic_query_web, profiles=[elastic_query_web], label=null, version=d387295311a9ccb25cd17a6a12e1ad9f100fb2de, state=null
2023-08-17 00:35:24 [main] INFO  o.s.cloud.context.scope.GenericScope - BeanFactory id=d12eae71-0dfd-39da-bb0e-3b36c6a3d04b
2023-08-17 00:35:24 [main] INFO  o.s.b.w.e.tomcat.TomcatWebServer - Tomcat initialized with port(s): 8184 (http)
2023-08-17 00:35:24 [main] INFO  o.a.coyote.http11.Http11NioProtocol - Initializing ProtocolHandler ["http-nio-8184"]
2023-08-17 00:35:24 [main] INFO  o.a.catalina.core.StandardService - Starting service [Tomcat]
2023-08-17 00:35:24 [main] INFO  o.a.catalina.core.StandardEngine - Starting Servlet engine: [Apache Tomcat/9.0.74]
2023-08-17 00:35:25 [main] INFO  o.a.c.c.C.[.[.[/elastic-query-web-client] - Initializing Spring embedded WebApplicationContext
2023-08-17 00:35:25 [main] INFO  o.s.b.w.s.c.ServletWebServerApplicationContext - Root WebApplicationContext: initialization completed in 2083 ms
2023-08-17 00:35:25 [main] INFO  o.s.s.web.DefaultSecurityFilterChain - Will secure any request with [org.springframework.security.web.session.DisableEncodeUrlFilter@216f01, org.springframework.security.web.context.request.async.WebAsyncManagerIntegrationFilter@7c901203, org.springframework.security.web.context.SecurityContextPersistenceFilter@1ab53860, org.springframework.security.web.header.HeaderWriterFilter@63124022, org.springframework.security.web.csrf.CsrfFilter@57e03347, org.springframework.security.web.authentication.logout.LogoutFilter@60b1ff3b, org.springframework.security.web.authentication.www.BasicAuthenticationFilter@42c54bad, org.springframework.security.web.savedrequest.RequestCacheAwareFilter@57b9389f, org.springframework.security.web.servletapi.SecurityContextHolderAwareRequestFilter@1600a8a2, org.springframework.security.web.authentication.AnonymousAuthenticationFilter@1e721583, org.springframework.security.web.session.SessionManagementFilter@177ede17, org.springframework.security.web.access.ExceptionTranslationFilter@6b832551, org.springframework.security.web.access.intercept.FilterSecurityInterceptor@6df11e91]
2023-08-17 00:35:26 [main] INFO  o.s.b.a.w.s.WelcomePageHandlerMapping - Adding welcome page template: index
2023-08-17 00:35:26 [main] INFO  o.a.coyote.http11.Http11NioProtocol - Starting ProtocolHandler ["http-nio-8184"]
2023-08-17 00:35:26 [main] INFO  o.s.b.w.e.tomcat.TomcatWebServer - Tomcat started on port(s): 8184 (http) with context path '/elastic-query-web-client'
2023-08-17 00:35:26 [main] INFO  c.m.d.e.q.w.c.ElasticQueryWebClientApplication - Started ElasticQueryWebClientApplication in 10.702 seconds (JVM running for 11.742)
2023-08-17 00:37:03 [http-nio-8184-exec-1] INFO  o.a.c.c.C.[.[.[/elastic-query-web-client] - Initializing Spring DispatcherServlet 'dispatcherServlet'
2023-08-17 00:37:03 [http-nio-8184-exec-1] INFO  o.s.web.servlet.DispatcherServlet - Initializing Servlet 'dispatcherServlet'
2023-08-17 00:37:03 [http-nio-8184-exec-1] INFO  o.s.web.servlet.DispatcherServlet - Completed initialization in 3 ms
2023-08-17 00:39:55 [http-nio-8184-exec-6] INFO  c.m.d.e.q.w.c.api.QueryController - Querying with text ipsum
2023-08-17 00:39:55 [http-nio-8184-exec-6] INFO  c.m.d.e.q.w.c.s.i.TwitterElasticQueryWebClient - Querying by text ipsum
2023-08-17 00:39:58 [http-nio-8184-exec-6] ERROR c.m.d.e.q.w.c.a.e.h.ElasticQueryWebClientErrorHandler - Service runtime exception!
org.springframework.web.reactive.function.client.WebClientRequestException: Failed to resolve 'elastic-query-service' [A(1)] after 2 queries ; nested exception is java.net.UnknownHostException: Failed to resolve 'elastic-query-service' [A(1)] after 2 queries 
	at org.springframework.web.reactive.function.client.ExchangeFunctions$DefaultExchangeFunction.lambda$wrapException$9(ExchangeFunctions.java:141)
	Suppressed: reactor.core.publisher.FluxOnAssembly$OnAssemblyException: 
Error has been observed at the following site(s):
	*__checkpoint ⇢ Request to POST http://elastic-query-service/elastic-query-service/documents/get-document-by-text [DefaultWebClient]
Original Stack Trace:
		at org.springframework.web.reactive.function.client.ExchangeFunctions$DefaultExchangeFunction.lambda$wrapException$9(ExchangeFunctions.java:141)
		at reactor.core.publisher.MonoErrorSupplied.subscribe(MonoErrorSupplied.java:55)
		at reactor.core.publisher.Mono.subscribe(Mono.java:4490)
		at reactor.core.publisher.FluxOnErrorResume$ResumeSubscriber.onError(FluxOnErrorResume.java:103)
		at reactor.core.publisher.FluxPeek$PeekSubscriber.onError(FluxPeek.java:222)
		at reactor.core.publisher.FluxPeek$PeekSubscriber.onError(FluxPeek.java:222)
		at reactor.core.publisher.FluxPeek$PeekSubscriber.onError(FluxPeek.java:222)
		at reactor.core.publisher.MonoNext$NextSubscriber.onError(MonoNext.java:93)
		at reactor.core.publisher.MonoFlatMapMany$FlatMapManyMain.onError(MonoFlatMapMany.java:204)
		at reactor.core.publisher.SerializedSubscriber.onError(SerializedSubscriber.java:124)
		at reactor.core.publisher.FluxRetryWhen$RetryWhenMainSubscriber.whenError(FluxRetryWhen.java:225)
		at reactor.core.publisher.FluxRetryWhen$RetryWhenOtherSubscriber.onError(FluxRetryWhen.java:274)
		at reactor.core.publisher.FluxContextWrite$ContextWriteSubscriber.onError(FluxContextWrite.java:121)
		at reactor.core.publisher.FluxConcatMap$ConcatMapImmediate.drain(FluxConcatMap.java:415)
		at reactor.core.publisher.FluxConcatMap$ConcatMapImmediate.onNext(FluxConcatMap.java:251)
		at reactor.core.publisher.FluxContextWrite$ContextWriteSubscriber.onNext(FluxContextWrite.java:107)
		at reactor.core.publisher.EmitterProcessor.drain(EmitterProcessor.java:537)
		at reactor.core.publisher.EmitterProcessor.tryEmitNext(EmitterProcessor.java:343)
		at reactor.core.publisher.SinkManySerialized.tryEmitNext(SinkManySerialized.java:100)
		at reactor.core.publisher.InternalManySink.emitNext(InternalManySink.java:27)
		at reactor.core.publisher.FluxRetryWhen$RetryWhenMainSubscriber.onError(FluxRetryWhen.java:190)
		at reactor.core.publisher.MonoCreate$DefaultMonoSink.error(MonoCreate.java:201)
		at reactor.netty.http.client.HttpClientConnect$MonoHttpConnect$ClientTransportSubscriber.onError(HttpClientConnect.java:311)
		at reactor.core.publisher.MonoCreate$DefaultMonoSink.error(MonoCreate.java:201)
		at reactor.netty.resources.DefaultPooledConnectionProvider$DisposableAcquire.onError(DefaultPooledConnectionProvider.java:160)
		at reactor.netty.internal.shaded.reactor.pool.AbstractPool$Borrower.fail(AbstractPool.java:475)
		at reactor.netty.internal.shaded.reactor.pool.SimpleDequePool.lambda$drainLoop$9(SimpleDequePool.java:431)
		at reactor.core.publisher.FluxDoOnEach$DoOnEachSubscriber.onError(FluxDoOnEach.java:186)
		at reactor.core.publisher.MonoCreate$DefaultMonoSink.error(MonoCreate.java:201)
		at reactor.netty.resources.DefaultPooledConnectionProvider$PooledConnectionAllocator$PooledConnectionInitializer.onError(DefaultPooledConnectionProvider.java:558)
		at reactor.core.publisher.MonoFlatMap$FlatMapMain.secondError(MonoFlatMap.java:192)
		at reactor.core.publisher.MonoFlatMap$FlatMapInner.onError(MonoFlatMap.java:259)
		at reactor.core.publisher.FluxOnErrorResume$ResumeSubscriber.onError(FluxOnErrorResume.java:106)
		at reactor.core.publisher.Operators.error(Operators.java:198)
		at reactor.core.publisher.MonoError.subscribe(MonoError.java:53)
		at reactor.core.publisher.Mono.subscribe(Mono.java:4490)
		at reactor.core.publisher.FluxOnErrorResume$ResumeSubscriber.onError(FluxOnErrorResume.java:103)
		at reactor.netty.transport.TransportConnector$MonoChannelPromise.tryFailure(TransportConnector.java:580)
		at reactor.netty.transport.TransportConnector.lambda$doResolveAndConnect$11(TransportConnector.java:387)
		at io.netty.util.concurrent.DefaultPromise.notifyListener0(DefaultPromise.java:590)
		at io.netty.util.concurrent.DefaultPromise.notifyListenersNow(DefaultPromise.java:557)
		at io.netty.util.concurrent.DefaultPromise.notifyListeners(DefaultPromise.java:492)
		at io.netty.util.concurrent.DefaultPromise.setValue0(DefaultPromise.java:636)
		at io.netty.util.concurrent.DefaultPromise.setFailure0(DefaultPromise.java:629)
		at io.netty.util.concurrent.DefaultPromise.setFailure(DefaultPromise.java:110)
		at io.netty.resolver.InetSocketAddressResolver$2.operationComplete(InetSocketAddressResolver.java:86)
		at io.netty.util.concurrent.DefaultPromise.notifyListener0(DefaultPromise.java:590)
		at io.netty.util.concurrent.DefaultPromise.notifyListeners0(DefaultPromise.java:583)
		at io.netty.util.concurrent.DefaultPromise.notifyListenersNow(DefaultPromise.java:559)
		at io.netty.util.concurrent.DefaultPromise.notifyListeners(DefaultPromise.java:492)
		at io.netty.util.concurrent.DefaultPromise.setValue0(DefaultPromise.java:636)
		at io.netty.util.concurrent.DefaultPromise.setFailure0(DefaultPromise.java:629)
		at io.netty.util.concurrent.DefaultPromise.tryFailure(DefaultPromise.java:118)
		at io.netty.resolver.dns.DnsResolveContext.finishResolve(DnsResolveContext.java:1096)
		at io.netty.resolver.dns.DnsResolveContext.tryToFinishResolve(DnsResolveContext.java:1035)
		at io.netty.resolver.dns.DnsResolveContext.query(DnsResolveContext.java:422)
		at io.netty.resolver.dns.DnsResolveContext.onResponse(DnsResolveContext.java:655)
		at io.netty.resolver.dns.DnsResolveContext.access$500(DnsResolveContext.java:66)
		at io.netty.resolver.dns.DnsResolveContext$2.operationComplete(DnsResolveContext.java:482)
		at io.netty.util.concurrent.DefaultPromise.notifyListener0(DefaultPromise.java:590)
		at io.netty.util.concurrent.DefaultPromise.notifyListeners0(DefaultPromise.java:583)
		at io.netty.util.concurrent.DefaultPromise.notifyListenersNow(DefaultPromise.java:559)
		at io.netty.util.concurrent.DefaultPromise.notifyListeners(DefaultPromise.java:492)
		at io.netty.util.concurrent.DefaultPromise.setValue0(DefaultPromise.java:636)
		at io.netty.util.concurrent.DefaultPromise.setSuccess0(DefaultPromise.java:625)
		at io.netty.util.concurrent.DefaultPromise.trySuccess(DefaultPromise.java:105)
		at io.netty.resolver.dns.DnsQueryContext.trySuccess(DnsQueryContext.java:232)
		at io.netty.resolver.dns.DnsQueryContext.finish(DnsQueryContext.java:224)
		at io.netty.resolver.dns.DnsNameResolver$DnsResponseHandler.channelRead(DnsNameResolver.java:1364)
		at io.netty.channel.AbstractChannelHandlerContext.invokeChannelRead(AbstractChannelHandlerContext.java:444)
		at io.netty.channel.AbstractChannelHandlerContext.invokeChannelRead(AbstractChannelHandlerContext.java:420)
		at io.netty.channel.AbstractChannelHandlerContext.fireChannelRead(AbstractChannelHandlerContext.java:412)
		at io.netty.handler.codec.MessageToMessageDecoder.channelRead(MessageToMessageDecoder.java:103)
		at io.netty.channel.AbstractChannelHandlerContext.invokeChannelRead(AbstractChannelHandlerContext.java:444)
		at io.netty.channel.AbstractChannelHandlerContext.invokeChannelRead(AbstractChannelHandlerContext.java:420)
		at io.netty.channel.AbstractChannelHandlerContext.fireChannelRead(AbstractChannelHandlerContext.java:412)
		at io.netty.channel.DefaultChannelPipeline$HeadContext.channelRead(DefaultChannelPipeline.java:1410)
		at io.netty.channel.AbstractChannelHandlerContext.invokeChannelRead(AbstractChannelHandlerContext.java:440)
		at io.netty.channel.AbstractChannelHandlerContext.invokeChannelRead(AbstractChannelHandlerContext.java:420)
		at io.netty.channel.DefaultChannelPipeline.fireChannelRead(DefaultChannelPipeline.java:919)
		at io.netty.channel.epoll.EpollDatagramChannel.processPacket(EpollDatagramChannel.java:662)
		at io.netty.channel.epoll.EpollDatagramChannel.recvmsg(EpollDatagramChannel.java:697)
		at io.netty.channel.epoll.EpollDatagramChannel.access$300(EpollDatagramChannel.java:56)
		at io.netty.channel.epoll.EpollDatagramChannel$EpollDatagramChannelUnsafe.epollInReady(EpollDatagramChannel.java:536)
		at io.netty.channel.epoll.EpollEventLoop.processReady(EpollEventLoop.java:499)
		at io.netty.channel.epoll.EpollEventLoop.run(EpollEventLoop.java:397)
		at io.netty.util.concurrent.SingleThreadEventExecutor$4.run(SingleThreadEventExecutor.java:997)
		at io.netty.util.internal.ThreadExecutorMap$2.run(ThreadExecutorMap.java:74)
		at io.netty.util.concurrent.FastThreadLocalRunnable.run(FastThreadLocalRunnable.java:30)
		at java.base/java.lang.Thread.run(Thread.java:829)
	Suppressed: java.lang.Exception: #block terminated with an error
		at reactor.core.publisher.BlockingSingleSubscriber.blockingGet(BlockingSingleSubscriber.java:99)
		at reactor.core.publisher.Mono.block(Mono.java:1742)
		at com.microservices.demo.elastic.query.web.client.service.impl.TwitterElasticQueryWebClient.getDataByText(TwitterElasticQueryWebClient.java:44)
		at com.microservices.demo.elastic.query.web.client.api.QueryController.queryByText(QueryController.java:49)
		at java.base/jdk.internal.reflect.NativeMethodAccessorImpl.invoke0(Native Method)
		at java.base/jdk.internal.reflect.NativeMethodAccessorImpl.invoke(NativeMethodAccessorImpl.java:62)
		at java.base/jdk.internal.reflect.DelegatingMethodAccessorImpl.invoke(DelegatingMethodAccessorImpl.java:43)
		at java.base/java.lang.reflect.Method.invoke(Method.java:566)
		at org.springframework.web.method.support.InvocableHandlerMethod.doInvoke(InvocableHandlerMethod.java:205)
		at org.springframework.web.method.support.InvocableHandlerMethod.invokeForRequest(InvocableHandlerMethod.java:150)
		at org.springframework.web.servlet.mvc.method.annotation.ServletInvocableHandlerMethod.invokeAndHandle(ServletInvocableHandlerMethod.java:117)
		at org.springframework.web.servlet.mvc.method.annotation.RequestMappingHandlerAdapter.invokeHandlerMethod(RequestMappingHandlerAdapter.java:895)
		at org.springframework.web.servlet.mvc.method.annotation.RequestMappingHandlerAdapter.handleInternal(RequestMappingHandlerAdapter.java:808)
		at org.springframework.web.servlet.mvc.method.AbstractHandlerMethodAdapter.handle(AbstractHandlerMethodAdapter.java:87)
		at org.springframework.web.servlet.DispatcherServlet.doDispatch(DispatcherServlet.java:1072)
		at org.springframework.web.servlet.DispatcherServlet.doService(DispatcherServlet.java:965)
		at org.springframework.web.servlet.FrameworkServlet.processRequest(FrameworkServlet.java:1006)
		at org.springframework.web.servlet.FrameworkServlet.doPost(FrameworkServlet.java:909)
		at javax.servlet.http.HttpServlet.service(HttpServlet.java:555)
		at org.springframework.web.servlet.FrameworkServlet.service(FrameworkServlet.java:883)
		at javax.servlet.http.HttpServlet.service(HttpServlet.java:623)
		at org.apache.catalina.core.ApplicationFilterChain.internalDoFilter(ApplicationFilterChain.java:209)
		at org.apache.catalina.core.ApplicationFilterChain.doFilter(ApplicationFilterChain.java:153)
		at org.apache.tomcat.websocket.server.WsFilter.doFilter(WsFilter.java:51)
		at org.apache.catalina.core.ApplicationFilterChain.internalDoFilter(ApplicationFilterChain.java:178)
		at org.apache.catalina.core.ApplicationFilterChain.doFilter(ApplicationFilterChain.java:153)
		at org.springframework.security.web.FilterChainProxy$VirtualFilterChain.doFilter(FilterChainProxy.java:337)
		at org.springframework.security.web.access.intercept.FilterSecurityInterceptor.invoke(FilterSecurityInterceptor.java:115)
		at org.springframework.security.web.access.intercept.FilterSecurityInterceptor.doFilter(FilterSecurityInterceptor.java:81)
		at org.springframework.security.web.FilterChainProxy$VirtualFilterChain.doFilter(FilterChainProxy.java:346)
		at org.springframework.security.web.access.ExceptionTranslationFilter.doFilter(ExceptionTranslationFilter.java:122)
		at org.springframework.security.web.access.ExceptionTranslationFilter.doFilter(ExceptionTranslationFilter.java:116)
		at org.springframework.security.web.FilterChainProxy$VirtualFilterChain.doFilter(FilterChainProxy.java:346)
		at org.springframework.security.web.session.SessionManagementFilter.doFilter(SessionManagementFilter.java:126)
		at org.springframework.security.web.session.SessionManagementFilter.doFilter(SessionManagementFilter.java:81)
		at org.springframework.security.web.FilterChainProxy$VirtualFilterChain.doFilter(FilterChainProxy.java:346)
		at org.springframework.security.web.authentication.AnonymousAuthenticationFilter.doFilter(AnonymousAuthenticationFilter.java:109)
		at org.springframework.security.web.FilterChainProxy$VirtualFilterChain.doFilter(FilterChainProxy.java:346)
		at org.springframework.security.web.servletapi.SecurityContextHolderAwareRequestFilter.doFilter(SecurityContextHolderAwareRequestFilter.java:149)
		at org.springframework.security.web.FilterChainProxy$VirtualFilterChain.doFilter(FilterChainProxy.java:346)
		at org.springframework.security.web.savedrequest.RequestCacheAwareFilter.doFilter(RequestCacheAwareFilter.java:63)
		at org.springframework.security.web.FilterChainProxy$VirtualFilterChain.doFilter(FilterChainProxy.java:346)
		at org.springframework.security.web.authentication.www.BasicAuthenticationFilter.doFilterInternal(BasicAuthenticationFilter.java:198)
		at org.springframework.web.filter.OncePerRequestFilter.doFilter(OncePerRequestFilter.java:117)
		at org.springframework.security.web.FilterChainProxy$VirtualFilterChain.doFilter(FilterChainProxy.java:346)
		at org.springframework.security.web.authentication.logout.LogoutFilter.doFilter(LogoutFilter.java:103)
		at org.springframework.security.web.authentication.logout.LogoutFilter.doFilter(LogoutFilter.java:89)
		at org.springframework.security.web.FilterChainProxy$VirtualFilterChain.doFilter(FilterChainProxy.java:346)
		at org.springframework.security.web.csrf.CsrfFilter.doFilterInternal(CsrfFilter.java:132)
		at org.springframework.web.filter.OncePerRequestFilter.doFilter(OncePerRequestFilter.java:117)
		at org.springframework.security.web.FilterChainProxy$VirtualFilterChain.doFilter(FilterChainProxy.java:346)
		at org.springframework.security.web.header.HeaderWriterFilter.doHeadersAfter(HeaderWriterFilter.java:90)
		at org.springframework.security.web.header.HeaderWriterFilter.doFilterInternal(HeaderWriterFilter.java:75)
		at org.springframework.web.filter.OncePerRequestFilter.doFilter(OncePerRequestFilter.java:117)
		at org.springframework.security.web.FilterChainProxy$VirtualFilterChain.doFilter(FilterChainProxy.java:346)
		at org.springframework.security.web.context.SecurityContextPersistenceFilter.doFilter(SecurityContextPersistenceFilter.java:112)
		at org.springframework.security.web.context.SecurityContextPersistenceFilter.doFilter(SecurityContextPersistenceFilter.java:82)
		at org.springframework.security.web.FilterChainProxy$VirtualFilterChain.doFilter(FilterChainProxy.java:346)
		at org.springframework.security.web.context.request.async.WebAsyncManagerIntegrationFilter.doFilterInternal(WebAsyncManagerIntegrationFilter.java:55)
		at org.springframework.web.filter.OncePerRequestFilter.doFilter(OncePerRequestFilter.java:117)
		at org.springframework.security.web.FilterChainProxy$VirtualFilterChain.doFilter(FilterChainProxy.java:346)
		at org.springframework.security.web.session.DisableEncodeUrlFilter.doFilterInternal(DisableEncodeUrlFilter.java:42)
		at org.springframework.web.filter.OncePerRequestFilter.doFilter(OncePerRequestFilter.java:117)
		at org.springframework.security.web.FilterChainProxy$VirtualFilterChain.doFilter(FilterChainProxy.java:346)
		at org.springframework.security.web.FilterChainProxy.doFilterInternal(FilterChainProxy.java:221)
		at org.springframework.security.web.FilterChainProxy.doFilter(FilterChainProxy.java:186)
		at org.springframework.web.filter.DelegatingFilterProxy.invokeDelegate(DelegatingFilterProxy.java:354)
		at org.springframework.web.filter.DelegatingFilterProxy.doFilter(DelegatingFilterProxy.java:267)
		at org.apache.catalina.core.ApplicationFilterChain.internalDoFilter(ApplicationFilterChain.java:178)
		at org.apache.catalina.core.ApplicationFilterChain.doFilter(ApplicationFilterChain.java:153)
		at org.springframework.web.filter.RequestContextFilter.doFilterInternal(RequestContextFilter.java:100)
		at org.springframework.web.filter.OncePerRequestFilter.doFilter(OncePerRequestFilter.java:117)
		at org.apache.catalina.core.ApplicationFilterChain.internalDoFilter(ApplicationFilterChain.java:178)
		at org.apache.catalina.core.ApplicationFilterChain.doFilter(ApplicationFilterChain.java:153)
		at org.springframework.web.filter.FormContentFilter.doFilterInternal(FormContentFilter.java:93)
		at org.springframework.web.filter.OncePerRequestFilter.doFilter(OncePerRequestFilter.java:117)
		at org.apache.catalina.core.ApplicationFilterChain.internalDoFilter(ApplicationFilterChain.java:178)
		at org.apache.catalina.core.ApplicationFilterChain.doFilter(ApplicationFilterChain.java:153)
		at org.springframework.web.filter.CharacterEncodingFilter.doFilterInternal(CharacterEncodingFilter.java:201)
		at org.springframework.web.filter.OncePerRequestFilter.doFilter(OncePerRequestFilter.java:117)
		at org.apache.catalina.core.ApplicationFilterChain.internalDoFilter(ApplicationFilterChain.java:178)
		at org.apache.catalina.core.ApplicationFilterChain.doFilter(ApplicationFilterChain.java:153)
		at org.apache.catalina.core.StandardWrapperValve.invoke(StandardWrapperValve.java:167)
		at org.apache.catalina.core.StandardContextValve.invoke(StandardContextValve.java:90)
		at org.apache.catalina.authenticator.AuthenticatorBase.invoke(AuthenticatorBase.java:481)
		at org.apache.catalina.core.StandardHostValve.invoke(StandardHostValve.java:130)
		at org.apache.catalina.valves.ErrorReportValve.invoke(ErrorReportValve.java:93)
		at org.apache.catalina.core.StandardEngineValve.invoke(StandardEngineValve.java:74)
		at org.apache.catalina.connector.CoyoteAdapter.service(CoyoteAdapter.java:343)
		at org.apache.coyote.http11.Http11Processor.service(Http11Processor.java:389)
		at org.apache.coyote.AbstractProcessorLight.process(AbstractProcessorLight.java:63)
		at org.apache.coyote.AbstractProtocol$ConnectionHandler.process(AbstractProtocol.java:926)
		at org.apache.tomcat.util.net.NioEndpoint$SocketProcessor.doRun(NioEndpoint.java:1791)
		at org.apache.tomcat.util.net.SocketProcessorBase.run(SocketProcessorBase.java:52)
		at org.apache.tomcat.util.threads.ThreadPoolExecutor.runWorker(ThreadPoolExecutor.java:1191)
		at org.apache.tomcat.util.threads.ThreadPoolExecutor$Worker.run(ThreadPoolExecutor.java:659)
		at org.apache.tomcat.util.threads.TaskThread$WrappingRunnable.run(TaskThread.java:61)
		at java.base/java.lang.Thread.run(Thread.java:829)
Caused by: java.net.UnknownHostException: Failed to resolve 'elastic-query-service' [A(1)] after 2 queries 
	at io.netty.resolver.dns.DnsResolveContext.finishResolve(DnsResolveContext.java:1088)
	at io.netty.resolver.dns.DnsResolveContext.tryToFinishResolve(DnsResolveContext.java:1035)
	at io.netty.resolver.dns.DnsResolveContext.query(DnsResolveContext.java:422)
	at io.netty.resolver.dns.DnsResolveContext.onResponse(DnsResolveContext.java:655)
	at io.netty.resolver.dns.DnsResolveContext.access$500(DnsResolveContext.java:66)
	at io.netty.resolver.dns.DnsResolveContext$2.operationComplete(DnsResolveContext.java:482)
	at io.netty.util.concurrent.DefaultPromise.notifyListener0(DefaultPromise.java:590)
	at io.netty.util.concurrent.DefaultPromise.notifyListeners0(DefaultPromise.java:583)
	at io.netty.util.concurrent.DefaultPromise.notifyListenersNow(DefaultPromise.java:559)
	at io.netty.util.concurrent.DefaultPromise.notifyListeners(DefaultPromise.java:492)
	at io.netty.util.concurrent.DefaultPromise.setValue0(DefaultPromise.java:636)
	at io.netty.util.concurrent.DefaultPromise.setSuccess0(DefaultPromise.java:625)
	at io.netty.util.concurrent.DefaultPromise.trySuccess(DefaultPromise.java:105)
	at io.netty.resolver.dns.DnsQueryContext.trySuccess(DnsQueryContext.java:232)
	at io.netty.resolver.dns.DnsQueryContext.finish(DnsQueryContext.java:224)
	at io.netty.resolver.dns.DnsNameResolver$DnsResponseHandler.channelRead(DnsNameResolver.java:1364)
	at io.netty.channel.AbstractChannelHandlerContext.invokeChannelRead(AbstractChannelHandlerContext.java:444)
	at io.netty.channel.AbstractChannelHandlerContext.invokeChannelRead(AbstractChannelHandlerContext.java:420)
	at io.netty.channel.AbstractChannelHandlerContext.fireChannelRead(AbstractChannelHandlerContext.java:412)
	at io.netty.handler.codec.MessageToMessageDecoder.channelRead(MessageToMessageDecoder.java:103)
	at io.netty.channel.AbstractChannelHandlerContext.invokeChannelRead(AbstractChannelHandlerContext.java:444)
	at io.netty.channel.AbstractChannelHandlerContext.invokeChannelRead(AbstractChannelHandlerContext.java:420)
	at io.netty.channel.AbstractChannelHandlerContext.fireChannelRead(AbstractChannelHandlerContext.java:412)
	at io.netty.channel.DefaultChannelPipeline$HeadContext.channelRead(DefaultChannelPipeline.java:1410)
	at io.netty.channel.AbstractChannelHandlerContext.invokeChannelRead(AbstractChannelHandlerContext.java:440)
	at io.netty.channel.AbstractChannelHandlerContext.invokeChannelRead(AbstractChannelHandlerContext.java:420)
	at io.netty.channel.DefaultChannelPipeline.fireChannelRead(DefaultChannelPipeline.java:919)
	at io.netty.channel.epoll.EpollDatagramChannel.processPacket(EpollDatagramChannel.java:662)
	at io.netty.channel.epoll.EpollDatagramChannel.recvmsg(EpollDatagramChannel.java:697)
	at io.netty.channel.epoll.EpollDatagramChannel.access$300(EpollDatagramChannel.java:56)
	at io.netty.channel.epoll.EpollDatagramChannel$EpollDatagramChannelUnsafe.epollInReady(EpollDatagramChannel.java:536)
	at io.netty.channel.epoll.EpollEventLoop.processReady(EpollEventLoop.java:499)
	at io.netty.channel.epoll.EpollEventLoop.run(EpollEventLoop.java:397)
	at io.netty.util.concurrent.SingleThreadEventExecutor$4.run(SingleThreadEventExecutor.java:997)
	at io.netty.util.internal.ThreadExecutorMap$2.run(ThreadExecutorMap.java:74)
	at io.netty.util.concurrent.FastThreadLocalRunnable.run(FastThreadLocalRunnable.java:30)
	at java.base/java.lang.Thread.run(Thread.java:829)
2023-08-17 00:51:18 [main] INFO  c.m.d.e.q.w.c.ElasticQueryWebClientApplication - Starting ElasticQueryWebClientApplication using Java 11.0.16 on localhost.localdomain with PID 16109 (/root/Downloads/technicalWork/idea-IC-222.3345.118/microservices-demo/elastic-query-web-client/target/classes started by root in /root/Downloads/technicalWork/idea-IC-222.3345.118/microservices-demo)
2023-08-17 00:51:18 [background-preinit] INFO  o.h.validator.internal.util.Version - HV000001: Hibernate Validator 6.2.5.Final
2023-08-17 00:51:18 [main] INFO  c.m.d.e.q.w.c.ElasticQueryWebClientApplication - The following 1 profile is active: "elastic_query_web"
2023-08-17 00:51:19 [main] INFO  o.s.c.c.c.ConfigServerConfigDataLoader - Fetching config from server at : http://localhost:8888
2023-08-17 00:51:19 [main] INFO  o.s.c.c.c.ConfigServerConfigDataLoader - Located environment: name=config-client-elastic_query_web, profiles=[elastic_query_web], label=null, version=d387295311a9ccb25cd17a6a12e1ad9f100fb2de, state=null
2023-08-17 00:51:20 [main] INFO  o.s.cloud.context.scope.GenericScope - BeanFactory id=d12eae71-0dfd-39da-bb0e-3b36c6a3d04b
2023-08-17 00:51:21 [main] INFO  o.s.b.w.e.tomcat.TomcatWebServer - Tomcat initialized with port(s): 8184 (http)
2023-08-17 00:51:21 [main] INFO  o.a.coyote.http11.Http11NioProtocol - Initializing ProtocolHandler ["http-nio-8184"]
2023-08-17 00:51:21 [main] INFO  o.a.catalina.core.StandardService - Starting service [Tomcat]
2023-08-17 00:51:21 [main] INFO  o.a.catalina.core.StandardEngine - Starting Servlet engine: [Apache Tomcat/9.0.74]
2023-08-17 00:51:21 [main] INFO  o.a.c.c.C.[.[.[/elastic-query-web-client] - Initializing Spring embedded WebApplicationContext
2023-08-17 00:51:21 [main] INFO  o.s.b.w.s.c.ServletWebServerApplicationContext - Root WebApplicationContext: initialization completed in 2190 ms
2023-08-17 00:51:22 [main] INFO  o.s.s.web.DefaultSecurityFilterChain - Will secure any request with [org.springframework.security.web.session.DisableEncodeUrlFilter@aa752bb, org.springframework.security.web.context.request.async.WebAsyncManagerIntegrationFilter@77fc19cf, org.springframework.security.web.context.SecurityContextPersistenceFilter@423f8a73, org.springframework.security.web.header.HeaderWriterFilter@1ab53860, org.springframework.security.web.csrf.CsrfFilter@66020d69, org.springframework.security.web.authentication.logout.LogoutFilter@3b218c74, org.springframework.security.web.authentication.www.BasicAuthenticationFilter@4e67cfe1, org.springframework.security.web.savedrequest.RequestCacheAwareFilter@113dcaf8, org.springframework.security.web.servletapi.SecurityContextHolderAwareRequestFilter@5844a2d1, org.springframework.security.web.authentication.AnonymousAuthenticationFilter@643ecfef, org.springframework.security.web.session.SessionManagementFilter@3f0ce0d1, org.springframework.security.web.access.ExceptionTranslationFilter@17176b18, org.springframework.security.web.access.intercept.FilterSecurityInterceptor@8b41ad]
2023-08-17 00:51:22 [main] INFO  o.s.b.a.w.s.WelcomePageHandlerMapping - Adding welcome page template: index
2023-08-17 00:51:23 [main] INFO  o.s.cloud.commons.util.InetUtils - Cannot determine local hostname
2023-08-17 00:51:24 [main] INFO  o.s.cloud.commons.util.InetUtils - Cannot determine local hostname
2023-08-17 00:51:24 [main] INFO  o.a.coyote.http11.Http11NioProtocol - Starting ProtocolHandler ["http-nio-8184"]
2023-08-17 00:51:24 [main] INFO  o.s.b.w.e.tomcat.TomcatWebServer - Tomcat started on port(s): 8184 (http) with context path '/elastic-query-web-client'
2023-08-17 00:51:25 [main] INFO  o.s.cloud.commons.util.InetUtils - Cannot determine local hostname
2023-08-17 00:51:26 [main] INFO  o.s.cloud.commons.util.InetUtils - Cannot determine local hostname
2023-08-17 00:51:27 [main] INFO  c.m.d.e.q.w.c.ElasticQueryWebClientApplication - Started ElasticQueryWebClientApplication in 14.175 seconds (JVM running for 15.174)
2023-08-17 00:51:33 [http-nio-8184-exec-1] INFO  o.a.c.c.C.[.[.[/elastic-query-web-client] - Initializing Spring DispatcherServlet 'dispatcherServlet'
2023-08-17 00:51:33 [http-nio-8184-exec-1] INFO  o.s.web.servlet.DispatcherServlet - Initializing Servlet 'dispatcherServlet'
2023-08-17 00:51:33 [http-nio-8184-exec-1] INFO  o.s.web.servlet.DispatcherServlet - Completed initialization in 1 ms
2023-08-17 00:51:37 [http-nio-8184-exec-2] INFO  c.m.d.e.q.w.c.api.QueryController - Querying with text hi
2023-08-17 01:25:24 [background-preinit] INFO  o.h.validator.internal.util.Version - HV000001: Hibernate Validator 6.2.5.Final
2023-08-17 01:25:24 [main] INFO  c.m.d.e.q.w.c.ElasticQueryWebClientApplication - Starting ElasticQueryWebClientApplication using Java 11.0.16 on localhost.localdomain with PID 17681 (/root/Downloads/technicalWork/idea-IC-222.3345.118/microservices-demo/elastic-query-web-client/target/classes started by root in /root/Downloads/technicalWork/idea-IC-222.3345.118/microservices-demo)
2023-08-17 01:25:24 [main] INFO  c.m.d.e.q.w.c.ElasticQueryWebClientApplication - The following 1 profile is active: "elastic_query_web"
2023-08-17 01:25:24 [main] INFO  o.s.c.c.c.ConfigServerConfigDataLoader - Fetching config from server at : http://localhost:8888
2023-08-17 01:25:24 [main] INFO  o.s.c.c.c.ConfigServerConfigDataLoader - Located environment: name=config-client-elastic_query_web, profiles=[elastic_query_web], label=null, version=c87784583a5d4bd36220c5c29622f91e77df73a9, state=null
2023-08-17 01:25:25 [main] INFO  o.s.cloud.context.scope.GenericScope - BeanFactory id=d12eae71-0dfd-39da-bb0e-3b36c6a3d04b
2023-08-17 01:25:26 [main] INFO  o.s.b.w.e.tomcat.TomcatWebServer - Tomcat initialized with port(s): 8184 (http)
2023-08-17 01:25:26 [main] INFO  o.a.coyote.http11.Http11NioProtocol - Initializing ProtocolHandler ["http-nio-8184"]
2023-08-17 01:25:26 [main] INFO  o.a.catalina.core.StandardService - Starting service [Tomcat]
2023-08-17 01:25:26 [main] INFO  o.a.catalina.core.StandardEngine - Starting Servlet engine: [Apache Tomcat/9.0.74]
2023-08-17 01:25:26 [main] INFO  o.a.c.c.C.[.[.[/elastic-query-web-client] - Initializing Spring embedded WebApplicationContext
2023-08-17 01:25:26 [main] INFO  o.s.b.w.s.c.ServletWebServerApplicationContext - Root WebApplicationContext: initialization completed in 1834 ms
2023-08-17 01:25:27 [main] INFO  o.s.s.web.DefaultSecurityFilterChain - Will secure any request with [org.springframework.security.web.session.DisableEncodeUrlFilter@2424cb9d, org.springframework.security.web.context.request.async.WebAsyncManagerIntegrationFilter@7f51f588, org.springframework.security.web.context.SecurityContextPersistenceFilter@554566a8, org.springframework.security.web.header.HeaderWriterFilter@307c59ea, org.springframework.security.web.csrf.CsrfFilter@712cd5d3, org.springframework.security.web.authentication.logout.LogoutFilter@3f0ce0d1, org.springframework.security.web.authentication.www.BasicAuthenticationFilter@2e2f20b8, org.springframework.security.web.savedrequest.RequestCacheAwareFilter@3751acd7, org.springframework.security.web.servletapi.SecurityContextHolderAwareRequestFilter@2b44605c, org.springframework.security.web.authentication.AnonymousAuthenticationFilter@6fb22ae3, org.springframework.security.web.session.SessionManagementFilter@6cdbe5ec, org.springframework.security.web.access.ExceptionTranslationFilter@7661e474, org.springframework.security.web.access.intercept.FilterSecurityInterceptor@2fbd390]
2023-08-17 01:25:27 [main] INFO  o.s.b.a.w.s.WelcomePageHandlerMapping - Adding welcome page template: index
2023-08-17 01:25:28 [main] INFO  o.s.cloud.commons.util.InetUtils - Cannot determine local hostname
2023-08-17 01:25:29 [main] INFO  o.a.coyote.http11.Http11NioProtocol - Starting ProtocolHandler ["http-nio-8184"]
2023-08-17 01:25:29 [main] INFO  o.s.b.w.e.tomcat.TomcatWebServer - Tomcat started on port(s): 8184 (http) with context path '/elastic-query-web-client'
2023-08-17 01:25:30 [main] INFO  c.m.d.e.q.w.c.ElasticQueryWebClientApplication - Started ElasticQueryWebClientApplication in 14.848 seconds (JVM running for 15.771)
2023-08-17 01:25:38 [http-nio-8184-exec-1] INFO  o.a.c.c.C.[.[.[/elastic-query-web-client] - Initializing Spring DispatcherServlet 'dispatcherServlet'
2023-08-17 01:25:38 [http-nio-8184-exec-1] INFO  o.s.web.servlet.DispatcherServlet - Initializing Servlet 'dispatcherServlet'
2023-08-17 01:25:38 [http-nio-8184-exec-1] INFO  o.s.web.servlet.DispatcherServlet - Completed initialization in 2 ms
2023-08-17 01:25:47 [http-nio-8184-exec-3] INFO  c.m.d.e.q.w.c.api.QueryController - Querying with text lorem
2023-08-17 01:25:47 [http-nio-8184-exec-3] INFO  c.m.d.e.q.w.c.s.i.TwitterElasticQueryWebClient - Querying by text lorem
2023-08-17 01:25:49 [http-nio-8184-exec-3] ERROR c.m.d.e.q.w.c.a.e.h.ElasticQueryWebClientErrorHandler - Service runtime exception!
org.springframework.web.reactive.function.client.WebClientRequestException: Failed to resolve 'localhost' [A(1)] after 2 queries ; nested exception is java.net.UnknownHostException: Failed to resolve 'localhost' [A(1)] after 2 queries 
	at org.springframework.web.reactive.function.client.ExchangeFunctions$DefaultExchangeFunction.lambda$wrapException$9(ExchangeFunctions.java:141)
	Suppressed: reactor.core.publisher.FluxOnAssembly$OnAssemblyException: 
Error has been observed at the following site(s):
	*__checkpoint ⇢ Request to POST http://localhost:8183/elastic-query-service/documents/get-document-by-text [DefaultWebClient]
Original Stack Trace:
		at org.springframework.web.reactive.function.client.ExchangeFunctions$DefaultExchangeFunction.lambda$wrapException$9(ExchangeFunctions.java:141)
		at reactor.core.publisher.MonoErrorSupplied.subscribe(MonoErrorSupplied.java:55)
		at reactor.core.publisher.Mono.subscribe(Mono.java:4490)
		at reactor.core.publisher.FluxOnErrorResume$ResumeSubscriber.onError(FluxOnErrorResume.java:103)
		at reactor.core.publisher.FluxPeek$PeekSubscriber.onError(FluxPeek.java:222)
		at reactor.core.publisher.FluxPeek$PeekSubscriber.onError(FluxPeek.java:222)
		at reactor.core.publisher.FluxPeek$PeekSubscriber.onError(FluxPeek.java:222)
		at reactor.core.publisher.MonoNext$NextSubscriber.onError(MonoNext.java:93)
		at reactor.core.publisher.MonoFlatMapMany$FlatMapManyMain.onError(MonoFlatMapMany.java:204)
		at reactor.core.publisher.SerializedSubscriber.onError(SerializedSubscriber.java:124)
		at reactor.core.publisher.FluxRetryWhen$RetryWhenMainSubscriber.whenError(FluxRetryWhen.java:225)
		at reactor.core.publisher.FluxRetryWhen$RetryWhenOtherSubscriber.onError(FluxRetryWhen.java:274)
		at reactor.core.publisher.FluxContextWrite$ContextWriteSubscriber.onError(FluxContextWrite.java:121)
		at reactor.core.publisher.FluxConcatMap$ConcatMapImmediate.drain(FluxConcatMap.java:415)
		at reactor.core.publisher.FluxConcatMap$ConcatMapImmediate.onNext(FluxConcatMap.java:251)
		at reactor.core.publisher.FluxContextWrite$ContextWriteSubscriber.onNext(FluxContextWrite.java:107)
		at reactor.core.publisher.EmitterProcessor.drain(EmitterProcessor.java:537)
		at reactor.core.publisher.EmitterProcessor.tryEmitNext(EmitterProcessor.java:343)
		at reactor.core.publisher.SinkManySerialized.tryEmitNext(SinkManySerialized.java:100)
		at reactor.core.publisher.InternalManySink.emitNext(InternalManySink.java:27)
		at reactor.core.publisher.FluxRetryWhen$RetryWhenMainSubscriber.onError(FluxRetryWhen.java:190)
		at reactor.core.publisher.MonoCreate$DefaultMonoSink.error(MonoCreate.java:201)
		at reactor.netty.http.client.HttpClientConnect$MonoHttpConnect$ClientTransportSubscriber.onError(HttpClientConnect.java:311)
		at reactor.core.publisher.MonoCreate$DefaultMonoSink.error(MonoCreate.java:201)
		at reactor.netty.resources.DefaultPooledConnectionProvider$DisposableAcquire.onError(DefaultPooledConnectionProvider.java:160)
		at reactor.netty.internal.shaded.reactor.pool.AbstractPool$Borrower.fail(AbstractPool.java:475)
		at reactor.netty.internal.shaded.reactor.pool.SimpleDequePool.lambda$drainLoop$9(SimpleDequePool.java:431)
		at reactor.core.publisher.FluxDoOnEach$DoOnEachSubscriber.onError(FluxDoOnEach.java:186)
		at reactor.core.publisher.MonoCreate$DefaultMonoSink.error(MonoCreate.java:201)
		at reactor.netty.resources.DefaultPooledConnectionProvider$PooledConnectionAllocator$PooledConnectionInitializer.onError(DefaultPooledConnectionProvider.java:558)
		at reactor.core.publisher.MonoFlatMap$FlatMapMain.secondError(MonoFlatMap.java:192)
		at reactor.core.publisher.MonoFlatMap$FlatMapInner.onError(MonoFlatMap.java:259)
		at reactor.core.publisher.FluxOnErrorResume$ResumeSubscriber.onError(FluxOnErrorResume.java:106)
		at reactor.core.publisher.Operators.error(Operators.java:198)
		at reactor.core.publisher.MonoError.subscribe(MonoError.java:53)
		at reactor.core.publisher.Mono.subscribe(Mono.java:4490)
		at reactor.core.publisher.FluxOnErrorResume$ResumeSubscriber.onError(FluxOnErrorResume.java:103)
		at reactor.netty.transport.TransportConnector$MonoChannelPromise.tryFailure(TransportConnector.java:580)
		at reactor.netty.transport.TransportConnector.lambda$doResolveAndConnect$11(TransportConnector.java:387)
		at io.netty.util.concurrent.DefaultPromise.notifyListener0(DefaultPromise.java:590)
		at io.netty.util.concurrent.DefaultPromise.notifyListenersNow(DefaultPromise.java:557)
		at io.netty.util.concurrent.DefaultPromise.notifyListeners(DefaultPromise.java:492)
		at io.netty.util.concurrent.DefaultPromise.setValue0(DefaultPromise.java:636)
		at io.netty.util.concurrent.DefaultPromise.setFailure0(DefaultPromise.java:629)
		at io.netty.util.concurrent.DefaultPromise.setFailure(DefaultPromise.java:110)
		at io.netty.resolver.InetSocketAddressResolver$2.operationComplete(InetSocketAddressResolver.java:86)
		at io.netty.util.concurrent.DefaultPromise.notifyListener0(DefaultPromise.java:590)
		at io.netty.util.concurrent.DefaultPromise.notifyListeners0(DefaultPromise.java:583)
		at io.netty.util.concurrent.DefaultPromise.notifyListenersNow(DefaultPromise.java:559)
		at io.netty.util.concurrent.DefaultPromise.notifyListeners(DefaultPromise.java:492)
		at io.netty.util.concurrent.DefaultPromise.setValue0(DefaultPromise.java:636)
		at io.netty.util.concurrent.DefaultPromise.setFailure0(DefaultPromise.java:629)
		at io.netty.util.concurrent.DefaultPromise.tryFailure(DefaultPromise.java:118)
		at io.netty.resolver.dns.DnsResolveContext.finishResolve(DnsResolveContext.java:1096)
		at io.netty.resolver.dns.DnsResolveContext.tryToFinishResolve(DnsResolveContext.java:1035)
		at io.netty.resolver.dns.DnsResolveContext.query(DnsResolveContext.java:422)
		at io.netty.resolver.dns.DnsResolveContext.tryToFinishResolve(DnsResolveContext.java:1006)
		at io.netty.resolver.dns.DnsResolveContext.access$800(DnsResolveContext.java:66)
		at io.netty.resolver.dns.DnsResolveContext$2.operationComplete(DnsResolveContext.java:497)
		at io.netty.util.concurrent.DefaultPromise.notifyListener0(DefaultPromise.java:590)
		at io.netty.util.concurrent.DefaultPromise.notifyListeners0(DefaultPromise.java:583)
		at io.netty.util.concurrent.DefaultPromise.notifyListenersNow(DefaultPromise.java:559)
		at io.netty.util.concurrent.DefaultPromise.notifyListeners(DefaultPromise.java:492)
		at io.netty.util.concurrent.DefaultPromise.setValue0(DefaultPromise.java:636)
		at io.netty.util.concurrent.DefaultPromise.setSuccess0(DefaultPromise.java:625)
		at io.netty.util.concurrent.DefaultPromise.trySuccess(DefaultPromise.java:105)
		at io.netty.resolver.dns.DnsQueryContext.trySuccess(DnsQueryContext.java:232)
		at io.netty.resolver.dns.DnsQueryContext.finish(DnsQueryContext.java:224)
		at io.netty.resolver.dns.DnsNameResolver$DnsResponseHandler.channelRead(DnsNameResolver.java:1364)
		at io.netty.channel.AbstractChannelHandlerContext.invokeChannelRead(AbstractChannelHandlerContext.java:444)
		at io.netty.channel.AbstractChannelHandlerContext.invokeChannelRead(AbstractChannelHandlerContext.java:420)
		at io.netty.channel.AbstractChannelHandlerContext.fireChannelRead(AbstractChannelHandlerContext.java:412)
		at io.netty.handler.codec.MessageToMessageDecoder.channelRead(MessageToMessageDecoder.java:103)
		at io.netty.channel.AbstractChannelHandlerContext.invokeChannelRead(AbstractChannelHandlerContext.java:444)
		at io.netty.channel.AbstractChannelHandlerContext.invokeChannelRead(AbstractChannelHandlerContext.java:420)
		at io.netty.channel.AbstractChannelHandlerContext.fireChannelRead(AbstractChannelHandlerContext.java:412)
		at io.netty.channel.DefaultChannelPipeline$HeadContext.channelRead(DefaultChannelPipeline.java:1410)
		at io.netty.channel.AbstractChannelHandlerContext.invokeChannelRead(AbstractChannelHandlerContext.java:440)
		at io.netty.channel.AbstractChannelHandlerContext.invokeChannelRead(AbstractChannelHandlerContext.java:420)
		at io.netty.channel.DefaultChannelPipeline.fireChannelRead(DefaultChannelPipeline.java:919)
		at io.netty.channel.epoll.EpollDatagramChannel.processPacket(EpollDatagramChannel.java:662)
		at io.netty.channel.epoll.EpollDatagramChannel.recvmsg(EpollDatagramChannel.java:697)
		at io.netty.channel.epoll.EpollDatagramChannel.access$300(EpollDatagramChannel.java:56)
		at io.netty.channel.epoll.EpollDatagramChannel$EpollDatagramChannelUnsafe.epollInReady(EpollDatagramChannel.java:536)
		at io.netty.channel.epoll.EpollEventLoop.processReady(EpollEventLoop.java:499)
		at io.netty.channel.epoll.EpollEventLoop.run(EpollEventLoop.java:397)
		at io.netty.util.concurrent.SingleThreadEventExecutor$4.run(SingleThreadEventExecutor.java:997)
		at io.netty.util.internal.ThreadExecutorMap$2.run(ThreadExecutorMap.java:74)
		at io.netty.util.concurrent.FastThreadLocalRunnable.run(FastThreadLocalRunnable.java:30)
		at java.base/java.lang.Thread.run(Thread.java:829)
	Suppressed: java.lang.Exception: #block terminated with an error
		at reactor.core.publisher.BlockingSingleSubscriber.blockingGet(BlockingSingleSubscriber.java:99)
		at reactor.core.publisher.Mono.block(Mono.java:1742)
		at com.microservices.demo.elastic.query.web.client.service.impl.TwitterElasticQueryWebClient.getDataByText(TwitterElasticQueryWebClient.java:44)
		at com.microservices.demo.elastic.query.web.client.api.QueryController.queryByText(QueryController.java:59)
		at java.base/jdk.internal.reflect.NativeMethodAccessorImpl.invoke0(Native Method)
		at java.base/jdk.internal.reflect.NativeMethodAccessorImpl.invoke(NativeMethodAccessorImpl.java:62)
		at java.base/jdk.internal.reflect.DelegatingMethodAccessorImpl.invoke(DelegatingMethodAccessorImpl.java:43)
		at java.base/java.lang.reflect.Method.invoke(Method.java:566)
		at org.springframework.web.method.support.InvocableHandlerMethod.doInvoke(InvocableHandlerMethod.java:205)
		at org.springframework.web.method.support.InvocableHandlerMethod.invokeForRequest(InvocableHandlerMethod.java:150)
		at org.springframework.web.servlet.mvc.method.annotation.ServletInvocableHandlerMethod.invokeAndHandle(ServletInvocableHandlerMethod.java:117)
		at org.springframework.web.servlet.mvc.method.annotation.RequestMappingHandlerAdapter.invokeHandlerMethod(RequestMappingHandlerAdapter.java:895)
		at org.springframework.web.servlet.mvc.method.annotation.RequestMappingHandlerAdapter.handleInternal(RequestMappingHandlerAdapter.java:808)
		at org.springframework.web.servlet.mvc.method.AbstractHandlerMethodAdapter.handle(AbstractHandlerMethodAdapter.java:87)
		at org.springframework.web.servlet.DispatcherServlet.doDispatch(DispatcherServlet.java:1072)
		at org.springframework.web.servlet.DispatcherServlet.doService(DispatcherServlet.java:965)
		at org.springframework.web.servlet.FrameworkServlet.processRequest(FrameworkServlet.java:1006)
		at org.springframework.web.servlet.FrameworkServlet.doPost(FrameworkServlet.java:909)
		at javax.servlet.http.HttpServlet.service(HttpServlet.java:555)
		at org.springframework.web.servlet.FrameworkServlet.service(FrameworkServlet.java:883)
		at javax.servlet.http.HttpServlet.service(HttpServlet.java:623)
		at org.apache.catalina.core.ApplicationFilterChain.internalDoFilter(ApplicationFilterChain.java:209)
		at org.apache.catalina.core.ApplicationFilterChain.doFilter(ApplicationFilterChain.java:153)
		at org.apache.tomcat.websocket.server.WsFilter.doFilter(WsFilter.java:51)
		at org.apache.catalina.core.ApplicationFilterChain.internalDoFilter(ApplicationFilterChain.java:178)
		at org.apache.catalina.core.ApplicationFilterChain.doFilter(ApplicationFilterChain.java:153)
		at org.springframework.security.web.FilterChainProxy$VirtualFilterChain.doFilter(FilterChainProxy.java:337)
		at org.springframework.security.web.access.intercept.FilterSecurityInterceptor.invoke(FilterSecurityInterceptor.java:115)
		at org.springframework.security.web.access.intercept.FilterSecurityInterceptor.doFilter(FilterSecurityInterceptor.java:81)
		at org.springframework.security.web.FilterChainProxy$VirtualFilterChain.doFilter(FilterChainProxy.java:346)
		at org.springframework.security.web.access.ExceptionTranslationFilter.doFilter(ExceptionTranslationFilter.java:122)
		at org.springframework.security.web.access.ExceptionTranslationFilter.doFilter(ExceptionTranslationFilter.java:116)
		at org.springframework.security.web.FilterChainProxy$VirtualFilterChain.doFilter(FilterChainProxy.java:346)
		at org.springframework.security.web.session.SessionManagementFilter.doFilter(SessionManagementFilter.java:126)
		at org.springframework.security.web.session.SessionManagementFilter.doFilter(SessionManagementFilter.java:81)
		at org.springframework.security.web.FilterChainProxy$VirtualFilterChain.doFilter(FilterChainProxy.java:346)
		at org.springframework.security.web.authentication.AnonymousAuthenticationFilter.doFilter(AnonymousAuthenticationFilter.java:109)
		at org.springframework.security.web.FilterChainProxy$VirtualFilterChain.doFilter(FilterChainProxy.java:346)
		at org.springframework.security.web.servletapi.SecurityContextHolderAwareRequestFilter.doFilter(SecurityContextHolderAwareRequestFilter.java:149)
		at org.springframework.security.web.FilterChainProxy$VirtualFilterChain.doFilter(FilterChainProxy.java:346)
		at org.springframework.security.web.savedrequest.RequestCacheAwareFilter.doFilter(RequestCacheAwareFilter.java:63)
		at org.springframework.security.web.FilterChainProxy$VirtualFilterChain.doFilter(FilterChainProxy.java:346)
		at org.springframework.security.web.authentication.www.BasicAuthenticationFilter.doFilterInternal(BasicAuthenticationFilter.java:198)
		at org.springframework.web.filter.OncePerRequestFilter.doFilter(OncePerRequestFilter.java:117)
		at org.springframework.security.web.FilterChainProxy$VirtualFilterChain.doFilter(FilterChainProxy.java:346)
		at org.springframework.security.web.authentication.logout.LogoutFilter.doFilter(LogoutFilter.java:103)
		at org.springframework.security.web.authentication.logout.LogoutFilter.doFilter(LogoutFilter.java:89)
		at org.springframework.security.web.FilterChainProxy$VirtualFilterChain.doFilter(FilterChainProxy.java:346)
		at org.springframework.security.web.csrf.CsrfFilter.doFilterInternal(CsrfFilter.java:132)
		at org.springframework.web.filter.OncePerRequestFilter.doFilter(OncePerRequestFilter.java:117)
		at org.springframework.security.web.FilterChainProxy$VirtualFilterChain.doFilter(FilterChainProxy.java:346)
		at org.springframework.security.web.header.HeaderWriterFilter.doHeadersAfter(HeaderWriterFilter.java:90)
		at org.springframework.security.web.header.HeaderWriterFilter.doFilterInternal(HeaderWriterFilter.java:75)
		at org.springframework.web.filter.OncePerRequestFilter.doFilter(OncePerRequestFilter.java:117)
		at org.springframework.security.web.FilterChainProxy$VirtualFilterChain.doFilter(FilterChainProxy.java:346)
		at org.springframework.security.web.context.SecurityContextPersistenceFilter.doFilter(SecurityContextPersistenceFilter.java:112)
		at org.springframework.security.web.context.SecurityContextPersistenceFilter.doFilter(SecurityContextPersistenceFilter.java:82)
		at org.springframework.security.web.FilterChainProxy$VirtualFilterChain.doFilter(FilterChainProxy.java:346)
		at org.springframework.security.web.context.request.async.WebAsyncManagerIntegrationFilter.doFilterInternal(WebAsyncManagerIntegrationFilter.java:55)
		at org.springframework.web.filter.OncePerRequestFilter.doFilter(OncePerRequestFilter.java:117)
		at org.springframework.security.web.FilterChainProxy$VirtualFilterChain.doFilter(FilterChainProxy.java:346)
		at org.springframework.security.web.session.DisableEncodeUrlFilter.doFilterInternal(DisableEncodeUrlFilter.java:42)
		at org.springframework.web.filter.OncePerRequestFilter.doFilter(OncePerRequestFilter.java:117)
		at org.springframework.security.web.FilterChainProxy$VirtualFilterChain.doFilter(FilterChainProxy.java:346)
		at org.springframework.security.web.FilterChainProxy.doFilterInternal(FilterChainProxy.java:221)
		at org.springframework.security.web.FilterChainProxy.doFilter(FilterChainProxy.java:186)
		at org.springframework.web.filter.DelegatingFilterProxy.invokeDelegate(DelegatingFilterProxy.java:354)
		at org.springframework.web.filter.DelegatingFilterProxy.doFilter(DelegatingFilterProxy.java:267)
		at org.apache.catalina.core.ApplicationFilterChain.internalDoFilter(ApplicationFilterChain.java:178)
		at org.apache.catalina.core.ApplicationFilterChain.doFilter(ApplicationFilterChain.java:153)
		at org.springframework.web.filter.RequestContextFilter.doFilterInternal(RequestContextFilter.java:100)
		at org.springframework.web.filter.OncePerRequestFilter.doFilter(OncePerRequestFilter.java:117)
		at org.apache.catalina.core.ApplicationFilterChain.internalDoFilter(ApplicationFilterChain.java:178)
		at org.apache.catalina.core.ApplicationFilterChain.doFilter(ApplicationFilterChain.java:153)
		at org.springframework.web.filter.FormContentFilter.doFilterInternal(FormContentFilter.java:93)
		at org.springframework.web.filter.OncePerRequestFilter.doFilter(OncePerRequestFilter.java:117)
		at org.apache.catalina.core.ApplicationFilterChain.internalDoFilter(ApplicationFilterChain.java:178)
		at org.apache.catalina.core.ApplicationFilterChain.doFilter(ApplicationFilterChain.java:153)
		at org.springframework.web.filter.CharacterEncodingFilter.doFilterInternal(CharacterEncodingFilter.java:201)
		at org.springframework.web.filter.OncePerRequestFilter.doFilter(OncePerRequestFilter.java:117)
		at org.apache.catalina.core.ApplicationFilterChain.internalDoFilter(ApplicationFilterChain.java:178)
		at org.apache.catalina.core.ApplicationFilterChain.doFilter(ApplicationFilterChain.java:153)
		at org.apache.catalina.core.StandardWrapperValve.invoke(StandardWrapperValve.java:167)
		at org.apache.catalina.core.StandardContextValve.invoke(StandardContextValve.java:90)
		at org.apache.catalina.authenticator.AuthenticatorBase.invoke(AuthenticatorBase.java:481)
		at org.apache.catalina.core.StandardHostValve.invoke(StandardHostValve.java:130)
		at org.apache.catalina.valves.ErrorReportValve.invoke(ErrorReportValve.java:93)
		at org.apache.catalina.core.StandardEngineValve.invoke(StandardEngineValve.java:74)
		at org.apache.catalina.connector.CoyoteAdapter.service(CoyoteAdapter.java:343)
		at org.apache.coyote.http11.Http11Processor.service(Http11Processor.java:389)
		at org.apache.coyote.AbstractProcessorLight.process(AbstractProcessorLight.java:63)
		at org.apache.coyote.AbstractProtocol$ConnectionHandler.process(AbstractProtocol.java:926)
		at org.apache.tomcat.util.net.NioEndpoint$SocketProcessor.doRun(NioEndpoint.java:1791)
		at org.apache.tomcat.util.net.SocketProcessorBase.run(SocketProcessorBase.java:52)
		at org.apache.tomcat.util.threads.ThreadPoolExecutor.runWorker(ThreadPoolExecutor.java:1191)
		at org.apache.tomcat.util.threads.ThreadPoolExecutor$Worker.run(ThreadPoolExecutor.java:659)
		at org.apache.tomcat.util.threads.TaskThread$WrappingRunnable.run(TaskThread.java:61)
		at java.base/java.lang.Thread.run(Thread.java:829)
Caused by: java.net.UnknownHostException: Failed to resolve 'localhost' [A(1)] after 2 queries 
	at io.netty.resolver.dns.DnsResolveContext.finishResolve(DnsResolveContext.java:1088)
	at io.netty.resolver.dns.DnsResolveContext.tryToFinishResolve(DnsResolveContext.java:1035)
	at io.netty.resolver.dns.DnsResolveContext.query(DnsResolveContext.java:422)
	at io.netty.resolver.dns.DnsResolveContext.tryToFinishResolve(DnsResolveContext.java:1006)
	at io.netty.resolver.dns.DnsResolveContext.access$800(DnsResolveContext.java:66)
	at io.netty.resolver.dns.DnsResolveContext$2.operationComplete(DnsResolveContext.java:497)
	at io.netty.util.concurrent.DefaultPromise.notifyListener0(DefaultPromise.java:590)
	at io.netty.util.concurrent.DefaultPromise.notifyListeners0(DefaultPromise.java:583)
	at io.netty.util.concurrent.DefaultPromise.notifyListenersNow(DefaultPromise.java:559)
	at io.netty.util.concurrent.DefaultPromise.notifyListeners(DefaultPromise.java:492)
	at io.netty.util.concurrent.DefaultPromise.setValue0(DefaultPromise.java:636)
	at io.netty.util.concurrent.DefaultPromise.setSuccess0(DefaultPromise.java:625)
	at io.netty.util.concurrent.DefaultPromise.trySuccess(DefaultPromise.java:105)
	at io.netty.resolver.dns.DnsQueryContext.trySuccess(DnsQueryContext.java:232)
	at io.netty.resolver.dns.DnsQueryContext.finish(DnsQueryContext.java:224)
	at io.netty.resolver.dns.DnsNameResolver$DnsResponseHandler.channelRead(DnsNameResolver.java:1364)
	at io.netty.channel.AbstractChannelHandlerContext.invokeChannelRead(AbstractChannelHandlerContext.java:444)
	at io.netty.channel.AbstractChannelHandlerContext.invokeChannelRead(AbstractChannelHandlerContext.java:420)
	at io.netty.channel.AbstractChannelHandlerContext.fireChannelRead(AbstractChannelHandlerContext.java:412)
	at io.netty.handler.codec.MessageToMessageDecoder.channelRead(MessageToMessageDecoder.java:103)
	at io.netty.channel.AbstractChannelHandlerContext.invokeChannelRead(AbstractChannelHandlerContext.java:444)
	at io.netty.channel.AbstractChannelHandlerContext.invokeChannelRead(AbstractChannelHandlerContext.java:420)
	at io.netty.channel.AbstractChannelHandlerContext.fireChannelRead(AbstractChannelHandlerContext.java:412)
	at io.netty.channel.DefaultChannelPipeline$HeadContext.channelRead(DefaultChannelPipeline.java:1410)
	at io.netty.channel.AbstractChannelHandlerContext.invokeChannelRead(AbstractChannelHandlerContext.java:440)
	at io.netty.channel.AbstractChannelHandlerContext.invokeChannelRead(AbstractChannelHandlerContext.java:420)
	at io.netty.channel.DefaultChannelPipeline.fireChannelRead(DefaultChannelPipeline.java:919)
	at io.netty.channel.epoll.EpollDatagramChannel.processPacket(EpollDatagramChannel.java:662)
	at io.netty.channel.epoll.EpollDatagramChannel.recvmsg(EpollDatagramChannel.java:697)
	at io.netty.channel.epoll.EpollDatagramChannel.access$300(EpollDatagramChannel.java:56)
	at io.netty.channel.epoll.EpollDatagramChannel$EpollDatagramChannelUnsafe.epollInReady(EpollDatagramChannel.java:536)
	at io.netty.channel.epoll.EpollEventLoop.processReady(EpollEventLoop.java:499)
	at io.netty.channel.epoll.EpollEventLoop.run(EpollEventLoop.java:397)
	at io.netty.util.concurrent.SingleThreadEventExecutor$4.run(SingleThreadEventExecutor.java:997)
	at io.netty.util.internal.ThreadExecutorMap$2.run(ThreadExecutorMap.java:74)
	at io.netty.util.concurrent.FastThreadLocalRunnable.run(FastThreadLocalRunnable.java:30)
	at java.base/java.lang.Thread.run(Thread.java:829)
2023-08-17 01:33:55 [main] INFO  c.m.d.e.q.w.c.ElasticQueryWebClientApplication - Starting ElasticQueryWebClientApplication using Java 11.0.16 on localhost.localdomain with PID 18214 (/root/Downloads/technicalWork/idea-IC-222.3345.118/microservices-demo/elastic-query-web-client/target/classes started by root in /root/Downloads/technicalWork/idea-IC-222.3345.118/microservices-demo)
2023-08-17 01:33:55 [background-preinit] INFO  o.h.validator.internal.util.Version - HV000001: Hibernate Validator 6.2.5.Final
2023-08-17 01:33:55 [main] INFO  c.m.d.e.q.w.c.ElasticQueryWebClientApplication - The following 1 profile is active: "elastic_query_web"
2023-08-17 01:33:55 [main] INFO  o.s.c.c.c.ConfigServerConfigDataLoader - Fetching config from server at : http://localhost:8888
2023-08-17 01:33:55 [main] INFO  o.s.c.c.c.ConfigServerConfigDataLoader - Located environment: name=config-client-elastic_query_web, profiles=[elastic_query_web], label=null, version=c87784583a5d4bd36220c5c29622f91e77df73a9, state=null
2023-08-17 01:33:56 [main] INFO  o.s.cloud.context.scope.GenericScope - BeanFactory id=d12eae71-0dfd-39da-bb0e-3b36c6a3d04b
2023-08-17 01:33:57 [main] INFO  o.s.b.w.e.tomcat.TomcatWebServer - Tomcat initialized with port(s): 8184 (http)
2023-08-17 01:33:57 [main] INFO  o.a.coyote.http11.Http11NioProtocol - Initializing ProtocolHandler ["http-nio-8184"]
2023-08-17 01:33:57 [main] INFO  o.a.catalina.core.StandardService - Starting service [Tomcat]
2023-08-17 01:33:57 [main] INFO  o.a.catalina.core.StandardEngine - Starting Servlet engine: [Apache Tomcat/9.0.74]
2023-08-17 01:33:57 [main] INFO  o.a.c.c.C.[.[.[/elastic-query-web-client] - Initializing Spring embedded WebApplicationContext
2023-08-17 01:33:57 [main] INFO  o.s.b.w.s.c.ServletWebServerApplicationContext - Root WebApplicationContext: initialization completed in 1806 ms
2023-08-17 01:33:57 [main] INFO  o.s.s.web.DefaultSecurityFilterChain - Will secure any request with [org.springframework.security.web.session.DisableEncodeUrlFilter@11c581a0, org.springframework.security.web.context.request.async.WebAsyncManagerIntegrationFilter@256589a1, org.springframework.security.web.context.SecurityContextPersistenceFilter@238291d4, org.springframework.security.web.header.HeaderWriterFilter@52f8a6f4, org.springframework.security.web.csrf.CsrfFilter@93bf0e0, org.springframework.security.web.authentication.logout.LogoutFilter@68e2d03e, org.springframework.security.web.authentication.www.BasicAuthenticationFilter@70b48eb3, org.springframework.security.web.savedrequest.RequestCacheAwareFilter@681e913c, org.springframework.security.web.servletapi.SecurityContextHolderAwareRequestFilter@72a8361b, org.springframework.security.web.authentication.AnonymousAuthenticationFilter@935493d, org.springframework.security.web.session.SessionManagementFilter@2997ddfc, org.springframework.security.web.access.ExceptionTranslationFilter@52ecc989, org.springframework.security.web.access.intercept.FilterSecurityInterceptor@6b42e36d]
2023-08-17 01:33:58 [main] INFO  o.s.b.a.w.s.WelcomePageHandlerMapping - Adding welcome page template: index
2023-08-17 01:33:59 [main] INFO  o.s.cloud.commons.util.InetUtils - Cannot determine local hostname
2023-08-17 01:34:00 [main] INFO  o.s.cloud.commons.util.InetUtils - Cannot determine local hostname
2023-08-17 01:34:00 [main] INFO  o.a.coyote.http11.Http11NioProtocol - Starting ProtocolHandler ["http-nio-8184"]
2023-08-17 01:34:00 [main] INFO  o.s.b.w.e.tomcat.TomcatWebServer - Tomcat started on port(s): 8184 (http) with context path '/elastic-query-web-client'
2023-08-17 01:34:01 [main] INFO  o.s.cloud.commons.util.InetUtils - Cannot determine local hostname
2023-08-17 01:34:02 [main] INFO  o.s.cloud.commons.util.InetUtils - Cannot determine local hostname
2023-08-17 01:34:02 [main] INFO  c.m.d.e.q.w.c.ElasticQueryWebClientApplication - Started ElasticQueryWebClientApplication in 15.092 seconds (JVM running for 16.079)
2023-08-17 01:34:15 [http-nio-8184-exec-1] INFO  o.a.c.c.C.[.[.[/elastic-query-web-client] - Initializing Spring DispatcherServlet 'dispatcherServlet'
2023-08-17 01:34:15 [http-nio-8184-exec-1] INFO  o.s.web.servlet.DispatcherServlet - Initializing Servlet 'dispatcherServlet'
2023-08-17 01:34:15 [http-nio-8184-exec-1] INFO  o.s.web.servlet.DispatcherServlet - Completed initialization in 1 ms
2023-08-17 01:34:42 [http-nio-8184-exec-5] INFO  c.m.d.e.q.w.c.api.QueryController - Querying with text lorem
2023-08-17 01:34:42 [http-nio-8184-exec-5] INFO  c.m.d.e.q.w.c.s.i.TwitterElasticQueryWebClient - Querying by text lorem
2023-08-17 01:34:52 [http-nio-8184-exec-8] INFO  c.m.d.e.q.w.c.api.QueryController - Querying with text ipsum
2023-08-17 01:34:52 [http-nio-8184-exec-8] INFO  c.m.d.e.q.w.c.s.i.TwitterElasticQueryWebClient - Querying by text ipsum
2023-08-17 01:35:03 [http-nio-8184-exec-7] INFO  c.m.d.e.q.w.c.api.QueryController - Querying with text sit
2023-08-17 01:35:03 [http-nio-8184-exec-7] INFO  c.m.d.e.q.w.c.s.i.TwitterElasticQueryWebClient - Querying by text sit
2023-08-17 01:35:31 [http-nio-8184-exec-10] INFO  c.m.d.e.q.w.c.api.QueryController - Querying with text lor
2023-08-17 01:35:31 [http-nio-8184-exec-10] INFO  c.m.d.e.q.w.c.s.i.TwitterElasticQueryWebClient - Querying by text lor
2023-08-17 01:35:36 [http-nio-8184-exec-1] INFO  c.m.d.e.q.w.c.api.QueryController - Querying with text lorum
2023-08-17 01:35:36 [http-nio-8184-exec-1] INFO  c.m.d.e.q.w.c.s.i.TwitterElasticQueryWebClient - Querying by text lorum
2023-08-17 01:35:49 [http-nio-8184-exec-3] INFO  c.m.d.e.q.w.c.api.QueryController - Querying with text venenatis
2023-08-17 01:35:49 [http-nio-8184-exec-3] INFO  c.m.d.e.q.w.c.s.i.TwitterElasticQueryWebClient - Querying by text venenatis
2023-08-17 23:47:29 [background-preinit] INFO  o.h.validator.internal.util.Version - HV000001: Hibernate Validator 6.2.5.Final
2023-08-17 23:47:29 [main] INFO  c.m.d.e.q.w.c.ElasticQueryWebClientApplication - Starting ElasticQueryWebClientApplication using Java 11.0.16 on localhost.localdomain with PID 12200 (/root/Downloads/technicalWork/idea-IC-222.3345.118/microservices-demo/elastic-query-web-client/target/classes started by root in /root/Downloads/technicalWork/idea-IC-222.3345.118/microservices-demo)
2023-08-17 23:47:29 [main] INFO  c.m.d.e.q.w.c.ElasticQueryWebClientApplication - The following 1 profile is active: "elastic_query_web"
2023-08-17 23:47:29 [main] INFO  o.s.c.c.c.ConfigServerConfigDataLoader - Fetching config from server at : http://localhost:8888
2023-08-17 23:47:29 [main] INFO  o.s.c.c.c.ConfigServerConfigDataLoader - Located environment: name=config-client-elastic_query_web, profiles=[elastic_query_web], label=null, version=c87784583a5d4bd36220c5c29622f91e77df73a9, state=null
2023-08-17 23:47:31 [main] INFO  o.s.cloud.context.scope.GenericScope - BeanFactory id=d12eae71-0dfd-39da-bb0e-3b36c6a3d04b
2023-08-17 23:47:32 [main] INFO  o.s.b.w.e.tomcat.TomcatWebServer - Tomcat initialized with port(s): 8184 (http)
2023-08-17 23:47:32 [main] INFO  o.a.coyote.http11.Http11NioProtocol - Initializing ProtocolHandler ["http-nio-8184"]
2023-08-17 23:47:32 [main] INFO  o.a.catalina.core.StandardService - Starting service [Tomcat]
2023-08-17 23:47:32 [main] INFO  o.a.catalina.core.StandardEngine - Starting Servlet engine: [Apache Tomcat/9.0.74]
2023-08-17 23:47:32 [main] INFO  o.a.c.c.C.[.[.[/elastic-query-web-client] - Initializing Spring embedded WebApplicationContext
2023-08-17 23:47:32 [main] INFO  o.s.b.w.s.c.ServletWebServerApplicationContext - Root WebApplicationContext: initialization completed in 2962 ms
2023-08-17 23:47:32 [main] INFO  o.s.s.web.DefaultSecurityFilterChain - Will secure any request with [org.springframework.security.web.session.DisableEncodeUrlFilter@6562cc23, org.springframework.security.web.context.request.async.WebAsyncManagerIntegrationFilter@2ce524d2, org.springframework.security.web.context.SecurityContextPersistenceFilter@595f9916, org.springframework.security.web.header.HeaderWriterFilter@5bfc79cb, org.springframework.security.web.csrf.CsrfFilter@1b8aaeab, org.springframework.security.web.authentication.logout.LogoutFilter@58d4238e, org.springframework.security.web.authentication.www.BasicAuthenticationFilter@2cccf134, org.springframework.security.web.savedrequest.RequestCacheAwareFilter@28768e25, org.springframework.security.web.servletapi.SecurityContextHolderAwareRequestFilter@5f8f1712, org.springframework.security.web.authentication.AnonymousAuthenticationFilter@3869a6e5, org.springframework.security.web.session.SessionManagementFilter@7a606260, org.springframework.security.web.access.ExceptionTranslationFilter@5b48f0f4, org.springframework.security.web.access.intercept.FilterSecurityInterceptor@226d5af0]
2023-08-17 23:47:33 [main] INFO  o.s.b.a.w.s.WelcomePageHandlerMapping - Adding welcome page template: index
2023-08-17 23:47:35 [main] INFO  o.a.coyote.http11.Http11NioProtocol - Starting ProtocolHandler ["http-nio-8184"]
2023-08-17 23:47:35 [main] INFO  o.s.b.w.e.tomcat.TomcatWebServer - Tomcat started on port(s): 8184 (http) with context path '/elastic-query-web-client'
2023-08-17 23:47:35 [main] INFO  c.m.d.e.q.w.c.ElasticQueryWebClientApplication - Started ElasticQueryWebClientApplication in 17.161 seconds (JVM running for 20.229)
2023-08-17 23:47:48 [http-nio-8184-exec-1] INFO  o.a.c.c.C.[.[.[/elastic-query-web-client] - Initializing Spring DispatcherServlet 'dispatcherServlet'
2023-08-17 23:47:48 [http-nio-8184-exec-1] INFO  o.s.web.servlet.DispatcherServlet - Initializing Servlet 'dispatcherServlet'
2023-08-17 23:47:48 [http-nio-8184-exec-1] INFO  o.s.web.servlet.DispatcherServlet - Completed initialization in 1 ms
2023-08-17 23:48:09 [http-nio-8184-exec-5] INFO  c.m.d.e.q.w.c.api.QueryController - Querying with text lorem
2023-08-17 23:48:09 [http-nio-8184-exec-5] INFO  c.m.d.e.q.w.c.s.i.TwitterElasticQueryWebClient - Querying by text lorem
2023-08-17 23:48:11 [http-nio-8184-exec-5] ERROR c.m.d.e.q.w.c.a.e.h.ElasticQueryWebClientErrorHandler - Service runtime exception!
org.springframework.web.reactive.function.client.WebClientRequestException: finishConnect(..) failed: Connection refused: localhost/0:0:0:0:0:0:0:1%1:8183; nested exception is io.netty.channel.AbstractChannel$AnnotatedConnectException: finishConnect(..) failed: Connection refused: localhost/0:0:0:0:0:0:0:1%1:8183
	at org.springframework.web.reactive.function.client.ExchangeFunctions$DefaultExchangeFunction.lambda$wrapException$9(ExchangeFunctions.java:141)
	Suppressed: reactor.core.publisher.FluxOnAssembly$OnAssemblyException: 
Error has been observed at the following site(s):
	*__checkpoint ⇢ Request to POST http://localhost:8183/elastic-query-service/documents/get-document-by-text [DefaultWebClient]
Original Stack Trace:
		at org.springframework.web.reactive.function.client.ExchangeFunctions$DefaultExchangeFunction.lambda$wrapException$9(ExchangeFunctions.java:141)
		at reactor.core.publisher.MonoErrorSupplied.subscribe(MonoErrorSupplied.java:55)
		at reactor.core.publisher.Mono.subscribe(Mono.java:4490)
		at reactor.core.publisher.FluxOnErrorResume$ResumeSubscriber.onError(FluxOnErrorResume.java:103)
		at reactor.core.publisher.FluxPeek$PeekSubscriber.onError(FluxPeek.java:222)
		at reactor.core.publisher.FluxPeek$PeekSubscriber.onError(FluxPeek.java:222)
		at reactor.core.publisher.FluxPeek$PeekSubscriber.onError(FluxPeek.java:222)
		at reactor.core.publisher.MonoNext$NextSubscriber.onError(MonoNext.java:93)
		at reactor.core.publisher.MonoFlatMapMany$FlatMapManyMain.onError(MonoFlatMapMany.java:204)
		at reactor.core.publisher.SerializedSubscriber.onError(SerializedSubscriber.java:124)
		at reactor.core.publisher.FluxRetryWhen$RetryWhenMainSubscriber.whenError(FluxRetryWhen.java:225)
		at reactor.core.publisher.FluxRetryWhen$RetryWhenOtherSubscriber.onError(FluxRetryWhen.java:274)
		at reactor.core.publisher.FluxContextWrite$ContextWriteSubscriber.onError(FluxContextWrite.java:121)
		at reactor.core.publisher.FluxConcatMap$ConcatMapImmediate.drain(FluxConcatMap.java:415)
		at reactor.core.publisher.FluxConcatMap$ConcatMapImmediate.onNext(FluxConcatMap.java:251)
		at reactor.core.publisher.FluxContextWrite$ContextWriteSubscriber.onNext(FluxContextWrite.java:107)
		at reactor.core.publisher.EmitterProcessor.drain(EmitterProcessor.java:537)
		at reactor.core.publisher.EmitterProcessor.tryEmitNext(EmitterProcessor.java:343)
		at reactor.core.publisher.SinkManySerialized.tryEmitNext(SinkManySerialized.java:100)
		at reactor.core.publisher.InternalManySink.emitNext(InternalManySink.java:27)
		at reactor.core.publisher.FluxRetryWhen$RetryWhenMainSubscriber.onError(FluxRetryWhen.java:190)
		at reactor.core.publisher.MonoCreate$DefaultMonoSink.error(MonoCreate.java:201)
		at reactor.netty.http.client.HttpClientConnect$MonoHttpConnect$ClientTransportSubscriber.onError(HttpClientConnect.java:311)
		at reactor.core.publisher.MonoCreate$DefaultMonoSink.error(MonoCreate.java:201)
		at reactor.netty.resources.DefaultPooledConnectionProvider$DisposableAcquire.onError(DefaultPooledConnectionProvider.java:160)
		at reactor.netty.internal.shaded.reactor.pool.AbstractPool$Borrower.fail(AbstractPool.java:475)
		at reactor.netty.internal.shaded.reactor.pool.SimpleDequePool.lambda$drainLoop$9(SimpleDequePool.java:431)
		at reactor.core.publisher.FluxDoOnEach$DoOnEachSubscriber.onError(FluxDoOnEach.java:186)
		at reactor.core.publisher.MonoCreate$DefaultMonoSink.error(MonoCreate.java:201)
		at reactor.netty.resources.DefaultPooledConnectionProvider$PooledConnectionAllocator$PooledConnectionInitializer.onError(DefaultPooledConnectionProvider.java:558)
		at reactor.core.publisher.MonoFlatMap$FlatMapMain.secondError(MonoFlatMap.java:192)
		at reactor.core.publisher.MonoFlatMap$FlatMapInner.onError(MonoFlatMap.java:259)
		at reactor.core.publisher.FluxOnErrorResume$ResumeSubscriber.onError(FluxOnErrorResume.java:106)
		at reactor.core.publisher.SerializedSubscriber.onError(SerializedSubscriber.java:124)
		at reactor.core.publisher.FluxRetryWhen$RetryWhenMainSubscriber.whenError(FluxRetryWhen.java:225)
		at reactor.core.publisher.FluxRetryWhen$RetryWhenOtherSubscriber.onError(FluxRetryWhen.java:274)
		at reactor.core.publisher.FluxContextWrite$ContextWriteSubscriber.onError(FluxContextWrite.java:121)
		at reactor.core.publisher.FluxConcatMap$ConcatMapImmediate.drain(FluxConcatMap.java:415)
		at reactor.core.publisher.FluxConcatMap$ConcatMapImmediate.onNext(FluxConcatMap.java:251)
		at reactor.core.publisher.FluxContextWrite$ContextWriteSubscriber.onNext(FluxContextWrite.java:107)
		at reactor.core.publisher.EmitterProcessor.drain(EmitterProcessor.java:537)
		at reactor.core.publisher.EmitterProcessor.tryEmitNext(EmitterProcessor.java:343)
		at reactor.core.publisher.SinkManySerialized.tryEmitNext(SinkManySerialized.java:100)
		at reactor.core.publisher.InternalManySink.emitNext(InternalManySink.java:27)
		at reactor.core.publisher.FluxRetryWhen$RetryWhenMainSubscriber.onError(FluxRetryWhen.java:190)
		at reactor.core.publisher.MonoFlatMap$FlatMapMain.secondError(MonoFlatMap.java:192)
		at reactor.core.publisher.MonoFlatMap$FlatMapInner.onError(MonoFlatMap.java:259)
		at reactor.netty.transport.TransportConnector$MonoChannelPromise.tryFailure(TransportConnector.java:580)
		at reactor.netty.transport.TransportConnector$MonoChannelPromise.setFailure(TransportConnector.java:534)
		at reactor.netty.transport.TransportConnector.lambda$doConnect$7(TransportConnector.java:265)
		at io.netty.util.concurrent.DefaultPromise.notifyListener0(DefaultPromise.java:590)
		at io.netty.util.concurrent.DefaultPromise.notifyListeners0(DefaultPromise.java:583)
		at io.netty.util.concurrent.DefaultPromise.notifyListenersNow(DefaultPromise.java:559)
		at io.netty.util.concurrent.DefaultPromise.notifyListeners(DefaultPromise.java:492)
		at io.netty.util.concurrent.DefaultPromise.setValue0(DefaultPromise.java:636)
		at io.netty.util.concurrent.DefaultPromise.setFailure0(DefaultPromise.java:629)
		at io.netty.util.concurrent.DefaultPromise.tryFailure(DefaultPromise.java:118)
		at io.netty.channel.epoll.AbstractEpollChannel$AbstractEpollUnsafe.fulfillConnectPromise(AbstractEpollChannel.java:674)
		at io.netty.channel.epoll.AbstractEpollChannel$AbstractEpollUnsafe.finishConnect(AbstractEpollChannel.java:693)
		at io.netty.channel.epoll.AbstractEpollChannel$AbstractEpollUnsafe.epollOutReady(AbstractEpollChannel.java:567)
		at io.netty.channel.epoll.EpollEventLoop.processReady(EpollEventLoop.java:489)
		at io.netty.channel.epoll.EpollEventLoop.run(EpollEventLoop.java:397)
		at io.netty.util.concurrent.SingleThreadEventExecutor$4.run(SingleThreadEventExecutor.java:997)
		at io.netty.util.internal.ThreadExecutorMap$2.run(ThreadExecutorMap.java:74)
		at io.netty.util.concurrent.FastThreadLocalRunnable.run(FastThreadLocalRunnable.java:30)
		at java.base/java.lang.Thread.run(Thread.java:829)
	Suppressed: java.lang.Exception: #block terminated with an error
		at reactor.core.publisher.BlockingSingleSubscriber.blockingGet(BlockingSingleSubscriber.java:99)
		at reactor.core.publisher.Mono.block(Mono.java:1742)
		at com.microservices.demo.elastic.query.web.client.service.impl.TwitterElasticQueryWebClient.getDataByText(TwitterElasticQueryWebClient.java:44)
		at com.microservices.demo.elastic.query.web.client.api.QueryController.queryByText(QueryController.java:59)
		at java.base/jdk.internal.reflect.NativeMethodAccessorImpl.invoke0(Native Method)
		at java.base/jdk.internal.reflect.NativeMethodAccessorImpl.invoke(NativeMethodAccessorImpl.java:62)
		at java.base/jdk.internal.reflect.DelegatingMethodAccessorImpl.invoke(DelegatingMethodAccessorImpl.java:43)
		at java.base/java.lang.reflect.Method.invoke(Method.java:566)
		at org.springframework.web.method.support.InvocableHandlerMethod.doInvoke(InvocableHandlerMethod.java:205)
		at org.springframework.web.method.support.InvocableHandlerMethod.invokeForRequest(InvocableHandlerMethod.java:150)
		at org.springframework.web.servlet.mvc.method.annotation.ServletInvocableHandlerMethod.invokeAndHandle(ServletInvocableHandlerMethod.java:117)
		at org.springframework.web.servlet.mvc.method.annotation.RequestMappingHandlerAdapter.invokeHandlerMethod(RequestMappingHandlerAdapter.java:895)
		at org.springframework.web.servlet.mvc.method.annotation.RequestMappingHandlerAdapter.handleInternal(RequestMappingHandlerAdapter.java:808)
		at org.springframework.web.servlet.mvc.method.AbstractHandlerMethodAdapter.handle(AbstractHandlerMethodAdapter.java:87)
		at org.springframework.web.servlet.DispatcherServlet.doDispatch(DispatcherServlet.java:1072)
		at org.springframework.web.servlet.DispatcherServlet.doService(DispatcherServlet.java:965)
		at org.springframework.web.servlet.FrameworkServlet.processRequest(FrameworkServlet.java:1006)
		at org.springframework.web.servlet.FrameworkServlet.doPost(FrameworkServlet.java:909)
		at javax.servlet.http.HttpServlet.service(HttpServlet.java:555)
		at org.springframework.web.servlet.FrameworkServlet.service(FrameworkServlet.java:883)
		at javax.servlet.http.HttpServlet.service(HttpServlet.java:623)
		at org.apache.catalina.core.ApplicationFilterChain.internalDoFilter(ApplicationFilterChain.java:209)
		at org.apache.catalina.core.ApplicationFilterChain.doFilter(ApplicationFilterChain.java:153)
		at org.apache.tomcat.websocket.server.WsFilter.doFilter(WsFilter.java:51)
		at org.apache.catalina.core.ApplicationFilterChain.internalDoFilter(ApplicationFilterChain.java:178)
		at org.apache.catalina.core.ApplicationFilterChain.doFilter(ApplicationFilterChain.java:153)
		at org.springframework.security.web.FilterChainProxy$VirtualFilterChain.doFilter(FilterChainProxy.java:337)
		at org.springframework.security.web.access.intercept.FilterSecurityInterceptor.invoke(FilterSecurityInterceptor.java:115)
		at org.springframework.security.web.access.intercept.FilterSecurityInterceptor.doFilter(FilterSecurityInterceptor.java:81)
		at org.springframework.security.web.FilterChainProxy$VirtualFilterChain.doFilter(FilterChainProxy.java:346)
		at org.springframework.security.web.access.ExceptionTranslationFilter.doFilter(ExceptionTranslationFilter.java:122)
		at org.springframework.security.web.access.ExceptionTranslationFilter.doFilter(ExceptionTranslationFilter.java:116)
		at org.springframework.security.web.FilterChainProxy$VirtualFilterChain.doFilter(FilterChainProxy.java:346)
		at org.springframework.security.web.session.SessionManagementFilter.doFilter(SessionManagementFilter.java:126)
		at org.springframework.security.web.session.SessionManagementFilter.doFilter(SessionManagementFilter.java:81)
		at org.springframework.security.web.FilterChainProxy$VirtualFilterChain.doFilter(FilterChainProxy.java:346)
		at org.springframework.security.web.authentication.AnonymousAuthenticationFilter.doFilter(AnonymousAuthenticationFilter.java:109)
		at org.springframework.security.web.FilterChainProxy$VirtualFilterChain.doFilter(FilterChainProxy.java:346)
		at org.springframework.security.web.servletapi.SecurityContextHolderAwareRequestFilter.doFilter(SecurityContextHolderAwareRequestFilter.java:149)
		at org.springframework.security.web.FilterChainProxy$VirtualFilterChain.doFilter(FilterChainProxy.java:346)
		at org.springframework.security.web.savedrequest.RequestCacheAwareFilter.doFilter(RequestCacheAwareFilter.java:63)
		at org.springframework.security.web.FilterChainProxy$VirtualFilterChain.doFilter(FilterChainProxy.java:346)
		at org.springframework.security.web.authentication.www.BasicAuthenticationFilter.doFilterInternal(BasicAuthenticationFilter.java:198)
		at org.springframework.web.filter.OncePerRequestFilter.doFilter(OncePerRequestFilter.java:117)
		at org.springframework.security.web.FilterChainProxy$VirtualFilterChain.doFilter(FilterChainProxy.java:346)
		at org.springframework.security.web.authentication.logout.LogoutFilter.doFilter(LogoutFilter.java:103)
		at org.springframework.security.web.authentication.logout.LogoutFilter.doFilter(LogoutFilter.java:89)
		at org.springframework.security.web.FilterChainProxy$VirtualFilterChain.doFilter(FilterChainProxy.java:346)
		at org.springframework.security.web.csrf.CsrfFilter.doFilterInternal(CsrfFilter.java:132)
		at org.springframework.web.filter.OncePerRequestFilter.doFilter(OncePerRequestFilter.java:117)
		at org.springframework.security.web.FilterChainProxy$VirtualFilterChain.doFilter(FilterChainProxy.java:346)
		at org.springframework.security.web.header.HeaderWriterFilter.doHeadersAfter(HeaderWriterFilter.java:90)
		at org.springframework.security.web.header.HeaderWriterFilter.doFilterInternal(HeaderWriterFilter.java:75)
		at org.springframework.web.filter.OncePerRequestFilter.doFilter(OncePerRequestFilter.java:117)
		at org.springframework.security.web.FilterChainProxy$VirtualFilterChain.doFilter(FilterChainProxy.java:346)
		at org.springframework.security.web.context.SecurityContextPersistenceFilter.doFilter(SecurityContextPersistenceFilter.java:112)
		at org.springframework.security.web.context.SecurityContextPersistenceFilter.doFilter(SecurityContextPersistenceFilter.java:82)
		at org.springframework.security.web.FilterChainProxy$VirtualFilterChain.doFilter(FilterChainProxy.java:346)
		at org.springframework.security.web.context.request.async.WebAsyncManagerIntegrationFilter.doFilterInternal(WebAsyncManagerIntegrationFilter.java:55)
		at org.springframework.web.filter.OncePerRequestFilter.doFilter(OncePerRequestFilter.java:117)
		at org.springframework.security.web.FilterChainProxy$VirtualFilterChain.doFilter(FilterChainProxy.java:346)
		at org.springframework.security.web.session.DisableEncodeUrlFilter.doFilterInternal(DisableEncodeUrlFilter.java:42)
		at org.springframework.web.filter.OncePerRequestFilter.doFilter(OncePerRequestFilter.java:117)
		at org.springframework.security.web.FilterChainProxy$VirtualFilterChain.doFilter(FilterChainProxy.java:346)
		at org.springframework.security.web.FilterChainProxy.doFilterInternal(FilterChainProxy.java:221)
		at org.springframework.security.web.FilterChainProxy.doFilter(FilterChainProxy.java:186)
		at org.springframework.web.filter.DelegatingFilterProxy.invokeDelegate(DelegatingFilterProxy.java:354)
		at org.springframework.web.filter.DelegatingFilterProxy.doFilter(DelegatingFilterProxy.java:267)
		at org.apache.catalina.core.ApplicationFilterChain.internalDoFilter(ApplicationFilterChain.java:178)
		at org.apache.catalina.core.ApplicationFilterChain.doFilter(ApplicationFilterChain.java:153)
		at org.springframework.web.filter.RequestContextFilter.doFilterInternal(RequestContextFilter.java:100)
		at org.springframework.web.filter.OncePerRequestFilter.doFilter(OncePerRequestFilter.java:117)
		at org.apache.catalina.core.ApplicationFilterChain.internalDoFilter(ApplicationFilterChain.java:178)
		at org.apache.catalina.core.ApplicationFilterChain.doFilter(ApplicationFilterChain.java:153)
		at org.springframework.web.filter.FormContentFilter.doFilterInternal(FormContentFilter.java:93)
		at org.springframework.web.filter.OncePerRequestFilter.doFilter(OncePerRequestFilter.java:117)
		at org.apache.catalina.core.ApplicationFilterChain.internalDoFilter(ApplicationFilterChain.java:178)
		at org.apache.catalina.core.ApplicationFilterChain.doFilter(ApplicationFilterChain.java:153)
		at org.springframework.web.filter.CharacterEncodingFilter.doFilterInternal(CharacterEncodingFilter.java:201)
		at org.springframework.web.filter.OncePerRequestFilter.doFilter(OncePerRequestFilter.java:117)
		at org.apache.catalina.core.ApplicationFilterChain.internalDoFilter(ApplicationFilterChain.java:178)
		at org.apache.catalina.core.ApplicationFilterChain.doFilter(ApplicationFilterChain.java:153)
		at org.apache.catalina.core.StandardWrapperValve.invoke(StandardWrapperValve.java:167)
		at org.apache.catalina.core.StandardContextValve.invoke(StandardContextValve.java:90)
		at org.apache.catalina.authenticator.AuthenticatorBase.invoke(AuthenticatorBase.java:481)
		at org.apache.catalina.core.StandardHostValve.invoke(StandardHostValve.java:130)
		at org.apache.catalina.valves.ErrorReportValve.invoke(ErrorReportValve.java:93)
		at org.apache.catalina.core.StandardEngineValve.invoke(StandardEngineValve.java:74)
		at org.apache.catalina.connector.CoyoteAdapter.service(CoyoteAdapter.java:343)
		at org.apache.coyote.http11.Http11Processor.service(Http11Processor.java:389)
		at org.apache.coyote.AbstractProcessorLight.process(AbstractProcessorLight.java:63)
		at org.apache.coyote.AbstractProtocol$ConnectionHandler.process(AbstractProtocol.java:926)
		at org.apache.tomcat.util.net.NioEndpoint$SocketProcessor.doRun(NioEndpoint.java:1791)
		at org.apache.tomcat.util.net.SocketProcessorBase.run(SocketProcessorBase.java:52)
		at org.apache.tomcat.util.threads.ThreadPoolExecutor.runWorker(ThreadPoolExecutor.java:1191)
		at org.apache.tomcat.util.threads.ThreadPoolExecutor$Worker.run(ThreadPoolExecutor.java:659)
		at org.apache.tomcat.util.threads.TaskThread$WrappingRunnable.run(TaskThread.java:61)
		at java.base/java.lang.Thread.run(Thread.java:829)
Caused by: io.netty.channel.AbstractChannel$AnnotatedConnectException: finishConnect(..) failed: Connection refused: localhost/0:0:0:0:0:0:0:1%1:8183
Caused by: java.net.ConnectException: finishConnect(..) failed: Connection refused
	at io.netty.channel.unix.Errors.newConnectException0(Errors.java:166)
	at io.netty.channel.unix.Errors.handleConnectErrno(Errors.java:131)
	at io.netty.channel.unix.Socket.finishConnect(Socket.java:359)
	at io.netty.channel.epoll.AbstractEpollChannel$AbstractEpollUnsafe.doFinishConnect(AbstractEpollChannel.java:710)
	at io.netty.channel.epoll.AbstractEpollChannel$AbstractEpollUnsafe.finishConnect(AbstractEpollChannel.java:687)
	at io.netty.channel.epoll.AbstractEpollChannel$AbstractEpollUnsafe.epollOutReady(AbstractEpollChannel.java:567)
	at io.netty.channel.epoll.EpollEventLoop.processReady(EpollEventLoop.java:489)
	at io.netty.channel.epoll.EpollEventLoop.run(EpollEventLoop.java:397)
	at io.netty.util.concurrent.SingleThreadEventExecutor$4.run(SingleThreadEventExecutor.java:997)
	at io.netty.util.internal.ThreadExecutorMap$2.run(ThreadExecutorMap.java:74)
	at io.netty.util.concurrent.FastThreadLocalRunnable.run(FastThreadLocalRunnable.java:30)
	at java.base/java.lang.Thread.run(Thread.java:829)
2023-08-17 23:49:40 [background-preinit] INFO  o.h.validator.internal.util.Version - HV000001: Hibernate Validator 6.2.5.Final
2023-08-17 23:49:40 [main] INFO  c.m.d.e.q.w.c.ElasticQueryWebClientApplication - Starting ElasticQueryWebClientApplication using Java 11.0.16 on localhost.localdomain with PID 12643 (/root/Downloads/technicalWork/idea-IC-222.3345.118/microservices-demo/elastic-query-web-client/target/classes started by root in /root/Downloads/technicalWork/idea-IC-222.3345.118/microservices-demo)
2023-08-17 23:49:40 [main] INFO  c.m.d.e.q.w.c.ElasticQueryWebClientApplication - The following 1 profile is active: "elastic_query_web"
2023-08-17 23:49:40 [main] INFO  o.s.c.c.c.ConfigServerConfigDataLoader - Fetching config from server at : http://localhost:8888
2023-08-17 23:49:40 [main] INFO  o.s.c.c.c.ConfigServerConfigDataLoader - Located environment: name=config-client-elastic_query_web, profiles=[elastic_query_web], label=null, version=c87784583a5d4bd36220c5c29622f91e77df73a9, state=null
2023-08-17 23:49:42 [main] INFO  o.s.cloud.context.scope.GenericScope - BeanFactory id=d12eae71-0dfd-39da-bb0e-3b36c6a3d04b
2023-08-17 23:49:43 [main] INFO  o.s.b.w.e.tomcat.TomcatWebServer - Tomcat initialized with port(s): 8184 (http)
2023-08-17 23:49:43 [main] INFO  o.a.coyote.http11.Http11NioProtocol - Initializing ProtocolHandler ["http-nio-8184"]
2023-08-17 23:49:43 [main] INFO  o.a.catalina.core.StandardService - Starting service [Tomcat]
2023-08-17 23:49:43 [main] INFO  o.a.catalina.core.StandardEngine - Starting Servlet engine: [Apache Tomcat/9.0.74]
2023-08-17 23:49:43 [main] INFO  o.a.c.c.C.[.[.[/elastic-query-web-client] - Initializing Spring embedded WebApplicationContext
2023-08-17 23:49:43 [main] INFO  o.s.b.w.s.c.ServletWebServerApplicationContext - Root WebApplicationContext: initialization completed in 2751 ms
2023-08-17 23:49:44 [main] INFO  o.s.s.web.DefaultSecurityFilterChain - Will secure any request with [org.springframework.security.web.session.DisableEncodeUrlFilter@935493d, org.springframework.security.web.context.request.async.WebAsyncManagerIntegrationFilter@9b367c8, org.springframework.security.web.context.SecurityContextPersistenceFilter@681e913c, org.springframework.security.web.header.HeaderWriterFilter@6486fe7b, org.springframework.security.web.csrf.CsrfFilter@656842bc, org.springframework.security.web.authentication.logout.LogoutFilter@32ab408e, org.springframework.security.web.authentication.www.BasicAuthenticationFilter@a91119b, org.springframework.security.web.savedrequest.RequestCacheAwareFilter@1eeb5818, org.springframework.security.web.servletapi.SecurityContextHolderAwareRequestFilter@c48b543, org.springframework.security.web.authentication.AnonymousAuthenticationFilter@34c62fdf, org.springframework.security.web.session.SessionManagementFilter@78d73b1b, org.springframework.security.web.access.ExceptionTranslationFilter@52f8a6f4, org.springframework.security.web.access.intercept.FilterSecurityInterceptor@79195c22]
2023-08-17 23:49:45 [main] INFO  o.s.b.a.w.s.WelcomePageHandlerMapping - Adding welcome page template: index
2023-08-17 23:49:45 [main] INFO  o.a.coyote.http11.Http11NioProtocol - Starting ProtocolHandler ["http-nio-8184"]
2023-08-17 23:49:45 [main] INFO  o.s.b.w.e.tomcat.TomcatWebServer - Tomcat started on port(s): 8184 (http) with context path '/elastic-query-web-client'
2023-08-17 23:49:45 [main] INFO  c.m.d.e.q.w.c.ElasticQueryWebClientApplication - Started ElasticQueryWebClientApplication in 20.238 seconds (JVM running for 21.195)
2023-08-17 23:49:51 [http-nio-8184-exec-1] INFO  o.a.c.c.C.[.[.[/elastic-query-web-client] - Initializing Spring DispatcherServlet 'dispatcherServlet'
2023-08-17 23:49:51 [http-nio-8184-exec-1] INFO  o.s.web.servlet.DispatcherServlet - Initializing Servlet 'dispatcherServlet'
2023-08-17 23:49:51 [http-nio-8184-exec-1] INFO  o.s.web.servlet.DispatcherServlet - Completed initialization in 2 ms
2023-08-17 23:50:11 [http-nio-8184-exec-6] INFO  c.m.d.e.q.w.c.api.QueryController - Querying with text lorem
2023-08-17 23:50:11 [http-nio-8184-exec-6] INFO  c.m.d.e.q.w.c.s.i.TwitterElasticQueryWebClient - Querying by text lorem
2023-08-17 23:50:22 [http-nio-8184-exec-8] INFO  c.m.d.e.q.w.c.api.QueryController - Querying with text sit
2023-08-17 23:50:22 [http-nio-8184-exec-8] INFO  c.m.d.e.q.w.c.s.i.TwitterElasticQueryWebClient - Querying by text sit
2023-08-17 23:50:39 [http-nio-8184-exec-9] INFO  c.m.d.e.q.w.c.api.QueryController - Querying with text sit sit
2023-08-17 23:50:39 [http-nio-8184-exec-9] INFO  c.m.d.e.q.w.c.s.i.TwitterElasticQueryWebClient - Querying by text sit sit
2023-08-17 23:50:53 [http-nio-8184-exec-1] INFO  c.m.d.e.q.w.c.api.QueryController - Querying with text mauris sit mauris sit adipiscing ornare Elasticsearch mauris sit pharetra sit
2023-08-17 23:50:53 [http-nio-8184-exec-1] INFO  c.m.d.e.q.w.c.s.i.TwitterElasticQueryWebClient - Querying by text mauris sit mauris sit adipiscing ornare Elasticsearch mauris sit pharetra sit
