2023-08-13 00:10:42 [background-preinit] INFO  o.h.validator.internal.util.Version - HV000001: Hibernate Validator 6.2.5.Final
2023-08-13 00:10:42 [main] INFO  c.m.d.e.q.w.c.ElasticQueryWebClientApplication - Starting ElasticQueryWebClientApplication using Java 11.0.16 on localhost.localdomain with PID 30425 (/root/Downloads/technicalWork/idea-IC-222.3345.118/microservices-demo/elastic-query-web-client/target/classes started by root in /root/Downloads/technicalWork/idea-IC-222.3345.118/microservices-demo)
2023-08-13 00:10:42 [main] INFO  c.m.d.e.q.w.c.ElasticQueryWebClientApplication - The following 1 profile is active: "elastic_query_web"
2023-08-13 00:10:42 [main] INFO  o.s.c.c.c.ConfigServerConfigDataLoader - Fetching config from server at : http://localhost:8888
2023-08-13 00:10:42 [main] INFO  o.s.c.c.c.ConfigServerConfigDataLoader - Located environment: name=config-client-elastic_query_web, profiles=[elastic_query_web], label=null, version=1bbdfbcc3d1bf5d99aeef3b545c7bfbd91000443, state=null
2023-08-13 00:10:44 [main] INFO  o.s.cloud.context.scope.GenericScope - BeanFactory id=10a7e6c1-0202-31e3-95c9-9dd6cca2d571
2023-08-13 00:10:44 [main] INFO  o.s.b.w.e.tomcat.TomcatWebServer - Tomcat initialized with port(s): 8184 (http)
2023-08-13 00:10:44 [main] INFO  o.a.coyote.http11.Http11NioProtocol - Initializing ProtocolHandler ["http-nio-8184"]
2023-08-13 00:10:44 [main] INFO  o.a.catalina.core.StandardService - Starting service [Tomcat]
2023-08-13 00:10:44 [main] INFO  o.a.catalina.core.StandardEngine - Starting Servlet engine: [Apache Tomcat/9.0.74]
2023-08-13 00:10:44 [main] INFO  o.a.c.c.C.[.[.[/elastic-query-web-client] - Initializing Spring embedded WebApplicationContext
2023-08-13 00:10:44 [main] INFO  o.s.b.w.s.c.ServletWebServerApplicationContext - Root WebApplicationContext: initialization completed in 1958 ms
2023-08-13 00:10:45 [main] INFO  o.s.s.web.DefaultSecurityFilterChain - Will secure any request with [org.springframework.security.web.session.DisableEncodeUrlFilter@587f4f63, org.springframework.security.web.context.request.async.WebAsyncManagerIntegrationFilter@660b1a9d, org.springframework.security.web.context.SecurityContextPersistenceFilter@23b1aa9, org.springframework.security.web.header.HeaderWriterFilter@935d3f9, org.springframework.security.web.csrf.CsrfFilter@44faa4f2, org.springframework.security.web.authentication.logout.LogoutFilter@7772d266, org.springframework.security.web.authentication.www.BasicAuthenticationFilter@2b44605c, org.springframework.security.web.savedrequest.RequestCacheAwareFilter@4e8598d9, org.springframework.security.web.servletapi.SecurityContextHolderAwareRequestFilter@57a667c8, org.springframework.security.web.authentication.AnonymousAuthenticationFilter@6fb0261e, org.springframework.security.web.session.SessionManagementFilter@2a8f8555, org.springframework.security.web.access.ExceptionTranslationFilter@6bf570c, org.springframework.security.web.access.intercept.FilterSecurityInterceptor@39f42d0e]
2023-08-13 00:10:46 [main] INFO  o.s.b.a.w.s.WelcomePageHandlerMapping - Adding welcome page template: index
2023-08-13 00:10:47 [main] INFO  o.s.cloud.commons.util.InetUtils - Cannot determine local hostname
2023-08-13 00:10:47 [main] INFO  o.a.coyote.http11.Http11NioProtocol - Starting ProtocolHandler ["http-nio-8184"]
2023-08-13 00:10:47 [main] INFO  o.s.b.w.e.tomcat.TomcatWebServer - Tomcat started on port(s): 8184 (http) with context path '/elastic-query-web-client'
2023-08-13 00:10:48 [main] INFO  o.s.cloud.commons.util.InetUtils - Cannot determine local hostname
2023-08-13 00:10:49 [main] INFO  o.s.cloud.commons.util.InetUtils - Cannot determine local hostname
2023-08-13 00:10:49 [main] INFO  c.m.d.e.q.w.c.ElasticQueryWebClientApplication - Started ElasticQueryWebClientApplication in 13.182 seconds (JVM running for 14.123)
2023-08-13 00:10:59 [http-nio-8184-exec-1] INFO  o.a.c.c.C.[.[.[/elastic-query-web-client] - Initializing Spring DispatcherServlet 'dispatcherServlet'
2023-08-13 00:10:59 [http-nio-8184-exec-1] INFO  o.s.web.servlet.DispatcherServlet - Initializing Servlet 'dispatcherServlet'
2023-08-13 00:10:59 [http-nio-8184-exec-1] INFO  o.s.web.servlet.DispatcherServlet - Completed initialization in 1 ms
2023-08-13 00:10:59 [http-nio-8184-exec-1] WARN  o.s.s.c.bcrypt.BCryptPasswordEncoder - Encoded password does not look like BCrypt
2023-08-13 00:22:00 [main] INFO  c.m.d.e.q.w.c.ElasticQueryWebClientApplication - Starting ElasticQueryWebClientApplication using Java 11.0.16 on localhost.localdomain with PID 31029 (/root/Downloads/technicalWork/idea-IC-222.3345.118/microservices-demo/elastic-query-web-client/target/classes started by root in /root/Downloads/technicalWork/idea-IC-222.3345.118/microservices-demo)
2023-08-13 00:22:00 [main] INFO  c.m.d.e.q.w.c.ElasticQueryWebClientApplication - The following 1 profile is active: "elastic_query_web"
2023-08-13 00:22:00 [background-preinit] INFO  o.h.validator.internal.util.Version - HV000001: Hibernate Validator 6.2.5.Final
2023-08-13 00:22:00 [main] INFO  o.s.c.c.c.ConfigServerConfigDataLoader - Fetching config from server at : http://localhost:8888
2023-08-13 00:22:00 [main] INFO  o.s.c.c.c.ConfigServerConfigDataLoader - Located environment: name=config-client-elastic_query_web, profiles=[elastic_query_web], label=null, version=1bbdfbcc3d1bf5d99aeef3b545c7bfbd91000443, state=null
2023-08-13 00:22:02 [main] INFO  o.s.cloud.context.scope.GenericScope - BeanFactory id=10a7e6c1-0202-31e3-95c9-9dd6cca2d571
2023-08-13 00:22:03 [main] INFO  o.s.b.w.e.tomcat.TomcatWebServer - Tomcat initialized with port(s): 8184 (http)
2023-08-13 00:22:03 [main] INFO  o.a.coyote.http11.Http11NioProtocol - Initializing ProtocolHandler ["http-nio-8184"]
2023-08-13 00:22:03 [main] INFO  o.a.catalina.core.StandardService - Starting service [Tomcat]
2023-08-13 00:22:03 [main] INFO  o.a.catalina.core.StandardEngine - Starting Servlet engine: [Apache Tomcat/9.0.74]
2023-08-13 00:22:03 [main] INFO  o.a.c.c.C.[.[.[/elastic-query-web-client] - Initializing Spring embedded WebApplicationContext
2023-08-13 00:22:03 [main] INFO  o.s.b.w.s.c.ServletWebServerApplicationContext - Root WebApplicationContext: initialization completed in 2838 ms
2023-08-13 00:22:04 [main] INFO  o.s.s.web.DefaultSecurityFilterChain - Will secure any request with [org.springframework.security.web.session.DisableEncodeUrlFilter@6fb22ae3, org.springframework.security.web.context.request.async.WebAsyncManagerIntegrationFilter@6bd92538, org.springframework.security.web.context.SecurityContextPersistenceFilter@3751acd7, org.springframework.security.web.header.HeaderWriterFilter@2edb2f8b, org.springframework.security.web.csrf.CsrfFilter@1b17d8ab, org.springframework.security.web.authentication.logout.LogoutFilter@1491cd6c, org.springframework.security.web.authentication.www.BasicAuthenticationFilter@5618fc1f, org.springframework.security.web.savedrequest.RequestCacheAwareFilter@150d6eaf, org.springframework.security.web.servletapi.SecurityContextHolderAwareRequestFilter@24a04257, org.springframework.security.web.authentication.AnonymousAuthenticationFilter@69a373fd, org.springframework.security.web.session.SessionManagementFilter@7345f97d, org.springframework.security.web.access.ExceptionTranslationFilter@307c59ea, org.springframework.security.web.access.intercept.FilterSecurityInterceptor@5e68be2]
2023-08-13 00:22:04 [main] INFO  o.s.b.a.w.s.WelcomePageHandlerMapping - Adding welcome page template: index
2023-08-13 00:22:06 [main] INFO  o.s.cloud.commons.util.InetUtils - Cannot determine local hostname
2023-08-13 00:22:06 [main] INFO  o.a.coyote.http11.Http11NioProtocol - Starting ProtocolHandler ["http-nio-8184"]
2023-08-13 00:22:06 [main] INFO  o.s.b.w.e.tomcat.TomcatWebServer - Tomcat started on port(s): 8184 (http) with context path '/elastic-query-web-client'
2023-08-13 00:22:07 [main] INFO  o.s.cloud.commons.util.InetUtils - Cannot determine local hostname
2023-08-13 00:22:08 [main] INFO  o.s.cloud.commons.util.InetUtils - Cannot determine local hostname
2023-08-13 00:22:08 [main] INFO  c.m.d.e.q.w.c.ElasticQueryWebClientApplication - Started ElasticQueryWebClientApplication in 13.784 seconds (JVM running for 14.735)
2023-08-13 00:22:28 [http-nio-8184-exec-1] INFO  o.a.c.c.C.[.[.[/elastic-query-web-client] - Initializing Spring DispatcherServlet 'dispatcherServlet'
2023-08-13 00:22:28 [http-nio-8184-exec-1] INFO  o.s.web.servlet.DispatcherServlet - Initializing Servlet 'dispatcherServlet'
2023-08-13 00:22:28 [http-nio-8184-exec-1] INFO  o.s.web.servlet.DispatcherServlet - Completed initialization in 2 ms
