2023-06-18 16:57:26 [main] INFO  c.m.d.e.q.s.ElasticQueryServiceApplication - Starting ElasticQueryServiceApplication using Java 11.0.16 on localhost.localdomain with PID 19427 (/root/Downloads/technicalWork/idea-IC-222.3345.118/microservices-demo/elastic-query-service/target/classes started by root in /root/Downloads/technicalWork/idea-IC-222.3345.118/microservices-demo)
2023-06-18 16:57:26 [main] INFO  c.m.d.e.q.s.ElasticQueryServiceApplication - The following 1 profile is active: "elastic_query"
2023-06-18 16:57:26 [main] INFO  o.s.c.c.c.ConfigServerConfigDataLoader - Fetching config from server at : http://localhost:8888
2023-06-18 16:57:26 [main] INFO  o.s.c.c.c.ConfigServerConfigDataLoader - Located environment: name=config-client-elastic_query, profiles=[elastic_query], label=null, version=d1b8cad031785e57764b45a52912652da6a6dfb0, state=null
2023-06-18 16:57:27 [main] INFO  o.s.d.r.c.RepositoryConfigurationDelegate - Bootstrapping Spring Data Elasticsearch repositories in DEFAULT mode.
2023-06-18 16:57:27 [main] INFO  o.s.d.r.c.RepositoryConfigurationDelegate - Finished Spring Data repository scanning in 9 ms. Found 0 Elasticsearch repository interfaces.
2023-06-18 16:57:27 [main] INFO  o.s.d.r.c.RepositoryConfigurationDelegate - Bootstrapping Spring Data Reactive Elasticsearch repositories in DEFAULT mode.
2023-06-18 16:57:27 [main] INFO  o.s.d.r.c.RepositoryConfigurationDelegate - Finished Spring Data repository scanning in 2 ms. Found 0 Reactive Elasticsearch repository interfaces.
2023-06-18 16:57:28 [main] INFO  o.s.cloud.context.scope.GenericScope - BeanFactory id=8d473cad-7140-31cf-b280-465ba02b87a8
2023-06-18 16:57:28 [main] INFO  o.s.b.w.e.tomcat.TomcatWebServer - Tomcat initialized with port(s): 8183 (http)
2023-06-18 16:57:28 [main] INFO  o.a.coyote.http11.Http11NioProtocol - Initializing ProtocolHandler ["http-nio-8183"]
2023-06-18 16:57:28 [main] INFO  o.a.catalina.core.StandardService - Starting service [Tomcat]
2023-06-18 16:57:28 [main] INFO  o.a.catalina.core.StandardEngine - Starting Servlet engine: [Apache Tomcat/9.0.74]
2023-06-18 16:57:28 [main] INFO  o.a.c.c.C.[.[.[/elastic-query-service] - Initializing Spring embedded WebApplicationContext
2023-06-18 16:57:28 [main] INFO  o.s.b.w.s.c.ServletWebServerApplicationContext - Root WebApplicationContext: initialization completed in 2062 ms
2023-06-18 16:57:30 [main] INFO  o.s.s.web.DefaultSecurityFilterChain - Will secure any request with [org.springframework.security.web.session.DisableEncodeUrlFilter@3dbb3fb7, org.springframework.security.web.context.request.async.WebAsyncManagerIntegrationFilter@68a426c3, org.springframework.security.web.context.SecurityContextPersistenceFilter@184de357, org.springframework.security.web.header.HeaderWriterFilter@3e28dc96, org.springframework.security.web.authentication.logout.LogoutFilter@5086623f, org.springframework.security.web.authentication.www.BasicAuthenticationFilter@18989e0, org.springframework.security.web.savedrequest.RequestCacheAwareFilter@6dcf7b6a, org.springframework.security.web.servletapi.SecurityContextHolderAwareRequestFilter@402d6012, org.springframework.security.web.authentication.AnonymousAuthenticationFilter@182cc69e, org.springframework.security.web.session.SessionManagementFilter@2086d469, org.springframework.security.web.access.ExceptionTranslationFilter@7e81617a, org.springframework.security.web.access.intercept.FilterSecurityInterceptor@27438750]
2023-06-18 16:57:30 [main] INFO  o.a.coyote.http11.Http11NioProtocol - Starting ProtocolHandler ["http-nio-8183"]
2023-06-18 16:57:30 [main] INFO  o.s.b.w.e.tomcat.TomcatWebServer - Tomcat started on port(s): 8183 (http) with context path '/elastic-query-service'
2023-06-18 16:57:30 [main] INFO  c.m.d.e.q.s.ElasticQueryServiceApplication - Started ElasticQueryServiceApplication in 10.925 seconds (JVM running for 12.097)
2023-06-18 17:00:27 [http-nio-8183-exec-1] INFO  o.a.c.c.C.[.[.[/elastic-query-service] - Initializing Spring DispatcherServlet 'dispatcherServlet'
2023-06-18 17:00:27 [http-nio-8183-exec-1] INFO  o.s.web.servlet.DispatcherServlet - Initializing Servlet 'dispatcherServlet'
2023-06-18 17:00:27 [http-nio-8183-exec-1] INFO  o.s.web.servlet.DispatcherServlet - Completed initialization in 2 ms
2023-06-18 17:01:49 [http-nio-8183-exec-3] WARN  o.s.w.s.m.s.DefaultHandlerExceptionResolver - Resolved [org.springframework.web.HttpMediaTypeNotSupportedException: Content type 'text/plain;charset=UTF-8' not supported]
2023-06-18 17:02:06 [http-nio-8183-exec-4] INFO  c.m.d.e.q.s.b.i.TwitterElasticQueryService - Querying elastic search by text test
2023-06-18 17:02:06 [http-nio-8183-exec-4] INFO  c.m.d.e.q.c.s.i.TwitterElasticQueryClient - 0 of documents with text test retrieved successfully
2023-06-18 17:03:12 [http-nio-8183-exec-6] INFO  c.m.d.e.q.s.b.i.TwitterElasticQueryService - Querying elastic search by text test
2023-06-18 17:03:12 [http-nio-8183-exec-6] INFO  c.m.d.e.q.c.s.i.TwitterElasticQueryClient - 0 of documents with text test retrieved successfully
2023-06-18 17:03:25 [http-nio-8183-exec-7] INFO  c.m.d.e.q.s.b.i.TwitterElasticQueryService - Querying elastic search by text testing
2023-06-18 17:03:25 [http-nio-8183-exec-7] INFO  c.m.d.e.q.c.s.i.TwitterElasticQueryClient - 1 of documents with text testing retrieved successfully
2023-06-18 17:11:59 [http-nio-8183-exec-9] INFO  c.m.d.e.q.s.b.i.TwitterElasticQueryService - Querying elastic search by id 1
2023-06-18 17:11:59 [http-nio-8183-exec-9] INFO  c.m.d.e.q.c.s.i.TwitterElasticQueryClient - Document with id 5761621607506093582 retrieved successfully
2023-06-18 17:12:17 [http-nio-8183-exec-10] INFO  c.m.d.e.q.s.b.i.TwitterElasticQueryService - Querying elastic search by id 11
2023-06-18 17:12:17 [http-nio-8183-exec-10] INFO  c.m.d.e.q.c.s.i.TwitterElasticQueryClient - Document with id 5761621607506093582 retrieved successfully
2023-06-18 17:12:22 [http-nio-8183-exec-1] INFO  c.m.d.e.q.s.b.i.TwitterElasticQueryService - Querying elastic search by id 12
2023-06-18 17:12:22 [http-nio-8183-exec-1] INFO  c.m.d.e.q.c.s.i.TwitterElasticQueryClient - Document with id 5761621607506093582 retrieved successfully
2023-06-18 17:12:29 [http-nio-8183-exec-2] INFO  c.m.d.e.q.s.b.i.TwitterElasticQueryService - Querying elastic search by id 2
2023-06-18 17:12:29 [http-nio-8183-exec-2] INFO  c.m.d.e.q.c.s.i.TwitterElasticQueryClient - Document with id 5761621607506093582 retrieved successfully
2023-06-18 17:12:39 [http-nio-8183-exec-3] INFO  c.m.d.e.q.s.b.i.TwitterElasticQueryService - Querying elastic search by id 122
2023-06-18 17:12:39 [http-nio-8183-exec-3] INFO  c.m.d.e.q.c.s.i.TwitterElasticQueryClient - Document with id 5761621607506093582 retrieved successfully
2023-06-18 17:12:43 [http-nio-8183-exec-4] INFO  c.m.d.e.q.s.b.i.TwitterElasticQueryService - Querying elastic search by id 122222
2023-06-18 17:12:43 [http-nio-8183-exec-4] INFO  c.m.d.e.q.c.s.i.TwitterElasticQueryClient - Document with id 5761621607506093582 retrieved successfully
2023-06-18 17:12:50 [http-nio-8183-exec-5] INFO  c.m.d.e.q.s.b.i.TwitterElasticQueryService - Querying elastic search by id 0
2023-06-18 17:12:50 [http-nio-8183-exec-5] INFO  c.m.d.e.q.c.s.i.TwitterElasticQueryClient - Document with id 5761621607506093582 retrieved successfully
2023-06-18 17:14:03 [http-nio-8183-exec-7] INFO  c.m.d.e.q.s.b.i.TwitterElasticQueryService - Querying all documents in elastic search
2023-06-18 17:14:03 [http-nio-8183-exec-7] INFO  c.m.d.e.q.c.s.i.TwitterElasticQueryClient - 3741 number of documents retrieved successfully
2023-06-18 17:14:03 [http-nio-8183-exec-7] INFO  c.m.d.e.q.s.a.ElasticDocumentController - Elasticsearch returned 10 of documents
