2023-09-20 01:56:43 [main] INFO  c.m.d.e.q.s.ElasticQueryServiceApplication - Starting ElasticQueryServiceApplication using Java 11.0.16 on localhost.localdomain with PID 9139 (/root/Downloads/technicalWork/idea-IC-222.3345.118/microservices-demo/elastic-query-service/target/classes started by root in /root/Downloads/technicalWork/idea-IC-222.3345.118/microservices-demo)
2023-09-20 01:56:43 [main] INFO  c.m.d.e.q.s.ElasticQueryServiceApplication - The following 1 profile is active: "elastic_query"
2023-09-20 01:56:43 [background-preinit] INFO  o.h.validator.internal.util.Version - HV000001: Hibernate Validator 6.2.5.Final
2023-09-20 01:56:43 [main] INFO  o.s.c.c.c.ConfigServerConfigDataLoader - Fetching config from server at : http://localhost:8888
2023-09-20 01:56:43 [main] INFO  o.s.c.c.c.ConfigServerConfigDataLoader - Located environment: name=config-client-elastic_query, profiles=[elastic_query], label=null, version=6e9eeb7c1459f483db2036bdd84cd30ba6f53d85, state=null
2023-09-20 01:56:45 [main] INFO  o.s.d.r.c.RepositoryConfigurationDelegate - Bootstrapping Spring Data Elasticsearch repositories in DEFAULT mode.
2023-09-20 01:56:45 [main] INFO  o.s.d.r.c.RepositoryConfigurationDelegate - Finished Spring Data repository scanning in 11 ms. Found 0 Elasticsearch repository interfaces.
2023-09-20 01:56:45 [main] INFO  o.s.d.r.c.RepositoryConfigurationDelegate - Bootstrapping Spring Data Reactive Elasticsearch repositories in DEFAULT mode.
2023-09-20 01:56:45 [main] INFO  o.s.d.r.c.RepositoryConfigurationDelegate - Finished Spring Data repository scanning in 3 ms. Found 0 Reactive Elasticsearch repository interfaces.
2023-09-20 01:56:45 [main] INFO  o.s.cloud.context.scope.GenericScope - BeanFactory id=2973dce7-4fed-3bbe-a4ec-bdc8ab8f00af
2023-09-20 01:56:46 [main] INFO  o.s.b.w.e.tomcat.TomcatWebServer - Tomcat initialized with port(s): 8183 (http)
2023-09-20 01:56:46 [main] INFO  o.a.coyote.http11.Http11NioProtocol - Initializing ProtocolHandler ["http-nio-8183"]
2023-09-20 01:56:46 [main] INFO  o.a.catalina.core.StandardService - Starting service [Tomcat]
2023-09-20 01:56:46 [main] INFO  o.a.catalina.core.StandardEngine - Starting Servlet engine: [Apache Tomcat/9.0.74]
2023-09-20 01:56:46 [main] INFO  o.a.c.c.C.[.[.[/elastic-query-service] - Initializing Spring embedded WebApplicationContext
2023-09-20 01:56:46 [main] INFO  o.s.b.w.s.c.ServletWebServerApplicationContext - Root WebApplicationContext: initialization completed in 2368 ms
2023-09-20 01:56:47 [main] WARN  o.s.s.c.a.web.builders.WebSecurity - You are asking Spring Security to ignore Ant [pattern='/api-docs']. This is not recommended -- please use permitAll via HttpSecurity#authorizeHttpRequests instead.
2023-09-20 01:56:47 [main] INFO  o.s.s.web.DefaultSecurityFilterChain - Will not secure Ant [pattern='/api-docs']
2023-09-20 01:56:47 [main] INFO  o.s.s.web.DefaultSecurityFilterChain - Will secure any request with [org.springframework.security.web.session.DisableEncodeUrlFilter@4ffe3d42, org.springframework.security.web.context.request.async.WebAsyncManagerIntegrationFilter@6cd7f381, org.springframework.security.web.context.SecurityContextPersistenceFilter@208e5b23, org.springframework.security.web.header.HeaderWriterFilter@39dda56f, org.springframework.security.web.authentication.logout.LogoutFilter@15914bb5, org.springframework.security.web.authentication.www.BasicAuthenticationFilter@6febec41, org.springframework.security.web.savedrequest.RequestCacheAwareFilter@aee05f4, org.springframework.security.web.servletapi.SecurityContextHolderAwareRequestFilter@1a01ffff, org.springframework.security.web.authentication.AnonymousAuthenticationFilter@7df3da0b, org.springframework.security.web.session.SessionManagementFilter@33a71d23, org.springframework.security.web.access.ExceptionTranslationFilter@61c5fd78, org.springframework.security.web.access.intercept.FilterSecurityInterceptor@7fc1fd31]
2023-09-20 01:56:49 [main] INFO  o.a.coyote.http11.Http11NioProtocol - Starting ProtocolHandler ["http-nio-8183"]
2023-09-20 01:56:49 [main] INFO  o.s.b.w.e.tomcat.TomcatWebServer - Tomcat started on port(s): 8183 (http) with context path '/elastic-query-service'
2023-09-20 01:56:49 [main] INFO  c.m.d.e.q.s.ElasticQueryServiceApplication - Started ElasticQueryServiceApplication in 11.792 seconds (JVM running for 13.078)
2023-09-20 01:57:44 [http-nio-8183-exec-1] INFO  o.a.c.c.C.[.[.[/elastic-query-service] - Initializing Spring DispatcherServlet 'dispatcherServlet'
2023-09-20 01:57:44 [http-nio-8183-exec-1] INFO  o.s.web.servlet.DispatcherServlet - Initializing Servlet 'dispatcherServlet'
2023-09-20 01:57:44 [http-nio-8183-exec-1] INFO  o.s.web.servlet.DispatcherServlet - Completed initialization in 4 ms
2023-09-20 01:57:46 [http-nio-8183-exec-2] INFO  c.m.d.e.q.s.b.i.TwitterElasticQueryService - Querying elastic search by id 2265376981313455186
2023-09-20 01:57:47 [http-nio-8183-exec-2] INFO  c.m.d.e.q.c.s.i.TwitterElasticQueryClient - Document with id 5761621607506093582 retrieved successfully
2023-09-20 01:57:47 [http-nio-8183-exec-2] INFO  c.m.d.e.q.s.a.ElasticDocumentController - Elasticsearch returned document in V1 method with id 2265376981313455186
2023-09-20 01:58:21 [http-nio-8183-exec-4] INFO  c.m.d.e.q.s.b.i.TwitterElasticQueryService - Querying elastic search by text sit
2023-09-20 01:58:21 [http-nio-8183-exec-4] INFO  c.m.d.e.q.c.s.i.TwitterElasticQueryClient - 2340 of documents with text sit retrieved successfully
