2023-09-05 23:06:23 [main] INFO  c.m.d.e.q.s.ElasticQueryServiceApplication - Starting ElasticQueryServiceApplication using Java 11.0.16 on localhost.localdomain with PID 11121 (/root/Downloads/technicalWork/idea-IC-222.3345.118/microservices-demo/elastic-query-service/target/classes started by root in /root/Downloads/technicalWork/idea-IC-222.3345.118/microservices-demo)
2023-09-05 23:06:23 [main] INFO  c.m.d.e.q.s.ElasticQueryServiceApplication - The following 1 profile is active: "elastic_query"
2023-09-05 23:06:23 [background-preinit] INFO  o.h.validator.internal.util.Version - HV000001: Hibernate Validator 6.2.5.Final
2023-09-05 23:06:23 [main] INFO  o.s.c.c.c.ConfigServerConfigDataLoader - Fetching config from server at : http://localhost:8888
2023-09-05 23:06:23 [main] INFO  o.s.c.c.c.ConfigServerConfigDataLoader - Located environment: name=config-client-elastic_query, profiles=[elastic_query], label=null, version=ee07f859c383516ec6c13450f9ed6518154164b0, state=null
2023-09-05 23:06:25 [main] INFO  o.s.d.r.c.RepositoryConfigurationDelegate - Bootstrapping Spring Data Elasticsearch repositories in DEFAULT mode.
2023-09-05 23:06:25 [main] INFO  o.s.d.r.c.RepositoryConfigurationDelegate - Finished Spring Data repository scanning in 14 ms. Found 0 Elasticsearch repository interfaces.
2023-09-05 23:06:25 [main] INFO  o.s.d.r.c.RepositoryConfigurationDelegate - Bootstrapping Spring Data Reactive Elasticsearch repositories in DEFAULT mode.
2023-09-05 23:06:25 [main] INFO  o.s.d.r.c.RepositoryConfigurationDelegate - Finished Spring Data repository scanning in 3 ms. Found 0 Reactive Elasticsearch repository interfaces.
2023-09-05 23:06:25 [main] INFO  o.s.cloud.context.scope.GenericScope - BeanFactory id=2973dce7-4fed-3bbe-a4ec-bdc8ab8f00af
2023-09-05 23:06:26 [main] INFO  o.s.b.w.e.tomcat.TomcatWebServer - Tomcat initialized with port(s): 8183 (http)
2023-09-05 23:06:26 [main] INFO  o.a.coyote.http11.Http11NioProtocol - Initializing ProtocolHandler ["http-nio-8183"]
2023-09-05 23:06:26 [main] INFO  o.a.catalina.core.StandardService - Starting service [Tomcat]
2023-09-05 23:06:26 [main] INFO  o.a.catalina.core.StandardEngine - Starting Servlet engine: [Apache Tomcat/9.0.74]
2023-09-05 23:06:26 [main] INFO  o.a.c.c.C.[.[.[/elastic-query-service] - Initializing Spring embedded WebApplicationContext
2023-09-05 23:06:26 [main] INFO  o.s.b.w.s.c.ServletWebServerApplicationContext - Root WebApplicationContext: initialization completed in 2320 ms
2023-09-05 23:06:27 [main] WARN  o.s.s.c.a.web.builders.WebSecurity - You are asking Spring Security to ignore Ant [pattern='/api-docs']. This is not recommended -- please use permitAll via HttpSecurity#authorizeHttpRequests instead.
2023-09-05 23:06:27 [main] INFO  o.s.s.web.DefaultSecurityFilterChain - Will not secure Ant [pattern='/api-docs']
2023-09-05 23:06:27 [main] INFO  o.s.s.web.DefaultSecurityFilterChain - Will secure any request with [org.springframework.security.web.session.DisableEncodeUrlFilter@58ebee9, org.springframework.security.web.context.request.async.WebAsyncManagerIntegrationFilter@131c0b6f, org.springframework.security.web.context.SecurityContextPersistenceFilter@61c5fd78, org.springframework.security.web.header.HeaderWriterFilter@4e2824b1, org.springframework.security.web.authentication.logout.LogoutFilter@661db63e, org.springframework.security.web.authentication.www.BasicAuthenticationFilter@15914bb5, org.springframework.security.web.savedrequest.RequestCacheAwareFilter@39dda56f, org.springframework.security.web.servletapi.SecurityContextHolderAwareRequestFilter@7bdb4f17, org.springframework.security.web.authentication.AnonymousAuthenticationFilter@7f030c72, org.springframework.security.web.session.SessionManagementFilter@7b8b07ae, org.springframework.security.web.access.ExceptionTranslationFilter@579f3c8e, org.springframework.security.web.access.intercept.FilterSecurityInterceptor@3c4059a]
2023-09-05 23:06:29 [main] INFO  o.a.coyote.http11.Http11NioProtocol - Starting ProtocolHandler ["http-nio-8183"]
2023-09-05 23:06:29 [main] INFO  o.s.b.w.e.tomcat.TomcatWebServer - Tomcat started on port(s): 8183 (http) with context path '/elastic-query-service'
2023-09-05 23:06:29 [main] INFO  c.m.d.e.q.s.ElasticQueryServiceApplication - Started ElasticQueryServiceApplication in 12.209 seconds (JVM running for 14.14)
2023-09-05 23:07:21 [http-nio-8183-exec-1] INFO  o.a.c.c.C.[.[.[/elastic-query-service] - Initializing Spring DispatcherServlet 'dispatcherServlet'
2023-09-05 23:07:21 [http-nio-8183-exec-1] INFO  o.s.web.servlet.DispatcherServlet - Initializing Servlet 'dispatcherServlet'
2023-09-05 23:07:21 [http-nio-8183-exec-1] INFO  o.s.web.servlet.DispatcherServlet - Completed initialization in 1 ms
2023-09-05 23:07:21 [http-nio-8183-exec-1] INFO  c.m.d.e.q.s.b.i.TwitterElasticQueryService - Querying elastic search by id 5761621607506093582
2023-09-05 23:07:22 [http-nio-8183-exec-1] INFO  c.m.d.e.q.c.s.i.TwitterElasticQueryClient - Document with id 5761621607506093582 retrieved successfully
2023-09-05 23:07:22 [http-nio-8183-exec-1] INFO  c.m.d.e.q.s.a.ElasticDocumentController - Elasticsearch returned document in V1 method with id 5761621607506093582
