2023-06-11 17:08:01 [main] INFO  c.m.d.e.q.s.ElasticQueryServiceApplication - Starting ElasticQueryServiceApplication using Java 11.0.16 on localhost.localdomain with PID 24351 (/root/Downloads/technicalWork/idea-IC-222.3345.118/microservices-demo/elastic-query-service/target/classes started by root in /root/Downloads/technicalWork/idea-IC-222.3345.118/microservices-demo)
2023-06-11 17:08:01 [main] INFO  c.m.d.e.q.s.ElasticQueryServiceApplication - The following 1 profile is active: "elastic_query"
2023-06-11 17:08:01 [main] INFO  o.s.c.c.c.ConfigServerConfigDataLoader - Fetching config from server at : http://localhost:8888
2023-06-11 17:08:01 [main] INFO  o.s.c.c.c.ConfigServerConfigDataLoader - Located environment: name=config-client-elastic_query, profiles=[elastic_query], label=null, version=93576b005011844d6689d81601360231b6410234, state=null
2023-06-11 17:08:02 [main] INFO  o.s.d.r.c.RepositoryConfigurationDelegate - Bootstrapping Spring Data Elasticsearch repositories in DEFAULT mode.
2023-06-11 17:08:02 [main] INFO  o.s.d.r.c.RepositoryConfigurationDelegate - Finished Spring Data repository scanning in 8 ms. Found 0 Elasticsearch repository interfaces.
2023-06-11 17:08:02 [main] INFO  o.s.d.r.c.RepositoryConfigurationDelegate - Bootstrapping Spring Data Reactive Elasticsearch repositories in DEFAULT mode.
2023-06-11 17:08:02 [main] INFO  o.s.d.r.c.RepositoryConfigurationDelegate - Finished Spring Data repository scanning in 2 ms. Found 0 Reactive Elasticsearch repository interfaces.
2023-06-11 17:08:02 [main] INFO  o.s.cloud.context.scope.GenericScope - BeanFactory id=4c727a22-4d0c-34f5-96d8-d2b6ddf3cc34
2023-06-11 17:08:03 [main] INFO  o.s.b.w.e.tomcat.TomcatWebServer - Tomcat initialized with port(s): 8183 (http)
2023-06-11 17:08:03 [main] INFO  o.a.coyote.http11.Http11NioProtocol - Initializing ProtocolHandler ["http-nio-8183"]
2023-06-11 17:08:03 [main] INFO  o.a.catalina.core.StandardService - Starting service [Tomcat]
2023-06-11 17:08:03 [main] INFO  o.a.catalina.core.StandardEngine - Starting Servlet engine: [Apache Tomcat/9.0.74]
2023-06-11 17:08:03 [main] INFO  o.a.c.c.C.[.[.[/elastic-query-service] - Initializing Spring embedded WebApplicationContext
2023-06-11 17:08:03 [main] INFO  o.s.b.w.s.c.ServletWebServerApplicationContext - Root WebApplicationContext: initialization completed in 1945 ms
2023-06-11 17:08:04 [main] WARN  o.s.b.a.s.s.UserDetailsServiceAutoConfiguration - 

Using generated security password: 8c426948-8a5c-45a2-8ef9-08b9d0d929c0

This generated password is for development use only. Your security configuration must be updated before running your application in production.

2023-06-11 17:08:04 [main] INFO  o.s.s.web.DefaultSecurityFilterChain - Will secure any request with [org.springframework.security.web.session.DisableEncodeUrlFilter@36525ab, org.springframework.security.web.context.request.async.WebAsyncManagerIntegrationFilter@27438750, org.springframework.security.web.context.SecurityContextPersistenceFilter@78eafad, org.springframework.security.web.header.HeaderWriterFilter@4eb63dc8, org.springframework.security.web.csrf.CsrfFilter@7e81617a, org.springframework.security.web.authentication.logout.LogoutFilter@285bf5ac, org.springframework.security.web.savedrequest.RequestCacheAwareFilter@26d028f7, org.springframework.security.web.servletapi.SecurityContextHolderAwareRequestFilter@6f2d3391, org.springframework.security.web.authentication.AnonymousAuthenticationFilter@39851c5, org.springframework.security.web.session.SessionManagementFilter@7ec13984, org.springframework.security.web.access.ExceptionTranslationFilter@247bbfba, org.springframework.security.web.access.intercept.FilterSecurityInterceptor@6e948f1c]
2023-06-11 17:08:05 [main] INFO  o.a.coyote.http11.Http11NioProtocol - Starting ProtocolHandler ["http-nio-8183"]
2023-06-11 17:08:05 [main] INFO  o.s.b.w.e.tomcat.TomcatWebServer - Tomcat started on port(s): 8183 (http) with context path '/elastic-query-service'
2023-06-11 17:08:05 [main] INFO  c.m.d.e.q.s.ElasticQueryServiceApplication - Started ElasticQueryServiceApplication in 9.775 seconds (JVM running for 11.127)
2023-06-11 17:10:00 [http-nio-8183-exec-1] INFO  o.a.c.c.C.[.[.[/elastic-query-service] - Initializing Spring DispatcherServlet 'dispatcherServlet'
2023-06-11 17:10:00 [http-nio-8183-exec-1] INFO  o.s.web.servlet.DispatcherServlet - Initializing Servlet 'dispatcherServlet'
2023-06-11 17:10:00 [http-nio-8183-exec-1] INFO  o.s.web.servlet.DispatcherServlet - Completed initialization in 2 ms
2023-06-11 17:10:00 [http-nio-8183-exec-1] INFO  c.m.d.e.q.s.a.ElasticDocumentController - Elasticsearch returned 0 of documents
2023-06-11 17:48:26 [main] INFO  c.m.d.e.q.s.ElasticQueryServiceApplication - Starting ElasticQueryServiceApplication using Java 11.0.16 on localhost.localdomain with PID 25939 (/root/Downloads/technicalWork/idea-IC-222.3345.118/microservices-demo/elastic-query-service/target/classes started by root in /root/Downloads/technicalWork/idea-IC-222.3345.118/microservices-demo)
2023-06-11 17:48:26 [main] INFO  c.m.d.e.q.s.ElasticQueryServiceApplication - The following 1 profile is active: "elastic_query"
2023-06-11 17:48:26 [main] INFO  o.s.c.c.c.ConfigServerConfigDataLoader - Fetching config from server at : http://localhost:8888
2023-06-11 17:48:26 [main] INFO  o.s.c.c.c.ConfigServerConfigDataLoader - Located environment: name=config-client-elastic_query, profiles=[elastic_query], label=null, version=93576b005011844d6689d81601360231b6410234, state=null
2023-06-11 17:48:27 [main] INFO  o.s.d.r.c.RepositoryConfigurationDelegate - Bootstrapping Spring Data Elasticsearch repositories in DEFAULT mode.
2023-06-11 17:48:27 [main] INFO  o.s.d.r.c.RepositoryConfigurationDelegate - Finished Spring Data repository scanning in 8 ms. Found 0 Elasticsearch repository interfaces.
2023-06-11 17:48:27 [main] INFO  o.s.d.r.c.RepositoryConfigurationDelegate - Bootstrapping Spring Data Reactive Elasticsearch repositories in DEFAULT mode.
2023-06-11 17:48:27 [main] INFO  o.s.d.r.c.RepositoryConfigurationDelegate - Finished Spring Data repository scanning in 2 ms. Found 0 Reactive Elasticsearch repository interfaces.
2023-06-11 17:48:27 [main] INFO  o.s.cloud.context.scope.GenericScope - BeanFactory id=4c727a22-4d0c-34f5-96d8-d2b6ddf3cc34
2023-06-11 17:48:28 [main] INFO  o.s.b.w.e.tomcat.TomcatWebServer - Tomcat initialized with port(s): 8183 (http)
2023-06-11 17:48:28 [main] INFO  o.a.coyote.http11.Http11NioProtocol - Initializing ProtocolHandler ["http-nio-8183"]
2023-06-11 17:48:28 [main] INFO  o.a.catalina.core.StandardService - Starting service [Tomcat]
2023-06-11 17:48:28 [main] INFO  o.a.catalina.core.StandardEngine - Starting Servlet engine: [Apache Tomcat/9.0.74]
2023-06-11 17:48:28 [main] INFO  o.a.c.c.C.[.[.[/elastic-query-service] - Initializing Spring embedded WebApplicationContext
2023-06-11 17:48:28 [main] INFO  o.s.b.w.s.c.ServletWebServerApplicationContext - Root WebApplicationContext: initialization completed in 1805 ms
2023-06-11 17:48:29 [main] INFO  o.s.s.web.DefaultSecurityFilterChain - Will secure any request with [org.springframework.security.web.session.DisableEncodeUrlFilter@5e158f33, org.springframework.security.web.context.request.async.WebAsyncManagerIntegrationFilter@20fcea37, org.springframework.security.web.context.SecurityContextPersistenceFilter@4be12f6c, org.springframework.security.web.header.HeaderWriterFilter@7afb9c93, org.springframework.security.web.authentication.logout.LogoutFilter@17c53dfb, org.springframework.security.web.authentication.www.BasicAuthenticationFilter@5d221b20, org.springframework.security.web.savedrequest.RequestCacheAwareFilter@1d1c37d5, org.springframework.security.web.servletapi.SecurityContextHolderAwareRequestFilter@1fee4278, org.springframework.security.web.authentication.AnonymousAuthenticationFilter@399af6dc, org.springframework.security.web.session.SessionManagementFilter@5d08976a, org.springframework.security.web.access.ExceptionTranslationFilter@38a96593, org.springframework.security.web.access.intercept.FilterSecurityInterceptor@131ba005]
2023-06-11 17:48:29 [main] INFO  o.a.coyote.http11.Http11NioProtocol - Starting ProtocolHandler ["http-nio-8183"]
2023-06-11 17:48:29 [main] INFO  o.s.b.w.e.tomcat.TomcatWebServer - Tomcat started on port(s): 8183 (http) with context path '/elastic-query-service'
2023-06-11 17:48:30 [main] INFO  o.s.cloud.commons.util.InetUtils - Cannot determine local hostname
2023-06-11 17:48:30 [main] INFO  c.m.d.e.q.s.ElasticQueryServiceApplication - Started ElasticQueryServiceApplication in 10.807 seconds (JVM running for 11.877)
2023-06-11 17:48:46 [http-nio-8183-exec-1] INFO  o.a.c.c.C.[.[.[/elastic-query-service] - Initializing Spring DispatcherServlet 'dispatcherServlet'
2023-06-11 17:48:46 [http-nio-8183-exec-1] INFO  o.s.web.servlet.DispatcherServlet - Initializing Servlet 'dispatcherServlet'
2023-06-11 17:48:46 [http-nio-8183-exec-1] INFO  o.s.web.servlet.DispatcherServlet - Completed initialization in 1 ms
2023-06-11 17:50:33 [http-nio-8183-exec-2] INFO  c.m.d.e.q.s.a.ElasticDocumentController - Elasticsearch returned 0 of documents
2023-06-11 17:50:39 [http-nio-8183-exec-6] INFO  c.m.d.e.q.s.a.ElasticDocumentController - Elasticsearch returned 0 of documents
2023-06-11 17:50:40 [http-nio-8183-exec-5] INFO  c.m.d.e.q.s.a.ElasticDocumentController - Elasticsearch returned 0 of documents
2023-06-11 17:50:45 [http-nio-8183-exec-7] INFO  c.m.d.e.q.s.a.ElasticDocumentController - Elasticsearch returned 0 of documents
2023-06-11 17:51:02 [http-nio-8183-exec-8] INFO  c.m.d.e.q.s.a.ElasticDocumentController - Elasticsearch returned 0 of documents
2023-06-11 18:07:28 [main] INFO  c.m.d.e.q.s.ElasticQueryServiceApplication - Starting ElasticQueryServiceApplication using Java 11.0.16 on localhost.localdomain with PID 27009 (/root/Downloads/technicalWork/idea-IC-222.3345.118/microservices-demo/elastic-query-service/target/classes started by root in /root/Downloads/technicalWork/idea-IC-222.3345.118/microservices-demo)
2023-06-11 18:07:28 [main] INFO  c.m.d.e.q.s.ElasticQueryServiceApplication - The following 1 profile is active: "elastic_query"
2023-06-11 18:07:28 [main] INFO  o.s.c.c.c.ConfigServerConfigDataLoader - Fetching config from server at : http://localhost:8888
2023-06-11 18:07:28 [main] INFO  o.s.c.c.c.ConfigServerConfigDataLoader - Located environment: name=config-client-elastic_query, profiles=[elastic_query], label=null, version=d1b8cad031785e57764b45a52912652da6a6dfb0, state=null
2023-06-11 18:07:29 [main] INFO  o.s.d.r.c.RepositoryConfigurationDelegate - Bootstrapping Spring Data Elasticsearch repositories in DEFAULT mode.
2023-06-11 18:07:29 [main] INFO  o.s.d.r.c.RepositoryConfigurationDelegate - Finished Spring Data repository scanning in 8 ms. Found 0 Elasticsearch repository interfaces.
2023-06-11 18:07:29 [main] INFO  o.s.d.r.c.RepositoryConfigurationDelegate - Bootstrapping Spring Data Reactive Elasticsearch repositories in DEFAULT mode.
2023-06-11 18:07:29 [main] INFO  o.s.d.r.c.RepositoryConfigurationDelegate - Finished Spring Data repository scanning in 1 ms. Found 0 Reactive Elasticsearch repository interfaces.
2023-06-11 18:07:29 [main] INFO  o.s.cloud.context.scope.GenericScope - BeanFactory id=58d95e11-c115-373b-a556-a0dfe099d17c
2023-06-11 18:07:30 [main] INFO  o.s.b.w.e.tomcat.TomcatWebServer - Tomcat initialized with port(s): 8183 (http)
2023-06-11 18:07:30 [main] INFO  o.a.coyote.http11.Http11NioProtocol - Initializing ProtocolHandler ["http-nio-8183"]
2023-06-11 18:07:30 [main] INFO  o.a.catalina.core.StandardService - Starting service [Tomcat]
2023-06-11 18:07:30 [main] INFO  o.a.catalina.core.StandardEngine - Starting Servlet engine: [Apache Tomcat/9.0.74]
2023-06-11 18:07:30 [main] INFO  o.a.c.c.C.[.[.[/elastic-query-service] - Initializing Spring embedded WebApplicationContext
2023-06-11 18:07:30 [main] INFO  o.s.b.w.s.c.ServletWebServerApplicationContext - Root WebApplicationContext: initialization completed in 1974 ms
2023-06-11 18:07:31 [main] INFO  o.s.s.web.DefaultSecurityFilterChain - Will secure any request with [org.springframework.security.web.session.DisableEncodeUrlFilter@6dd20ec9, org.springframework.security.web.context.request.async.WebAsyncManagerIntegrationFilter@20dd5870, org.springframework.security.web.context.SecurityContextPersistenceFilter@79604abe, org.springframework.security.web.header.HeaderWriterFilter@5d08976a, org.springframework.security.web.authentication.logout.LogoutFilter@1573e8a5, org.springframework.security.web.authentication.www.BasicAuthenticationFilter@6f2d3391, org.springframework.security.web.savedrequest.RequestCacheAwareFilter@2b6262bc, org.springframework.security.web.servletapi.SecurityContextHolderAwareRequestFilter@44eb2452, org.springframework.security.web.authentication.AnonymousAuthenticationFilter@1640f20f, org.springframework.security.web.session.SessionManagementFilter@20864cd1, org.springframework.security.web.access.ExceptionTranslationFilter@3dfe59d7, org.springframework.security.web.access.intercept.FilterSecurityInterceptor@20fcea37]
2023-06-11 18:07:33 [main] INFO  o.s.cloud.commons.util.InetUtils - Cannot determine local hostname
2023-06-11 18:07:33 [main] INFO  o.a.coyote.http11.Http11NioProtocol - Starting ProtocolHandler ["http-nio-8183"]
2023-06-11 18:07:33 [main] INFO  o.s.b.w.e.tomcat.TomcatWebServer - Tomcat started on port(s): 8183 (http) with context path '/elastic-query-service'
2023-06-11 18:07:34 [main] INFO  o.s.cloud.commons.util.InetUtils - Cannot determine local hostname
2023-06-11 18:07:34 [main] INFO  c.m.d.e.q.s.ElasticQueryServiceApplication - Started ElasticQueryServiceApplication in 12.968 seconds (JVM running for 14.196)
2023-06-11 18:09:07 [http-nio-8183-exec-1] INFO  o.a.c.c.C.[.[.[/elastic-query-service] - Initializing Spring DispatcherServlet 'dispatcherServlet'
2023-06-11 18:09:07 [http-nio-8183-exec-1] INFO  o.s.web.servlet.DispatcherServlet - Initializing Servlet 'dispatcherServlet'
2023-06-11 18:09:07 [http-nio-8183-exec-1] INFO  o.s.web.servlet.DispatcherServlet - Completed initialization in 1 ms
2023-06-11 18:09:07 [http-nio-8183-exec-1] ERROR o.a.c.c.C.[.[.[.[dispatcherServlet] - Servlet.service() for servlet [dispatcherServlet] in context with path [/elastic-query-service] threw exception
java.lang.IllegalArgumentException: There is no PasswordEncoder mapped for the id "null"
	at org.springframework.security.crypto.password.DelegatingPasswordEncoder$UnmappedIdPasswordEncoder.matches(DelegatingPasswordEncoder.java:289)
	at org.springframework.security.crypto.password.DelegatingPasswordEncoder.matches(DelegatingPasswordEncoder.java:237)
	at org.springframework.security.config.annotation.web.configuration.WebSecurityConfigurerAdapter$LazyPasswordEncoder.matches(WebSecurityConfigurerAdapter.java:616)
	at org.springframework.security.authentication.dao.DaoAuthenticationProvider.additionalAuthenticationChecks(DaoAuthenticationProvider.java:77)
	at org.springframework.security.authentication.dao.AbstractUserDetailsAuthenticationProvider.authenticate(AbstractUserDetailsAuthenticationProvider.java:147)
	at org.springframework.security.authentication.ProviderManager.authenticate(ProviderManager.java:182)
	at org.springframework.security.authentication.ProviderManager.authenticate(ProviderManager.java:201)
	at org.springframework.security.web.authentication.www.BasicAuthenticationFilter.doFilterInternal(BasicAuthenticationFilter.java:172)
	at org.springframework.web.filter.OncePerRequestFilter.doFilter(OncePerRequestFilter.java:117)
	at org.springframework.security.web.FilterChainProxy$VirtualFilterChain.doFilter(FilterChainProxy.java:346)
	at org.springframework.security.web.authentication.logout.LogoutFilter.doFilter(LogoutFilter.java:103)
	at org.springframework.security.web.authentication.logout.LogoutFilter.doFilter(LogoutFilter.java:89)
	at org.springframework.security.web.FilterChainProxy$VirtualFilterChain.doFilter(FilterChainProxy.java:346)
	at org.springframework.security.web.header.HeaderWriterFilter.doHeadersAfter(HeaderWriterFilter.java:90)
	at org.springframework.security.web.header.HeaderWriterFilter.doFilterInternal(HeaderWriterFilter.java:75)
	at org.springframework.web.filter.OncePerRequestFilter.doFilter(OncePerRequestFilter.java:117)
	at org.springframework.security.web.FilterChainProxy$VirtualFilterChain.doFilter(FilterChainProxy.java:346)
	at org.springframework.security.web.context.SecurityContextPersistenceFilter.doFilter(SecurityContextPersistenceFilter.java:112)
	at org.springframework.security.web.context.SecurityContextPersistenceFilter.doFilter(SecurityContextPersistenceFilter.java:82)
	at org.springframework.security.web.FilterChainProxy$VirtualFilterChain.doFilter(FilterChainProxy.java:346)
	at org.springframework.security.web.context.request.async.WebAsyncManagerIntegrationFilter.doFilterInternal(WebAsyncManagerIntegrationFilter.java:55)
	at org.springframework.web.filter.OncePerRequestFilter.doFilter(OncePerRequestFilter.java:117)
	at org.springframework.security.web.FilterChainProxy$VirtualFilterChain.doFilter(FilterChainProxy.java:346)
	at org.springframework.security.web.session.DisableEncodeUrlFilter.doFilterInternal(DisableEncodeUrlFilter.java:42)
	at org.springframework.web.filter.OncePerRequestFilter.doFilter(OncePerRequestFilter.java:117)
	at org.springframework.security.web.FilterChainProxy$VirtualFilterChain.doFilter(FilterChainProxy.java:346)
	at org.springframework.security.web.FilterChainProxy.doFilterInternal(FilterChainProxy.java:221)
	at org.springframework.security.web.FilterChainProxy.doFilter(FilterChainProxy.java:186)
	at org.springframework.web.filter.DelegatingFilterProxy.invokeDelegate(DelegatingFilterProxy.java:354)
	at org.springframework.web.filter.DelegatingFilterProxy.doFilter(DelegatingFilterProxy.java:267)
	at org.apache.catalina.core.ApplicationFilterChain.internalDoFilter(ApplicationFilterChain.java:178)
	at org.apache.catalina.core.ApplicationFilterChain.doFilter(ApplicationFilterChain.java:153)
	at org.springframework.web.filter.RequestContextFilter.doFilterInternal(RequestContextFilter.java:100)
	at org.springframework.web.filter.OncePerRequestFilter.doFilter(OncePerRequestFilter.java:117)
	at org.apache.catalina.core.ApplicationFilterChain.internalDoFilter(ApplicationFilterChain.java:178)
	at org.apache.catalina.core.ApplicationFilterChain.doFilter(ApplicationFilterChain.java:153)
	at org.springframework.web.filter.FormContentFilter.doFilterInternal(FormContentFilter.java:93)
	at org.springframework.web.filter.OncePerRequestFilter.doFilter(OncePerRequestFilter.java:117)
	at org.apache.catalina.core.ApplicationFilterChain.internalDoFilter(ApplicationFilterChain.java:178)
	at org.apache.catalina.core.ApplicationFilterChain.doFilter(ApplicationFilterChain.java:153)
	at org.springframework.web.filter.CharacterEncodingFilter.doFilterInternal(CharacterEncodingFilter.java:201)
	at org.springframework.web.filter.OncePerRequestFilter.doFilter(OncePerRequestFilter.java:117)
	at org.apache.catalina.core.ApplicationFilterChain.internalDoFilter(ApplicationFilterChain.java:178)
	at org.apache.catalina.core.ApplicationFilterChain.doFilter(ApplicationFilterChain.java:153)
	at org.apache.catalina.core.StandardWrapperValve.invoke(StandardWrapperValve.java:167)
	at org.apache.catalina.core.StandardContextValve.invoke(StandardContextValve.java:90)
	at org.apache.catalina.authenticator.AuthenticatorBase.invoke(AuthenticatorBase.java:481)
	at org.apache.catalina.core.StandardHostValve.invoke(StandardHostValve.java:130)
	at org.apache.catalina.valves.ErrorReportValve.invoke(ErrorReportValve.java:93)
	at org.apache.catalina.core.StandardEngineValve.invoke(StandardEngineValve.java:74)
	at org.apache.catalina.connector.CoyoteAdapter.service(CoyoteAdapter.java:343)
	at org.apache.coyote.http11.Http11Processor.service(Http11Processor.java:389)
	at org.apache.coyote.AbstractProcessorLight.process(AbstractProcessorLight.java:63)
	at org.apache.coyote.AbstractProtocol$ConnectionHandler.process(AbstractProtocol.java:926)
	at org.apache.tomcat.util.net.NioEndpoint$SocketProcessor.doRun(NioEndpoint.java:1791)
	at org.apache.tomcat.util.net.SocketProcessorBase.run(SocketProcessorBase.java:52)
	at org.apache.tomcat.util.threads.ThreadPoolExecutor.runWorker(ThreadPoolExecutor.java:1191)
	at org.apache.tomcat.util.threads.ThreadPoolExecutor$Worker.run(ThreadPoolExecutor.java:659)
	at org.apache.tomcat.util.threads.TaskThread$WrappingRunnable.run(TaskThread.java:61)
	at java.base/java.lang.Thread.run(Thread.java:829)
2023-06-11 18:11:46 [main] INFO  c.m.d.e.q.s.ElasticQueryServiceApplication - Starting ElasticQueryServiceApplication using Java 11.0.16 on localhost.localdomain with PID 27293 (/root/Downloads/technicalWork/idea-IC-222.3345.118/microservices-demo/elastic-query-service/target/classes started by root in /root/Downloads/technicalWork/idea-IC-222.3345.118/microservices-demo)
2023-06-11 18:11:46 [main] INFO  c.m.d.e.q.s.ElasticQueryServiceApplication - The following 1 profile is active: "elastic_query"
2023-06-11 18:11:46 [main] INFO  o.s.c.c.c.ConfigServerConfigDataLoader - Fetching config from server at : http://localhost:8888
2023-06-11 18:11:46 [main] INFO  o.s.c.c.c.ConfigServerConfigDataLoader - Located environment: name=config-client-elastic_query, profiles=[elastic_query], label=null, version=d1b8cad031785e57764b45a52912652da6a6dfb0, state=null
2023-06-11 18:11:47 [main] INFO  o.s.d.r.c.RepositoryConfigurationDelegate - Bootstrapping Spring Data Elasticsearch repositories in DEFAULT mode.
2023-06-11 18:11:47 [main] INFO  o.s.d.r.c.RepositoryConfigurationDelegate - Finished Spring Data repository scanning in 9 ms. Found 0 Elasticsearch repository interfaces.
2023-06-11 18:11:47 [main] INFO  o.s.d.r.c.RepositoryConfigurationDelegate - Bootstrapping Spring Data Reactive Elasticsearch repositories in DEFAULT mode.
2023-06-11 18:11:47 [main] INFO  o.s.d.r.c.RepositoryConfigurationDelegate - Finished Spring Data repository scanning in 1 ms. Found 0 Reactive Elasticsearch repository interfaces.
2023-06-11 18:11:47 [main] INFO  o.s.cloud.context.scope.GenericScope - BeanFactory id=abb9d34c-2742-3189-8ecf-d4de5928079c
2023-06-11 18:11:47 [main] INFO  o.s.b.w.e.tomcat.TomcatWebServer - Tomcat initialized with port(s): 8183 (http)
2023-06-11 18:11:47 [main] INFO  o.a.coyote.http11.Http11NioProtocol - Initializing ProtocolHandler ["http-nio-8183"]
2023-06-11 18:11:47 [main] INFO  o.a.catalina.core.StandardService - Starting service [Tomcat]
2023-06-11 18:11:47 [main] INFO  o.a.catalina.core.StandardEngine - Starting Servlet engine: [Apache Tomcat/9.0.74]
2023-06-11 18:11:48 [main] INFO  o.a.c.c.C.[.[.[/elastic-query-service] - Initializing Spring embedded WebApplicationContext
2023-06-11 18:11:48 [main] INFO  o.s.b.w.s.c.ServletWebServerApplicationContext - Root WebApplicationContext: initialization completed in 1979 ms
2023-06-11 18:11:49 [main] INFO  o.s.s.web.DefaultSecurityFilterChain - Will secure any request with [org.springframework.security.web.session.DisableEncodeUrlFilter@39851c5, org.springframework.security.web.context.request.async.WebAsyncManagerIntegrationFilter@2c7ad4f3, org.springframework.security.web.context.SecurityContextPersistenceFilter@49c83262, org.springframework.security.web.header.HeaderWriterFilter@5c839677, org.springframework.security.web.authentication.logout.LogoutFilter@a2df0d5, org.springframework.security.web.authentication.www.BasicAuthenticationFilter@2c9cafa5, org.springframework.security.web.savedrequest.RequestCacheAwareFilter@77bb916f, org.springframework.security.web.servletapi.SecurityContextHolderAwareRequestFilter@17c53dfb, org.springframework.security.web.authentication.AnonymousAuthenticationFilter@698f4aa, org.springframework.security.web.session.SessionManagementFilter@76b305e1, org.springframework.security.web.access.ExceptionTranslationFilter@51132514, org.springframework.security.web.access.intercept.FilterSecurityInterceptor@35010a6b]
2023-06-11 18:11:49 [main] INFO  o.a.coyote.http11.Http11NioProtocol - Starting ProtocolHandler ["http-nio-8183"]
2023-06-11 18:11:49 [main] INFO  o.s.b.w.e.tomcat.TomcatWebServer - Tomcat started on port(s): 8183 (http) with context path '/elastic-query-service'
2023-06-11 18:11:50 [main] INFO  o.s.cloud.commons.util.InetUtils - Cannot determine local hostname
2023-06-11 18:11:50 [main] INFO  c.m.d.e.q.s.ElasticQueryServiceApplication - Started ElasticQueryServiceApplication in 11.128 seconds (JVM running for 12.108)
2023-06-11 18:11:54 [http-nio-8183-exec-1] INFO  o.a.c.c.C.[.[.[/elastic-query-service] - Initializing Spring DispatcherServlet 'dispatcherServlet'
2023-06-11 18:11:54 [http-nio-8183-exec-1] INFO  o.s.web.servlet.DispatcherServlet - Initializing Servlet 'dispatcherServlet'
2023-06-11 18:11:54 [http-nio-8183-exec-1] INFO  o.s.web.servlet.DispatcherServlet - Completed initialization in 1 ms
2023-06-11 18:11:54 [http-nio-8183-exec-1] INFO  c.m.d.e.q.s.a.ElasticDocumentController - Elasticsearch returned 0 of documents
2023-06-11 18:13:13 [http-nio-8183-exec-4] WARN  o.s.w.s.m.s.DefaultHandlerExceptionResolver - Resolved [org.springframework.http.converter.HttpMessageNotReadableException: JSON parse error: Unexpected character ('}' (code 125)): was expecting double-quote to start field name; nested exception is com.fasterxml.jackson.core.JsonParseException: Unexpected character ('}' (code 125)): was expecting double-quote to start field name<EOL> at [Source: (org.springframework.util.StreamUtils$NonClosingInputStream); line: 4, column: 2]]
2023-06-11 23:17:57 [main] INFO  c.m.d.e.q.s.ElasticQueryServiceApplication - Starting ElasticQueryServiceApplication using Java 11.0.16 on localhost.localdomain with PID 32541 (/root/Downloads/technicalWork/idea-IC-222.3345.118/microservices-demo/elastic-query-service/target/classes started by root in /root/Downloads/technicalWork/idea-IC-222.3345.118/microservices-demo)
2023-06-11 23:17:57 [main] INFO  c.m.d.e.q.s.ElasticQueryServiceApplication - The following 1 profile is active: "elastic_query"
2023-06-11 23:17:57 [main] INFO  o.s.c.c.c.ConfigServerConfigDataLoader - Fetching config from server at : http://localhost:8888
2023-06-11 23:17:57 [main] INFO  o.s.c.c.c.ConfigServerConfigDataLoader - Located environment: name=config-client-elastic_query, profiles=[elastic_query], label=null, version=d1b8cad031785e57764b45a52912652da6a6dfb0, state=null
2023-06-11 23:17:58 [main] INFO  o.s.d.r.c.RepositoryConfigurationDelegate - Bootstrapping Spring Data Elasticsearch repositories in DEFAULT mode.
2023-06-11 23:17:58 [main] INFO  o.s.d.r.c.RepositoryConfigurationDelegate - Finished Spring Data repository scanning in 9 ms. Found 0 Elasticsearch repository interfaces.
2023-06-11 23:17:58 [main] INFO  o.s.d.r.c.RepositoryConfigurationDelegate - Bootstrapping Spring Data Reactive Elasticsearch repositories in DEFAULT mode.
2023-06-11 23:17:58 [main] INFO  o.s.d.r.c.RepositoryConfigurationDelegate - Finished Spring Data repository scanning in 2 ms. Found 0 Reactive Elasticsearch repository interfaces.
2023-06-11 23:17:58 [main] INFO  o.s.cloud.context.scope.GenericScope - BeanFactory id=abb9d34c-2742-3189-8ecf-d4de5928079c
2023-06-11 23:17:59 [main] INFO  o.s.b.w.e.tomcat.TomcatWebServer - Tomcat initialized with port(s): 8183 (http)
2023-06-11 23:17:59 [main] INFO  o.a.coyote.http11.Http11NioProtocol - Initializing ProtocolHandler ["http-nio-8183"]
2023-06-11 23:17:59 [main] INFO  o.a.catalina.core.StandardService - Starting service [Tomcat]
2023-06-11 23:17:59 [main] INFO  o.a.catalina.core.StandardEngine - Starting Servlet engine: [Apache Tomcat/9.0.74]
2023-06-11 23:17:59 [main] INFO  o.a.c.c.C.[.[.[/elastic-query-service] - Initializing Spring embedded WebApplicationContext
2023-06-11 23:17:59 [main] INFO  o.s.b.w.s.c.ServletWebServerApplicationContext - Root WebApplicationContext: initialization completed in 2009 ms
2023-06-11 23:17:59 [main] WARN  o.s.b.w.s.c.AnnotationConfigServletWebServerApplicationContext - Exception encountered during context initialization - cancelling refresh attempt: org.springframework.beans.factory.UnsatisfiedDependencyException: Error creating bean with name 'elasticDocumentController' defined in file [/root/Downloads/technicalWork/idea-IC-222.3345.118/microservices-demo/elastic-query-service/target/classes/com/microservices/demo/elastic/query/service/api/ElasticDocumentController.class]: Unsatisfied dependency expressed through constructor parameter 0; nested exception is org.springframework.beans.factory.NoSuchBeanDefinitionException: No qualifying bean of type 'com.microservices.demo.elastic.query.service.business.ElasticQueryService' available: expected at least 1 bean which qualifies as autowire candidate. Dependency annotations: {}
2023-06-11 23:17:59 [main] INFO  o.a.catalina.core.StandardService - Stopping service [Tomcat]
2023-06-11 23:17:59 [main] INFO  o.s.b.a.l.ConditionEvaluationReportLoggingListener - 

Error starting ApplicationContext. To display the conditions report re-run your application with 'debug' enabled.
2023-06-11 23:17:59 [main] ERROR o.s.b.d.LoggingFailureAnalysisReporter - 

***************************
APPLICATION FAILED TO START
***************************

Description:

Parameter 0 of constructor in com.microservices.demo.elastic.query.service.api.ElasticDocumentController required a bean of type 'com.microservices.demo.elastic.query.service.business.ElasticQueryService' that could not be found.


Action:

Consider defining a bean of type 'com.microservices.demo.elastic.query.service.business.ElasticQueryService' in your configuration.

2023-06-11 23:29:06 [main] INFO  c.m.d.e.q.s.ElasticQueryServiceApplication - Starting ElasticQueryServiceApplication using Java 11.0.16 on localhost.localdomain with PID 560 (/root/Downloads/technicalWork/idea-IC-222.3345.118/microservices-demo/elastic-query-service/target/classes started by root in /root/Downloads/technicalWork/idea-IC-222.3345.118/microservices-demo)
2023-06-11 23:29:07 [main] INFO  c.m.d.e.q.s.ElasticQueryServiceApplication - The following 1 profile is active: "elastic_query"
2023-06-11 23:29:07 [main] INFO  o.s.c.c.c.ConfigServerConfigDataLoader - Fetching config from server at : http://localhost:8888
2023-06-11 23:29:07 [main] INFO  o.s.c.c.c.ConfigServerConfigDataLoader - Located environment: name=config-client-elastic_query, profiles=[elastic_query], label=null, version=d1b8cad031785e57764b45a52912652da6a6dfb0, state=null
2023-06-11 23:29:08 [main] INFO  o.s.d.r.c.RepositoryConfigurationDelegate - Bootstrapping Spring Data Elasticsearch repositories in DEFAULT mode.
2023-06-11 23:29:08 [main] INFO  o.s.d.r.c.RepositoryConfigurationDelegate - Finished Spring Data repository scanning in 11 ms. Found 0 Elasticsearch repository interfaces.
2023-06-11 23:29:08 [main] INFO  o.s.d.r.c.RepositoryConfigurationDelegate - Bootstrapping Spring Data Reactive Elasticsearch repositories in DEFAULT mode.
2023-06-11 23:29:08 [main] INFO  o.s.d.r.c.RepositoryConfigurationDelegate - Finished Spring Data repository scanning in 2 ms. Found 0 Reactive Elasticsearch repository interfaces.
2023-06-11 23:29:08 [main] INFO  o.s.cloud.context.scope.GenericScope - BeanFactory id=d3000135-e49a-3dca-aa12-4908b61ba5a2
2023-06-11 23:29:08 [main] INFO  o.s.b.w.e.tomcat.TomcatWebServer - Tomcat initialized with port(s): 8183 (http)
2023-06-11 23:29:08 [main] INFO  o.a.coyote.http11.Http11NioProtocol - Initializing ProtocolHandler ["http-nio-8183"]
2023-06-11 23:29:08 [main] INFO  o.a.catalina.core.StandardService - Starting service [Tomcat]
2023-06-11 23:29:08 [main] INFO  o.a.catalina.core.StandardEngine - Starting Servlet engine: [Apache Tomcat/9.0.74]
2023-06-11 23:29:08 [main] INFO  o.a.c.c.C.[.[.[/elastic-query-service] - Initializing Spring embedded WebApplicationContext
2023-06-11 23:29:08 [main] INFO  o.s.b.w.s.c.ServletWebServerApplicationContext - Root WebApplicationContext: initialization completed in 1892 ms
2023-06-11 23:29:09 [main] WARN  o.s.b.w.s.c.AnnotationConfigServletWebServerApplicationContext - Exception encountered during context initialization - cancelling refresh attempt: org.springframework.beans.factory.UnsatisfiedDependencyException: Error creating bean with name 'elasticDocumentController' defined in file [/root/Downloads/technicalWork/idea-IC-222.3345.118/microservices-demo/elastic-query-service/target/classes/com/microservices/demo/elastic/query/service/api/ElasticDocumentController.class]: Unsatisfied dependency expressed through constructor parameter 0; nested exception is org.springframework.beans.factory.NoSuchBeanDefinitionException: No qualifying bean of type 'com.microservices.demo.elastic.query.service.business.ElasticQueryService' available: expected at least 1 bean which qualifies as autowire candidate. Dependency annotations: {}
2023-06-11 23:29:09 [main] INFO  o.a.catalina.core.StandardService - Stopping service [Tomcat]
2023-06-11 23:29:09 [main] INFO  o.s.b.a.l.ConditionEvaluationReportLoggingListener - 

Error starting ApplicationContext. To display the conditions report re-run your application with 'debug' enabled.
2023-06-11 23:29:09 [main] ERROR o.s.b.d.LoggingFailureAnalysisReporter - 

***************************
APPLICATION FAILED TO START
***************************

Description:

Parameter 0 of constructor in com.microservices.demo.elastic.query.service.api.ElasticDocumentController required a bean of type 'com.microservices.demo.elastic.query.service.business.ElasticQueryService' that could not be found.


Action:

Consider defining a bean of type 'com.microservices.demo.elastic.query.service.business.ElasticQueryService' in your configuration.

2023-06-11 23:32:33 [main] INFO  c.m.d.e.q.s.ElasticQueryServiceApplication - Starting ElasticQueryServiceApplication using Java 11.0.16 on localhost.localdomain with PID 760 (/root/Downloads/technicalWork/idea-IC-222.3345.118/microservices-demo/elastic-query-service/target/classes started by root in /root/Downloads/technicalWork/idea-IC-222.3345.118/microservices-demo)
2023-06-11 23:32:33 [main] INFO  c.m.d.e.q.s.ElasticQueryServiceApplication - The following 1 profile is active: "elastic_query"
2023-06-11 23:32:33 [main] INFO  o.s.c.c.c.ConfigServerConfigDataLoader - Fetching config from server at : http://localhost:8888
2023-06-11 23:32:33 [main] INFO  o.s.c.c.c.ConfigServerConfigDataLoader - Located environment: name=config-client-elastic_query, profiles=[elastic_query], label=null, version=d1b8cad031785e57764b45a52912652da6a6dfb0, state=null
2023-06-11 23:32:34 [main] INFO  o.s.d.r.c.RepositoryConfigurationDelegate - Bootstrapping Spring Data Elasticsearch repositories in DEFAULT mode.
2023-06-11 23:32:34 [main] INFO  o.s.d.r.c.RepositoryConfigurationDelegate - Finished Spring Data repository scanning in 9 ms. Found 0 Elasticsearch repository interfaces.
2023-06-11 23:32:34 [main] INFO  o.s.d.r.c.RepositoryConfigurationDelegate - Bootstrapping Spring Data Reactive Elasticsearch repositories in DEFAULT mode.
2023-06-11 23:32:34 [main] INFO  o.s.d.r.c.RepositoryConfigurationDelegate - Finished Spring Data repository scanning in 2 ms. Found 0 Reactive Elasticsearch repository interfaces.
2023-06-11 23:32:34 [main] INFO  o.s.cloud.context.scope.GenericScope - BeanFactory id=8d473cad-7140-31cf-b280-465ba02b87a8
2023-06-11 23:32:35 [main] INFO  o.s.b.w.e.tomcat.TomcatWebServer - Tomcat initialized with port(s): 8183 (http)
2023-06-11 23:32:35 [main] INFO  o.a.coyote.http11.Http11NioProtocol - Initializing ProtocolHandler ["http-nio-8183"]
2023-06-11 23:32:35 [main] INFO  o.a.catalina.core.StandardService - Starting service [Tomcat]
2023-06-11 23:32:35 [main] INFO  o.a.catalina.core.StandardEngine - Starting Servlet engine: [Apache Tomcat/9.0.74]
2023-06-11 23:32:35 [main] INFO  o.a.c.c.C.[.[.[/elastic-query-service] - Initializing Spring embedded WebApplicationContext
2023-06-11 23:32:35 [main] INFO  o.s.b.w.s.c.ServletWebServerApplicationContext - Root WebApplicationContext: initialization completed in 2001 ms
2023-06-11 23:32:37 [main] INFO  o.s.s.web.DefaultSecurityFilterChain - Will secure any request with [org.springframework.security.web.session.DisableEncodeUrlFilter@7ed8b44, org.springframework.security.web.context.request.async.WebAsyncManagerIntegrationFilter@21280cbb, org.springframework.security.web.context.SecurityContextPersistenceFilter@3e28dc96, org.springframework.security.web.header.HeaderWriterFilter@63553e9f, org.springframework.security.web.authentication.logout.LogoutFilter@79d4ff58, org.springframework.security.web.authentication.www.BasicAuthenticationFilter@7eae55, org.springframework.security.web.savedrequest.RequestCacheAwareFilter@31940704, org.springframework.security.web.servletapi.SecurityContextHolderAwareRequestFilter@49c83262, org.springframework.security.web.authentication.AnonymousAuthenticationFilter@1cc708a7, org.springframework.security.web.session.SessionManagementFilter@5cffec7, org.springframework.security.web.access.ExceptionTranslationFilter@52cb52bd, org.springframework.security.web.access.intercept.FilterSecurityInterceptor@2b35c7aa]
2023-06-11 23:32:37 [main] INFO  o.a.coyote.http11.Http11NioProtocol - Starting ProtocolHandler ["http-nio-8183"]
2023-06-11 23:32:37 [main] INFO  o.s.b.w.e.tomcat.TomcatWebServer - Tomcat started on port(s): 8183 (http) with context path '/elastic-query-service'
2023-06-11 23:32:38 [main] INFO  o.s.cloud.commons.util.InetUtils - Cannot determine local hostname
2023-06-11 23:32:38 [main] INFO  c.m.d.e.q.s.ElasticQueryServiceApplication - Started ElasticQueryServiceApplication in 11.363 seconds (JVM running for 12.337)
2023-06-11 23:34:58 [http-nio-8183-exec-1] INFO  o.a.c.c.C.[.[.[/elastic-query-service] - Initializing Spring DispatcherServlet 'dispatcherServlet'
2023-06-11 23:34:58 [http-nio-8183-exec-1] INFO  o.s.web.servlet.DispatcherServlet - Initializing Servlet 'dispatcherServlet'
2023-06-11 23:34:58 [http-nio-8183-exec-1] INFO  o.s.web.servlet.DispatcherServlet - Completed initialization in 2 ms
2023-06-11 23:34:59 [http-nio-8183-exec-1] INFO  c.m.d.e.q.s.b.i.TwitterElasticQueryService - Querying elastic search by text test
2023-06-11 23:34:59 [http-nio-8183-exec-1] INFO  c.m.d.e.q.c.s.i.TwitterElasticQueryClient - 0 of documents with text test retrieved successfully
2023-06-11 23:35:15 [http-nio-8183-exec-3] INFO  c.m.d.e.q.s.b.i.TwitterElasticQueryService - Querying elastic search by text lorem
2023-06-11 23:35:15 [http-nio-8183-exec-3] INFO  c.m.d.e.q.c.s.i.TwitterElasticQueryClient - 0 of documents with text lorem retrieved successfully
2023-06-11 23:35:25 [http-nio-8183-exec-2] INFO  c.m.d.e.q.s.b.i.TwitterElasticQueryService - Querying elastic search by text ipsum
2023-06-11 23:35:25 [http-nio-8183-exec-2] INFO  c.m.d.e.q.c.s.i.TwitterElasticQueryClient - 1472 of documents with text ipsum retrieved successfully
2023-06-11 23:35:40 [http-nio-8183-exec-4] INFO  c.m.d.e.q.s.b.i.TwitterElasticQueryService - Querying elastic search by text ut
2023-06-11 23:35:40 [http-nio-8183-exec-4] INFO  c.m.d.e.q.c.s.i.TwitterElasticQueryClient - 1456 of documents with text ut retrieved successfully
2023-06-11 23:36:14 [http-nio-8183-exec-5] INFO  c.m.d.e.q.s.b.i.TwitterElasticQueryService - Querying elastic search by id 1
2023-06-11 23:36:14 [http-nio-8183-exec-5] INFO  c.m.d.e.q.c.s.i.TwitterElasticQueryClient - Document with id 5761621607506093582 retrieved successfully
2023-06-11 23:36:44 [http-nio-8183-exec-6] INFO  c.m.d.e.q.s.b.i.TwitterElasticQueryService - Querying all documents in elastic search
2023-06-11 23:36:44 [http-nio-8183-exec-6] INFO  c.m.d.e.q.c.s.i.TwitterElasticQueryClient - 3741 number of documents retrieved successfully
2023-06-11 23:36:44 [http-nio-8183-exec-6] INFO  c.m.d.e.q.s.a.ElasticDocumentController - Elasticsearch returned 10 of documents
