2023-08-31 01:13:56 [background-preinit] INFO  o.h.validator.internal.util.Version - HV000001: Hibernate Validator 6.2.5.Final
2023-08-31 01:13:56 [main] INFO  c.m.demo.config.server.ConfigServer - Starting ConfigServer using Java 11.0.16 on localhost.localdomain with PID 10715 (/root/Downloads/technicalWork/idea-IC-222.3345.118/microservices-demo/config-server/target/classes started by root in /root/Downloads/technicalWork/idea-IC-222.3345.118/microservices-demo)
2023-08-31 01:13:56 [main] INFO  c.m.demo.config.server.ConfigServer - No active profile set, falling back to 1 default profile: "default"
2023-08-31 01:13:58 [main] INFO  o.s.cloud.context.scope.GenericScope - BeanFactory id=cef52e5f-2b72-3743-bd00-69694d83a014
2023-08-31 01:13:58 [main] INFO  o.s.b.w.e.tomcat.TomcatWebServer - Tomcat initialized with port(s): 8888 (http)
2023-08-31 01:13:58 [main] INFO  o.a.coyote.http11.Http11NioProtocol - Initializing ProtocolHandler ["http-nio-8888"]
2023-08-31 01:13:58 [main] INFO  o.a.catalina.core.StandardService - Starting service [Tomcat]
2023-08-31 01:13:58 [main] INFO  o.a.catalina.core.StandardEngine - Starting Servlet engine: [Apache Tomcat/9.0.74]
2023-08-31 01:13:58 [main] INFO  o.a.c.c.C.[Tomcat].[localhost].[/] - Initializing Spring embedded WebApplicationContext
2023-08-31 01:13:58 [main] INFO  o.s.b.w.s.c.ServletWebServerApplicationContext - Root WebApplicationContext: initialization completed in 2239 ms
2023-08-31 01:14:00 [main] INFO  o.a.s.c.u.s.b.BouncyCastleSecurityProviderRegistrar - getOrCreateProvider(BC) created instance of org.bouncycastle.jce.provider.BouncyCastleProvider
2023-08-31 01:14:00 [main] INFO  o.a.s.c.u.s.e.EdDSASecurityProviderRegistrar - getOrCreateProvider(EdDSA) created instance of net.i2p.crypto.eddsa.EdDSASecurityProvider
2023-08-31 01:14:00 [main] INFO  o.a.s.c.i.DefaultIoServiceFactoryFactory - No detected/configured IoServiceFactoryFactory using Nio2ServiceFactoryFactory
2023-08-31 01:14:02 [sshd-JGitSshClient[402b4f81]-nio2-thread-5] WARN  o.e.j.i.t.s.CachingKeyPairProvider - Invalid DER: length field too big: 186
java.io.StreamCorruptedException: Invalid DER: length field too big: 186
	at org.apache.sshd.common.util.io.der.DERParser.readLength(DERParser.java:96)
	at org.apache.sshd.common.util.io.der.DERParser.readObject(DERParser.java:131)
	at org.apache.sshd.common.config.keys.loader.pem.RSAPEMResourceKeyPairParser.decodeRSAKeyPair(RSAPEMResourceKeyPairParser.java:114)
	at org.apache.sshd.common.config.keys.loader.pem.RSAPEMResourceKeyPairParser.extractKeyPairs(RSAPEMResourceKeyPairParser.java:76)
	at org.apache.sshd.common.config.keys.loader.pem.AbstractPEMResourceKeyPairParser.extractKeyPairs(AbstractPEMResourceKeyPairParser.java:172)
	at org.apache.sshd.common.config.keys.loader.AbstractKeyPairResourceParser.loadKeyPairs(AbstractKeyPairResourceParser.java:117)
	at org.apache.sshd.common.config.keys.loader.KeyPairResourceParser$2.loadKeyPairs(KeyPairResourceParser.java:166)
	at org.apache.sshd.common.config.keys.loader.pem.PEMResourceParserUtils$1.loadKeyPairs(PEMResourceParserUtils.java:53)
	at org.apache.sshd.common.config.keys.loader.KeyPairResourceParser$2.loadKeyPairs(KeyPairResourceParser.java:166)
	at org.apache.sshd.common.config.keys.loader.KeyPairResourceLoader.loadKeyPairs(KeyPairResourceLoader.java:157)
	at org.apache.sshd.common.config.keys.loader.KeyPairResourceLoader.loadKeyPairs(KeyPairResourceLoader.java:148)
	at org.apache.sshd.common.config.keys.loader.KeyPairResourceLoader.loadKeyPairs(KeyPairResourceLoader.java:139)
	at org.apache.sshd.common.config.keys.loader.KeyPairResourceLoader.loadKeyPairs(KeyPairResourceLoader.java:130)
	at org.apache.sshd.common.util.security.SecurityUtils.loadKeyPairIdentities(SecurityUtils.java:522)
	at org.eclipse.jgit.internal.transport.sshd.CachingKeyPairProvider.loadKey(CachingKeyPairProvider.java:114)
	at org.eclipse.jgit.internal.transport.sshd.CachingKeyPairProvider.loadKey(CachingKeyPairProvider.java:89)
	at org.eclipse.jgit.internal.transport.sshd.CachingKeyPairProvider.access$0(CachingKeyPairProvider.java:81)
	at org.eclipse.jgit.internal.transport.sshd.CachingKeyPairProvider$CancellingKeyPairIterator.hasNext(CachingKeyPairProvider.java:169)
	at org.eclipse.jgit.internal.transport.sshd.JGitSshClient$CombinedKeyIdentityProvider$1.hasNext(JGitSshClient.java:422)
	at org.apache.sshd.common.keyprovider.MultiKeyIdentityIterator.hasNext(MultiKeyIdentityIterator.java:86)
	at org.apache.sshd.client.auth.pubkey.UserAuthPublicKeyIterator$1$1.hasNext(UserAuthPublicKeyIterator.java:119)
	at org.apache.sshd.common.util.helper.LazyIterablesConcatenator$1.hasNext(LazyIterablesConcatenator.java:68)
	at org.apache.sshd.common.util.GenericUtils.selectNextMatchingValue(GenericUtils.java:808)
	at org.apache.sshd.common.util.helper.LazyMatchingTypeIterator.hasNext(LazyMatchingTypeIterator.java:62)
	at org.apache.sshd.client.auth.pubkey.UserAuthPublicKeyIterator.hasNext(UserAuthPublicKeyIterator.java:196)
	at org.apache.sshd.client.auth.pubkey.UserAuthPublicKey.resolveAttemptedPublicKeyIdentity(UserAuthPublicKey.java:212)
	at org.apache.sshd.client.auth.pubkey.UserAuthPublicKey.sendAuthDataRequest(UserAuthPublicKey.java:131)
	at org.apache.sshd.client.auth.AbstractUserAuth.process(AbstractUserAuth.java:71)
	at org.apache.sshd.client.session.ClientUserAuthService.tryNext(ClientUserAuthService.java:317)
	at org.apache.sshd.client.session.ClientUserAuthService.processUserAuth(ClientUserAuthService.java:288)
	at org.apache.sshd.client.session.ClientUserAuthService.process(ClientUserAuthService.java:225)
	at org.apache.sshd.common.session.helpers.AbstractSession.doHandleMessage(AbstractSession.java:503)
	at org.apache.sshd.common.session.helpers.AbstractSession.handleMessage(AbstractSession.java:429)
	at org.apache.sshd.common.session.helpers.AbstractSession.decode(AbstractSession.java:1466)
	at org.apache.sshd.common.session.helpers.AbstractSession.messageReceived(AbstractSession.java:389)
	at org.eclipse.jgit.internal.transport.sshd.JGitClientSession.messageReceived(JGitClientSession.java:198)
	at org.apache.sshd.common.session.helpers.AbstractSessionIoHandler.messageReceived(AbstractSessionIoHandler.java:64)
	at org.apache.sshd.common.io.nio2.Nio2Session.handleReadCycleCompletion(Nio2Session.java:359)
	at org.apache.sshd.common.io.nio2.Nio2Session$1.onCompleted(Nio2Session.java:336)
	at org.apache.sshd.common.io.nio2.Nio2Session$1.onCompleted(Nio2Session.java:333)
	at org.apache.sshd.common.io.nio2.Nio2CompletionHandler.lambda$completed$0(Nio2CompletionHandler.java:38)
	at java.base/java.security.AccessController.doPrivileged(Native Method)
	at org.apache.sshd.common.io.nio2.Nio2CompletionHandler.completed(Nio2CompletionHandler.java:37)
	at java.base/sun.nio.ch.Invoker.invokeUnchecked(Invoker.java:127)
	at java.base/sun.nio.ch.Invoker$2.run(Invoker.java:219)
	at java.base/sun.nio.ch.AsynchronousChannelGroupImpl$1.run(AsynchronousChannelGroupImpl.java:112)
	at java.base/java.util.concurrent.ThreadPoolExecutor.runWorker(ThreadPoolExecutor.java:1128)
	at java.base/java.util.concurrent.ThreadPoolExecutor$Worker.run(ThreadPoolExecutor.java:628)
	at java.base/java.lang.Thread.run(Thread.java:829)
2023-08-31 01:14:07 [main] INFO  o.a.coyote.http11.Http11NioProtocol - Starting ProtocolHandler ["http-nio-8888"]
2023-08-31 01:14:07 [main] INFO  o.s.b.w.e.tomcat.TomcatWebServer - Tomcat started on port(s): 8888 (http) with context path ''
2023-08-31 01:14:07 [main] INFO  c.m.demo.config.server.ConfigServer - Started ConfigServer in 12.423 seconds (JVM running for 13.711)
2023-08-31 01:14:30 [http-nio-8888-exec-1] INFO  o.a.c.c.C.[Tomcat].[localhost].[/] - Initializing Spring DispatcherServlet 'dispatcherServlet'
2023-08-31 01:14:30 [http-nio-8888-exec-1] INFO  o.s.web.servlet.DispatcherServlet - Initializing Servlet 'dispatcherServlet'
2023-08-31 01:14:30 [http-nio-8888-exec-1] INFO  o.s.web.servlet.DispatcherServlet - Completed initialization in 1 ms
2023-08-31 01:14:32 [sshd-JGitSshClient[ad30b76]-nio2-thread-5] WARN  o.e.j.i.t.s.CachingKeyPairProvider - Invalid DER: length field too big: 186
java.io.StreamCorruptedException: Invalid DER: length field too big: 186
	at org.apache.sshd.common.util.io.der.DERParser.readLength(DERParser.java:96)
	at org.apache.sshd.common.util.io.der.DERParser.readObject(DERParser.java:131)
	at org.apache.sshd.common.config.keys.loader.pem.RSAPEMResourceKeyPairParser.decodeRSAKeyPair(RSAPEMResourceKeyPairParser.java:114)
	at org.apache.sshd.common.config.keys.loader.pem.RSAPEMResourceKeyPairParser.extractKeyPairs(RSAPEMResourceKeyPairParser.java:76)
	at org.apache.sshd.common.config.keys.loader.pem.AbstractPEMResourceKeyPairParser.extractKeyPairs(AbstractPEMResourceKeyPairParser.java:172)
	at org.apache.sshd.common.config.keys.loader.AbstractKeyPairResourceParser.loadKeyPairs(AbstractKeyPairResourceParser.java:117)
	at org.apache.sshd.common.config.keys.loader.KeyPairResourceParser$2.loadKeyPairs(KeyPairResourceParser.java:166)
	at org.apache.sshd.common.config.keys.loader.pem.PEMResourceParserUtils$1.loadKeyPairs(PEMResourceParserUtils.java:53)
	at org.apache.sshd.common.config.keys.loader.KeyPairResourceParser$2.loadKeyPairs(KeyPairResourceParser.java:166)
	at org.apache.sshd.common.config.keys.loader.KeyPairResourceLoader.loadKeyPairs(KeyPairResourceLoader.java:157)
	at org.apache.sshd.common.config.keys.loader.KeyPairResourceLoader.loadKeyPairs(KeyPairResourceLoader.java:148)
	at org.apache.sshd.common.config.keys.loader.KeyPairResourceLoader.loadKeyPairs(KeyPairResourceLoader.java:139)
	at org.apache.sshd.common.config.keys.loader.KeyPairResourceLoader.loadKeyPairs(KeyPairResourceLoader.java:130)
	at org.apache.sshd.common.util.security.SecurityUtils.loadKeyPairIdentities(SecurityUtils.java:522)
	at org.eclipse.jgit.internal.transport.sshd.CachingKeyPairProvider.loadKey(CachingKeyPairProvider.java:114)
	at org.eclipse.jgit.internal.transport.sshd.CachingKeyPairProvider.loadKey(CachingKeyPairProvider.java:89)
	at org.eclipse.jgit.internal.transport.sshd.CachingKeyPairProvider.access$0(CachingKeyPairProvider.java:81)
	at org.eclipse.jgit.internal.transport.sshd.CachingKeyPairProvider$CancellingKeyPairIterator.hasNext(CachingKeyPairProvider.java:169)
	at org.eclipse.jgit.internal.transport.sshd.JGitSshClient$CombinedKeyIdentityProvider$1.hasNext(JGitSshClient.java:422)
	at org.apache.sshd.common.keyprovider.MultiKeyIdentityIterator.hasNext(MultiKeyIdentityIterator.java:86)
	at org.apache.sshd.client.auth.pubkey.UserAuthPublicKeyIterator$1$1.hasNext(UserAuthPublicKeyIterator.java:119)
	at org.apache.sshd.common.util.helper.LazyIterablesConcatenator$1.hasNext(LazyIterablesConcatenator.java:68)
	at org.apache.sshd.common.util.GenericUtils.selectNextMatchingValue(GenericUtils.java:808)
	at org.apache.sshd.common.util.helper.LazyMatchingTypeIterator.hasNext(LazyMatchingTypeIterator.java:62)
	at org.apache.sshd.client.auth.pubkey.UserAuthPublicKeyIterator.hasNext(UserAuthPublicKeyIterator.java:196)
	at org.apache.sshd.client.auth.pubkey.UserAuthPublicKey.resolveAttemptedPublicKeyIdentity(UserAuthPublicKey.java:212)
	at org.apache.sshd.client.auth.pubkey.UserAuthPublicKey.sendAuthDataRequest(UserAuthPublicKey.java:131)
	at org.apache.sshd.client.auth.AbstractUserAuth.process(AbstractUserAuth.java:71)
	at org.apache.sshd.client.session.ClientUserAuthService.tryNext(ClientUserAuthService.java:317)
	at org.apache.sshd.client.session.ClientUserAuthService.processUserAuth(ClientUserAuthService.java:288)
	at org.apache.sshd.client.session.ClientUserAuthService.process(ClientUserAuthService.java:225)
	at org.apache.sshd.common.session.helpers.AbstractSession.doHandleMessage(AbstractSession.java:503)
	at org.apache.sshd.common.session.helpers.AbstractSession.handleMessage(AbstractSession.java:429)
	at org.apache.sshd.common.session.helpers.AbstractSession.decode(AbstractSession.java:1466)
	at org.apache.sshd.common.session.helpers.AbstractSession.messageReceived(AbstractSession.java:389)
	at org.eclipse.jgit.internal.transport.sshd.JGitClientSession.messageReceived(JGitClientSession.java:198)
	at org.apache.sshd.common.session.helpers.AbstractSessionIoHandler.messageReceived(AbstractSessionIoHandler.java:64)
	at org.apache.sshd.common.io.nio2.Nio2Session.handleReadCycleCompletion(Nio2Session.java:359)
	at org.apache.sshd.common.io.nio2.Nio2Session$1.onCompleted(Nio2Session.java:336)
	at org.apache.sshd.common.io.nio2.Nio2Session$1.onCompleted(Nio2Session.java:333)
	at org.apache.sshd.common.io.nio2.Nio2CompletionHandler.lambda$completed$0(Nio2CompletionHandler.java:38)
	at java.base/java.security.AccessController.doPrivileged(Native Method)
	at org.apache.sshd.common.io.nio2.Nio2CompletionHandler.completed(Nio2CompletionHandler.java:37)
	at java.base/sun.nio.ch.Invoker.invokeUnchecked(Invoker.java:127)
	at java.base/sun.nio.ch.Invoker$2.run(Invoker.java:219)
	at java.base/sun.nio.ch.AsynchronousChannelGroupImpl$1.run(AsynchronousChannelGroupImpl.java:112)
	at java.base/java.util.concurrent.ThreadPoolExecutor.runWorker(ThreadPoolExecutor.java:1128)
	at java.base/java.util.concurrent.ThreadPoolExecutor$Worker.run(ThreadPoolExecutor.java:628)
	at java.base/java.lang.Thread.run(Thread.java:829)
2023-08-31 01:14:34 [http-nio-8888-exec-1] INFO  o.s.c.c.s.e.NativeEnvironmentRepository - Adding property source: Config resource 'file [/tmp/config-repo-3881036858980407940/config-client-reactive_elastic_query.yml]' via location 'file:/tmp/config-repo-3881036858980407940/'
2023-08-31 01:53:27 [sshd-JGitSshClient[1babeb83]-nio2-thread-5] WARN  o.e.j.i.t.s.CachingKeyPairProvider - Invalid DER: length field too big: 186
java.io.StreamCorruptedException: Invalid DER: length field too big: 186
	at org.apache.sshd.common.util.io.der.DERParser.readLength(DERParser.java:96)
	at org.apache.sshd.common.util.io.der.DERParser.readObject(DERParser.java:131)
	at org.apache.sshd.common.config.keys.loader.pem.RSAPEMResourceKeyPairParser.decodeRSAKeyPair(RSAPEMResourceKeyPairParser.java:114)
	at org.apache.sshd.common.config.keys.loader.pem.RSAPEMResourceKeyPairParser.extractKeyPairs(RSAPEMResourceKeyPairParser.java:76)
	at org.apache.sshd.common.config.keys.loader.pem.AbstractPEMResourceKeyPairParser.extractKeyPairs(AbstractPEMResourceKeyPairParser.java:172)
	at org.apache.sshd.common.config.keys.loader.AbstractKeyPairResourceParser.loadKeyPairs(AbstractKeyPairResourceParser.java:117)
	at org.apache.sshd.common.config.keys.loader.KeyPairResourceParser$2.loadKeyPairs(KeyPairResourceParser.java:166)
	at org.apache.sshd.common.config.keys.loader.pem.PEMResourceParserUtils$1.loadKeyPairs(PEMResourceParserUtils.java:53)
	at org.apache.sshd.common.config.keys.loader.KeyPairResourceParser$2.loadKeyPairs(KeyPairResourceParser.java:166)
	at org.apache.sshd.common.config.keys.loader.KeyPairResourceLoader.loadKeyPairs(KeyPairResourceLoader.java:157)
	at org.apache.sshd.common.config.keys.loader.KeyPairResourceLoader.loadKeyPairs(KeyPairResourceLoader.java:148)
	at org.apache.sshd.common.config.keys.loader.KeyPairResourceLoader.loadKeyPairs(KeyPairResourceLoader.java:139)
	at org.apache.sshd.common.config.keys.loader.KeyPairResourceLoader.loadKeyPairs(KeyPairResourceLoader.java:130)
	at org.apache.sshd.common.util.security.SecurityUtils.loadKeyPairIdentities(SecurityUtils.java:522)
	at org.eclipse.jgit.internal.transport.sshd.CachingKeyPairProvider.loadKey(CachingKeyPairProvider.java:114)
	at org.eclipse.jgit.internal.transport.sshd.CachingKeyPairProvider.loadKey(CachingKeyPairProvider.java:89)
	at org.eclipse.jgit.internal.transport.sshd.CachingKeyPairProvider.access$0(CachingKeyPairProvider.java:81)
	at org.eclipse.jgit.internal.transport.sshd.CachingKeyPairProvider$CancellingKeyPairIterator.hasNext(CachingKeyPairProvider.java:169)
	at org.eclipse.jgit.internal.transport.sshd.JGitSshClient$CombinedKeyIdentityProvider$1.hasNext(JGitSshClient.java:422)
	at org.apache.sshd.common.keyprovider.MultiKeyIdentityIterator.hasNext(MultiKeyIdentityIterator.java:86)
	at org.apache.sshd.client.auth.pubkey.UserAuthPublicKeyIterator$1$1.hasNext(UserAuthPublicKeyIterator.java:119)
	at org.apache.sshd.common.util.helper.LazyIterablesConcatenator$1.hasNext(LazyIterablesConcatenator.java:68)
	at org.apache.sshd.common.util.GenericUtils.selectNextMatchingValue(GenericUtils.java:808)
	at org.apache.sshd.common.util.helper.LazyMatchingTypeIterator.hasNext(LazyMatchingTypeIterator.java:62)
	at org.apache.sshd.client.auth.pubkey.UserAuthPublicKeyIterator.hasNext(UserAuthPublicKeyIterator.java:196)
	at org.apache.sshd.client.auth.pubkey.UserAuthPublicKey.resolveAttemptedPublicKeyIdentity(UserAuthPublicKey.java:212)
	at org.apache.sshd.client.auth.pubkey.UserAuthPublicKey.sendAuthDataRequest(UserAuthPublicKey.java:131)
	at org.apache.sshd.client.auth.AbstractUserAuth.process(AbstractUserAuth.java:71)
	at org.apache.sshd.client.session.ClientUserAuthService.tryNext(ClientUserAuthService.java:317)
	at org.apache.sshd.client.session.ClientUserAuthService.processUserAuth(ClientUserAuthService.java:288)
	at org.apache.sshd.client.session.ClientUserAuthService.process(ClientUserAuthService.java:225)
	at org.apache.sshd.common.session.helpers.AbstractSession.doHandleMessage(AbstractSession.java:503)
	at org.apache.sshd.common.session.helpers.AbstractSession.handleMessage(AbstractSession.java:429)
	at org.apache.sshd.common.session.helpers.AbstractSession.decode(AbstractSession.java:1466)
	at org.apache.sshd.common.session.helpers.AbstractSession.messageReceived(AbstractSession.java:389)
	at org.eclipse.jgit.internal.transport.sshd.JGitClientSession.messageReceived(JGitClientSession.java:198)
	at org.apache.sshd.common.session.helpers.AbstractSessionIoHandler.messageReceived(AbstractSessionIoHandler.java:64)
	at org.apache.sshd.common.io.nio2.Nio2Session.handleReadCycleCompletion(Nio2Session.java:359)
	at org.apache.sshd.common.io.nio2.Nio2Session$1.onCompleted(Nio2Session.java:336)
	at org.apache.sshd.common.io.nio2.Nio2Session$1.onCompleted(Nio2Session.java:333)
	at org.apache.sshd.common.io.nio2.Nio2CompletionHandler.lambda$completed$0(Nio2CompletionHandler.java:38)
	at java.base/java.security.AccessController.doPrivileged(Native Method)
	at org.apache.sshd.common.io.nio2.Nio2CompletionHandler.completed(Nio2CompletionHandler.java:37)
	at java.base/sun.nio.ch.Invoker.invokeUnchecked(Invoker.java:127)
	at java.base/sun.nio.ch.Invoker.invokeDirect(Invoker.java:158)
	at java.base/sun.nio.ch.UnixAsynchronousSocketChannelImpl.implRead(UnixAsynchronousSocketChannelImpl.java:562)
	at java.base/sun.nio.ch.AsynchronousSocketChannelImpl.read(AsynchronousSocketChannelImpl.java:277)
	at java.base/sun.nio.ch.AsynchronousSocketChannelImpl.read(AsynchronousSocketChannelImpl.java:298)
	at org.apache.sshd.common.io.nio2.Nio2Session.doReadCycle(Nio2Session.java:430)
	at org.apache.sshd.common.io.nio2.Nio2Session.handleReadCycleCompletion(Nio2Session.java:363)
	at org.apache.sshd.common.io.nio2.Nio2Session$1.onCompleted(Nio2Session.java:336)
	at org.apache.sshd.common.io.nio2.Nio2Session$1.onCompleted(Nio2Session.java:333)
	at org.apache.sshd.common.io.nio2.Nio2CompletionHandler.lambda$completed$0(Nio2CompletionHandler.java:38)
	at java.base/java.security.AccessController.doPrivileged(Native Method)
	at org.apache.sshd.common.io.nio2.Nio2CompletionHandler.completed(Nio2CompletionHandler.java:37)
	at java.base/sun.nio.ch.Invoker.invokeUnchecked(Invoker.java:127)
	at java.base/sun.nio.ch.Invoker$2.run(Invoker.java:219)
	at java.base/sun.nio.ch.AsynchronousChannelGroupImpl$1.run(AsynchronousChannelGroupImpl.java:112)
	at java.base/java.util.concurrent.ThreadPoolExecutor.runWorker(ThreadPoolExecutor.java:1128)
	at java.base/java.util.concurrent.ThreadPoolExecutor$Worker.run(ThreadPoolExecutor.java:628)
	at java.base/java.lang.Thread.run(Thread.java:829)
2023-08-31 01:53:29 [http-nio-8888-exec-3] INFO  o.s.c.c.s.e.NativeEnvironmentRepository - Adding property source: Config resource 'file [/tmp/config-repo-3881036858980407940/config-client-reactive_elastic_query.yml]' via location 'file:/tmp/config-repo-3881036858980407940/'
2023-08-31 01:58:10 [sshd-JGitSshClient[386ce562]-nio2-thread-5] WARN  o.e.j.i.t.s.CachingKeyPairProvider - Invalid DER: length field too big: 186
java.io.StreamCorruptedException: Invalid DER: length field too big: 186
	at org.apache.sshd.common.util.io.der.DERParser.readLength(DERParser.java:96)
	at org.apache.sshd.common.util.io.der.DERParser.readObject(DERParser.java:131)
	at org.apache.sshd.common.config.keys.loader.pem.RSAPEMResourceKeyPairParser.decodeRSAKeyPair(RSAPEMResourceKeyPairParser.java:114)
	at org.apache.sshd.common.config.keys.loader.pem.RSAPEMResourceKeyPairParser.extractKeyPairs(RSAPEMResourceKeyPairParser.java:76)
	at org.apache.sshd.common.config.keys.loader.pem.AbstractPEMResourceKeyPairParser.extractKeyPairs(AbstractPEMResourceKeyPairParser.java:172)
	at org.apache.sshd.common.config.keys.loader.AbstractKeyPairResourceParser.loadKeyPairs(AbstractKeyPairResourceParser.java:117)
	at org.apache.sshd.common.config.keys.loader.KeyPairResourceParser$2.loadKeyPairs(KeyPairResourceParser.java:166)
	at org.apache.sshd.common.config.keys.loader.pem.PEMResourceParserUtils$1.loadKeyPairs(PEMResourceParserUtils.java:53)
	at org.apache.sshd.common.config.keys.loader.KeyPairResourceParser$2.loadKeyPairs(KeyPairResourceParser.java:166)
	at org.apache.sshd.common.config.keys.loader.KeyPairResourceLoader.loadKeyPairs(KeyPairResourceLoader.java:157)
	at org.apache.sshd.common.config.keys.loader.KeyPairResourceLoader.loadKeyPairs(KeyPairResourceLoader.java:148)
	at org.apache.sshd.common.config.keys.loader.KeyPairResourceLoader.loadKeyPairs(KeyPairResourceLoader.java:139)
	at org.apache.sshd.common.config.keys.loader.KeyPairResourceLoader.loadKeyPairs(KeyPairResourceLoader.java:130)
	at org.apache.sshd.common.util.security.SecurityUtils.loadKeyPairIdentities(SecurityUtils.java:522)
	at org.eclipse.jgit.internal.transport.sshd.CachingKeyPairProvider.loadKey(CachingKeyPairProvider.java:114)
	at org.eclipse.jgit.internal.transport.sshd.CachingKeyPairProvider.loadKey(CachingKeyPairProvider.java:89)
	at org.eclipse.jgit.internal.transport.sshd.CachingKeyPairProvider.access$0(CachingKeyPairProvider.java:81)
	at org.eclipse.jgit.internal.transport.sshd.CachingKeyPairProvider$CancellingKeyPairIterator.hasNext(CachingKeyPairProvider.java:169)
	at org.eclipse.jgit.internal.transport.sshd.JGitSshClient$CombinedKeyIdentityProvider$1.hasNext(JGitSshClient.java:422)
	at org.apache.sshd.common.keyprovider.MultiKeyIdentityIterator.hasNext(MultiKeyIdentityIterator.java:86)
	at org.apache.sshd.client.auth.pubkey.UserAuthPublicKeyIterator$1$1.hasNext(UserAuthPublicKeyIterator.java:119)
	at org.apache.sshd.common.util.helper.LazyIterablesConcatenator$1.hasNext(LazyIterablesConcatenator.java:68)
	at org.apache.sshd.common.util.GenericUtils.selectNextMatchingValue(GenericUtils.java:808)
	at org.apache.sshd.common.util.helper.LazyMatchingTypeIterator.hasNext(LazyMatchingTypeIterator.java:62)
	at org.apache.sshd.client.auth.pubkey.UserAuthPublicKeyIterator.hasNext(UserAuthPublicKeyIterator.java:196)
	at org.apache.sshd.client.auth.pubkey.UserAuthPublicKey.resolveAttemptedPublicKeyIdentity(UserAuthPublicKey.java:212)
	at org.apache.sshd.client.auth.pubkey.UserAuthPublicKey.sendAuthDataRequest(UserAuthPublicKey.java:131)
	at org.apache.sshd.client.auth.AbstractUserAuth.process(AbstractUserAuth.java:71)
	at org.apache.sshd.client.session.ClientUserAuthService.tryNext(ClientUserAuthService.java:317)
	at org.apache.sshd.client.session.ClientUserAuthService.processUserAuth(ClientUserAuthService.java:288)
	at org.apache.sshd.client.session.ClientUserAuthService.process(ClientUserAuthService.java:225)
	at org.apache.sshd.common.session.helpers.AbstractSession.doHandleMessage(AbstractSession.java:503)
	at org.apache.sshd.common.session.helpers.AbstractSession.handleMessage(AbstractSession.java:429)
	at org.apache.sshd.common.session.helpers.AbstractSession.decode(AbstractSession.java:1466)
	at org.apache.sshd.common.session.helpers.AbstractSession.messageReceived(AbstractSession.java:389)
	at org.eclipse.jgit.internal.transport.sshd.JGitClientSession.messageReceived(JGitClientSession.java:198)
	at org.apache.sshd.common.session.helpers.AbstractSessionIoHandler.messageReceived(AbstractSessionIoHandler.java:64)
	at org.apache.sshd.common.io.nio2.Nio2Session.handleReadCycleCompletion(Nio2Session.java:359)
	at org.apache.sshd.common.io.nio2.Nio2Session$1.onCompleted(Nio2Session.java:336)
	at org.apache.sshd.common.io.nio2.Nio2Session$1.onCompleted(Nio2Session.java:333)
	at org.apache.sshd.common.io.nio2.Nio2CompletionHandler.lambda$completed$0(Nio2CompletionHandler.java:38)
	at java.base/java.security.AccessController.doPrivileged(Native Method)
	at org.apache.sshd.common.io.nio2.Nio2CompletionHandler.completed(Nio2CompletionHandler.java:37)
	at java.base/sun.nio.ch.Invoker.invokeUnchecked(Invoker.java:127)
	at java.base/sun.nio.ch.Invoker$2.run(Invoker.java:219)
	at java.base/sun.nio.ch.AsynchronousChannelGroupImpl$1.run(AsynchronousChannelGroupImpl.java:112)
	at java.base/java.util.concurrent.ThreadPoolExecutor.runWorker(ThreadPoolExecutor.java:1128)
	at java.base/java.util.concurrent.ThreadPoolExecutor$Worker.run(ThreadPoolExecutor.java:628)
	at java.base/java.lang.Thread.run(Thread.java:829)
2023-08-31 01:58:12 [http-nio-8888-exec-6] INFO  o.s.c.c.s.e.NativeEnvironmentRepository - Adding property source: Config resource 'file [/tmp/config-repo-3881036858980407940/config-client-reactive_elastic_query.yml]' via location 'file:/tmp/config-repo-3881036858980407940/'
2023-08-31 23:07:32 [background-preinit] INFO  o.h.validator.internal.util.Version - HV000001: Hibernate Validator 6.2.5.Final
2023-08-31 23:07:32 [main] INFO  c.m.demo.config.server.ConfigServer - Starting ConfigServer using Java 11.0.16 on localhost.localdomain with PID 10733 (/root/Downloads/technicalWork/idea-IC-222.3345.118/microservices-demo/config-server/target/classes started by root in /root/Downloads/technicalWork/idea-IC-222.3345.118/microservices-demo)
2023-08-31 23:07:32 [main] INFO  c.m.demo.config.server.ConfigServer - No active profile set, falling back to 1 default profile: "default"
2023-08-31 23:07:34 [main] INFO  o.s.cloud.context.scope.GenericScope - BeanFactory id=cef52e5f-2b72-3743-bd00-69694d83a014
2023-08-31 23:07:34 [main] INFO  o.s.b.w.e.tomcat.TomcatWebServer - Tomcat initialized with port(s): 8888 (http)
2023-08-31 23:07:34 [main] INFO  o.a.coyote.http11.Http11NioProtocol - Initializing ProtocolHandler ["http-nio-8888"]
2023-08-31 23:07:34 [main] INFO  o.a.catalina.core.StandardService - Starting service [Tomcat]
2023-08-31 23:07:34 [main] INFO  o.a.catalina.core.StandardEngine - Starting Servlet engine: [Apache Tomcat/9.0.74]
2023-08-31 23:07:34 [main] INFO  o.a.c.c.C.[Tomcat].[localhost].[/] - Initializing Spring embedded WebApplicationContext
2023-08-31 23:07:34 [main] INFO  o.s.b.w.s.c.ServletWebServerApplicationContext - Root WebApplicationContext: initialization completed in 2629 ms
2023-08-31 23:07:36 [main] INFO  o.a.s.c.u.s.b.BouncyCastleSecurityProviderRegistrar - getOrCreateProvider(BC) created instance of org.bouncycastle.jce.provider.BouncyCastleProvider
2023-08-31 23:07:36 [main] INFO  o.a.s.c.u.s.e.EdDSASecurityProviderRegistrar - getOrCreateProvider(EdDSA) created instance of net.i2p.crypto.eddsa.EdDSASecurityProvider
2023-08-31 23:07:36 [main] INFO  o.a.s.c.i.DefaultIoServiceFactoryFactory - No detected/configured IoServiceFactoryFactory using Nio2ServiceFactoryFactory
2023-08-31 23:07:38 [sshd-JGitSshClient[13ef7fa1]-nio2-thread-5] WARN  o.e.j.i.t.s.CachingKeyPairProvider - Invalid DER: length field too big: 186
java.io.StreamCorruptedException: Invalid DER: length field too big: 186
	at org.apache.sshd.common.util.io.der.DERParser.readLength(DERParser.java:96)
	at org.apache.sshd.common.util.io.der.DERParser.readObject(DERParser.java:131)
	at org.apache.sshd.common.config.keys.loader.pem.RSAPEMResourceKeyPairParser.decodeRSAKeyPair(RSAPEMResourceKeyPairParser.java:114)
	at org.apache.sshd.common.config.keys.loader.pem.RSAPEMResourceKeyPairParser.extractKeyPairs(RSAPEMResourceKeyPairParser.java:76)
	at org.apache.sshd.common.config.keys.loader.pem.AbstractPEMResourceKeyPairParser.extractKeyPairs(AbstractPEMResourceKeyPairParser.java:172)
	at org.apache.sshd.common.config.keys.loader.AbstractKeyPairResourceParser.loadKeyPairs(AbstractKeyPairResourceParser.java:117)
	at org.apache.sshd.common.config.keys.loader.KeyPairResourceParser$2.loadKeyPairs(KeyPairResourceParser.java:166)
	at org.apache.sshd.common.config.keys.loader.pem.PEMResourceParserUtils$1.loadKeyPairs(PEMResourceParserUtils.java:53)
	at org.apache.sshd.common.config.keys.loader.KeyPairResourceParser$2.loadKeyPairs(KeyPairResourceParser.java:166)
	at org.apache.sshd.common.config.keys.loader.KeyPairResourceLoader.loadKeyPairs(KeyPairResourceLoader.java:157)
	at org.apache.sshd.common.config.keys.loader.KeyPairResourceLoader.loadKeyPairs(KeyPairResourceLoader.java:148)
	at org.apache.sshd.common.config.keys.loader.KeyPairResourceLoader.loadKeyPairs(KeyPairResourceLoader.java:139)
	at org.apache.sshd.common.config.keys.loader.KeyPairResourceLoader.loadKeyPairs(KeyPairResourceLoader.java:130)
	at org.apache.sshd.common.util.security.SecurityUtils.loadKeyPairIdentities(SecurityUtils.java:522)
	at org.eclipse.jgit.internal.transport.sshd.CachingKeyPairProvider.loadKey(CachingKeyPairProvider.java:114)
	at org.eclipse.jgit.internal.transport.sshd.CachingKeyPairProvider.loadKey(CachingKeyPairProvider.java:89)
	at org.eclipse.jgit.internal.transport.sshd.CachingKeyPairProvider.access$0(CachingKeyPairProvider.java:81)
	at org.eclipse.jgit.internal.transport.sshd.CachingKeyPairProvider$CancellingKeyPairIterator.hasNext(CachingKeyPairProvider.java:169)
	at org.eclipse.jgit.internal.transport.sshd.JGitSshClient$CombinedKeyIdentityProvider$1.hasNext(JGitSshClient.java:422)
	at org.apache.sshd.common.keyprovider.MultiKeyIdentityIterator.hasNext(MultiKeyIdentityIterator.java:86)
	at org.apache.sshd.client.auth.pubkey.UserAuthPublicKeyIterator$1$1.hasNext(UserAuthPublicKeyIterator.java:119)
	at org.apache.sshd.common.util.helper.LazyIterablesConcatenator$1.hasNext(LazyIterablesConcatenator.java:68)
	at org.apache.sshd.common.util.GenericUtils.selectNextMatchingValue(GenericUtils.java:808)
	at org.apache.sshd.common.util.helper.LazyMatchingTypeIterator.hasNext(LazyMatchingTypeIterator.java:62)
	at org.apache.sshd.client.auth.pubkey.UserAuthPublicKeyIterator.hasNext(UserAuthPublicKeyIterator.java:196)
	at org.apache.sshd.client.auth.pubkey.UserAuthPublicKey.resolveAttemptedPublicKeyIdentity(UserAuthPublicKey.java:212)
	at org.apache.sshd.client.auth.pubkey.UserAuthPublicKey.sendAuthDataRequest(UserAuthPublicKey.java:131)
	at org.apache.sshd.client.auth.AbstractUserAuth.process(AbstractUserAuth.java:71)
	at org.apache.sshd.client.session.ClientUserAuthService.tryNext(ClientUserAuthService.java:317)
	at org.apache.sshd.client.session.ClientUserAuthService.processUserAuth(ClientUserAuthService.java:288)
	at org.apache.sshd.client.session.ClientUserAuthService.process(ClientUserAuthService.java:225)
	at org.apache.sshd.common.session.helpers.AbstractSession.doHandleMessage(AbstractSession.java:503)
	at org.apache.sshd.common.session.helpers.AbstractSession.handleMessage(AbstractSession.java:429)
	at org.apache.sshd.common.session.helpers.AbstractSession.decode(AbstractSession.java:1466)
	at org.apache.sshd.common.session.helpers.AbstractSession.messageReceived(AbstractSession.java:389)
	at org.eclipse.jgit.internal.transport.sshd.JGitClientSession.messageReceived(JGitClientSession.java:198)
	at org.apache.sshd.common.session.helpers.AbstractSessionIoHandler.messageReceived(AbstractSessionIoHandler.java:64)
	at org.apache.sshd.common.io.nio2.Nio2Session.handleReadCycleCompletion(Nio2Session.java:359)
	at org.apache.sshd.common.io.nio2.Nio2Session$1.onCompleted(Nio2Session.java:336)
	at org.apache.sshd.common.io.nio2.Nio2Session$1.onCompleted(Nio2Session.java:333)
	at org.apache.sshd.common.io.nio2.Nio2CompletionHandler.lambda$completed$0(Nio2CompletionHandler.java:38)
	at java.base/java.security.AccessController.doPrivileged(Native Method)
	at org.apache.sshd.common.io.nio2.Nio2CompletionHandler.completed(Nio2CompletionHandler.java:37)
	at java.base/sun.nio.ch.Invoker.invokeUnchecked(Invoker.java:127)
	at java.base/sun.nio.ch.Invoker.invokeDirect(Invoker.java:158)
	at java.base/sun.nio.ch.UnixAsynchronousSocketChannelImpl.implRead(UnixAsynchronousSocketChannelImpl.java:562)
	at java.base/sun.nio.ch.AsynchronousSocketChannelImpl.read(AsynchronousSocketChannelImpl.java:277)
	at java.base/sun.nio.ch.AsynchronousSocketChannelImpl.read(AsynchronousSocketChannelImpl.java:298)
	at org.apache.sshd.common.io.nio2.Nio2Session.doReadCycle(Nio2Session.java:430)
	at org.apache.sshd.common.io.nio2.Nio2Session.handleReadCycleCompletion(Nio2Session.java:363)
	at org.apache.sshd.common.io.nio2.Nio2Session$1.onCompleted(Nio2Session.java:336)
	at org.apache.sshd.common.io.nio2.Nio2Session$1.onCompleted(Nio2Session.java:333)
	at org.apache.sshd.common.io.nio2.Nio2CompletionHandler.lambda$completed$0(Nio2CompletionHandler.java:38)
	at java.base/java.security.AccessController.doPrivileged(Native Method)
	at org.apache.sshd.common.io.nio2.Nio2CompletionHandler.completed(Nio2CompletionHandler.java:37)
	at java.base/sun.nio.ch.Invoker.invokeUnchecked(Invoker.java:127)
	at java.base/sun.nio.ch.Invoker$2.run(Invoker.java:219)
	at java.base/sun.nio.ch.AsynchronousChannelGroupImpl$1.run(AsynchronousChannelGroupImpl.java:112)
	at java.base/java.util.concurrent.ThreadPoolExecutor.runWorker(ThreadPoolExecutor.java:1128)
	at java.base/java.util.concurrent.ThreadPoolExecutor$Worker.run(ThreadPoolExecutor.java:628)
	at java.base/java.lang.Thread.run(Thread.java:829)
2023-08-31 23:07:42 [main] INFO  o.a.coyote.http11.Http11NioProtocol - Starting ProtocolHandler ["http-nio-8888"]
2023-08-31 23:07:42 [main] INFO  o.s.b.w.e.tomcat.TomcatWebServer - Tomcat started on port(s): 8888 (http) with context path ''
2023-08-31 23:07:42 [main] INFO  c.m.demo.config.server.ConfigServer - Started ConfigServer in 11.676 seconds (JVM running for 13.282)
2023-08-31 23:08:03 [http-nio-8888-exec-1] INFO  o.a.c.c.C.[Tomcat].[localhost].[/] - Initializing Spring DispatcherServlet 'dispatcherServlet'
2023-08-31 23:08:03 [http-nio-8888-exec-1] INFO  o.s.web.servlet.DispatcherServlet - Initializing Servlet 'dispatcherServlet'
2023-08-31 23:08:03 [http-nio-8888-exec-1] INFO  o.s.web.servlet.DispatcherServlet - Completed initialization in 2 ms
2023-08-31 23:08:04 [sshd-JGitSshClient[678b4a4f]-nio2-thread-4] WARN  o.e.j.i.t.s.CachingKeyPairProvider - Invalid DER: length field too big: 186
java.io.StreamCorruptedException: Invalid DER: length field too big: 186
	at org.apache.sshd.common.util.io.der.DERParser.readLength(DERParser.java:96)
	at org.apache.sshd.common.util.io.der.DERParser.readObject(DERParser.java:131)
	at org.apache.sshd.common.config.keys.loader.pem.RSAPEMResourceKeyPairParser.decodeRSAKeyPair(RSAPEMResourceKeyPairParser.java:114)
	at org.apache.sshd.common.config.keys.loader.pem.RSAPEMResourceKeyPairParser.extractKeyPairs(RSAPEMResourceKeyPairParser.java:76)
	at org.apache.sshd.common.config.keys.loader.pem.AbstractPEMResourceKeyPairParser.extractKeyPairs(AbstractPEMResourceKeyPairParser.java:172)
	at org.apache.sshd.common.config.keys.loader.AbstractKeyPairResourceParser.loadKeyPairs(AbstractKeyPairResourceParser.java:117)
	at org.apache.sshd.common.config.keys.loader.KeyPairResourceParser$2.loadKeyPairs(KeyPairResourceParser.java:166)
	at org.apache.sshd.common.config.keys.loader.pem.PEMResourceParserUtils$1.loadKeyPairs(PEMResourceParserUtils.java:53)
	at org.apache.sshd.common.config.keys.loader.KeyPairResourceParser$2.loadKeyPairs(KeyPairResourceParser.java:166)
	at org.apache.sshd.common.config.keys.loader.KeyPairResourceLoader.loadKeyPairs(KeyPairResourceLoader.java:157)
	at org.apache.sshd.common.config.keys.loader.KeyPairResourceLoader.loadKeyPairs(KeyPairResourceLoader.java:148)
	at org.apache.sshd.common.config.keys.loader.KeyPairResourceLoader.loadKeyPairs(KeyPairResourceLoader.java:139)
	at org.apache.sshd.common.config.keys.loader.KeyPairResourceLoader.loadKeyPairs(KeyPairResourceLoader.java:130)
	at org.apache.sshd.common.util.security.SecurityUtils.loadKeyPairIdentities(SecurityUtils.java:522)
	at org.eclipse.jgit.internal.transport.sshd.CachingKeyPairProvider.loadKey(CachingKeyPairProvider.java:114)
	at org.eclipse.jgit.internal.transport.sshd.CachingKeyPairProvider.loadKey(CachingKeyPairProvider.java:89)
	at org.eclipse.jgit.internal.transport.sshd.CachingKeyPairProvider.access$0(CachingKeyPairProvider.java:81)
	at org.eclipse.jgit.internal.transport.sshd.CachingKeyPairProvider$CancellingKeyPairIterator.hasNext(CachingKeyPairProvider.java:169)
	at org.eclipse.jgit.internal.transport.sshd.JGitSshClient$CombinedKeyIdentityProvider$1.hasNext(JGitSshClient.java:422)
	at org.apache.sshd.common.keyprovider.MultiKeyIdentityIterator.hasNext(MultiKeyIdentityIterator.java:86)
	at org.apache.sshd.client.auth.pubkey.UserAuthPublicKeyIterator$1$1.hasNext(UserAuthPublicKeyIterator.java:119)
	at org.apache.sshd.common.util.helper.LazyIterablesConcatenator$1.hasNext(LazyIterablesConcatenator.java:68)
	at org.apache.sshd.common.util.GenericUtils.selectNextMatchingValue(GenericUtils.java:808)
	at org.apache.sshd.common.util.helper.LazyMatchingTypeIterator.hasNext(LazyMatchingTypeIterator.java:62)
	at org.apache.sshd.client.auth.pubkey.UserAuthPublicKeyIterator.hasNext(UserAuthPublicKeyIterator.java:196)
	at org.apache.sshd.client.auth.pubkey.UserAuthPublicKey.resolveAttemptedPublicKeyIdentity(UserAuthPublicKey.java:212)
	at org.apache.sshd.client.auth.pubkey.UserAuthPublicKey.sendAuthDataRequest(UserAuthPublicKey.java:131)
	at org.apache.sshd.client.auth.AbstractUserAuth.process(AbstractUserAuth.java:71)
	at org.apache.sshd.client.session.ClientUserAuthService.tryNext(ClientUserAuthService.java:317)
	at org.apache.sshd.client.session.ClientUserAuthService.processUserAuth(ClientUserAuthService.java:288)
	at org.apache.sshd.client.session.ClientUserAuthService.process(ClientUserAuthService.java:225)
	at org.apache.sshd.common.session.helpers.AbstractSession.doHandleMessage(AbstractSession.java:503)
	at org.apache.sshd.common.session.helpers.AbstractSession.handleMessage(AbstractSession.java:429)
	at org.apache.sshd.common.session.helpers.AbstractSession.decode(AbstractSession.java:1466)
	at org.apache.sshd.common.session.helpers.AbstractSession.messageReceived(AbstractSession.java:389)
	at org.eclipse.jgit.internal.transport.sshd.JGitClientSession.messageReceived(JGitClientSession.java:198)
	at org.apache.sshd.common.session.helpers.AbstractSessionIoHandler.messageReceived(AbstractSessionIoHandler.java:64)
	at org.apache.sshd.common.io.nio2.Nio2Session.handleReadCycleCompletion(Nio2Session.java:359)
	at org.apache.sshd.common.io.nio2.Nio2Session$1.onCompleted(Nio2Session.java:336)
	at org.apache.sshd.common.io.nio2.Nio2Session$1.onCompleted(Nio2Session.java:333)
	at org.apache.sshd.common.io.nio2.Nio2CompletionHandler.lambda$completed$0(Nio2CompletionHandler.java:38)
	at java.base/java.security.AccessController.doPrivileged(Native Method)
	at org.apache.sshd.common.io.nio2.Nio2CompletionHandler.completed(Nio2CompletionHandler.java:37)
	at java.base/sun.nio.ch.Invoker.invokeUnchecked(Invoker.java:127)
	at java.base/sun.nio.ch.Invoker$2.run(Invoker.java:219)
	at java.base/sun.nio.ch.AsynchronousChannelGroupImpl$1.run(AsynchronousChannelGroupImpl.java:112)
	at java.base/java.util.concurrent.ThreadPoolExecutor.runWorker(ThreadPoolExecutor.java:1128)
	at java.base/java.util.concurrent.ThreadPoolExecutor$Worker.run(ThreadPoolExecutor.java:628)
	at java.base/java.lang.Thread.run(Thread.java:829)
2023-08-31 23:08:06 [http-nio-8888-exec-1] INFO  o.s.c.c.s.e.NativeEnvironmentRepository - Adding property source: Config resource 'file [/tmp/config-repo-10237052672622506230/config-client-reactive_elastic_query.yml]' via location 'file:/tmp/config-repo-10237052672622506230/'
2023-08-31 23:12:47 [sshd-JGitSshClient[473147b3]-nio2-thread-5] WARN  o.e.j.i.t.s.CachingKeyPairProvider - Invalid DER: length field too big: 186
java.io.StreamCorruptedException: Invalid DER: length field too big: 186
	at org.apache.sshd.common.util.io.der.DERParser.readLength(DERParser.java:96)
	at org.apache.sshd.common.util.io.der.DERParser.readObject(DERParser.java:131)
	at org.apache.sshd.common.config.keys.loader.pem.RSAPEMResourceKeyPairParser.decodeRSAKeyPair(RSAPEMResourceKeyPairParser.java:114)
	at org.apache.sshd.common.config.keys.loader.pem.RSAPEMResourceKeyPairParser.extractKeyPairs(RSAPEMResourceKeyPairParser.java:76)
	at org.apache.sshd.common.config.keys.loader.pem.AbstractPEMResourceKeyPairParser.extractKeyPairs(AbstractPEMResourceKeyPairParser.java:172)
	at org.apache.sshd.common.config.keys.loader.AbstractKeyPairResourceParser.loadKeyPairs(AbstractKeyPairResourceParser.java:117)
	at org.apache.sshd.common.config.keys.loader.KeyPairResourceParser$2.loadKeyPairs(KeyPairResourceParser.java:166)
	at org.apache.sshd.common.config.keys.loader.pem.PEMResourceParserUtils$1.loadKeyPairs(PEMResourceParserUtils.java:53)
	at org.apache.sshd.common.config.keys.loader.KeyPairResourceParser$2.loadKeyPairs(KeyPairResourceParser.java:166)
	at org.apache.sshd.common.config.keys.loader.KeyPairResourceLoader.loadKeyPairs(KeyPairResourceLoader.java:157)
	at org.apache.sshd.common.config.keys.loader.KeyPairResourceLoader.loadKeyPairs(KeyPairResourceLoader.java:148)
	at org.apache.sshd.common.config.keys.loader.KeyPairResourceLoader.loadKeyPairs(KeyPairResourceLoader.java:139)
	at org.apache.sshd.common.config.keys.loader.KeyPairResourceLoader.loadKeyPairs(KeyPairResourceLoader.java:130)
	at org.apache.sshd.common.util.security.SecurityUtils.loadKeyPairIdentities(SecurityUtils.java:522)
	at org.eclipse.jgit.internal.transport.sshd.CachingKeyPairProvider.loadKey(CachingKeyPairProvider.java:114)
	at org.eclipse.jgit.internal.transport.sshd.CachingKeyPairProvider.loadKey(CachingKeyPairProvider.java:89)
	at org.eclipse.jgit.internal.transport.sshd.CachingKeyPairProvider.access$0(CachingKeyPairProvider.java:81)
	at org.eclipse.jgit.internal.transport.sshd.CachingKeyPairProvider$CancellingKeyPairIterator.hasNext(CachingKeyPairProvider.java:169)
	at org.eclipse.jgit.internal.transport.sshd.JGitSshClient$CombinedKeyIdentityProvider$1.hasNext(JGitSshClient.java:422)
	at org.apache.sshd.common.keyprovider.MultiKeyIdentityIterator.hasNext(MultiKeyIdentityIterator.java:86)
	at org.apache.sshd.client.auth.pubkey.UserAuthPublicKeyIterator$1$1.hasNext(UserAuthPublicKeyIterator.java:119)
	at org.apache.sshd.common.util.helper.LazyIterablesConcatenator$1.hasNext(LazyIterablesConcatenator.java:68)
	at org.apache.sshd.common.util.GenericUtils.selectNextMatchingValue(GenericUtils.java:808)
	at org.apache.sshd.common.util.helper.LazyMatchingTypeIterator.hasNext(LazyMatchingTypeIterator.java:62)
	at org.apache.sshd.client.auth.pubkey.UserAuthPublicKeyIterator.hasNext(UserAuthPublicKeyIterator.java:196)
	at org.apache.sshd.client.auth.pubkey.UserAuthPublicKey.resolveAttemptedPublicKeyIdentity(UserAuthPublicKey.java:212)
	at org.apache.sshd.client.auth.pubkey.UserAuthPublicKey.sendAuthDataRequest(UserAuthPublicKey.java:131)
	at org.apache.sshd.client.auth.AbstractUserAuth.process(AbstractUserAuth.java:71)
	at org.apache.sshd.client.session.ClientUserAuthService.tryNext(ClientUserAuthService.java:317)
	at org.apache.sshd.client.session.ClientUserAuthService.processUserAuth(ClientUserAuthService.java:288)
	at org.apache.sshd.client.session.ClientUserAuthService.process(ClientUserAuthService.java:225)
	at org.apache.sshd.common.session.helpers.AbstractSession.doHandleMessage(AbstractSession.java:503)
	at org.apache.sshd.common.session.helpers.AbstractSession.handleMessage(AbstractSession.java:429)
	at org.apache.sshd.common.session.helpers.AbstractSession.decode(AbstractSession.java:1466)
	at org.apache.sshd.common.session.helpers.AbstractSession.messageReceived(AbstractSession.java:389)
	at org.eclipse.jgit.internal.transport.sshd.JGitClientSession.messageReceived(JGitClientSession.java:198)
	at org.apache.sshd.common.session.helpers.AbstractSessionIoHandler.messageReceived(AbstractSessionIoHandler.java:64)
	at org.apache.sshd.common.io.nio2.Nio2Session.handleReadCycleCompletion(Nio2Session.java:359)
	at org.apache.sshd.common.io.nio2.Nio2Session$1.onCompleted(Nio2Session.java:336)
	at org.apache.sshd.common.io.nio2.Nio2Session$1.onCompleted(Nio2Session.java:333)
	at org.apache.sshd.common.io.nio2.Nio2CompletionHandler.lambda$completed$0(Nio2CompletionHandler.java:38)
	at java.base/java.security.AccessController.doPrivileged(Native Method)
	at org.apache.sshd.common.io.nio2.Nio2CompletionHandler.completed(Nio2CompletionHandler.java:37)
	at java.base/sun.nio.ch.Invoker.invokeUnchecked(Invoker.java:127)
	at java.base/sun.nio.ch.Invoker$2.run(Invoker.java:219)
	at java.base/sun.nio.ch.AsynchronousChannelGroupImpl$1.run(AsynchronousChannelGroupImpl.java:112)
	at java.base/java.util.concurrent.ThreadPoolExecutor.runWorker(ThreadPoolExecutor.java:1128)
	at java.base/java.util.concurrent.ThreadPoolExecutor$Worker.run(ThreadPoolExecutor.java:628)
	at java.base/java.lang.Thread.run(Thread.java:829)
2023-08-31 23:12:50 [http-nio-8888-exec-3] INFO  o.s.c.c.s.e.NativeEnvironmentRepository - Adding property source: Config resource 'file [/tmp/config-repo-10237052672622506230/config-client-reactive_elastic_query.yml]' via location 'file:/tmp/config-repo-10237052672622506230/'
