2023-05-29 00:00:01 [pool-4-thread-1] INFO  c.m.d.t.t.k.s.l.TwitterKafkaStatusListener - Received status text varius adipiscing tempus sit dolor turpis Microservices sit ipsum in id varius sending to kafka topic twitter-topic
2023-05-29 00:00:01 [pool-4-thread-1] INFO  c.m.d.k.p.c.s.i.TwitterKafkaProducer - Sending message='{"userId": 2064177838387043119, "id": 7595434262714435725, "text": "varius adipiscing tempus sit dolor turpis Microservices sit ipsum in id varius", "createdAt": 1685300401000}' to topic='twitter-topic'
2023-05-29 00:00:11 [pool-4-thread-1] INFO  c.m.d.t.t.k.s.l.TwitterKafkaStatusListener - Received status text tempus sit varius in Spring venenatis ut sending to kafka topic twitter-topic
2023-05-29 00:00:11 [pool-4-thread-1] INFO  c.m.d.k.p.c.s.i.TwitterKafkaProducer - Sending message='{"userId": 697980966462018003, "id": 2732621402748246910, "text": "tempus sit varius in Spring venenatis ut", "createdAt": 1685300411000}' to topic='twitter-topic'
2023-05-29 00:00:21 [pool-4-thread-1] INFO  c.m.d.t.t.k.s.l.TwitterKafkaStatusListener - Received status text tristique adipiscing sit tristique dolor ipsum sit ipsum Spring lectus in elit varius varius ornare pharetra sending to kafka topic twitter-topic
2023-05-29 00:00:21 [pool-4-thread-1] INFO  c.m.d.k.p.c.s.i.TwitterKafkaProducer - Sending message='{"userId": 9086260088662431499, "id": 4587331172418604809, "text": "tristique adipiscing sit tristique dolor ipsum sit ipsum Spring lectus in elit varius varius ornare pharetra", "createdAt": 1685300421000}' to topic='twitter-topic'
2023-05-29 00:00:31 [pool-4-thread-1] INFO  c.m.d.t.t.k.s.l.TwitterKafkaStatusListener - Received status text in ut consectetur Kafka ultricies consectetur sending to kafka topic twitter-topic
2023-05-29 00:00:31 [pool-4-thread-1] INFO  c.m.d.k.p.c.s.i.TwitterKafkaProducer - Sending message='{"userId": 1552164405606045017, "id": 5378665897583589062, "text": "in ut consectetur Kafka ultricies consectetur", "createdAt": 1685300431000}' to topic='twitter-topic'
2023-05-29 00:00:41 [pool-4-thread-1] INFO  c.m.d.t.t.k.s.l.TwitterKafkaStatusListener - Received status text ut tristique turpis sit Kafka lectus turpis venenatis sending to kafka topic twitter-topic
2023-05-29 00:00:41 [pool-4-thread-1] INFO  c.m.d.k.p.c.s.i.TwitterKafkaProducer - Sending message='{"userId": 6983499296663644767, "id": 438483806829703616, "text": "ut tristique turpis sit Kafka lectus turpis venenatis", "createdAt": 1685300441000}' to topic='twitter-topic'
2023-05-29 00:00:51 [pool-4-thread-1] INFO  c.m.d.t.t.k.s.l.TwitterKafkaStatusListener - Received status text id pharetra dolor tempus Elasticsearch ipsum adipiscing dolor sending to kafka topic twitter-topic
2023-05-29 00:00:51 [pool-4-thread-1] INFO  c.m.d.k.p.c.s.i.TwitterKafkaProducer - Sending message='{"userId": 7697414225919533001, "id": 3023267592463321008, "text": "id pharetra dolor tempus Elasticsearch ipsum adipiscing dolor", "createdAt": 1685300451000}' to topic='twitter-topic'
2023-05-29 00:01:01 [pool-4-thread-1] INFO  c.m.d.t.t.k.s.l.TwitterKafkaStatusListener - Received status text dignissim adipiscing turpis lectus in turpis venenatis dignissim Kafka venenatis consectetur tristique adipiscing varius tempus varius sending to kafka topic twitter-topic
2023-05-29 00:01:01 [pool-4-thread-1] INFO  c.m.d.k.p.c.s.i.TwitterKafkaProducer - Sending message='{"userId": 1610708507205503614, "id": 8152390499817306511, "text": "dignissim adipiscing turpis lectus in turpis venenatis dignissim Kafka venenatis consectetur tristique adipiscing varius tempus varius", "createdAt": 1685300461000}' to topic='twitter-topic'
2023-05-29 00:01:11 [pool-4-thread-1] INFO  c.m.d.t.t.k.s.l.TwitterKafkaStatusListener - Received status text venenatis id adipiscing ut Microservices lectus ornare sending to kafka topic twitter-topic
2023-05-29 00:01:11 [pool-4-thread-1] INFO  c.m.d.k.p.c.s.i.TwitterKafkaProducer - Sending message='{"userId": 8943412137682517914, "id": 2471681132132210782, "text": "venenatis id adipiscing ut Microservices lectus ornare", "createdAt": 1685300471000}' to topic='twitter-topic'
2023-05-29 00:01:21 [pool-4-thread-1] INFO  c.m.d.t.t.k.s.l.TwitterKafkaStatusListener - Received status text lectus ornare dolor Spring id mauris sending to kafka topic twitter-topic
2023-05-29 00:01:21 [pool-4-thread-1] INFO  c.m.d.k.p.c.s.i.TwitterKafkaProducer - Sending message='{"userId": 2720764415293956432, "id": 4050153479412864510, "text": "lectus ornare dolor Spring id mauris", "createdAt": 1685300481000}' to topic='twitter-topic'
2023-05-29 00:01:31 [pool-4-thread-1] INFO  c.m.d.t.t.k.s.l.TwitterKafkaStatusListener - Received status text lectus tristique elit Microservices ipsum mauris sending to kafka topic twitter-topic
2023-05-29 00:01:31 [pool-4-thread-1] INFO  c.m.d.k.p.c.s.i.TwitterKafkaProducer - Sending message='{"userId": 4464067138798461321, "id": 5544925217575268592, "text": "lectus tristique elit Microservices ipsum mauris", "createdAt": 1685300491000}' to topic='twitter-topic'
2023-05-29 00:01:41 [pool-4-thread-1] INFO  c.m.d.t.t.k.s.l.TwitterKafkaStatusListener - Received status text adipiscing ultricies id consectetur mauris id ornare Spring tempus dignissim lectus turpis varius sending to kafka topic twitter-topic
2023-05-29 00:01:41 [pool-4-thread-1] INFO  c.m.d.k.p.c.s.i.TwitterKafkaProducer - Sending message='{"userId": 3233229195459925694, "id": 4971479261499076145, "text": "adipiscing ultricies id consectetur mauris id ornare Spring tempus dignissim lectus turpis varius", "createdAt": 1685300501000}' to topic='twitter-topic'
2023-05-29 00:01:51 [pool-4-thread-1] INFO  c.m.d.t.t.k.s.l.TwitterKafkaStatusListener - Received status text dolor varius ipsum varius Spring ultricies mauris ut sending to kafka topic twitter-topic
2023-05-29 00:01:51 [pool-4-thread-1] INFO  c.m.d.k.p.c.s.i.TwitterKafkaProducer - Sending message='{"userId": 4323617980716555079, "id": 8253639071618641172, "text": "dolor varius ipsum varius Spring ultricies mauris ut", "createdAt": 1685300511000}' to topic='twitter-topic'
2023-05-29 00:02:01 [pool-4-thread-1] INFO  c.m.d.t.t.k.s.l.TwitterKafkaStatusListener - Received status text consectetur id venenatis mauris ut pharetra Spring in turpis dignissim venenatis sending to kafka topic twitter-topic
2023-05-29 00:02:01 [pool-4-thread-1] INFO  c.m.d.k.p.c.s.i.TwitterKafkaProducer - Sending message='{"userId": 1067937858876234150, "id": 80227090209141058, "text": "consectetur id venenatis mauris ut pharetra Spring in turpis dignissim venenatis", "createdAt": 1685300521000}' to topic='twitter-topic'
2023-05-29 00:02:11 [pool-4-thread-1] INFO  c.m.d.t.t.k.s.l.TwitterKafkaStatusListener - Received status text in varius varius pharetra elit Java mauris elit ornare sending to kafka topic twitter-topic
2023-05-29 00:02:11 [pool-4-thread-1] INFO  c.m.d.k.p.c.s.i.TwitterKafkaProducer - Sending message='{"userId": 4711607668272870153, "id": 654741173589523634, "text": "in varius varius pharetra elit Java mauris elit ornare", "createdAt": 1685300531000}' to topic='twitter-topic'
2023-05-29 00:02:21 [pool-4-thread-1] INFO  c.m.d.t.t.k.s.l.TwitterKafkaStatusListener - Received status text ultricies venenatis dignissim sit Elasticsearch tempus ut sending to kafka topic twitter-topic
2023-05-29 00:02:21 [pool-4-thread-1] INFO  c.m.d.k.p.c.s.i.TwitterKafkaProducer - Sending message='{"userId": 5635216106687254156, "id": 5610233503737282760, "text": "ultricies venenatis dignissim sit Elasticsearch tempus ut", "createdAt": 1685300541000}' to topic='twitter-topic'
2023-05-29 00:02:31 [pool-4-thread-1] INFO  c.m.d.t.t.k.s.l.TwitterKafkaStatusListener - Received status text dolor ultricies dolor adipiscing elit venenatis dignissim varius Kafka pharetra turpis sit sit ultricies consectetur sending to kafka topic twitter-topic
2023-05-29 00:02:31 [pool-4-thread-1] INFO  c.m.d.k.p.c.s.i.TwitterKafkaProducer - Sending message='{"userId": 1760006056431839092, "id": 6969619824985645592, "text": "dolor ultricies dolor adipiscing elit venenatis dignissim varius Kafka pharetra turpis sit sit ultricies consectetur", "createdAt": 1685300551000}' to topic='twitter-topic'
2023-05-29 00:02:41 [pool-4-thread-1] INFO  c.m.d.t.t.k.s.l.TwitterKafkaStatusListener - Received status text id consectetur ornare ipsum elit in Elasticsearch tristique ut dignissim ultricies elit sending to kafka topic twitter-topic
2023-05-29 00:02:41 [pool-4-thread-1] INFO  c.m.d.k.p.c.s.i.TwitterKafkaProducer - Sending message='{"userId": 7076310185121681248, "id": 8564685864714949654, "text": "id consectetur ornare ipsum elit in Elasticsearch tristique ut dignissim ultricies elit", "createdAt": 1685300561000}' to topic='twitter-topic'
2023-05-29 00:02:51 [pool-4-thread-1] INFO  c.m.d.t.t.k.s.l.TwitterKafkaStatusListener - Received status text tristique elit turpis varius elit Microservices sit venenatis id sending to kafka topic twitter-topic
2023-05-29 00:02:51 [pool-4-thread-1] INFO  c.m.d.k.p.c.s.i.TwitterKafkaProducer - Sending message='{"userId": 520577815545541892, "id": 2710993427162387052, "text": "tristique elit turpis varius elit Microservices sit venenatis id", "createdAt": 1685300571000}' to topic='twitter-topic'
2023-05-29 00:03:01 [pool-4-thread-1] INFO  c.m.d.t.t.k.s.l.TwitterKafkaStatusListener - Received status text mauris varius pharetra tempus lectus ipsum ornare pharetra Elasticsearch varius varius ultricies id venenatis turpis sending to kafka topic twitter-topic
2023-05-29 00:03:01 [pool-4-thread-1] INFO  c.m.d.k.p.c.s.i.TwitterKafkaProducer - Sending message='{"userId": 7102770844915537073, "id": 452965161699078167, "text": "mauris varius pharetra tempus lectus ipsum ornare pharetra Elasticsearch varius varius ultricies id venenatis turpis", "createdAt": 1685300581000}' to topic='twitter-topic'
2023-05-29 00:03:11 [pool-4-thread-1] INFO  c.m.d.t.t.k.s.l.TwitterKafkaStatusListener - Received status text pharetra mauris tempus pharetra Kafka ornare ornare mauris sending to kafka topic twitter-topic
2023-05-29 00:03:11 [pool-4-thread-1] INFO  c.m.d.k.p.c.s.i.TwitterKafkaProducer - Sending message='{"userId": 7462002389180884174, "id": 6413443536863233716, "text": "pharetra mauris tempus pharetra Kafka ornare ornare mauris", "createdAt": 1685300591000}' to topic='twitter-topic'
2023-05-29 00:03:21 [pool-4-thread-1] INFO  c.m.d.t.t.k.s.l.TwitterKafkaStatusListener - Received status text tristique venenatis lectus tristique ipsum id elit Microservices in elit ut ornare tempus sending to kafka topic twitter-topic
2023-05-29 00:03:21 [pool-4-thread-1] INFO  c.m.d.k.p.c.s.i.TwitterKafkaProducer - Sending message='{"userId": 3627359072985911064, "id": 2430459285983424013, "text": "tristique venenatis lectus tristique ipsum id elit Microservices in elit ut ornare tempus", "createdAt": 1685300601000}' to topic='twitter-topic'
2023-05-29 00:03:31 [pool-4-thread-1] INFO  c.m.d.t.t.k.s.l.TwitterKafkaStatusListener - Received status text tempus ornare ornare dignissim Java in turpis venenatis sending to kafka topic twitter-topic
2023-05-29 00:03:31 [pool-4-thread-1] INFO  c.m.d.k.p.c.s.i.TwitterKafkaProducer - Sending message='{"userId": 1013804642698634396, "id": 7463380171994440665, "text": "tempus ornare ornare dignissim Java in turpis venenatis", "createdAt": 1685300611000}' to topic='twitter-topic'
2023-05-29 00:03:41 [pool-4-thread-1] INFO  c.m.d.t.t.k.s.l.TwitterKafkaStatusListener - Received status text ultricies adipiscing venenatis ornare Kafka ornare venenatis sending to kafka topic twitter-topic
2023-05-29 00:03:41 [pool-4-thread-1] INFO  c.m.d.k.p.c.s.i.TwitterKafkaProducer - Sending message='{"userId": 4430167488512876555, "id": 7371684440201844168, "text": "ultricies adipiscing venenatis ornare Kafka ornare venenatis", "createdAt": 1685300621000}' to topic='twitter-topic'
2023-05-29 00:03:51 [pool-4-thread-1] INFO  c.m.d.t.t.k.s.l.TwitterKafkaStatusListener - Received status text lectus pharetra ornare Java in dignissim sending to kafka topic twitter-topic
2023-05-29 00:03:51 [pool-4-thread-1] INFO  c.m.d.k.p.c.s.i.TwitterKafkaProducer - Sending message='{"userId": 6232786520804454930, "id": 8114530783952902092, "text": "lectus pharetra ornare Java in dignissim", "createdAt": 1685300631000}' to topic='twitter-topic'
2023-05-29 00:04:01 [pool-4-thread-1] INFO  c.m.d.t.t.k.s.l.TwitterKafkaStatusListener - Received status text tempus consectetur adipiscing ultricies ipsum Spring adipiscing adipiscing adipiscing sending to kafka topic twitter-topic
2023-05-29 00:04:01 [pool-4-thread-1] INFO  c.m.d.k.p.c.s.i.TwitterKafkaProducer - Sending message='{"userId": 7009156737343759877, "id": 3793673047453215766, "text": "tempus consectetur adipiscing ultricies ipsum Spring adipiscing adipiscing adipiscing", "createdAt": 1685300641000}' to topic='twitter-topic'
2023-05-29 00:04:07 [kafka-admin-client-thread | adminclient-1] INFO  o.apache.kafka.clients.NetworkClient - [AdminClient clientId=adminclient-1] Node 1 disconnected.
2023-05-29 00:04:11 [pool-4-thread-1] INFO  c.m.d.t.t.k.s.l.TwitterKafkaStatusListener - Received status text tristique tristique turpis mauris varius dolor ut consectetur Microservices dignissim ut varius ornare consectetur varius dolor sending to kafka topic twitter-topic
2023-05-29 00:04:11 [pool-4-thread-1] INFO  c.m.d.k.p.c.s.i.TwitterKafkaProducer - Sending message='{"userId": 784851591570397497, "id": 5756180928842447148, "text": "tristique tristique turpis mauris varius dolor ut consectetur Microservices dignissim ut varius ornare consectetur varius dolor", "createdAt": 1685300651000}' to topic='twitter-topic'
2023-05-29 00:04:21 [pool-4-thread-1] INFO  c.m.d.t.t.k.s.l.TwitterKafkaStatusListener - Received status text tristique ultricies turpis in dolor tempus Spring tristique elit venenatis dignissim sending to kafka topic twitter-topic
2023-05-29 00:04:21 [pool-4-thread-1] INFO  c.m.d.k.p.c.s.i.TwitterKafkaProducer - Sending message='{"userId": 2537922084026391258, "id": 3853388906357931002, "text": "tristique ultricies turpis in dolor tempus Spring tristique elit venenatis dignissim", "createdAt": 1685300661000}' to topic='twitter-topic'
2023-05-29 00:04:31 [pool-4-thread-1] INFO  c.m.d.t.t.k.s.l.TwitterKafkaStatusListener - Received status text mauris in ornare ipsum sit tristique sit ornare Java id varius in dolor tempus elit sending to kafka topic twitter-topic
2023-05-29 00:04:31 [pool-4-thread-1] INFO  c.m.d.k.p.c.s.i.TwitterKafkaProducer - Sending message='{"userId": 6569655490632901863, "id": 2622837114513811135, "text": "mauris in ornare ipsum sit tristique sit ornare Java id varius in dolor tempus elit", "createdAt": 1685300671000}' to topic='twitter-topic'
2023-05-29 00:04:41 [pool-4-thread-1] INFO  c.m.d.t.t.k.s.l.TwitterKafkaStatusListener - Received status text ut ultricies venenatis pharetra lectus sit ornare Microservices id tempus id ut adipiscing sending to kafka topic twitter-topic
2023-05-29 00:04:41 [pool-4-thread-1] INFO  c.m.d.k.p.c.s.i.TwitterKafkaProducer - Sending message='{"userId": 3627653096060953246, "id": 7689178411117173913, "text": "ut ultricies venenatis pharetra lectus sit ornare Microservices id tempus id ut adipiscing", "createdAt": 1685300681000}' to topic='twitter-topic'
2023-05-29 00:04:51 [pool-4-thread-1] INFO  c.m.d.t.t.k.s.l.TwitterKafkaStatusListener - Received status text dolor in adipiscing pharetra in sit mauris Kafka ipsum mauris turpis in ultricies sending to kafka topic twitter-topic
2023-05-29 00:04:51 [pool-4-thread-1] INFO  c.m.d.k.p.c.s.i.TwitterKafkaProducer - Sending message='{"userId": 7652820117058086069, "id": 1757254524604497392, "text": "dolor in adipiscing pharetra in sit mauris Kafka ipsum mauris turpis in ultricies", "createdAt": 1685300691000}' to topic='twitter-topic'
2023-05-29 00:05:01 [pool-4-thread-1] INFO  c.m.d.t.t.k.s.l.TwitterKafkaStatusListener - Received status text turpis ipsum ipsum id in elit Spring in venenatis varius pharetra sending to kafka topic twitter-topic
2023-05-29 00:05:01 [pool-4-thread-1] INFO  c.m.d.k.p.c.s.i.TwitterKafkaProducer - Sending message='{"userId": 7083336613819276625, "id": 4301582782572697456, "text": "turpis ipsum ipsum id in elit Spring in venenatis varius pharetra", "createdAt": 1685300701000}' to topic='twitter-topic'
2023-05-29 00:05:11 [pool-4-thread-1] INFO  c.m.d.t.t.k.s.l.TwitterKafkaStatusListener - Received status text venenatis consectetur ultricies Kafka adipiscing adipiscing sending to kafka topic twitter-topic
2023-05-29 00:05:11 [pool-4-thread-1] INFO  c.m.d.k.p.c.s.i.TwitterKafkaProducer - Sending message='{"userId": 2971298477575787006, "id": 3661660540089992258, "text": "venenatis consectetur ultricies Kafka adipiscing adipiscing", "createdAt": 1685300711000}' to topic='twitter-topic'
2023-05-29 00:05:21 [pool-4-thread-1] INFO  c.m.d.t.t.k.s.l.TwitterKafkaStatusListener - Received status text turpis varius varius adipiscing id adipiscing sit Elasticsearch varius ornare in ut dignissim sending to kafka topic twitter-topic
2023-05-29 00:05:21 [pool-4-thread-1] INFO  c.m.d.k.p.c.s.i.TwitterKafkaProducer - Sending message='{"userId": 1183761122872617797, "id": 3549327394211545191, "text": "turpis varius varius adipiscing id adipiscing sit Elasticsearch varius ornare in ut dignissim", "createdAt": 1685300721000}' to topic='twitter-topic'
2023-05-29 00:05:31 [pool-4-thread-1] INFO  c.m.d.t.t.k.s.l.TwitterKafkaStatusListener - Received status text mauris ipsum varius ut tempus adipiscing Spring in dignissim tristique lectus sending to kafka topic twitter-topic
2023-05-29 00:05:31 [pool-4-thread-1] INFO  c.m.d.k.p.c.s.i.TwitterKafkaProducer - Sending message='{"userId": 1353253628044134480, "id": 1708718365451753118, "text": "mauris ipsum varius ut tempus adipiscing Spring in dignissim tristique lectus", "createdAt": 1685300731000}' to topic='twitter-topic'
2023-05-29 00:05:41 [pool-4-thread-1] INFO  c.m.d.t.t.k.s.l.TwitterKafkaStatusListener - Received status text ipsum consectetur varius adipiscing adipiscing Elasticsearch pharetra venenatis tristique ultricies sending to kafka topic twitter-topic
2023-05-29 00:05:41 [pool-4-thread-1] INFO  c.m.d.k.p.c.s.i.TwitterKafkaProducer - Sending message='{"userId": 7044522727905681769, "id": 338542845437336019, "text": "ipsum consectetur varius adipiscing adipiscing Elasticsearch pharetra venenatis tristique ultricies", "createdAt": 1685300741000}' to topic='twitter-topic'
2023-05-29 00:05:51 [pool-4-thread-1] INFO  c.m.d.t.t.k.s.l.TwitterKafkaStatusListener - Received status text consectetur pharetra ultricies sit in Kafka varius ut pharetra lectus sending to kafka topic twitter-topic
2023-05-29 00:05:51 [pool-4-thread-1] INFO  c.m.d.k.p.c.s.i.TwitterKafkaProducer - Sending message='{"userId": 1248312031244148111, "id": 7025999865208976498, "text": "consectetur pharetra ultricies sit in Kafka varius ut pharetra lectus", "createdAt": 1685300751000}' to topic='twitter-topic'
2023-05-29 00:06:01 [pool-4-thread-1] INFO  c.m.d.t.t.k.s.l.TwitterKafkaStatusListener - Received status text ipsum adipiscing pharetra lectus lectus ipsum Microservices venenatis elit lectus varius ipsum sending to kafka topic twitter-topic
2023-05-29 00:06:01 [pool-4-thread-1] INFO  c.m.d.k.p.c.s.i.TwitterKafkaProducer - Sending message='{"userId": 3668126928601057981, "id": 5038778319850399944, "text": "ipsum adipiscing pharetra lectus lectus ipsum Microservices venenatis elit lectus varius ipsum", "createdAt": 1685300761000}' to topic='twitter-topic'
2023-05-29 00:06:11 [pool-4-thread-1] INFO  c.m.d.t.t.k.s.l.TwitterKafkaStatusListener - Received status text tempus consectetur varius consectetur Elasticsearch varius turpis in sending to kafka topic twitter-topic
2023-05-29 00:06:11 [pool-4-thread-1] INFO  c.m.d.k.p.c.s.i.TwitterKafkaProducer - Sending message='{"userId": 3654108268493955976, "id": 5726778779829757616, "text": "tempus consectetur varius consectetur Elasticsearch varius turpis in", "createdAt": 1685300771000}' to topic='twitter-topic'
2023-05-29 00:06:21 [pool-4-thread-1] INFO  c.m.d.t.t.k.s.l.TwitterKafkaStatusListener - Received status text sit id dignissim ut id sit dignissim Spring varius ut pharetra lectus adipiscing sending to kafka topic twitter-topic
2023-05-29 00:06:21 [pool-4-thread-1] INFO  c.m.d.k.p.c.s.i.TwitterKafkaProducer - Sending message='{"userId": 8202266787525927560, "id": 9134004500847305359, "text": "sit id dignissim ut id sit dignissim Spring varius ut pharetra lectus adipiscing", "createdAt": 1685300781000}' to topic='twitter-topic'
2023-05-29 00:06:31 [pool-4-thread-1] INFO  c.m.d.t.t.k.s.l.TwitterKafkaStatusListener - Received status text dolor varius ornare varius Elasticsearch ultricies varius sending to kafka topic twitter-topic
2023-05-29 00:06:31 [pool-4-thread-1] INFO  c.m.d.k.p.c.s.i.TwitterKafkaProducer - Sending message='{"userId": 6699038901736499339, "id": 1183400824029375287, "text": "dolor varius ornare varius Elasticsearch ultricies varius", "createdAt": 1685300791000}' to topic='twitter-topic'
2023-05-29 00:06:41 [pool-4-thread-1] INFO  c.m.d.t.t.k.s.l.TwitterKafkaStatusListener - Received status text adipiscing turpis ornare ipsum pharetra Spring adipiscing venenatis consectetur venenatis sending to kafka topic twitter-topic
2023-05-29 00:06:41 [pool-4-thread-1] INFO  c.m.d.k.p.c.s.i.TwitterKafkaProducer - Sending message='{"userId": 8056060745962863075, "id": 7804793421810445448, "text": "adipiscing turpis ornare ipsum pharetra Spring adipiscing venenatis consectetur venenatis", "createdAt": 1685300801000}' to topic='twitter-topic'
2023-05-29 00:06:51 [pool-4-thread-1] INFO  c.m.d.t.t.k.s.l.TwitterKafkaStatusListener - Received status text adipiscing sit ornare pharetra elit ultricies Microservices tempus ut elit dignissim dolor sending to kafka topic twitter-topic
2023-05-29 00:06:51 [pool-4-thread-1] INFO  c.m.d.k.p.c.s.i.TwitterKafkaProducer - Sending message='{"userId": 80501984524970899, "id": 7784759681474201317, "text": "adipiscing sit ornare pharetra elit ultricies Microservices tempus ut elit dignissim dolor", "createdAt": 1685300811000}' to topic='twitter-topic'
2023-05-29 00:07:01 [pool-4-thread-1] INFO  c.m.d.t.t.k.s.l.TwitterKafkaStatusListener - Received status text adipiscing ut in ultricies ut dignissim Java in tempus tempus in tempus sending to kafka topic twitter-topic
2023-05-29 00:07:01 [pool-4-thread-1] INFO  c.m.d.k.p.c.s.i.TwitterKafkaProducer - Sending message='{"userId": 5466844661502058416, "id": 3901872470436781382, "text": "adipiscing ut in ultricies ut dignissim Java in tempus tempus in tempus", "createdAt": 1685300821000}' to topic='twitter-topic'
2023-05-29 00:07:11 [pool-4-thread-1] INFO  c.m.d.t.t.k.s.l.TwitterKafkaStatusListener - Received status text venenatis dignissim consectetur sit varius pharetra Elasticsearch lectus dolor venenatis consectetur sending to kafka topic twitter-topic
2023-05-29 00:07:11 [pool-4-thread-1] INFO  c.m.d.k.p.c.s.i.TwitterKafkaProducer - Sending message='{"userId": 6513251867619656602, "id": 5629669615398037802, "text": "venenatis dignissim consectetur sit varius pharetra Elasticsearch lectus dolor venenatis consectetur", "createdAt": 1685300831000}' to topic='twitter-topic'
2023-05-29 00:07:21 [pool-4-thread-1] INFO  c.m.d.t.t.k.s.l.TwitterKafkaStatusListener - Received status text adipiscing ut mauris tristique dignissim turpis consectetur Spring tempus pharetra lectus lectus dignissim sending to kafka topic twitter-topic
2023-05-29 00:07:21 [pool-4-thread-1] INFO  c.m.d.k.p.c.s.i.TwitterKafkaProducer - Sending message='{"userId": 3628895528977865677, "id": 8119281716337144399, "text": "adipiscing ut mauris tristique dignissim turpis consectetur Spring tempus pharetra lectus lectus dignissim", "createdAt": 1685300841000}' to topic='twitter-topic'
2023-05-29 00:07:31 [pool-4-thread-1] INFO  c.m.d.t.t.k.s.l.TwitterKafkaStatusListener - Received status text venenatis ornare mauris ipsum mauris venenatis adipiscing Spring consectetur tristique sit sit turpis turpis sending to kafka topic twitter-topic
2023-05-29 00:07:31 [pool-4-thread-1] INFO  c.m.d.k.p.c.s.i.TwitterKafkaProducer - Sending message='{"userId": 8982495325893565833, "id": 7399320591176976518, "text": "venenatis ornare mauris ipsum mauris venenatis adipiscing Spring consectetur tristique sit sit turpis turpis", "createdAt": 1685300851000}' to topic='twitter-topic'
2023-05-29 00:07:41 [pool-4-thread-1] INFO  c.m.d.t.t.k.s.l.TwitterKafkaStatusListener - Received status text adipiscing in ultricies pharetra Microservices adipiscing adipiscing sending to kafka topic twitter-topic
2023-05-29 00:07:41 [pool-4-thread-1] INFO  c.m.d.k.p.c.s.i.TwitterKafkaProducer - Sending message='{"userId": 3427917874209557175, "id": 7880381358366072761, "text": "adipiscing in ultricies pharetra Microservices adipiscing adipiscing", "createdAt": 1685300861000}' to topic='twitter-topic'
2023-05-29 00:07:51 [pool-4-thread-1] INFO  c.m.d.t.t.k.s.l.TwitterKafkaStatusListener - Received status text ultricies turpis pharetra ut id Java venenatis elit elit sending to kafka topic twitter-topic
2023-05-29 00:07:51 [pool-4-thread-1] INFO  c.m.d.k.p.c.s.i.TwitterKafkaProducer - Sending message='{"userId": 3815019459788097853, "id": 8729192056842968378, "text": "ultricies turpis pharetra ut id Java venenatis elit elit", "createdAt": 1685300871000}' to topic='twitter-topic'
2023-05-29 00:08:01 [pool-4-thread-1] INFO  c.m.d.t.t.k.s.l.TwitterKafkaStatusListener - Received status text in mauris id tristique lectus venenatis dolor Spring ut elit ipsum elit ut sending to kafka topic twitter-topic
2023-05-29 00:08:01 [pool-4-thread-1] INFO  c.m.d.k.p.c.s.i.TwitterKafkaProducer - Sending message='{"userId": 4776914991413205966, "id": 4636113548485957120, "text": "in mauris id tristique lectus venenatis dolor Spring ut elit ipsum elit ut", "createdAt": 1685300881000}' to topic='twitter-topic'
2023-05-29 00:08:11 [pool-4-thread-1] INFO  c.m.d.t.t.k.s.l.TwitterKafkaStatusListener - Received status text pharetra mauris pharetra dignissim elit Elasticsearch lectus ipsum venenatis sending to kafka topic twitter-topic
2023-05-29 00:08:11 [pool-4-thread-1] INFO  c.m.d.k.p.c.s.i.TwitterKafkaProducer - Sending message='{"userId": 851896741377153526, "id": 457293243436363973, "text": "pharetra mauris pharetra dignissim elit Elasticsearch lectus ipsum venenatis", "createdAt": 1685300891000}' to topic='twitter-topic'
2023-05-29 00:08:21 [pool-4-thread-1] INFO  c.m.d.t.t.k.s.l.TwitterKafkaStatusListener - Received status text varius dolor dignissim tempus dignissim adipiscing Java consectetur tristique adipiscing turpis id sending to kafka topic twitter-topic
2023-05-29 00:08:21 [pool-4-thread-1] INFO  c.m.d.k.p.c.s.i.TwitterKafkaProducer - Sending message='{"userId": 7773019352405799913, "id": 5099446342664251962, "text": "varius dolor dignissim tempus dignissim adipiscing Java consectetur tristique adipiscing turpis id", "createdAt": 1685300901000}' to topic='twitter-topic'
2023-05-29 00:08:31 [pool-4-thread-1] INFO  c.m.d.t.t.k.s.l.TwitterKafkaStatusListener - Received status text ipsum turpis ornare tempus adipiscing id tristique tristique Elasticsearch pharetra tristique turpis id ornare consectetur sending to kafka topic twitter-topic
2023-05-29 00:08:31 [pool-4-thread-1] INFO  c.m.d.k.p.c.s.i.TwitterKafkaProducer - Sending message='{"userId": 1570633567330436943, "id": 8645191124059568425, "text": "ipsum turpis ornare tempus adipiscing id tristique tristique Elasticsearch pharetra tristique turpis id ornare consectetur", "createdAt": 1685300911000}' to topic='twitter-topic'
2023-05-29 00:08:41 [pool-4-thread-1] INFO  c.m.d.t.t.k.s.l.TwitterKafkaStatusListener - Received status text ultricies venenatis venenatis venenatis tempus turpis ut Java dignissim ut pharetra sit dolor sending to kafka topic twitter-topic
2023-05-29 00:08:41 [pool-4-thread-1] INFO  c.m.d.k.p.c.s.i.TwitterKafkaProducer - Sending message='{"userId": 5617205514478633151, "id": 3442424810976426897, "text": "ultricies venenatis venenatis venenatis tempus turpis ut Java dignissim ut pharetra sit dolor", "createdAt": 1685300921000}' to topic='twitter-topic'
2023-05-29 00:08:51 [pool-4-thread-1] INFO  c.m.d.t.t.k.s.l.TwitterKafkaStatusListener - Received status text consectetur id tristique ultricies tempus Java varius ut in sending to kafka topic twitter-topic
2023-05-29 00:08:51 [pool-4-thread-1] INFO  c.m.d.k.p.c.s.i.TwitterKafkaProducer - Sending message='{"userId": 3628779397391494512, "id": 3270913885144194078, "text": "consectetur id tristique ultricies tempus Java varius ut in", "createdAt": 1685300931000}' to topic='twitter-topic'
2023-05-29 00:09:01 [pool-4-thread-1] INFO  c.m.d.t.t.k.s.l.TwitterKafkaStatusListener - Received status text id ipsum mauris Spring adipiscing elit sending to kafka topic twitter-topic
2023-05-29 00:09:01 [pool-4-thread-1] INFO  c.m.d.k.p.c.s.i.TwitterKafkaProducer - Sending message='{"userId": 5353044509132758546, "id": 4175131071441733716, "text": "id ipsum mauris Spring adipiscing elit", "createdAt": 1685300941000}' to topic='twitter-topic'
2023-05-29 00:09:07 [kafka-admin-client-thread | adminclient-1] INFO  o.apache.kafka.clients.NetworkClient - [AdminClient clientId=adminclient-1] Node 3 disconnected.
2023-05-29 00:09:11 [pool-4-thread-1] INFO  c.m.d.t.t.k.s.l.TwitterKafkaStatusListener - Received status text dignissim tempus consectetur ipsum varius mauris Java ultricies id sit turpis sending to kafka topic twitter-topic
2023-05-29 00:09:11 [pool-4-thread-1] INFO  c.m.d.k.p.c.s.i.TwitterKafkaProducer - Sending message='{"userId": 2549759860989873372, "id": 5418702952356177416, "text": "dignissim tempus consectetur ipsum varius mauris Java ultricies id sit turpis", "createdAt": 1685300951000}' to topic='twitter-topic'
2023-05-29 00:09:21 [pool-4-thread-1] INFO  c.m.d.t.t.k.s.l.TwitterKafkaStatusListener - Received status text adipiscing tristique turpis ornare ornare Kafka ipsum varius tempus tristique sending to kafka topic twitter-topic
2023-05-29 00:09:21 [pool-4-thread-1] INFO  c.m.d.k.p.c.s.i.TwitterKafkaProducer - Sending message='{"userId": 4542091993814944554, "id": 3156022719189384960, "text": "adipiscing tristique turpis ornare ornare Kafka ipsum varius tempus tristique", "createdAt": 1685300961000}' to topic='twitter-topic'
2023-05-29 00:09:31 [pool-4-thread-1] INFO  c.m.d.t.t.k.s.l.TwitterKafkaStatusListener - Received status text pharetra lectus elit sit consectetur Elasticsearch mauris ipsum ipsum sending to kafka topic twitter-topic
2023-05-29 00:09:31 [pool-4-thread-1] INFO  c.m.d.k.p.c.s.i.TwitterKafkaProducer - Sending message='{"userId": 3122768731788954532, "id": 3819250415830956840, "text": "pharetra lectus elit sit consectetur Elasticsearch mauris ipsum ipsum", "createdAt": 1685300971000}' to topic='twitter-topic'
2023-05-29 00:09:41 [pool-4-thread-1] INFO  c.m.d.t.t.k.s.l.TwitterKafkaStatusListener - Received status text dolor turpis dolor id Microservices lectus elit sending to kafka topic twitter-topic
2023-05-29 00:09:41 [pool-4-thread-1] INFO  c.m.d.k.p.c.s.i.TwitterKafkaProducer - Sending message='{"userId": 1429604714384652782, "id": 3807174893255999822, "text": "dolor turpis dolor id Microservices lectus elit", "createdAt": 1685300981000}' to topic='twitter-topic'
2023-05-29 00:09:51 [pool-4-thread-1] INFO  c.m.d.t.t.k.s.l.TwitterKafkaStatusListener - Received status text ultricies tempus sit ipsum venenatis ipsum Java venenatis ipsum venenatis mauris elit sending to kafka topic twitter-topic
2023-05-29 00:09:51 [pool-4-thread-1] INFO  c.m.d.k.p.c.s.i.TwitterKafkaProducer - Sending message='{"userId": 5220587552256005194, "id": 1215443977490087617, "text": "ultricies tempus sit ipsum venenatis ipsum Java venenatis ipsum venenatis mauris elit", "createdAt": 1685300991000}' to topic='twitter-topic'
2023-05-29 00:10:01 [pool-4-thread-1] INFO  c.m.d.t.t.k.s.l.TwitterKafkaStatusListener - Received status text tempus tristique ultricies consectetur mauris varius ornare Elasticsearch ornare consectetur tempus venenatis dolor pharetra sending to kafka topic twitter-topic
2023-05-29 00:10:01 [pool-4-thread-1] INFO  c.m.d.k.p.c.s.i.TwitterKafkaProducer - Sending message='{"userId": 6037510123756041459, "id": 2423401978748917569, "text": "tempus tristique ultricies consectetur mauris varius ornare Elasticsearch ornare consectetur tempus venenatis dolor pharetra", "createdAt": 1685301001000}' to topic='twitter-topic'
2023-05-29 00:10:11 [pool-4-thread-1] INFO  c.m.d.t.t.k.s.l.TwitterKafkaStatusListener - Received status text ipsum sit adipiscing ornare ut ornare dignissim mauris Spring adipiscing tempus pharetra ultricies in elit lectus sending to kafka topic twitter-topic
2023-05-29 00:10:11 [pool-4-thread-1] INFO  c.m.d.k.p.c.s.i.TwitterKafkaProducer - Sending message='{"userId": 4308875543748632644, "id": 2211866373072245859, "text": "ipsum sit adipiscing ornare ut ornare dignissim mauris Spring adipiscing tempus pharetra ultricies in elit lectus", "createdAt": 1685301011000}' to topic='twitter-topic'
2023-05-29 00:10:21 [pool-4-thread-1] INFO  c.m.d.t.t.k.s.l.TwitterKafkaStatusListener - Received status text pharetra pharetra tempus dignissim mauris Java sit ut sit ultricies sending to kafka topic twitter-topic
2023-05-29 00:10:21 [pool-4-thread-1] INFO  c.m.d.k.p.c.s.i.TwitterKafkaProducer - Sending message='{"userId": 5809621363973093307, "id": 2725496623712023413, "text": "pharetra pharetra tempus dignissim mauris Java sit ut sit ultricies", "createdAt": 1685301021000}' to topic='twitter-topic'
2023-05-29 00:10:31 [pool-4-thread-1] INFO  c.m.d.t.t.k.s.l.TwitterKafkaStatusListener - Received status text venenatis ultricies lectus ut ornare Elasticsearch tristique adipiscing elit sit sending to kafka topic twitter-topic
2023-05-29 00:10:31 [pool-4-thread-1] INFO  c.m.d.k.p.c.s.i.TwitterKafkaProducer - Sending message='{"userId": 9002292279908808101, "id": 7291719403389886611, "text": "venenatis ultricies lectus ut ornare Elasticsearch tristique adipiscing elit sit", "createdAt": 1685301031000}' to topic='twitter-topic'
2023-05-29 00:10:41 [pool-4-thread-1] INFO  c.m.d.t.t.k.s.l.TwitterKafkaStatusListener - Received status text pharetra ipsum ut lectus consectetur sit ornare in Java ut ipsum lectus in id sit sending to kafka topic twitter-topic
2023-05-29 00:10:41 [pool-4-thread-1] INFO  c.m.d.k.p.c.s.i.TwitterKafkaProducer - Sending message='{"userId": 4065278167676269550, "id": 2490686726527886231, "text": "pharetra ipsum ut lectus consectetur sit ornare in Java ut ipsum lectus in id sit", "createdAt": 1685301041000}' to topic='twitter-topic'
2023-05-29 00:10:51 [pool-4-thread-1] INFO  c.m.d.t.t.k.s.l.TwitterKafkaStatusListener - Received status text adipiscing in consectetur Kafka turpis adipiscing sending to kafka topic twitter-topic
2023-05-29 00:10:51 [pool-4-thread-1] INFO  c.m.d.k.p.c.s.i.TwitterKafkaProducer - Sending message='{"userId": 3460819274432524595, "id": 1971509295310424845, "text": "adipiscing in consectetur Kafka turpis adipiscing", "createdAt": 1685301051000}' to topic='twitter-topic'
2023-05-29 00:11:01 [pool-4-thread-1] INFO  c.m.d.t.t.k.s.l.TwitterKafkaStatusListener - Received status text turpis sit dolor sit Spring adipiscing in sending to kafka topic twitter-topic
2023-05-29 00:11:01 [pool-4-thread-1] INFO  c.m.d.k.p.c.s.i.TwitterKafkaProducer - Sending message='{"userId": 7083194923569821565, "id": 7341410215650441581, "text": "turpis sit dolor sit Spring adipiscing in", "createdAt": 1685301061000}' to topic='twitter-topic'
2023-05-29 00:11:11 [pool-4-thread-1] INFO  c.m.d.t.t.k.s.l.TwitterKafkaStatusListener - Received status text turpis pharetra ut tristique Kafka consectetur in tempus sending to kafka topic twitter-topic
2023-05-29 00:11:11 [pool-4-thread-1] INFO  c.m.d.k.p.c.s.i.TwitterKafkaProducer - Sending message='{"userId": 2823103326627424394, "id": 4041521466336365366, "text": "turpis pharetra ut tristique Kafka consectetur in tempus", "createdAt": 1685301071000}' to topic='twitter-topic'
2023-05-29 00:11:21 [pool-4-thread-1] INFO  c.m.d.t.t.k.s.l.TwitterKafkaStatusListener - Received status text id elit ipsum ornare tristique Elasticsearch lectus ornare mauris turpis sending to kafka topic twitter-topic
2023-05-29 00:11:21 [pool-4-thread-1] INFO  c.m.d.k.p.c.s.i.TwitterKafkaProducer - Sending message='{"userId": 5992347371040146511, "id": 1246682052677460726, "text": "id elit ipsum ornare tristique Elasticsearch lectus ornare mauris turpis", "createdAt": 1685301081000}' to topic='twitter-topic'
2023-05-29 00:11:31 [pool-4-thread-1] INFO  c.m.d.t.t.k.s.l.TwitterKafkaStatusListener - Received status text dolor dolor ultricies mauris in venenatis mauris ultricies Spring venenatis id varius ut ipsum adipiscing sending to kafka topic twitter-topic
2023-05-29 00:11:31 [pool-4-thread-1] INFO  c.m.d.k.p.c.s.i.TwitterKafkaProducer - Sending message='{"userId": 3384122491660663166, "id": 6197377472420530791, "text": "dolor dolor ultricies mauris in venenatis mauris ultricies Spring venenatis id varius ut ipsum adipiscing", "createdAt": 1685301091000}' to topic='twitter-topic'
2023-05-29 00:11:41 [pool-4-thread-1] INFO  c.m.d.t.t.k.s.l.TwitterKafkaStatusListener - Received status text dignissim tempus tristique id venenatis lectus dignissim pharetra Java tristique ultricies ultricies id sit ipsum sending to kafka topic twitter-topic
2023-05-29 00:11:41 [pool-4-thread-1] INFO  c.m.d.k.p.c.s.i.TwitterKafkaProducer - Sending message='{"userId": 7954835901066555463, "id": 8189398794762745085, "text": "dignissim tempus tristique id venenatis lectus dignissim pharetra Java tristique ultricies ultricies id sit ipsum", "createdAt": 1685301101000}' to topic='twitter-topic'
2023-05-29 00:11:51 [pool-4-thread-1] INFO  c.m.d.t.t.k.s.l.TwitterKafkaStatusListener - Received status text dolor elit sit dolor Java dignissim adipiscing sending to kafka topic twitter-topic
2023-05-29 00:11:51 [pool-4-thread-1] INFO  c.m.d.k.p.c.s.i.TwitterKafkaProducer - Sending message='{"userId": 6350257936045934121, "id": 7915001570789496666, "text": "dolor elit sit dolor Java dignissim adipiscing", "createdAt": 1685301111000}' to topic='twitter-topic'
2023-05-29 00:12:01 [pool-4-thread-1] INFO  c.m.d.t.t.k.s.l.TwitterKafkaStatusListener - Received status text turpis ornare ornare in Java venenatis dignissim sending to kafka topic twitter-topic
2023-05-29 00:12:01 [pool-4-thread-1] INFO  c.m.d.k.p.c.s.i.TwitterKafkaProducer - Sending message='{"userId": 8488780693763130750, "id": 1828690563449458341, "text": "turpis ornare ornare in Java venenatis dignissim", "createdAt": 1685301121000}' to topic='twitter-topic'
2023-05-29 00:12:11 [pool-4-thread-1] INFO  c.m.d.t.t.k.s.l.TwitterKafkaStatusListener - Received status text ultricies pharetra turpis id mauris lectus pharetra tempus Kafka tempus dolor consectetur ornare ornare pharetra sending to kafka topic twitter-topic
2023-05-29 00:12:11 [pool-4-thread-1] INFO  c.m.d.k.p.c.s.i.TwitterKafkaProducer - Sending message='{"userId": 4847511325294685615, "id": 835152906776932954, "text": "ultricies pharetra turpis id mauris lectus pharetra tempus Kafka tempus dolor consectetur ornare ornare pharetra", "createdAt": 1685301131000}' to topic='twitter-topic'
2023-05-29 00:12:21 [pool-4-thread-1] INFO  c.m.d.t.t.k.s.l.TwitterKafkaStatusListener - Received status text lectus lectus turpis adipiscing dignissim mauris venenatis adipiscing Microservices ornare id pharetra consectetur turpis dolor sending to kafka topic twitter-topic
2023-05-29 00:12:21 [pool-4-thread-1] INFO  c.m.d.k.p.c.s.i.TwitterKafkaProducer - Sending message='{"userId": 1589441574113555129, "id": 8819680695503962172, "text": "lectus lectus turpis adipiscing dignissim mauris venenatis adipiscing Microservices ornare id pharetra consectetur turpis dolor", "createdAt": 1685301141000}' to topic='twitter-topic'
2023-05-29 00:12:31 [pool-4-thread-1] INFO  c.m.d.t.t.k.s.l.TwitterKafkaStatusListener - Received status text id ornare in tempus tempus Spring tempus lectus ornare sending to kafka topic twitter-topic
2023-05-29 00:12:31 [pool-4-thread-1] INFO  c.m.d.k.p.c.s.i.TwitterKafkaProducer - Sending message='{"userId": 6416567412427333629, "id": 1949146288841617761, "text": "id ornare in tempus tempus Spring tempus lectus ornare", "createdAt": 1685301151000}' to topic='twitter-topic'
2023-05-29 00:12:41 [pool-4-thread-1] INFO  c.m.d.t.t.k.s.l.TwitterKafkaStatusListener - Received status text mauris id dolor ornare elit Elasticsearch in elit venenatis sending to kafka topic twitter-topic
2023-05-29 00:12:41 [pool-4-thread-1] INFO  c.m.d.k.p.c.s.i.TwitterKafkaProducer - Sending message='{"userId": 3353178669171693533, "id": 4754142812311077384, "text": "mauris id dolor ornare elit Elasticsearch in elit venenatis", "createdAt": 1685301161000}' to topic='twitter-topic'
2023-05-29 00:12:51 [pool-4-thread-1] INFO  c.m.d.t.t.k.s.l.TwitterKafkaStatusListener - Received status text dolor tristique ut turpis Microservices ultricies sit ut sending to kafka topic twitter-topic
2023-05-29 00:12:51 [pool-4-thread-1] INFO  c.m.d.k.p.c.s.i.TwitterKafkaProducer - Sending message='{"userId": 5122252918687803185, "id": 5787906875813028925, "text": "dolor tristique ut turpis Microservices ultricies sit ut", "createdAt": 1685301171000}' to topic='twitter-topic'
2023-05-29 00:13:01 [pool-4-thread-1] INFO  c.m.d.t.t.k.s.l.TwitterKafkaStatusListener - Received status text dolor tempus lectus venenatis ultricies lectus varius Kafka elit varius ut venenatis tristique consectetur sending to kafka topic twitter-topic
2023-05-29 00:13:01 [pool-4-thread-1] INFO  c.m.d.k.p.c.s.i.TwitterKafkaProducer - Sending message='{"userId": 2616395022275896705, "id": 5288678457462174988, "text": "dolor tempus lectus venenatis ultricies lectus varius Kafka elit varius ut venenatis tristique consectetur", "createdAt": 1685301181000}' to topic='twitter-topic'
2023-05-29 00:13:11 [pool-4-thread-1] INFO  c.m.d.t.t.k.s.l.TwitterKafkaStatusListener - Received status text ultricies pharetra ultricies turpis ornare ornare in in Microservices lectus lectus pharetra ultricies sit ut sending to kafka topic twitter-topic
2023-05-29 00:13:11 [pool-4-thread-1] INFO  c.m.d.k.p.c.s.i.TwitterKafkaProducer - Sending message='{"userId": 2656940284436299951, "id": 3483033192723985548, "text": "ultricies pharetra ultricies turpis ornare ornare in in Microservices lectus lectus pharetra ultricies sit ut", "createdAt": 1685301191000}' to topic='twitter-topic'
2023-05-29 00:13:21 [pool-4-thread-1] INFO  c.m.d.t.t.k.s.l.TwitterKafkaStatusListener - Received status text adipiscing consectetur tempus adipiscing Kafka venenatis ornare sending to kafka topic twitter-topic
2023-05-29 00:13:21 [pool-4-thread-1] INFO  c.m.d.k.p.c.s.i.TwitterKafkaProducer - Sending message='{"userId": 1424274192907567761, "id": 8027233407609427357, "text": "adipiscing consectetur tempus adipiscing Kafka venenatis ornare", "createdAt": 1685301201000}' to topic='twitter-topic'
2023-05-29 00:13:31 [pool-4-thread-1] INFO  c.m.d.t.t.k.s.l.TwitterKafkaStatusListener - Received status text consectetur ultricies ornare adipiscing Microservices ornare venenatis venenatis sending to kafka topic twitter-topic
2023-05-29 00:13:31 [pool-4-thread-1] INFO  c.m.d.k.p.c.s.i.TwitterKafkaProducer - Sending message='{"userId": 4919177709744948134, "id": 4373037145237208634, "text": "consectetur ultricies ornare adipiscing Microservices ornare venenatis venenatis", "createdAt": 1685301211000}' to topic='twitter-topic'
2023-05-29 00:13:41 [pool-4-thread-1] INFO  c.m.d.t.t.k.s.l.TwitterKafkaStatusListener - Received status text consectetur dignissim ipsum in dignissim pharetra Spring ipsum turpis consectetur in sending to kafka topic twitter-topic
2023-05-29 00:13:41 [pool-4-thread-1] INFO  c.m.d.k.p.c.s.i.TwitterKafkaProducer - Sending message='{"userId": 6268746976808968679, "id": 4089554946337080724, "text": "consectetur dignissim ipsum in dignissim pharetra Spring ipsum turpis consectetur in", "createdAt": 1685301221000}' to topic='twitter-topic'
2023-05-29 00:13:51 [pool-4-thread-1] INFO  c.m.d.t.t.k.s.l.TwitterKafkaStatusListener - Received status text adipiscing pharetra lectus dignissim ut pharetra Microservices ut sit ipsum tempus dolor sending to kafka topic twitter-topic
2023-05-29 00:13:51 [pool-4-thread-1] INFO  c.m.d.k.p.c.s.i.TwitterKafkaProducer - Sending message='{"userId": 2483763993722738968, "id": 5331590270676144223, "text": "adipiscing pharetra lectus dignissim ut pharetra Microservices ut sit ipsum tempus dolor", "createdAt": 1685301231000}' to topic='twitter-topic'
2023-05-29 00:14:01 [pool-4-thread-1] INFO  c.m.d.t.t.k.s.l.TwitterKafkaStatusListener - Received status text dignissim ultricies ipsum ut turpis mauris turpis consectetur Elasticsearch consectetur in adipiscing lectus tempus consectetur turpis sending to kafka topic twitter-topic
2023-05-29 00:14:01 [pool-4-thread-1] INFO  c.m.d.k.p.c.s.i.TwitterKafkaProducer - Sending message='{"userId": 5531021852202816558, "id": 5732627076785481727, "text": "dignissim ultricies ipsum ut turpis mauris turpis consectetur Elasticsearch consectetur in adipiscing lectus tempus consectetur turpis", "createdAt": 1685301241000}' to topic='twitter-topic'
2023-05-29 00:14:07 [kafka-admin-client-thread | adminclient-1] INFO  o.apache.kafka.clients.NetworkClient - [AdminClient clientId=adminclient-1] Node 2 disconnected.
2023-05-29 00:14:11 [pool-4-thread-1] INFO  c.m.d.t.t.k.s.l.TwitterKafkaStatusListener - Received status text varius tempus varius ultricies turpis mauris ipsum Microservices mauris ipsum dignissim ut adipiscing dignissim sending to kafka topic twitter-topic
2023-05-29 00:14:11 [pool-4-thread-1] INFO  c.m.d.k.p.c.s.i.TwitterKafkaProducer - Sending message='{"userId": 4240852257398784815, "id": 1884504636346317319, "text": "varius tempus varius ultricies turpis mauris ipsum Microservices mauris ipsum dignissim ut adipiscing dignissim", "createdAt": 1685301251000}' to topic='twitter-topic'
2023-05-29 00:14:21 [pool-4-thread-1] INFO  c.m.d.t.t.k.s.l.TwitterKafkaStatusListener - Received status text tempus elit consectetur varius consectetur Java mauris id ultricies ut sending to kafka topic twitter-topic
2023-05-29 00:14:21 [pool-4-thread-1] INFO  c.m.d.k.p.c.s.i.TwitterKafkaProducer - Sending message='{"userId": 8653819303284341671, "id": 7507313960140169965, "text": "tempus elit consectetur varius consectetur Java mauris id ultricies ut", "createdAt": 1685301261000}' to topic='twitter-topic'
2023-05-29 00:14:31 [pool-4-thread-1] INFO  c.m.d.t.t.k.s.l.TwitterKafkaStatusListener - Received status text venenatis mauris dolor elit tempus tristique Microservices mauris id venenatis elit turpis sending to kafka topic twitter-topic
2023-05-29 00:14:31 [pool-4-thread-1] INFO  c.m.d.k.p.c.s.i.TwitterKafkaProducer - Sending message='{"userId": 2340035724661896140, "id": 4955744306870046076, "text": "venenatis mauris dolor elit tempus tristique Microservices mauris id venenatis elit turpis", "createdAt": 1685301271000}' to topic='twitter-topic'
2023-05-29 00:14:41 [pool-4-thread-1] INFO  c.m.d.t.t.k.s.l.TwitterKafkaStatusListener - Received status text venenatis consectetur adipiscing elit Spring mauris elit sending to kafka topic twitter-topic
2023-05-29 00:14:41 [pool-4-thread-1] INFO  c.m.d.k.p.c.s.i.TwitterKafkaProducer - Sending message='{"userId": 871941131111856464, "id": 1726512458473967409, "text": "venenatis consectetur adipiscing elit Spring mauris elit", "createdAt": 1685301281000}' to topic='twitter-topic'
2023-05-29 00:14:51 [pool-4-thread-1] INFO  c.m.d.t.t.k.s.l.TwitterKafkaStatusListener - Received status text consectetur lectus consectetur Elasticsearch in venenatis sending to kafka topic twitter-topic
2023-05-29 00:14:51 [pool-4-thread-1] INFO  c.m.d.k.p.c.s.i.TwitterKafkaProducer - Sending message='{"userId": 8938272066583080687, "id": 8588387313544472423, "text": "consectetur lectus consectetur Elasticsearch in venenatis", "createdAt": 1685301291000}' to topic='twitter-topic'
2023-05-29 00:15:01 [pool-4-thread-1] INFO  c.m.d.t.t.k.s.l.TwitterKafkaStatusListener - Received status text dignissim venenatis id adipiscing adipiscing Microservices tristique id mauris sending to kafka topic twitter-topic
2023-05-29 00:15:01 [pool-4-thread-1] INFO  c.m.d.k.p.c.s.i.TwitterKafkaProducer - Sending message='{"userId": 6869520047349705353, "id": 1978812771486056118, "text": "dignissim venenatis id adipiscing adipiscing Microservices tristique id mauris", "createdAt": 1685301301000}' to topic='twitter-topic'
2023-05-29 00:15:11 [pool-4-thread-1] INFO  c.m.d.t.t.k.s.l.TwitterKafkaStatusListener - Received status text dolor adipiscing id dignissim dignissim ipsum pharetra Elasticsearch ornare elit tempus varius turpis ultricies sending to kafka topic twitter-topic
2023-05-29 00:15:11 [pool-4-thread-1] INFO  c.m.d.k.p.c.s.i.TwitterKafkaProducer - Sending message='{"userId": 6910445508314812258, "id": 5837589574985186516, "text": "dolor adipiscing id dignissim dignissim ipsum pharetra Elasticsearch ornare elit tempus varius turpis ultricies", "createdAt": 1685301311000}' to topic='twitter-topic'
2023-05-29 00:15:21 [pool-4-thread-1] INFO  c.m.d.t.t.k.s.l.TwitterKafkaStatusListener - Received status text tempus adipiscing id elit ut Spring mauris tempus pharetra lectus sending to kafka topic twitter-topic
2023-05-29 00:15:21 [pool-4-thread-1] INFO  c.m.d.k.p.c.s.i.TwitterKafkaProducer - Sending message='{"userId": 6734378799410900049, "id": 6489841953562279534, "text": "tempus adipiscing id elit ut Spring mauris tempus pharetra lectus", "createdAt": 1685301321000}' to topic='twitter-topic'
2023-05-29 00:15:31 [pool-4-thread-1] INFO  c.m.d.t.t.k.s.l.TwitterKafkaStatusListener - Received status text venenatis venenatis elit ut id dignissim ornare Java sit consectetur in in sit sending to kafka topic twitter-topic
2023-05-29 00:15:31 [pool-4-thread-1] INFO  c.m.d.k.p.c.s.i.TwitterKafkaProducer - Sending message='{"userId": 3262266750130676923, "id": 6694619125387699021, "text": "venenatis venenatis elit ut id dignissim ornare Java sit consectetur in in sit", "createdAt": 1685301331000}' to topic='twitter-topic'
2023-05-29 00:15:41 [pool-4-thread-1] INFO  c.m.d.t.t.k.s.l.TwitterKafkaStatusListener - Received status text ultricies adipiscing elit in ut Kafka ipsum venenatis pharetra sending to kafka topic twitter-topic
2023-05-29 00:15:41 [pool-4-thread-1] INFO  c.m.d.k.p.c.s.i.TwitterKafkaProducer - Sending message='{"userId": 1977341476309350185, "id": 3703542133669181034, "text": "ultricies adipiscing elit in ut Kafka ipsum venenatis pharetra", "createdAt": 1685301341000}' to topic='twitter-topic'
2023-05-29 00:15:51 [pool-4-thread-1] INFO  c.m.d.t.t.k.s.l.TwitterKafkaStatusListener - Received status text lectus ultricies in Kafka in dolor sending to kafka topic twitter-topic
2023-05-29 00:15:51 [pool-4-thread-1] INFO  c.m.d.k.p.c.s.i.TwitterKafkaProducer - Sending message='{"userId": 5000687148226912464, "id": 697613289882404801, "text": "lectus ultricies in Kafka in dolor", "createdAt": 1685301351000}' to topic='twitter-topic'
2023-05-29 00:16:01 [pool-4-thread-1] INFO  c.m.d.t.t.k.s.l.TwitterKafkaStatusListener - Received status text ut dolor lectus mauris sit turpis pharetra in Spring ultricies ut id id tempus dignissim sending to kafka topic twitter-topic
2023-05-29 00:16:01 [pool-4-thread-1] INFO  c.m.d.k.p.c.s.i.TwitterKafkaProducer - Sending message='{"userId": 8783038520852741388, "id": 4626521781150012709, "text": "ut dolor lectus mauris sit turpis pharetra in Spring ultricies ut id id tempus dignissim", "createdAt": 1685301361000}' to topic='twitter-topic'
2023-05-29 00:16:11 [pool-4-thread-1] INFO  c.m.d.t.t.k.s.l.TwitterKafkaStatusListener - Received status text ipsum dolor id dolor Spring varius sit lectus sending to kafka topic twitter-topic
2023-05-29 00:16:11 [pool-4-thread-1] INFO  c.m.d.k.p.c.s.i.TwitterKafkaProducer - Sending message='{"userId": 6040346936534299307, "id": 7532422283444493390, "text": "ipsum dolor id dolor Spring varius sit lectus", "createdAt": 1685301371000}' to topic='twitter-topic'
2023-05-29 00:16:21 [pool-4-thread-1] INFO  c.m.d.t.t.k.s.l.TwitterKafkaStatusListener - Received status text mauris pharetra in tristique Kafka pharetra consectetur venenatis sending to kafka topic twitter-topic
2023-05-29 00:16:21 [pool-4-thread-1] INFO  c.m.d.k.p.c.s.i.TwitterKafkaProducer - Sending message='{"userId": 2099911053869200550, "id": 2176430029026971099, "text": "mauris pharetra in tristique Kafka pharetra consectetur venenatis", "createdAt": 1685301381000}' to topic='twitter-topic'
2023-05-29 00:16:31 [pool-4-thread-1] INFO  c.m.d.t.t.k.s.l.TwitterKafkaStatusListener - Received status text ipsum turpis pharetra adipiscing Java dolor ut sending to kafka topic twitter-topic
2023-05-29 00:16:31 [pool-4-thread-1] INFO  c.m.d.k.p.c.s.i.TwitterKafkaProducer - Sending message='{"userId": 2598296874444985697, "id": 358439372024414185, "text": "ipsum turpis pharetra adipiscing Java dolor ut", "createdAt": 1685301391000}' to topic='twitter-topic'
2023-05-29 00:16:41 [pool-4-thread-1] INFO  c.m.d.t.t.k.s.l.TwitterKafkaStatusListener - Received status text ipsum ultricies sit in mauris sit Java pharetra sit lectus dignissim sending to kafka topic twitter-topic
2023-05-29 00:16:41 [pool-4-thread-1] INFO  c.m.d.k.p.c.s.i.TwitterKafkaProducer - Sending message='{"userId": 3154670779309143771, "id": 9081969984041981043, "text": "ipsum ultricies sit in mauris sit Java pharetra sit lectus dignissim", "createdAt": 1685301401000}' to topic='twitter-topic'
2023-05-29 00:16:51 [pool-4-thread-1] INFO  c.m.d.t.t.k.s.l.TwitterKafkaStatusListener - Received status text ornare ultricies adipiscing Spring turpis tristique sending to kafka topic twitter-topic
2023-05-29 00:16:51 [pool-4-thread-1] INFO  c.m.d.k.p.c.s.i.TwitterKafkaProducer - Sending message='{"userId": 8841263926772361695, "id": 2687771398566624320, "text": "ornare ultricies adipiscing Spring turpis tristique", "createdAt": 1685301411000}' to topic='twitter-topic'
2023-05-29 00:17:01 [pool-4-thread-1] INFO  c.m.d.t.t.k.s.l.TwitterKafkaStatusListener - Received status text turpis sit lectus pharetra Java adipiscing adipiscing sending to kafka topic twitter-topic
2023-05-29 00:17:01 [pool-4-thread-1] INFO  c.m.d.k.p.c.s.i.TwitterKafkaProducer - Sending message='{"userId": 7447241685556356914, "id": 6541628917646754630, "text": "turpis sit lectus pharetra Java adipiscing adipiscing", "createdAt": 1685301421000}' to topic='twitter-topic'
2023-05-29 00:17:11 [pool-4-thread-1] INFO  c.m.d.t.t.k.s.l.TwitterKafkaStatusListener - Received status text ipsum pharetra pharetra turpis mauris dignissim in Microservices ut pharetra dignissim pharetra ipsum sending to kafka topic twitter-topic
2023-05-29 00:17:11 [pool-4-thread-1] INFO  c.m.d.k.p.c.s.i.TwitterKafkaProducer - Sending message='{"userId": 2704319530828236739, "id": 6358632066986615509, "text": "ipsum pharetra pharetra turpis mauris dignissim in Microservices ut pharetra dignissim pharetra ipsum", "createdAt": 1685301431000}' to topic='twitter-topic'
2023-05-29 00:17:21 [pool-4-thread-1] INFO  c.m.d.t.t.k.s.l.TwitterKafkaStatusListener - Received status text venenatis ornare sit id elit Elasticsearch ut pharetra varius sending to kafka topic twitter-topic
2023-05-29 00:17:21 [pool-4-thread-1] INFO  c.m.d.k.p.c.s.i.TwitterKafkaProducer - Sending message='{"userId": 4982591139378751021, "id": 8466090356790235441, "text": "venenatis ornare sit id elit Elasticsearch ut pharetra varius", "createdAt": 1685301441000}' to topic='twitter-topic'
2023-05-29 00:17:31 [pool-4-thread-1] INFO  c.m.d.t.t.k.s.l.TwitterKafkaStatusListener - Received status text tempus venenatis mauris dolor Spring tempus consectetur sending to kafka topic twitter-topic
2023-05-29 00:17:31 [pool-4-thread-1] INFO  c.m.d.k.p.c.s.i.TwitterKafkaProducer - Sending message='{"userId": 6415649243610797938, "id": 4345574207079303453, "text": "tempus venenatis mauris dolor Spring tempus consectetur", "createdAt": 1685301451000}' to topic='twitter-topic'
2023-05-29 00:17:41 [pool-4-thread-1] INFO  c.m.d.t.t.k.s.l.TwitterKafkaStatusListener - Received status text id lectus pharetra varius tristique mauris Spring ornare elit ipsum in sending to kafka topic twitter-topic
2023-05-29 00:17:41 [pool-4-thread-1] INFO  c.m.d.k.p.c.s.i.TwitterKafkaProducer - Sending message='{"userId": 1991863198044615964, "id": 6117682640567730689, "text": "id lectus pharetra varius tristique mauris Spring ornare elit ipsum in", "createdAt": 1685301461000}' to topic='twitter-topic'
2023-05-29 00:17:51 [pool-4-thread-1] INFO  c.m.d.t.t.k.s.l.TwitterKafkaStatusListener - Received status text ut mauris ipsum elit pharetra dolor Microservices turpis ultricies pharetra in dolor sending to kafka topic twitter-topic
2023-05-29 00:17:51 [pool-4-thread-1] INFO  c.m.d.k.p.c.s.i.TwitterKafkaProducer - Sending message='{"userId": 1277240301327305454, "id": 5430927395610457901, "text": "ut mauris ipsum elit pharetra dolor Microservices turpis ultricies pharetra in dolor", "createdAt": 1685301471000}' to topic='twitter-topic'
2023-05-29 00:18:01 [pool-4-thread-1] INFO  c.m.d.t.t.k.s.l.TwitterKafkaStatusListener - Received status text tristique id dolor adipiscing ornare mauris ornare Java pharetra elit ornare ornare in dolor sending to kafka topic twitter-topic
2023-05-29 00:18:01 [pool-4-thread-1] INFO  c.m.d.k.p.c.s.i.TwitterKafkaProducer - Sending message='{"userId": 970381873609247911, "id": 4147066564649918775, "text": "tristique id dolor adipiscing ornare mauris ornare Java pharetra elit ornare ornare in dolor", "createdAt": 1685301481000}' to topic='twitter-topic'
2023-05-29 00:18:11 [pool-4-thread-1] INFO  c.m.d.t.t.k.s.l.TwitterKafkaStatusListener - Received status text ut adipiscing turpis id elit sit Elasticsearch pharetra adipiscing ut ipsum lectus sending to kafka topic twitter-topic
2023-05-29 00:18:11 [pool-4-thread-1] INFO  c.m.d.k.p.c.s.i.TwitterKafkaProducer - Sending message='{"userId": 5342989899737551093, "id": 4112505657862870255, "text": "ut adipiscing turpis id elit sit Elasticsearch pharetra adipiscing ut ipsum lectus", "createdAt": 1685301491000}' to topic='twitter-topic'
2023-05-29 00:18:21 [pool-4-thread-1] INFO  c.m.d.t.t.k.s.l.TwitterKafkaStatusListener - Received status text ultricies consectetur dignissim adipiscing lectus dignissim dignissim pharetra Java turpis dignissim lectus sit varius tristique sending to kafka topic twitter-topic
2023-05-29 00:18:21 [pool-4-thread-1] INFO  c.m.d.k.p.c.s.i.TwitterKafkaProducer - Sending message='{"userId": 3550533290406885202, "id": 5805502929753062458, "text": "ultricies consectetur dignissim adipiscing lectus dignissim dignissim pharetra Java turpis dignissim lectus sit varius tristique", "createdAt": 1685301501000}' to topic='twitter-topic'
2023-05-29 00:18:31 [pool-4-thread-1] INFO  c.m.d.t.t.k.s.l.TwitterKafkaStatusListener - Received status text sit sit lectus turpis Java tempus turpis sit sending to kafka topic twitter-topic
2023-05-29 00:18:31 [pool-4-thread-1] INFO  c.m.d.k.p.c.s.i.TwitterKafkaProducer - Sending message='{"userId": 7159096389139639692, "id": 7542220952214016248, "text": "sit sit lectus turpis Java tempus turpis sit", "createdAt": 1685301511000}' to topic='twitter-topic'
2023-05-29 00:18:41 [pool-4-thread-1] INFO  c.m.d.t.t.k.s.l.TwitterKafkaStatusListener - Received status text tempus venenatis venenatis id dignissim mauris Spring varius pharetra lectus pharetra sending to kafka topic twitter-topic
2023-05-29 00:18:41 [pool-4-thread-1] INFO  c.m.d.k.p.c.s.i.TwitterKafkaProducer - Sending message='{"userId": 2777130738382883642, "id": 277364660947121855, "text": "tempus venenatis venenatis id dignissim mauris Spring varius pharetra lectus pharetra", "createdAt": 1685301521000}' to topic='twitter-topic'
2023-05-29 00:18:51 [pool-4-thread-1] INFO  c.m.d.t.t.k.s.l.TwitterKafkaStatusListener - Received status text ultricies varius varius varius sit Spring adipiscing tempus ultricies turpis sending to kafka topic twitter-topic
2023-05-29 00:18:51 [pool-4-thread-1] INFO  c.m.d.k.p.c.s.i.TwitterKafkaProducer - Sending message='{"userId": 2924571452961068381, "id": 4039722024836446447, "text": "ultricies varius varius varius sit Spring adipiscing tempus ultricies turpis", "createdAt": 1685301531000}' to topic='twitter-topic'
2023-05-29 00:19:01 [pool-4-thread-1] INFO  c.m.d.t.t.k.s.l.TwitterKafkaStatusListener - Received status text tempus tempus elit ornare Elasticsearch dolor dolor sending to kafka topic twitter-topic
2023-05-29 00:19:01 [pool-4-thread-1] INFO  c.m.d.k.p.c.s.i.TwitterKafkaProducer - Sending message='{"userId": 8020125848285369099, "id": 384483311014305472, "text": "tempus tempus elit ornare Elasticsearch dolor dolor", "createdAt": 1685301541000}' to topic='twitter-topic'
2023-05-29 00:19:07 [kafka-admin-client-thread | adminclient-1] INFO  o.apache.kafka.clients.NetworkClient - [AdminClient clientId=adminclient-1] Node 1 disconnected.
2023-05-29 00:19:11 [pool-4-thread-1] INFO  c.m.d.t.t.k.s.l.TwitterKafkaStatusListener - Received status text dignissim sit ultricies tristique id Kafka elit turpis pharetra tristique sending to kafka topic twitter-topic
2023-05-29 00:19:11 [pool-4-thread-1] INFO  c.m.d.k.p.c.s.i.TwitterKafkaProducer - Sending message='{"userId": 957384334177445114, "id": 3173426386317848718, "text": "dignissim sit ultricies tristique id Kafka elit turpis pharetra tristique", "createdAt": 1685301551000}' to topic='twitter-topic'
2023-05-29 00:19:21 [pool-4-thread-1] INFO  c.m.d.t.t.k.s.l.TwitterKafkaStatusListener - Received status text ut ipsum ut ipsum ultricies Java dolor elit dignissim id sending to kafka topic twitter-topic
2023-05-29 00:19:21 [pool-4-thread-1] INFO  c.m.d.k.p.c.s.i.TwitterKafkaProducer - Sending message='{"userId": 7256719070183922354, "id": 1204563244883376737, "text": "ut ipsum ut ipsum ultricies Java dolor elit dignissim id", "createdAt": 1685301561000}' to topic='twitter-topic'
2023-05-29 00:19:31 [pool-4-thread-1] INFO  c.m.d.t.t.k.s.l.TwitterKafkaStatusListener - Received status text turpis ornare mauris id ornare ut sit lectus Kafka lectus tempus ipsum dignissim mauris ultricies tempus sending to kafka topic twitter-topic
2023-05-29 00:19:31 [pool-4-thread-1] INFO  c.m.d.k.p.c.s.i.TwitterKafkaProducer - Sending message='{"userId": 718456237093629544, "id": 5103232255717481257, "text": "turpis ornare mauris id ornare ut sit lectus Kafka lectus tempus ipsum dignissim mauris ultricies tempus", "createdAt": 1685301571000}' to topic='twitter-topic'
2023-05-29 00:19:41 [pool-4-thread-1] INFO  c.m.d.t.t.k.s.l.TwitterKafkaStatusListener - Received status text pharetra pharetra ornare turpis tempus Elasticsearch ultricies in adipiscing sending to kafka topic twitter-topic
2023-05-29 00:19:41 [pool-4-thread-1] INFO  c.m.d.k.p.c.s.i.TwitterKafkaProducer - Sending message='{"userId": 8839118526122906324, "id": 6637599310027938349, "text": "pharetra pharetra ornare turpis tempus Elasticsearch ultricies in adipiscing", "createdAt": 1685301581000}' to topic='twitter-topic'
2023-05-29 00:19:51 [pool-4-thread-1] INFO  c.m.d.t.t.k.s.l.TwitterKafkaStatusListener - Received status text elit tristique id consectetur turpis sit Spring ultricies pharetra dignissim ultricies sending to kafka topic twitter-topic
2023-05-29 00:19:51 [pool-4-thread-1] INFO  c.m.d.k.p.c.s.i.TwitterKafkaProducer - Sending message='{"userId": 1459337770674401489, "id": 3457475518771488497, "text": "elit tristique id consectetur turpis sit Spring ultricies pharetra dignissim ultricies", "createdAt": 1685301591000}' to topic='twitter-topic'
2023-05-29 00:20:01 [pool-4-thread-1] INFO  c.m.d.t.t.k.s.l.TwitterKafkaStatusListener - Received status text varius mauris lectus ipsum Java ut varius sending to kafka topic twitter-topic
2023-05-29 00:20:01 [pool-4-thread-1] INFO  c.m.d.k.p.c.s.i.TwitterKafkaProducer - Sending message='{"userId": 3077181725205300723, "id": 9053874958389882937, "text": "varius mauris lectus ipsum Java ut varius", "createdAt": 1685301601000}' to topic='twitter-topic'
2023-05-29 00:20:11 [pool-4-thread-1] INFO  c.m.d.t.t.k.s.l.TwitterKafkaStatusListener - Received status text venenatis dignissim elit dolor ultricies adipiscing Kafka tempus sit dignissim consectetur pharetra sending to kafka topic twitter-topic
2023-05-29 00:20:11 [pool-4-thread-1] INFO  c.m.d.k.p.c.s.i.TwitterKafkaProducer - Sending message='{"userId": 4205041616691625455, "id": 284978440548771372, "text": "venenatis dignissim elit dolor ultricies adipiscing Kafka tempus sit dignissim consectetur pharetra", "createdAt": 1685301611000}' to topic='twitter-topic'
2023-05-29 00:20:21 [pool-4-thread-1] INFO  c.m.d.t.t.k.s.l.TwitterKafkaStatusListener - Received status text ipsum pharetra venenatis adipiscing ultricies Microservices dolor consectetur ornare sending to kafka topic twitter-topic
2023-05-29 00:20:21 [pool-4-thread-1] INFO  c.m.d.k.p.c.s.i.TwitterKafkaProducer - Sending message='{"userId": 7690481163615626223, "id": 5084544637334362639, "text": "ipsum pharetra venenatis adipiscing ultricies Microservices dolor consectetur ornare", "createdAt": 1685301621000}' to topic='twitter-topic'
2023-05-29 00:20:31 [pool-4-thread-1] INFO  c.m.d.t.t.k.s.l.TwitterKafkaStatusListener - Received status text tempus adipiscing ornare Java varius ornare sending to kafka topic twitter-topic
2023-05-29 00:20:31 [pool-4-thread-1] INFO  c.m.d.k.p.c.s.i.TwitterKafkaProducer - Sending message='{"userId": 383159337522585718, "id": 2310893632987258671, "text": "tempus adipiscing ornare Java varius ornare", "createdAt": 1685301631000}' to topic='twitter-topic'
2023-05-29 00:20:41 [pool-4-thread-1] INFO  c.m.d.t.t.k.s.l.TwitterKafkaStatusListener - Received status text varius dignissim tempus ultricies tristique Kafka elit pharetra ut sending to kafka topic twitter-topic
2023-05-29 00:20:41 [pool-4-thread-1] INFO  c.m.d.k.p.c.s.i.TwitterKafkaProducer - Sending message='{"userId": 8656824102424179007, "id": 4297632254506206062, "text": "varius dignissim tempus ultricies tristique Kafka elit pharetra ut", "createdAt": 1685301641000}' to topic='twitter-topic'
2023-05-29 00:20:51 [pool-4-thread-1] INFO  c.m.d.t.t.k.s.l.TwitterKafkaStatusListener - Received status text pharetra ut pharetra venenatis mauris tempus ultricies in Kafka id ornare adipiscing dolor dignissim in sending to kafka topic twitter-topic
2023-05-29 00:20:51 [pool-4-thread-1] INFO  c.m.d.k.p.c.s.i.TwitterKafkaProducer - Sending message='{"userId": 2706284915743440779, "id": 5458502531341541533, "text": "pharetra ut pharetra venenatis mauris tempus ultricies in Kafka id ornare adipiscing dolor dignissim in", "createdAt": 1685301651000}' to topic='twitter-topic'
2023-05-29 00:21:01 [pool-4-thread-1] INFO  c.m.d.t.t.k.s.l.TwitterKafkaStatusListener - Received status text dignissim ornare pharetra Microservices tempus turpis sending to kafka topic twitter-topic
2023-05-29 00:21:01 [pool-4-thread-1] INFO  c.m.d.k.p.c.s.i.TwitterKafkaProducer - Sending message='{"userId": 4201313605487932322, "id": 2994432261609524782, "text": "dignissim ornare pharetra Microservices tempus turpis", "createdAt": 1685301661000}' to topic='twitter-topic'
2023-05-29 00:21:11 [pool-4-thread-1] INFO  c.m.d.t.t.k.s.l.TwitterKafkaStatusListener - Received status text lectus varius adipiscing pharetra id Microservices elit varius turpis sending to kafka topic twitter-topic
2023-05-29 00:21:11 [pool-4-thread-1] INFO  c.m.d.k.p.c.s.i.TwitterKafkaProducer - Sending message='{"userId": 1282849108555554210, "id": 2329544898834118731, "text": "lectus varius adipiscing pharetra id Microservices elit varius turpis", "createdAt": 1685301671000}' to topic='twitter-topic'
2023-05-29 00:21:21 [pool-4-thread-1] INFO  c.m.d.t.t.k.s.l.TwitterKafkaStatusListener - Received status text ultricies elit tempus id Java mauris ut in sending to kafka topic twitter-topic
2023-05-29 00:21:21 [pool-4-thread-1] INFO  c.m.d.k.p.c.s.i.TwitterKafkaProducer - Sending message='{"userId": 8059612970601964744, "id": 4443111234493331278, "text": "ultricies elit tempus id Java mauris ut in", "createdAt": 1685301681000}' to topic='twitter-topic'
2023-05-29 00:21:31 [pool-4-thread-1] INFO  c.m.d.t.t.k.s.l.TwitterKafkaStatusListener - Received status text tristique adipiscing mauris adipiscing ultricies ut Elasticsearch turpis ornare elit venenatis sending to kafka topic twitter-topic
2023-05-29 00:21:31 [pool-4-thread-1] INFO  c.m.d.k.p.c.s.i.TwitterKafkaProducer - Sending message='{"userId": 3181366527461745533, "id": 2792873017081423382, "text": "tristique adipiscing mauris adipiscing ultricies ut Elasticsearch turpis ornare elit venenatis", "createdAt": 1685301691000}' to topic='twitter-topic'
2023-05-29 00:21:41 [pool-4-thread-1] INFO  c.m.d.t.t.k.s.l.TwitterKafkaStatusListener - Received status text ultricies in tristique Kafka id elit sending to kafka topic twitter-topic
2023-05-29 00:21:41 [pool-4-thread-1] INFO  c.m.d.k.p.c.s.i.TwitterKafkaProducer - Sending message='{"userId": 2416908564688927844, "id": 959515115844508325, "text": "ultricies in tristique Kafka id elit", "createdAt": 1685301701000}' to topic='twitter-topic'
2023-05-29 00:21:51 [pool-4-thread-1] INFO  c.m.d.t.t.k.s.l.TwitterKafkaStatusListener - Received status text ipsum elit sit tempus mauris id elit Kafka dignissim pharetra venenatis venenatis id dolor sending to kafka topic twitter-topic
2023-05-29 00:21:51 [pool-4-thread-1] INFO  c.m.d.k.p.c.s.i.TwitterKafkaProducer - Sending message='{"userId": 4286580924309388275, "id": 668465315855837050, "text": "ipsum elit sit tempus mauris id elit Kafka dignissim pharetra venenatis venenatis id dolor", "createdAt": 1685301711000}' to topic='twitter-topic'
2023-05-29 00:21:52 [kafka-admin-client-thread | adminclient-1] INFO  o.a.kafka.common.utils.AppInfoParser - App info kafka.admin.client for adminclient-1 unregistered
2023-05-29 00:21:52 [kafka-admin-client-thread | adminclient-1] INFO  o.a.kafka.common.metrics.Metrics - Metrics scheduler closed
2023-05-29 00:21:52 [kafka-admin-client-thread | adminclient-1] INFO  o.a.kafka.common.metrics.Metrics - Closing reporter org.apache.kafka.common.metrics.JmxReporter
2023-05-29 00:21:52 [kafka-admin-client-thread | adminclient-1] INFO  o.a.kafka.common.metrics.Metrics - Metrics reporters closed
2023-05-29 00:21:52 [SpringApplicationShutdownHook] INFO  c.m.d.k.p.c.s.i.TwitterKafkaProducer - Closing Kafka Producer!
2023-05-29 00:21:52 [SpringApplicationShutdownHook] INFO  o.a.k.clients.producer.KafkaProducer - [Producer clientId=producer-1] Closing the Kafka producer with timeoutMillis = 30000 ms.
2023-05-29 00:21:52 [SpringApplicationShutdownHook] INFO  o.a.kafka.common.metrics.Metrics - Metrics scheduler closed
2023-05-29 00:21:52 [SpringApplicationShutdownHook] INFO  o.a.kafka.common.metrics.Metrics - Closing reporter org.apache.kafka.common.metrics.JmxReporter
2023-05-29 00:21:52 [SpringApplicationShutdownHook] INFO  o.a.kafka.common.metrics.Metrics - Metrics reporters closed
2023-05-29 00:21:52 [SpringApplicationShutdownHook] INFO  o.a.kafka.common.utils.AppInfoParser - App info kafka.producer for producer-1 unregistered
