2023-05-29 00:00:01 [twitterTopicListener-0-C-1] INFO  c.m.d.k.t.e.s.c.i.TwitterKafkaConsumer - 1 number of message received with keys [2064177838387043119], partitions [2] and offsets [657], sending it to elastic: Thread id 23
2023-05-29 00:00:11 [twitterTopicListener-0-C-1] INFO  c.m.d.k.t.e.s.c.i.TwitterKafkaConsumer - 1 number of message received with keys [697980966462018003], partitions [2] and offsets [658], sending it to elastic: Thread id 23
2023-05-29 00:00:21 [twitterTopicListener-0-C-1] INFO  c.m.d.k.t.e.s.c.i.TwitterKafkaConsumer - 1 number of message received with keys [9086260088662431499], partitions [1] and offsets [666], sending it to elastic: Thread id 23
2023-05-29 00:00:31 [twitterTopicListener-0-C-1] INFO  c.m.d.k.t.e.s.c.i.TwitterKafkaConsumer - 1 number of message received with keys [1552164405606045017], partitions [1] and offsets [667], sending it to elastic: Thread id 23
2023-05-29 00:00:41 [twitterTopicListener-0-C-1] INFO  c.m.d.k.t.e.s.c.i.TwitterKafkaConsumer - 1 number of message received with keys [6983499296663644767], partitions [1] and offsets [668], sending it to elastic: Thread id 23
2023-05-29 00:00:51 [twitterTopicListener-0-C-1] INFO  c.m.d.k.t.e.s.c.i.TwitterKafkaConsumer - 1 number of message received with keys [7697414225919533001], partitions [1] and offsets [669], sending it to elastic: Thread id 23
2023-05-29 00:01:01 [twitterTopicListener-0-C-1] INFO  c.m.d.k.t.e.s.c.i.TwitterKafkaConsumer - 1 number of message received with keys [1610708507205503614], partitions [1] and offsets [670], sending it to elastic: Thread id 23
2023-05-29 00:01:11 [twitterTopicListener-0-C-1] INFO  c.m.d.k.t.e.s.c.i.TwitterKafkaConsumer - 1 number of message received with keys [8943412137682517914], partitions [1] and offsets [671], sending it to elastic: Thread id 23
2023-05-29 00:01:21 [twitterTopicListener-0-C-1] INFO  c.m.d.k.t.e.s.c.i.TwitterKafkaConsumer - 1 number of message received with keys [2720764415293956432], partitions [0] and offsets [692], sending it to elastic: Thread id 23
2023-05-29 00:01:31 [twitterTopicListener-0-C-1] INFO  c.m.d.k.t.e.s.c.i.TwitterKafkaConsumer - 1 number of message received with keys [4464067138798461321], partitions [2] and offsets [659], sending it to elastic: Thread id 23
2023-05-29 00:01:41 [twitterTopicListener-0-C-1] INFO  c.m.d.k.t.e.s.c.i.TwitterKafkaConsumer - 1 number of message received with keys [3233229195459925694], partitions [2] and offsets [660], sending it to elastic: Thread id 23
2023-05-29 00:01:51 [twitterTopicListener-0-C-1] INFO  c.m.d.k.t.e.s.c.i.TwitterKafkaConsumer - 1 number of message received with keys [4323617980716555079], partitions [1] and offsets [672], sending it to elastic: Thread id 23
2023-05-29 00:02:01 [twitterTopicListener-0-C-1] INFO  c.m.d.k.t.e.s.c.i.TwitterKafkaConsumer - 1 number of message received with keys [1067937858876234150], partitions [2] and offsets [661], sending it to elastic: Thread id 23
2023-05-29 00:02:11 [twitterTopicListener-0-C-1] INFO  c.m.d.k.t.e.s.c.i.TwitterKafkaConsumer - 1 number of message received with keys [4711607668272870153], partitions [1] and offsets [673], sending it to elastic: Thread id 23
2023-05-29 00:02:21 [twitterTopicListener-0-C-1] INFO  c.m.d.k.t.e.s.c.i.TwitterKafkaConsumer - 1 number of message received with keys [5635216106687254156], partitions [0] and offsets [693], sending it to elastic: Thread id 23
2023-05-29 00:02:31 [twitterTopicListener-0-C-1] INFO  c.m.d.k.t.e.s.c.i.TwitterKafkaConsumer - 1 number of message received with keys [1760006056431839092], partitions [0] and offsets [694], sending it to elastic: Thread id 23
2023-05-29 00:02:41 [twitterTopicListener-0-C-1] INFO  c.m.d.k.t.e.s.c.i.TwitterKafkaConsumer - 1 number of message received with keys [7076310185121681248], partitions [0] and offsets [695], sending it to elastic: Thread id 23
2023-05-29 00:02:51 [twitterTopicListener-0-C-1] INFO  c.m.d.k.t.e.s.c.i.TwitterKafkaConsumer - 1 number of message received with keys [520577815545541892], partitions [0] and offsets [696], sending it to elastic: Thread id 23
2023-05-29 00:03:01 [twitterTopicListener-0-C-1] INFO  c.m.d.k.t.e.s.c.i.TwitterKafkaConsumer - 1 number of message received with keys [7102770844915537073], partitions [2] and offsets [662], sending it to elastic: Thread id 23
2023-05-29 00:03:11 [twitterTopicListener-0-C-1] INFO  c.m.d.k.t.e.s.c.i.TwitterKafkaConsumer - 1 number of message received with keys [7462002389180884174], partitions [1] and offsets [674], sending it to elastic: Thread id 23
2023-05-29 00:03:21 [twitterTopicListener-0-C-1] INFO  c.m.d.k.t.e.s.c.i.TwitterKafkaConsumer - 1 number of message received with keys [3627359072985911064], partitions [0] and offsets [697], sending it to elastic: Thread id 23
2023-05-29 00:03:31 [twitterTopicListener-0-C-1] INFO  c.m.d.k.t.e.s.c.i.TwitterKafkaConsumer - 1 number of message received with keys [1013804642698634396], partitions [2] and offsets [663], sending it to elastic: Thread id 23
2023-05-29 00:03:41 [twitterTopicListener-0-C-1] INFO  c.m.d.k.t.e.s.c.i.TwitterKafkaConsumer - 1 number of message received with keys [4430167488512876555], partitions [1] and offsets [675], sending it to elastic: Thread id 23
2023-05-29 00:03:51 [twitterTopicListener-0-C-1] INFO  c.m.d.k.t.e.s.c.i.TwitterKafkaConsumer - 1 number of message received with keys [6232786520804454930], partitions [2] and offsets [664], sending it to elastic: Thread id 23
2023-05-29 00:04:01 [twitterTopicListener-0-C-1] INFO  c.m.d.k.t.e.s.c.i.TwitterKafkaConsumer - 1 number of message received with keys [7009156737343759877], partitions [1] and offsets [676], sending it to elastic: Thread id 23
2023-05-29 00:04:11 [twitterTopicListener-0-C-1] INFO  c.m.d.k.t.e.s.c.i.TwitterKafkaConsumer - 1 number of message received with keys [784851591570397497], partitions [0] and offsets [698], sending it to elastic: Thread id 23
2023-05-29 00:04:21 [twitterTopicListener-0-C-1] INFO  c.m.d.k.t.e.s.c.i.TwitterKafkaConsumer - 1 number of message received with keys [2537922084026391258], partitions [0] and offsets [699], sending it to elastic: Thread id 23
2023-05-29 00:04:31 [twitterTopicListener-0-C-1] INFO  c.m.d.k.t.e.s.c.i.TwitterKafkaConsumer - 1 number of message received with keys [6569655490632901863], partitions [1] and offsets [677], sending it to elastic: Thread id 23
2023-05-29 00:04:41 [twitterTopicListener-0-C-1] INFO  c.m.d.k.t.e.s.c.i.TwitterKafkaConsumer - 1 number of message received with keys [3627653096060953246], partitions [1] and offsets [678], sending it to elastic: Thread id 23
2023-05-29 00:04:43 [kafka-admin-client-thread | adminclient-1] INFO  o.apache.kafka.clients.NetworkClient - [AdminClient clientId=adminclient-1] Node 3 disconnected.
2023-05-29 00:04:51 [twitterTopicListener-0-C-1] INFO  c.m.d.k.t.e.s.c.i.TwitterKafkaConsumer - 1 number of message received with keys [7652820117058086069], partitions [1] and offsets [679], sending it to elastic: Thread id 23
2023-05-29 00:05:01 [twitterTopicListener-0-C-1] INFO  c.m.d.k.t.e.s.c.i.TwitterKafkaConsumer - 1 number of message received with keys [7083336613819276625], partitions [1] and offsets [680], sending it to elastic: Thread id 23
2023-05-29 00:05:11 [twitterTopicListener-0-C-1] INFO  c.m.d.k.t.e.s.c.i.TwitterKafkaConsumer - 1 number of message received with keys [2971298477575787006], partitions [2] and offsets [665], sending it to elastic: Thread id 23
2023-05-29 00:05:21 [twitterTopicListener-0-C-1] INFO  c.m.d.k.t.e.s.c.i.TwitterKafkaConsumer - 1 number of message received with keys [1183761122872617797], partitions [2] and offsets [666], sending it to elastic: Thread id 23
2023-05-29 00:05:31 [twitterTopicListener-0-C-1] INFO  c.m.d.k.t.e.s.c.i.TwitterKafkaConsumer - 1 number of message received with keys [1353253628044134480], partitions [2] and offsets [667], sending it to elastic: Thread id 23
2023-05-29 00:05:41 [twitterTopicListener-0-C-1] INFO  c.m.d.k.t.e.s.c.i.TwitterKafkaConsumer - 1 number of message received with keys [7044522727905681769], partitions [0] and offsets [700], sending it to elastic: Thread id 23
2023-05-29 00:05:51 [twitterTopicListener-0-C-1] INFO  c.m.d.k.t.e.s.c.i.TwitterKafkaConsumer - 1 number of message received with keys [1248312031244148111], partitions [2] and offsets [668], sending it to elastic: Thread id 23
2023-05-29 00:06:01 [twitterTopicListener-0-C-1] INFO  c.m.d.k.t.e.s.c.i.TwitterKafkaConsumer - 1 number of message received with keys [3668126928601057981], partitions [0] and offsets [701], sending it to elastic: Thread id 23
2023-05-29 00:06:11 [twitterTopicListener-0-C-1] INFO  c.m.d.k.t.e.s.c.i.TwitterKafkaConsumer - 1 number of message received with keys [3654108268493955976], partitions [1] and offsets [681], sending it to elastic: Thread id 23
2023-05-29 00:06:21 [twitterTopicListener-0-C-1] INFO  c.m.d.k.t.e.s.c.i.TwitterKafkaConsumer - 1 number of message received with keys [8202266787525927560], partitions [0] and offsets [702], sending it to elastic: Thread id 23
2023-05-29 00:06:31 [twitterTopicListener-0-C-1] INFO  c.m.d.k.t.e.s.c.i.TwitterKafkaConsumer - 1 number of message received with keys [6699038901736499339], partitions [1] and offsets [682], sending it to elastic: Thread id 23
2023-05-29 00:06:41 [twitterTopicListener-0-C-1] INFO  c.m.d.k.t.e.s.c.i.TwitterKafkaConsumer - 1 number of message received with keys [8056060745962863075], partitions [2] and offsets [669], sending it to elastic: Thread id 23
2023-05-29 00:06:51 [twitterTopicListener-0-C-1] INFO  c.m.d.k.t.e.s.c.i.TwitterKafkaConsumer - 1 number of message received with keys [80501984524970899], partitions [0] and offsets [703], sending it to elastic: Thread id 23
2023-05-29 00:07:01 [twitterTopicListener-0-C-1] INFO  c.m.d.k.t.e.s.c.i.TwitterKafkaConsumer - 1 number of message received with keys [5466844661502058416], partitions [1] and offsets [683], sending it to elastic: Thread id 23
2023-05-29 00:07:11 [twitterTopicListener-0-C-1] INFO  c.m.d.k.t.e.s.c.i.TwitterKafkaConsumer - 1 number of message received with keys [6513251867619656602], partitions [0] and offsets [704], sending it to elastic: Thread id 23
2023-05-29 00:07:21 [twitterTopicListener-0-C-1] INFO  c.m.d.k.t.e.s.c.i.TwitterKafkaConsumer - 1 number of message received with keys [3628895528977865677], partitions [1] and offsets [684], sending it to elastic: Thread id 23
2023-05-29 00:07:31 [twitterTopicListener-0-C-1] INFO  c.m.d.k.t.e.s.c.i.TwitterKafkaConsumer - 1 number of message received with keys [8982495325893565833], partitions [1] and offsets [685], sending it to elastic: Thread id 23
2023-05-29 00:07:41 [twitterTopicListener-0-C-1] INFO  c.m.d.k.t.e.s.c.i.TwitterKafkaConsumer - 1 number of message received with keys [3427917874209557175], partitions [1] and offsets [686], sending it to elastic: Thread id 23
2023-05-29 00:07:51 [twitterTopicListener-0-C-1] INFO  c.m.d.k.t.e.s.c.i.TwitterKafkaConsumer - 1 number of message received with keys [3815019459788097853], partitions [0] and offsets [705], sending it to elastic: Thread id 23
2023-05-29 00:08:01 [twitterTopicListener-0-C-1] INFO  c.m.d.k.t.e.s.c.i.TwitterKafkaConsumer - 1 number of message received with keys [4776914991413205966], partitions [2] and offsets [670], sending it to elastic: Thread id 23
2023-05-29 00:08:11 [twitterTopicListener-0-C-1] INFO  c.m.d.k.t.e.s.c.i.TwitterKafkaConsumer - 1 number of message received with keys [851896741377153526], partitions [1] and offsets [687], sending it to elastic: Thread id 23
2023-05-29 00:08:21 [twitterTopicListener-0-C-1] INFO  c.m.d.k.t.e.s.c.i.TwitterKafkaConsumer - 1 number of message received with keys [7773019352405799913], partitions [0] and offsets [706], sending it to elastic: Thread id 23
2023-05-29 00:08:31 [twitterTopicListener-0-C-1] INFO  c.m.d.k.t.e.s.c.i.TwitterKafkaConsumer - 1 number of message received with keys [1570633567330436943], partitions [0] and offsets [707], sending it to elastic: Thread id 23
2023-05-29 00:08:41 [twitterTopicListener-0-C-1] INFO  c.m.d.k.t.e.s.c.i.TwitterKafkaConsumer - 1 number of message received with keys [5617205514478633151], partitions [0] and offsets [708], sending it to elastic: Thread id 23
2023-05-29 00:08:51 [twitterTopicListener-0-C-1] INFO  c.m.d.k.t.e.s.c.i.TwitterKafkaConsumer - 1 number of message received with keys [3628779397391494512], partitions [0] and offsets [709], sending it to elastic: Thread id 23
2023-05-29 00:09:01 [twitterTopicListener-0-C-1] INFO  c.m.d.k.t.e.s.c.i.TwitterKafkaConsumer - 1 number of message received with keys [5353044509132758546], partitions [2] and offsets [671], sending it to elastic: Thread id 23
2023-05-29 00:09:11 [twitterTopicListener-0-C-1] INFO  c.m.d.k.t.e.s.c.i.TwitterKafkaConsumer - 1 number of message received with keys [2549759860989873372], partitions [1] and offsets [688], sending it to elastic: Thread id 23
2023-05-29 00:09:21 [twitterTopicListener-0-C-1] INFO  c.m.d.k.t.e.s.c.i.TwitterKafkaConsumer - 1 number of message received with keys [4542091993814944554], partitions [1] and offsets [689], sending it to elastic: Thread id 23
2023-05-29 00:09:31 [twitterTopicListener-0-C-1] INFO  c.m.d.k.t.e.s.c.i.TwitterKafkaConsumer - 1 number of message received with keys [3122768731788954532], partitions [0] and offsets [710], sending it to elastic: Thread id 23
2023-05-29 00:09:41 [twitterTopicListener-0-C-1] INFO  c.m.d.k.t.e.s.c.i.TwitterKafkaConsumer - 1 number of message received with keys [1429604714384652782], partitions [1] and offsets [690], sending it to elastic: Thread id 23
2023-05-29 00:09:43 [kafka-admin-client-thread | adminclient-1] INFO  o.apache.kafka.clients.NetworkClient - [AdminClient clientId=adminclient-1] Node 2 disconnected.
2023-05-29 00:09:51 [twitterTopicListener-0-C-1] INFO  c.m.d.k.t.e.s.c.i.TwitterKafkaConsumer - 1 number of message received with keys [5220587552256005194], partitions [1] and offsets [691], sending it to elastic: Thread id 23
2023-05-29 00:10:01 [twitterTopicListener-0-C-1] INFO  c.m.d.k.t.e.s.c.i.TwitterKafkaConsumer - 1 number of message received with keys [6037510123756041459], partitions [2] and offsets [672], sending it to elastic: Thread id 23
2023-05-29 00:10:11 [twitterTopicListener-0-C-1] INFO  c.m.d.k.t.e.s.c.i.TwitterKafkaConsumer - 1 number of message received with keys [4308875543748632644], partitions [2] and offsets [673], sending it to elastic: Thread id 23
2023-05-29 00:10:21 [twitterTopicListener-0-C-1] INFO  c.m.d.k.t.e.s.c.i.TwitterKafkaConsumer - 1 number of message received with keys [5809621363973093307], partitions [2] and offsets [674], sending it to elastic: Thread id 23
2023-05-29 00:10:31 [twitterTopicListener-0-C-1] INFO  c.m.d.k.t.e.s.c.i.TwitterKafkaConsumer - 1 number of message received with keys [9002292279908808101], partitions [1] and offsets [692], sending it to elastic: Thread id 23
2023-05-29 00:10:41 [twitterTopicListener-0-C-1] INFO  c.m.d.k.t.e.s.c.i.TwitterKafkaConsumer - 1 number of message received with keys [4065278167676269550], partitions [1] and offsets [693], sending it to elastic: Thread id 23
2023-05-29 00:10:51 [twitterTopicListener-0-C-1] INFO  c.m.d.k.t.e.s.c.i.TwitterKafkaConsumer - 1 number of message received with keys [3460819274432524595], partitions [2] and offsets [675], sending it to elastic: Thread id 23
2023-05-29 00:11:01 [twitterTopicListener-0-C-1] INFO  c.m.d.k.t.e.s.c.i.TwitterKafkaConsumer - 1 number of message received with keys [7083194923569821565], partitions [1] and offsets [694], sending it to elastic: Thread id 23
2023-05-29 00:11:11 [twitterTopicListener-0-C-1] INFO  c.m.d.k.t.e.s.c.i.TwitterKafkaConsumer - 1 number of message received with keys [2823103326627424394], partitions [0] and offsets [711], sending it to elastic: Thread id 23
2023-05-29 00:11:21 [twitterTopicListener-0-C-1] INFO  c.m.d.k.t.e.s.c.i.TwitterKafkaConsumer - 1 number of message received with keys [5992347371040146511], partitions [2] and offsets [676], sending it to elastic: Thread id 23
2023-05-29 00:11:31 [twitterTopicListener-0-C-1] INFO  c.m.d.k.t.e.s.c.i.TwitterKafkaConsumer - 1 number of message received with keys [3384122491660663166], partitions [2] and offsets [677], sending it to elastic: Thread id 23
2023-05-29 00:11:41 [twitterTopicListener-0-C-1] INFO  c.m.d.k.t.e.s.c.i.TwitterKafkaConsumer - 1 number of message received with keys [7954835901066555463], partitions [1] and offsets [695], sending it to elastic: Thread id 23
2023-05-29 00:11:51 [twitterTopicListener-0-C-1] INFO  c.m.d.k.t.e.s.c.i.TwitterKafkaConsumer - 1 number of message received with keys [6350257936045934121], partitions [1] and offsets [696], sending it to elastic: Thread id 23
2023-05-29 00:12:01 [twitterTopicListener-0-C-1] INFO  c.m.d.k.t.e.s.c.i.TwitterKafkaConsumer - 1 number of message received with keys [8488780693763130750], partitions [1] and offsets [697], sending it to elastic: Thread id 23
2023-05-29 00:12:11 [twitterTopicListener-0-C-1] INFO  c.m.d.k.t.e.s.c.i.TwitterKafkaConsumer - 1 number of message received with keys [4847511325294685615], partitions [1] and offsets [698], sending it to elastic: Thread id 23
2023-05-29 00:12:21 [twitterTopicListener-0-C-1] INFO  c.m.d.k.t.e.s.c.i.TwitterKafkaConsumer - 1 number of message received with keys [1589441574113555129], partitions [1] and offsets [699], sending it to elastic: Thread id 23
2023-05-29 00:12:31 [twitterTopicListener-0-C-1] INFO  c.m.d.k.t.e.s.c.i.TwitterKafkaConsumer - 1 number of message received with keys [6416567412427333629], partitions [0] and offsets [712], sending it to elastic: Thread id 23
2023-05-29 00:12:41 [twitterTopicListener-0-C-1] INFO  c.m.d.k.t.e.s.c.i.TwitterKafkaConsumer - 1 number of message received with keys [3353178669171693533], partitions [1] and offsets [700], sending it to elastic: Thread id 23
2023-05-29 00:12:51 [twitterTopicListener-0-C-1] INFO  c.m.d.k.t.e.s.c.i.TwitterKafkaConsumer - 1 number of message received with keys [5122252918687803185], partitions [0] and offsets [713], sending it to elastic: Thread id 23
2023-05-29 00:13:01 [twitterTopicListener-0-C-1] INFO  c.m.d.k.t.e.s.c.i.TwitterKafkaConsumer - 1 number of message received with keys [2616395022275896705], partitions [1] and offsets [701], sending it to elastic: Thread id 23
2023-05-29 00:13:11 [twitterTopicListener-0-C-1] INFO  c.m.d.k.t.e.s.c.i.TwitterKafkaConsumer - 1 number of message received with keys [2656940284436299951], partitions [2] and offsets [678], sending it to elastic: Thread id 23
2023-05-29 00:13:21 [twitterTopicListener-0-C-1] INFO  c.m.d.k.t.e.s.c.i.TwitterKafkaConsumer - 1 number of message received with keys [1424274192907567761], partitions [2] and offsets [679], sending it to elastic: Thread id 23
2023-05-29 00:13:31 [twitterTopicListener-0-C-1] INFO  c.m.d.k.t.e.s.c.i.TwitterKafkaConsumer - 1 number of message received with keys [4919177709744948134], partitions [2] and offsets [680], sending it to elastic: Thread id 23
2023-05-29 00:13:41 [twitterTopicListener-0-C-1] INFO  c.m.d.k.t.e.s.c.i.TwitterKafkaConsumer - 1 number of message received with keys [6268746976808968679], partitions [0] and offsets [714], sending it to elastic: Thread id 23
2023-05-29 00:13:51 [twitterTopicListener-0-C-1] INFO  c.m.d.k.t.e.s.c.i.TwitterKafkaConsumer - 1 number of message received with keys [2483763993722738968], partitions [2] and offsets [681], sending it to elastic: Thread id 23
2023-05-29 00:14:01 [twitterTopicListener-0-C-1] INFO  c.m.d.k.t.e.s.c.i.TwitterKafkaConsumer - 1 number of message received with keys [5531021852202816558], partitions [0] and offsets [715], sending it to elastic: Thread id 23
2023-05-29 00:14:11 [twitterTopicListener-0-C-1] INFO  c.m.d.k.t.e.s.c.i.TwitterKafkaConsumer - 1 number of message received with keys [4240852257398784815], partitions [0] and offsets [716], sending it to elastic: Thread id 23
2023-05-29 00:14:21 [twitterTopicListener-0-C-1] INFO  c.m.d.k.t.e.s.c.i.TwitterKafkaConsumer - 1 number of message received with keys [8653819303284341671], partitions [1] and offsets [702], sending it to elastic: Thread id 23
2023-05-29 00:14:31 [twitterTopicListener-0-C-1] INFO  c.m.d.k.t.e.s.c.i.TwitterKafkaConsumer - 1 number of message received with keys [2340035724661896140], partitions [2] and offsets [682], sending it to elastic: Thread id 23
2023-05-29 00:14:41 [twitterTopicListener-0-C-1] INFO  c.m.d.k.t.e.s.c.i.TwitterKafkaConsumer - 1 number of message received with keys [871941131111856464], partitions [2] and offsets [683], sending it to elastic: Thread id 23
2023-05-29 00:14:44 [kafka-admin-client-thread | adminclient-1] INFO  o.apache.kafka.clients.NetworkClient - [AdminClient clientId=adminclient-1] Node 1 disconnected.
2023-05-29 00:14:51 [twitterTopicListener-0-C-1] INFO  c.m.d.k.t.e.s.c.i.TwitterKafkaConsumer - 1 number of message received with keys [8938272066583080687], partitions [1] and offsets [703], sending it to elastic: Thread id 23
2023-05-29 00:15:01 [twitterTopicListener-0-C-1] INFO  c.m.d.k.t.e.s.c.i.TwitterKafkaConsumer - 1 number of message received with keys [6869520047349705353], partitions [0] and offsets [717], sending it to elastic: Thread id 23
2023-05-29 00:15:11 [twitterTopicListener-0-C-1] INFO  c.m.d.k.t.e.s.c.i.TwitterKafkaConsumer - 1 number of message received with keys [6910445508314812258], partitions [2] and offsets [684], sending it to elastic: Thread id 23
2023-05-29 00:15:21 [twitterTopicListener-0-C-1] INFO  c.m.d.k.t.e.s.c.i.TwitterKafkaConsumer - 1 number of message received with keys [6734378799410900049], partitions [1] and offsets [704], sending it to elastic: Thread id 23
2023-05-29 00:15:31 [twitterTopicListener-0-C-1] INFO  c.m.d.k.t.e.s.c.i.TwitterKafkaConsumer - 1 number of message received with keys [3262266750130676923], partitions [0] and offsets [718], sending it to elastic: Thread id 23
2023-05-29 00:15:41 [twitterTopicListener-0-C-1] INFO  c.m.d.k.t.e.s.c.i.TwitterKafkaConsumer - 1 number of message received with keys [1977341476309350185], partitions [1] and offsets [705], sending it to elastic: Thread id 23
2023-05-29 00:15:51 [twitterTopicListener-0-C-1] INFO  c.m.d.k.t.e.s.c.i.TwitterKafkaConsumer - 1 number of message received with keys [5000687148226912464], partitions [1] and offsets [706], sending it to elastic: Thread id 23
2023-05-29 00:16:01 [twitterTopicListener-0-C-1] INFO  c.m.d.k.t.e.s.c.i.TwitterKafkaConsumer - 1 number of message received with keys [8783038520852741388], partitions [1] and offsets [707], sending it to elastic: Thread id 23
2023-05-29 00:16:11 [twitterTopicListener-0-C-1] INFO  c.m.d.k.t.e.s.c.i.TwitterKafkaConsumer - 1 number of message received with keys [6040346936534299307], partitions [0] and offsets [719], sending it to elastic: Thread id 23
2023-05-29 00:16:21 [twitterTopicListener-0-C-1] INFO  c.m.d.k.t.e.s.c.i.TwitterKafkaConsumer - 1 number of message received with keys [2099911053869200550], partitions [0] and offsets [720], sending it to elastic: Thread id 23
2023-05-29 00:16:31 [twitterTopicListener-0-C-1] INFO  c.m.d.k.t.e.s.c.i.TwitterKafkaConsumer - 1 number of message received with keys [2598296874444985697], partitions [1] and offsets [708], sending it to elastic: Thread id 23
2023-05-29 00:16:41 [twitterTopicListener-0-C-1] INFO  c.m.d.k.t.e.s.c.i.TwitterKafkaConsumer - 1 number of message received with keys [3154670779309143771], partitions [2] and offsets [685], sending it to elastic: Thread id 23
2023-05-29 00:16:51 [twitterTopicListener-0-C-1] INFO  c.m.d.k.t.e.s.c.i.TwitterKafkaConsumer - 1 number of message received with keys [8841263926772361695], partitions [0] and offsets [721], sending it to elastic: Thread id 23
2023-05-29 00:17:01 [twitterTopicListener-0-C-1] INFO  c.m.d.k.t.e.s.c.i.TwitterKafkaConsumer - 1 number of message received with keys [7447241685556356914], partitions [0] and offsets [722], sending it to elastic: Thread id 23
2023-05-29 00:17:11 [twitterTopicListener-0-C-1] INFO  c.m.d.k.t.e.s.c.i.TwitterKafkaConsumer - 1 number of message received with keys [2704319530828236739], partitions [1] and offsets [709], sending it to elastic: Thread id 23
2023-05-29 00:17:21 [twitterTopicListener-0-C-1] INFO  c.m.d.k.t.e.s.c.i.TwitterKafkaConsumer - 1 number of message received with keys [4982591139378751021], partitions [1] and offsets [710], sending it to elastic: Thread id 23
2023-05-29 00:17:31 [twitterTopicListener-0-C-1] INFO  c.m.d.k.t.e.s.c.i.TwitterKafkaConsumer - 1 number of message received with keys [6415649243610797938], partitions [1] and offsets [711], sending it to elastic: Thread id 23
2023-05-29 00:17:41 [twitterTopicListener-0-C-1] INFO  c.m.d.k.t.e.s.c.i.TwitterKafkaConsumer - 1 number of message received with keys [1991863198044615964], partitions [1] and offsets [712], sending it to elastic: Thread id 23
2023-05-29 00:17:51 [twitterTopicListener-0-C-1] INFO  c.m.d.k.t.e.s.c.i.TwitterKafkaConsumer - 1 number of message received with keys [1277240301327305454], partitions [0] and offsets [723], sending it to elastic: Thread id 23
2023-05-29 00:18:01 [twitterTopicListener-0-C-1] INFO  c.m.d.k.t.e.s.c.i.TwitterKafkaConsumer - 1 number of message received with keys [970381873609247911], partitions [0] and offsets [724], sending it to elastic: Thread id 23
2023-05-29 00:18:11 [twitterTopicListener-0-C-1] INFO  c.m.d.k.t.e.s.c.i.TwitterKafkaConsumer - 1 number of message received with keys [5342989899737551093], partitions [1] and offsets [713], sending it to elastic: Thread id 23
2023-05-29 00:18:21 [twitterTopicListener-0-C-1] INFO  c.m.d.k.t.e.s.c.i.TwitterKafkaConsumer - 1 number of message received with keys [3550533290406885202], partitions [0] and offsets [725], sending it to elastic: Thread id 23
2023-05-29 00:18:31 [twitterTopicListener-0-C-1] INFO  c.m.d.k.t.e.s.c.i.TwitterKafkaConsumer - 1 number of message received with keys [7159096389139639692], partitions [2] and offsets [686], sending it to elastic: Thread id 23
2023-05-29 00:18:41 [twitterTopicListener-0-C-1] INFO  c.m.d.k.t.e.s.c.i.TwitterKafkaConsumer - 1 number of message received with keys [2777130738382883642], partitions [0] and offsets [726], sending it to elastic: Thread id 23
2023-05-29 00:18:51 [twitterTopicListener-0-C-1] INFO  c.m.d.k.t.e.s.c.i.TwitterKafkaConsumer - 1 number of message received with keys [2924571452961068381], partitions [2] and offsets [687], sending it to elastic: Thread id 23
2023-05-29 00:19:01 [twitterTopicListener-0-C-1] INFO  c.m.d.k.t.e.s.c.i.TwitterKafkaConsumer - 1 number of message received with keys [8020125848285369099], partitions [1] and offsets [714], sending it to elastic: Thread id 23
2023-05-29 00:19:11 [twitterTopicListener-0-C-1] INFO  c.m.d.k.t.e.s.c.i.TwitterKafkaConsumer - 1 number of message received with keys [957384334177445114], partitions [2] and offsets [688], sending it to elastic: Thread id 23
2023-05-29 00:19:21 [twitterTopicListener-0-C-1] INFO  c.m.d.k.t.e.s.c.i.TwitterKafkaConsumer - 1 number of message received with keys [7256719070183922354], partitions [1] and offsets [715], sending it to elastic: Thread id 23
2023-05-29 00:19:31 [twitterTopicListener-0-C-1] INFO  c.m.d.k.t.e.s.c.i.TwitterKafkaConsumer - 1 number of message received with keys [718456237093629544], partitions [1] and offsets [716], sending it to elastic: Thread id 23
2023-05-29 00:19:41 [twitterTopicListener-0-C-1] INFO  c.m.d.k.t.e.s.c.i.TwitterKafkaConsumer - 1 number of message received with keys [8839118526122906324], partitions [1] and offsets [717], sending it to elastic: Thread id 23
2023-05-29 00:19:44 [kafka-admin-client-thread | adminclient-1] INFO  o.apache.kafka.clients.NetworkClient - [AdminClient clientId=adminclient-1] Node 3 disconnected.
2023-05-29 00:19:51 [twitterTopicListener-0-C-1] INFO  c.m.d.k.t.e.s.c.i.TwitterKafkaConsumer - 1 number of message received with keys [1459337770674401489], partitions [0] and offsets [727], sending it to elastic: Thread id 23
2023-05-29 00:20:01 [twitterTopicListener-0-C-1] INFO  c.m.d.k.t.e.s.c.i.TwitterKafkaConsumer - 1 number of message received with keys [3077181725205300723], partitions [1] and offsets [718], sending it to elastic: Thread id 23
2023-05-29 00:20:11 [twitterTopicListener-0-C-1] INFO  c.m.d.k.t.e.s.c.i.TwitterKafkaConsumer - 1 number of message received with keys [4205041616691625455], partitions [1] and offsets [719], sending it to elastic: Thread id 23
2023-05-29 00:20:21 [twitterTopicListener-0-C-1] INFO  c.m.d.k.t.e.s.c.i.TwitterKafkaConsumer - 1 number of message received with keys [7690481163615626223], partitions [1] and offsets [720], sending it to elastic: Thread id 23
2023-05-29 00:20:31 [twitterTopicListener-0-C-1] INFO  c.m.d.k.t.e.s.c.i.TwitterKafkaConsumer - 1 number of message received with keys [383159337522585718], partitions [2] and offsets [689], sending it to elastic: Thread id 23
2023-05-29 00:20:41 [twitterTopicListener-0-C-1] INFO  c.m.d.k.t.e.s.c.i.TwitterKafkaConsumer - 1 number of message received with keys [8656824102424179007], partitions [0] and offsets [728], sending it to elastic: Thread id 23
2023-05-29 00:20:51 [twitterTopicListener-0-C-1] INFO  c.m.d.k.t.e.s.c.i.TwitterKafkaConsumer - 1 number of message received with keys [2706284915743440779], partitions [2] and offsets [690], sending it to elastic: Thread id 23
2023-05-29 00:21:01 [twitterTopicListener-0-C-1] INFO  c.m.d.k.t.e.s.c.i.TwitterKafkaConsumer - 1 number of message received with keys [4201313605487932322], partitions [1] and offsets [721], sending it to elastic: Thread id 23
2023-05-29 00:21:11 [twitterTopicListener-0-C-1] INFO  c.m.d.k.t.e.s.c.i.TwitterKafkaConsumer - 1 number of message received with keys [1282849108555554210], partitions [0] and offsets [729], sending it to elastic: Thread id 23
2023-05-29 00:21:21 [twitterTopicListener-0-C-1] INFO  c.m.d.k.t.e.s.c.i.TwitterKafkaConsumer - 1 number of message received with keys [8059612970601964744], partitions [0] and offsets [730], sending it to elastic: Thread id 23
2023-05-29 00:21:31 [twitterTopicListener-0-C-1] INFO  c.m.d.k.t.e.s.c.i.TwitterKafkaConsumer - 1 number of message received with keys [3181366527461745533], partitions [0] and offsets [731], sending it to elastic: Thread id 23
2023-05-29 00:21:41 [twitterTopicListener-0-C-1] INFO  c.m.d.k.t.e.s.c.i.TwitterKafkaConsumer - 1 number of message received with keys [2416908564688927844], partitions [1] and offsets [722], sending it to elastic: Thread id 23
2023-05-29 00:21:51 [twitterTopicListener-0-C-1] INFO  c.m.d.k.t.e.s.c.i.TwitterKafkaConsumer - 1 number of message received with keys [4286580924309388275], partitions [2] and offsets [691], sending it to elastic: Thread id 23
2023-05-29 00:21:52 [twitterTopicListener-0-C-1] INFO  o.a.k.c.c.i.ConsumerCoordinator - [Consumer clientId=consumer-twitterTopicListener-1, groupId=twitterTopicListener] Revoke previously assigned partitions twitter-topic-0, twitter-topic-1, twitter-topic-2
2023-05-29 00:21:52 [twitterTopicListener-0-C-1] INFO  o.s.k.l.KafkaMessageListenerContainer - twitterTopicListener: partitions revoked: [twitter-topic-0, twitter-topic-1, twitter-topic-2]
2023-05-29 00:21:52 [twitterTopicListener-0-C-1] INFO  o.a.k.c.c.i.ConsumerCoordinator - [Consumer clientId=consumer-twitterTopicListener-1, groupId=twitterTopicListener] Member consumer-twitterTopicListener-1-f10bee81-4f3c-4017-ba15-27d4163e4b54 sending LeaveGroup request to coordinator localhost:39092 (id: 2147483644 rack: null) due to the consumer unsubscribed from all topics
2023-05-29 00:21:52 [twitterTopicListener-0-C-1] INFO  o.a.k.c.c.i.ConsumerCoordinator - [Consumer clientId=consumer-twitterTopicListener-1, groupId=twitterTopicListener] Resetting generation due to: consumer pro-actively leaving the group
2023-05-29 00:21:52 [twitterTopicListener-0-C-1] INFO  o.a.k.c.c.i.ConsumerCoordinator - [Consumer clientId=consumer-twitterTopicListener-1, groupId=twitterTopicListener] Request joining group due to: consumer pro-actively leaving the group
2023-05-29 00:21:52 [twitterTopicListener-0-C-1] INFO  o.a.k.clients.consumer.KafkaConsumer - [Consumer clientId=consumer-twitterTopicListener-1, groupId=twitterTopicListener] Unsubscribed all topics or patterns and assigned partitions
2023-05-29 00:21:52 [twitterTopicListener-0-C-1] INFO  o.a.k.c.c.i.ConsumerCoordinator - [Consumer clientId=consumer-twitterTopicListener-1, groupId=twitterTopicListener] Resetting generation due to: consumer pro-actively leaving the group
2023-05-29 00:21:52 [twitterTopicListener-0-C-1] INFO  o.a.k.c.c.i.ConsumerCoordinator - [Consumer clientId=consumer-twitterTopicListener-1, groupId=twitterTopicListener] Request joining group due to: consumer pro-actively leaving the group
2023-05-29 00:21:52 [twitterTopicListener-0-C-1] INFO  o.a.kafka.common.metrics.Metrics - Metrics scheduler closed
2023-05-29 00:21:52 [twitterTopicListener-0-C-1] INFO  o.a.kafka.common.metrics.Metrics - Closing reporter org.apache.kafka.common.metrics.JmxReporter
2023-05-29 00:21:52 [twitterTopicListener-0-C-1] INFO  o.a.kafka.common.metrics.Metrics - Metrics reporters closed
2023-05-29 00:21:52 [twitterTopicListener-0-C-1] INFO  o.a.kafka.common.utils.AppInfoParser - App info kafka.consumer for consumer-twitterTopicListener-1 unregistered
2023-05-29 00:21:52 [twitterTopicListener-0-C-1] INFO  o.s.k.l.KafkaMessageListenerContainer - twitterTopicListener: Consumer stopped
2023-05-29 00:21:52 [kafka-admin-client-thread | adminclient-1] INFO  o.a.kafka.common.utils.AppInfoParser - App info kafka.admin.client for adminclient-1 unregistered
2023-05-29 00:21:52 [kafka-admin-client-thread | adminclient-1] INFO  o.a.kafka.common.metrics.Metrics - Metrics scheduler closed
2023-05-29 00:21:52 [kafka-admin-client-thread | adminclient-1] INFO  o.a.kafka.common.metrics.Metrics - Closing reporter org.apache.kafka.common.metrics.JmxReporter
2023-05-29 00:21:52 [kafka-admin-client-thread | adminclient-1] INFO  o.a.kafka.common.metrics.Metrics - Metrics reporters closed
